./kv/release/tests/db/kv_bench --hugepage=true --db=/mnt/nvm/kv8B --num=8000000000 --value_size=100 --batch_size=1000 --benchmarks=fillrandom3,stats --logpath=/mnt/ssd --bloom_bits=10 --log=true --cache_size=8388608 --low_pool=3 --high_pool=3 --open_files=40000 --stats_interval=100000000 --histogram=true --compression=0 --write_buffer_size=2097152 --skiplistrep=false --log_dio=true --partition=1 --print_wa=true 
Bench num: 8000000000, range: -1
Keys:       16 bytes each
Values:     100 bytes each (50 bytes after compression)
Entries:    8000000000
RawSize:    885009.8 MB (estimated)
FileSize:   503540.0 MB (estimated)
WARNING: Snappy compression is not enabled
------------------------------------------------
Write buffer: 2048.00 KB. Compression: 0. 
Recover seq# 0, log# 0, min log#0, file# 1
using provided pivots
Log Recover time: 0.0000 s
seq# 0, log# 1, min log#0, file# 3
Write buffer: 2048.00 KB. Compression: 0. 
Recover seq# 0, log# 0, min log#0, file# 1
using provided pivots
Log Recover time: 0.0000 s
2019/09/14-13:37:31  ... thread 0: (100000000,100000000) ops and (715437.8,715437.8) ops/second in (139.774556,139.774556) seconds

                               Compactions
Level Time(sec) Read(MB) Write(MB)
--------------------------------------------------
  0     72.93     0.00  11444.48
  1     71.07 11224.44  11136.11
  2    110.47 17956.58  17817.06
BucketCount: 22
WriteAmplification: 3.5299

2019/09/14-13:39:16  ... thread 0: (100000000,200000000) ops and (949909.9,816167.6) ops/second in (105.273145,245.047701) seconds

                               Compactions
Level Time(sec) Read(MB) Write(MB)
--------------------------------------------------
  0    156.42     0.00  22843.82
  1    142.77 22605.56  22427.28
  2    195.29 31536.04  31290.94
BucketCount: 29
WriteAmplification: 3.3515

2019/09/14-13:41:01  ... thread 0: (100000000,300000000) ops and (954385.4,857566.3) ops/second in (104.779476,349.827177) seconds

                               Compactions
Level Time(sec) Read(MB) Write(MB)
--------------------------------------------------
  0    251.90     0.00  34224.91
  1    214.17 33672.43  33406.28
  2    285.13 45361.73  44975.44
BucketCount: 50
WriteAmplification: 3.2902

2019/09/14-13:42:48  ... thread 0: (100000000,400000000) ops and (935512.5,875809.2) ops/second in (106.893279,456.720456) seconds

                               Compactions
Level Time(sec) Read(MB) Write(MB)
--------------------------------------------------
  0    350.56     0.00  45557.68
  1    286.79 44770.34  44415.50
  2    405.65 64156.35  63592.74
BucketCount: 85
WriteAmplification: 3.3708

2019/09/14-13:44:37  ... thread 0: (100000000,500000000) ops and (917535.8,883848.2) ops/second in (108.987572,565.708028) seconds

                               Compactions
Level Time(sec) Read(MB) Write(MB)
--------------------------------------------------
  0    448.83     0.00  56884.38
  1    359.19 55853.01  55410.26
  2    544.29 85221.28  84447.02
BucketCount: 120
WriteAmplification: 3.4586

2019/09/14-13:46:26  ... thread 0: (100000000,600000000) ops and (914202.0,888766.4) ops/second in (109.385010,675.093038) seconds

                               Compactions
Level Time(sec) Read(MB) Write(MB)
--------------------------------------------------
  0    533.89     0.00  68227.50
  1    428.08 67071.71  66540.34
  2    601.94 94992.16  94134.44
BucketCount: 127
WriteAmplification: 3.3550

2019/09/14-13:48:17  ... thread 0: (100000000,700000000) ops and (901949.9,890626.1) ops/second in (110.870905,785.963943) seconds

                               Compactions
Level Time(sec) Read(MB) Write(MB)
--------------------------------------------------
  0    624.12     0.00  79550.27
  1    498.47 78219.27  77600.27
  2    679.37 107579.20 106595.64
BucketCount: 134
WriteAmplification: 3.3155

2019/09/14-13:50:09  ... thread 0: (100000000,800000000) ops and (893941.4,891039.2) ops/second in (111.864151,897.828094) seconds

                               Compactions
Level Time(sec) Read(MB) Write(MB)
--------------------------------------------------
  0    727.95     0.00  90852.06
  1    570.87 89327.33  88620.66
  2    813.57 127522.24 126365.41
BucketCount: 169
WriteAmplification: 3.3663

2019/09/14-13:52:02  ... thread 0: (100000000,900000000) ops and (885545.8,890425.4) ops/second in (112.924713,1010.752807) seconds

                               Compactions
Level Time(sec) Read(MB) Write(MB)
--------------------------------------------------
  0    815.86     0.00 102198.11
  1    642.35 100662.43  99867.12
  2    905.72 141552.98 140260.03
BucketCount: 176
WriteAmplification: 3.3496

2019/09/14-13:53:55  ... thread 0: (100000000,1000000000) ops and (885250.6,889905.2) ops/second in (112.962359,1123.715166) seconds

                               Compactions
Level Time(sec) Read(MB) Write(MB)
--------------------------------------------------
  0    899.75     0.00 113502.19
  1    711.80 111896.64 111013.28
  2    973.78 152735.79 151332.59
BucketCount: 183
WriteAmplification: 3.3114

2019/09/14-13:55:49  ... thread 0: (100000000,1100000000) ops and (876299.6,888650.9) ops/second in (114.116225,1237.831391) seconds

                               Compactions
Level Time(sec) Read(MB) Write(MB)
--------------------------------------------------
  0    988.77     0.00 124828.41
  1    782.14 123097.41 122126.36
  2   1054.40 165663.96 164152.26
BucketCount: 197
WriteAmplification: 3.2934

2019/09/14-13:57:44  ... thread 0: (100000000,1200000000) ops and (872169.2,887253.7) ops/second in (114.656651,1352.488042) seconds

                               Compactions
Level Time(sec) Read(MB) Write(MB)
--------------------------------------------------
  0   1067.12     0.00 136140.42
  1    852.80 134425.24 133365.73
  2   1123.04 176870.41 175100.83
BucketCount: 204
WriteAmplification: 3.2658

2019/09/14-13:59:38  ... thread 0: (100000000,1300000000) ops and (875970.0,886375.4) ops/second in (114.159161,1466.647203) seconds

                               Compactions
Level Time(sec) Read(MB) Write(MB)
--------------------------------------------------
  0   1155.09     0.00 147472.13
  1    922.47 145456.71 144311.11
  2   1211.84 190870.94 188692.97
BucketCount: 211
WriteAmplification: 3.2581

2019/09/14-14:01:33  ... thread 0: (100000000,1400000000) ops and (863730.4,884718.6) ops/second in (115.776866,1582.424069) seconds

                               Compactions
Level Time(sec) Read(MB) Write(MB)
--------------------------------------------------
  0   1251.36     0.00 158768.69
  1    995.49 156785.82 155551.73
  2   1329.60 209293.41 205941.20
BucketCount: 225
WriteAmplification: 3.2769

2019/09/14-14:03:30  ... thread 0: (100000000,1500000000) ops and (860729.9,883077.8) ops/second in (116.180461,1698.604530) seconds

                               Compactions
Level Time(sec) Read(MB) Write(MB)
--------------------------------------------------
  0   1333.19     0.00 170068.70
  1   1065.57 167938.83 166617.95
  2   1393.79 220146.02 215886.75
BucketCount: 239
WriteAmplification: 3.2491

2019/09/14-14:05:28  ... thread 0: (100000000,1600000000) ops and (847262.6,880750.9) ops/second in (118.027163,1816.631693) seconds

                               Compactions
Level Time(sec) Read(MB) Write(MB)
--------------------------------------------------
  0   1421.33     0.00 181383.77
  1   1136.99 179187.00 177777.40
  2   1473.78 232961.56 227803.17
BucketCount: 246
WriteAmplification: 3.2360

2019/09/14-14:07:25  ... thread 0: (100000000,1700000000) ops and (850653.9,878921.7) ops/second in (117.556620,1934.188313) seconds

                               Compactions
Level Time(sec) Read(MB) Write(MB)
--------------------------------------------------
  0   1502.38     0.00 192690.65
  1   1206.90 190414.84 188917.98
  2   1536.45 243056.46 237796.46
BucketCount: 260
WriteAmplification: 3.2145

2019/09/14-14:09:24  ... thread 0: (100000000,1800000000) ops and (841747.2,876770.5) ops/second in (118.800517,2052.988830) seconds

                               Compactions
Level Time(sec) Read(MB) Write(MB)
--------------------------------------------------
  0   1588.69     0.00 204001.45
  1   1278.93 201673.91 200088.19
  2   1622.49 257361.53 250805.27
BucketCount: 260
WriteAmplification: 3.2102

2019/09/14-14:11:23  ... thread 0: (100000000,1900000000) ops and (842893.2,874919.7) ops/second in (118.638993,2171.627823) seconds

                               Compactions
Level Time(sec) Read(MB) Write(MB)
--------------------------------------------------
  0   1680.67     0.00 215296.20
  1   1351.42 213046.07 211370.33
  2   1712.13 271988.23 263768.30
BucketCount: 281
WriteAmplification: 3.2069

2019/09/14-14:13:22  ... thread 0: (100000000,2000000000) ops and (834815.1,872823.2) ops/second in (119.786998,2291.414821) seconds

                               Compactions
Level Time(sec) Read(MB) Write(MB)
--------------------------------------------------
  0   1766.00     0.00 226601.65
  1   1422.00 224123.26 222359.39
  2   1798.09 285931.50 275882.86
BucketCount: 288
WriteAmplification: 3.1988

2019/09/14-14:15:22  ... thread 0: (100000000,2100000000) ops and (837665.2,871082.2) ops/second in (119.379439,2410.794260) seconds

                               Compactions
Level Time(sec) Read(MB) Write(MB)
--------------------------------------------------
  0   1858.52     0.00 237881.21
  1   1495.47 235486.80 233633.48
  2   1912.70 305549.89 290424.20
BucketCount: 337
WriteAmplification: 3.2030

2019/09/14-14:17:21  ... thread 0: (100000000,2200000000) ops and (842211.7,869727.0) ops/second in (118.734990,2529.529250) seconds

                               Compactions
Level Time(sec) Read(MB) Write(MB)
--------------------------------------------------
  0   1943.95     0.00 249172.00
  1   1561.00 245860.14 243922.85
  2   1994.73 319151.30 301987.37
BucketCount: 344
WriteAmplification: 3.1909

2019/09/14-14:19:21  ... thread 0: (100000000,2300000000) ops and (832583.0,868043.3) ops/second in (120.108150,2649.637400) seconds

                               Compactions
Level Time(sec) Read(MB) Write(MB)
--------------------------------------------------
  0   2034.96     0.00 260486.85
  1   1634.96 257412.33 255380.45
  2   2089.72 334571.91 315524.56
BucketCount: 358
WriteAmplification: 3.1917

2019/09/14-14:21:22  ... thread 0: (100000000,2400000000) ops and (821537.2,866000.7) ops/second in (121.723027,2771.360427) seconds

                               Compactions
Level Time(sec) Read(MB) Write(MB)
--------------------------------------------------
  0   2125.48     0.00 271745.46
  1   1705.97 268525.03 266402.52
  2   2189.22 351767.13 328685.97
BucketCount: 414
WriteAmplification: 3.1899

2019/09/14-14:23:23  ... thread 0: (100000000,2500000000) ops and (827316.3,864384.0) ops/second in (120.872751,2892.233178) seconds

                               Compactions
Level Time(sec) Read(MB) Write(MB)
--------------------------------------------------
  0   2217.13     0.00 283021.11
  1   1775.65 279336.10 277125.12
  2   2335.02 377928.40 344866.54
BucketCount: 449
WriteAmplification: 3.1977

2019/09/14-14:25:26  ... thread 0: (100000000,2600000000) ops and (816549.3,862440.8) ops/second in (122.466575,3014.699753) seconds

                               Compactions
Level Time(sec) Read(MB) Write(MB)
--------------------------------------------------
  0   2299.24     0.00 294298.74
  1   1846.83 290588.49 288282.31
  2   2405.59 390020.35 354521.62
BucketCount: 463
WriteAmplification: 3.1842

2019/09/14-14:27:27  ... thread 0: (100000000,2700000000) ops and (827903.4,861110.3) ops/second in (120.787038,3135.486791) seconds

                               Compactions
Level Time(sec) Read(MB) Write(MB)
--------------------------------------------------
  0   2385.96     0.00 305581.47
  1   1914.34 301181.18 298785.22
  2   2512.90 408311.95 367249.04
BucketCount: 491
WriteAmplification: 3.1796

2019/09/14-14:29:33  ... thread 0: (100000000,2800000000) ops and (793349.8,858491.6) ops/second in (126.047801,3261.534592) seconds

                               Compactions
Level Time(sec) Read(MB) Write(MB)
--------------------------------------------------
  0   2481.00     0.00 316821.55
  1   1987.17 312336.66 309843.21
  2   2661.82 434841.37 383927.86
BucketCount: 540
WriteAmplification: 3.1898

2019/09/14-14:31:39  ... thread 0: (100000000,2900000000) ops and (793013.1,856054.2) ops/second in (126.101325,3387.635917) seconds

                               Compactions
Level Time(sec) Read(MB) Write(MB)
--------------------------------------------------
  0   2569.60     0.00 328087.67
  1   2057.27 323343.58 320754.29
  2   2796.16 460047.24 397761.56
BucketCount: 596
WriteAmplification: 3.1900

2019/09/14-14:33:43  ... thread 0: (100000000,3000000000) ops and (802145.4,854140.8) ops/second in (124.665677,3512.301594) seconds

                               Compactions
Level Time(sec) Read(MB) Write(MB)
--------------------------------------------------
  0   2645.94     0.00 339365.41
  1   2123.63 334098.38 331413.13
  2   2844.78 468468.40 404935.87
BucketCount: 603
WriteAmplification: 3.1698

2019/09/14-14:35:50  ... thread 0: (100000000,3100000000) ops and (788577.5,851856.1) ops/second in (126.810615,3639.112209) seconds

                               Compactions
Level Time(sec) Read(MB) Write(MB)
--------------------------------------------------
  0   2725.31     0.00 350631.95
  1   2195.39 345480.46 342691.71
  2   2915.14 480649.94 413323.81
BucketCount: 617
WriteAmplification: 3.1562

2019/09/14-14:37:57  ... thread 0: (100000000,3200000000) ops and (789019.9,849741.4) ops/second in (126.739510,3765.851719) seconds

                               Compactions
Level Time(sec) Read(MB) Write(MB)
--------------------------------------------------
  0   2811.72     0.00 361891.20
  1   2265.08 356585.87 353699.74
  2   3015.01 498489.36 425438.60
BucketCount: 645
WriteAmplification: 3.1530

2019/09/14-14:40:06  ... thread 0: (100000000,3300000000) ops and (775638.7,847288.4) ops/second in (128.926002,3894.777721) seconds

                               Compactions
Level Time(sec) Read(MB) Write(MB)
--------------------------------------------------
  0   2894.57     0.00 373147.22
  1   2333.96 367512.65 364524.79
  2   3118.13 516762.00 436933.89
BucketCount: 680
WriteAmplification: 3.1478

2019/09/14-14:42:17  ... thread 0: (100000000,3400000000) ops and (765164.2,844622.2) ops/second in (130.690898,4025.468619) seconds

                               Compactions
Level Time(sec) Read(MB) Write(MB)
--------------------------------------------------
  0   2976.03     0.00 384367.34
  1   2403.70 378503.37 375416.30
  2   3225.15 537485.48 448513.23
BucketCount: 722
WriteAmplification: 3.1436

2019/09/14-14:44:22  ... thread 0: (100000000,3500000000) ops and (798229.4,843221.9) ops/second in (125.277272,4150.745891) seconds

                               Compactions
Level Time(sec) Read(MB) Write(MB)
--------------------------------------------------
  0   3054.49     0.00 395663.86
  1   2473.26 389660.03 386469.62
  2   3292.03 549176.68 456844.31
BucketCount: 729
WriteAmplification: 3.1314

2019/09/14-14:46:34  ... thread 0: (100000000,3600000000) ops and (754774.7,840486.1) ops/second in (132.489864,4283.235755) seconds

                               Compactions
Level Time(sec) Read(MB) Write(MB)
--------------------------------------------------
  0   3134.73     0.00 406935.62
  1   2542.22 400543.70 397256.72
  2   3374.24 564061.01 466107.81
BucketCount: 750
WriteAmplification: 3.1216

2019/09/14-14:48:44  ... thread 0: (100000000,3700000000) ops and (771732.0,838467.2) ops/second in (129.578658,4412.814413) seconds

                               Compactions
Level Time(sec) Read(MB) Write(MB)
--------------------------------------------------
  0   3228.04     0.00 418175.74
  1   2618.09 411857.43 408465.72
  2   3481.84 582509.09 476971.37
BucketCount: 785
WriteAmplification: 3.1174

2019/09/14-14:50:51  ... thread 0: (100000000,3800000000) ops and (788407.9,837068.5) ops/second in (126.837895,4539.652308) seconds

                               Compactions
Level Time(sec) Read(MB) Write(MB)
--------------------------------------------------
  0   3323.92     0.00 429439.71
  1   2694.61 422715.53 419225.95
  2   3567.77 597153.40 485422.76
BucketCount: 806
WriteAmplification: 3.1066

2019/09/14-14:52:59  ... thread 0: (100000000,3900000000) ops and (778221.4,835448.7) ops/second in (128.498140,4668.150448) seconds

                               Compactions
Level Time(sec) Read(MB) Write(MB)
--------------------------------------------------
  0   3452.73     0.00 440695.72
  1   2782.51 433933.89 430339.48
  2   3686.29 613914.14 495904.06
BucketCount: 834
WriteAmplification: 3.1018

2019/09/14-14:55:11  ... thread 0: (100000000,4000000000) ops and (761083.7,833412.8) ops/second in (131.391592,4799.542040) seconds

                               Compactions
Level Time(sec) Read(MB) Write(MB)
--------------------------------------------------
  0   3601.50     0.00 451921.91
  1   2878.17 444947.08 441253.13
  2   3844.10 636521.90 507620.63
BucketCount: 869
WriteAmplification: 3.0996

2019/09/14-14:57:23  ... thread 0: (100000000,4100000000) ops and (752705.5,831239.0) ops/second in (132.854091,4932.396131) seconds

                               Compactions
Level Time(sec) Read(MB) Write(MB)
--------------------------------------------------
  0   3781.25     0.00 463149.21
  1   2985.05 455759.84 451966.49
  2   3980.34 653358.14 517289.34
BucketCount: 897
WriteAmplification: 3.0928

2019/09/14-14:59:39  ... thread 0: (100000000,4200000000) ops and (739297.8,828784.9) ops/second in (135.263484,5067.659615) seconds

                               Compactions
Level Time(sec) Read(MB) Write(MB)
--------------------------------------------------
  0   3903.16     0.00 474463.10
  1   3075.11 467013.11 463117.11
  2   4077.36 666084.20 526839.06
BucketCount: 904
WriteAmplification: 3.0865

2019/09/14-15:01:49  ... thread 0: (100000000,4300000000) ops and (764743.8,827174.0) ops/second in (130.762752,5198.422367) seconds

                               Compactions
Level Time(sec) Read(MB) Write(MB)
--------------------------------------------------
  0   4010.49     0.00 485695.66
  1   3158.96 478194.49 474197.98
  2   4161.55 678979.15 535777.74
BucketCount: 911
WriteAmplification: 3.0794

2019/09/14-15:04:00  ... thread 0: (100000000,4400000000) ops and (765008.0,825649.2) ops/second in (130.717594,5329.139961) seconds

                               Compactions
Level Time(sec) Read(MB) Write(MB)
--------------------------------------------------
  0   4099.64     0.00 496973.18
  1   3235.93 489353.44 485256.19
  2   4218.82 687936.53 542860.35
BucketCount: 911
WriteAmplification: 3.0688

2019/09/14-15:06:16  ... thread 0: (100000000,4500000000) ops and (736182.5,823425.4) ops/second in (135.835889,5464.975850) seconds

                               Compactions
Level Time(sec) Read(MB) Write(MB)
--------------------------------------------------
  0   4193.53     0.00 508253.51
  1   3316.39 500531.07 496329.61
  2   4276.85 697395.62 549320.14
BucketCount: 918
WriteAmplification: 3.0573

2019/09/14-15:08:30  ... thread 0: (100000000,4600000000) ops and (746068.0,821573.5) ops/second in (134.036048,5599.011898) seconds

                               Compactions
Level Time(sec) Read(MB) Write(MB)
--------------------------------------------------
  0   4281.29     0.00 519486.88
  1   3392.08 511962.29 507657.40
  2   4356.88 711278.89 558296.51
BucketCount: 932
WriteAmplification: 3.0519

2019/09/14-15:10:39  ... thread 0: (100000000,4700000000) ops and (776927.3,820570.3) ops/second in (128.712171,5727.724069) seconds

                               Compactions
Level Time(sec) Read(MB) Write(MB)
--------------------------------------------------
  0   4383.77     0.00 530734.71
  1   3471.98 523109.97 518704.12
  2   4443.70 725693.50 566650.97
BucketCount: 960
WriteAmplification: 3.0450

2019/09/14-15:12:53  ... thread 0: (100000000,4800000000) ops and (743174.4,818793.8) ops/second in (134.557922,5862.281991) seconds

                               Compactions
Level Time(sec) Read(MB) Write(MB)
--------------------------------------------------
  0   4485.98     0.00 541992.66
  1   3547.66 533742.18 529241.44
  2   4554.95 744761.32 576683.78
BucketCount: 981
WriteAmplification: 3.0405

2019/09/14-15:15:09  ... thread 0: (100000000,4900000000) ops and (734767.3,816887.3) ops/second in (136.097511,5998.379502) seconds

                               Compactions
Level Time(sec) Read(MB) Write(MB)
--------------------------------------------------
  0   4584.49     0.00 553242.14
  1   3629.61 545284.22 540675.72
  2   4674.04 766682.78 587289.52
BucketCount: 1009
WriteAmplification: 3.0388

2019/09/14-15:17:25  ... thread 0: (100000000,5000000000) ops and (736908.0,815117.9) ops/second in (135.702151,6134.081653) seconds

                               Compactions
Level Time(sec) Read(MB) Write(MB)
--------------------------------------------------
  0   4691.96     0.00 564478.16
  1   3709.90 555976.83 551271.41
  2   4774.91 782974.00 596320.96
BucketCount: 1030
WriteAmplification: 3.0330

2019/09/14-15:19:40  ... thread 0: (100000000,5100000000) ops and (742304.3,813553.2) ops/second in (134.715644,6268.797297) seconds

                               Compactions
Level Time(sec) Read(MB) Write(MB)
--------------------------------------------------
  0   4782.98     0.00 575760.37
  1   3790.80 567404.47 562593.88
  2   4855.37 796634.92 604286.48
BucketCount: 1044
WriteAmplification: 3.0267

2019/09/14-15:21:58  ... thread 0: (100000000,5200000000) ops and (724138.2,811625.9) ops/second in (138.095181,6406.892478) seconds

                               Compactions
Level Time(sec) Read(MB) Write(MB)
--------------------------------------------------
  0   4878.33     0.00 586986.40
  1   3866.31 578220.40 573311.13
  2   4940.97 811098.60 612764.89
BucketCount: 1058
WriteAmplification: 3.0206

2019/09/14-15:24:13  ... thread 0: (100000000,5300000000) ops and (738831.8,810119.9) ops/second in (135.348797,6542.241275) seconds

                               Compactions
Level Time(sec) Read(MB) Write(MB)
--------------------------------------------------
  0   4979.08     0.00 598261.33
  1   3949.40 589283.79 584274.10
  2   4998.83 820773.18 618513.96
BucketCount: 1065
WriteAmplification: 3.0105

2019/09/14-15:26:25  ... thread 0: (100000000,5400000000) ops and (759726.1,809126.0) ops/second in (131.626382,6673.867657) seconds

                               Compactions
Level Time(sec) Read(MB) Write(MB)
--------------------------------------------------
  0   5081.59     0.00 609516.11
  1   4033.44 600752.85 595637.04
  2   5086.97 835845.16 626397.78
BucketCount: 1086
WriteAmplification: 3.0049

2019/09/14-15:28:39  ... thread 0: (100000000,5500000000) ops and (746706.5,807898.1) ops/second in (133.921423,6807.789080) seconds

                               Compactions
Level Time(sec) Read(MB) Write(MB)
--------------------------------------------------
  0   5185.74     0.00 620748.08
  1   4112.05 611895.44 606678.59
  2   5175.94 849884.56 634286.81
BucketCount: 1100
WriteAmplification: 2.9991

2019/09/14-15:30:52  ... thread 0: (100000000,5600000000) ops and (750714.6,806800.7) ops/second in (133.206423,6940.995503) seconds

                               Compactions
Level Time(sec) Read(MB) Write(MB)
--------------------------------------------------
  0   5306.33     0.00 631949.73
  1   4196.72 622785.50 617468.94
  2   5306.90 870031.47 644678.79
BucketCount: 1128
WriteAmplification: 2.9972

2019/09/14-15:33:06  ... thread 0: (100000000,5700000000) ops and (745776.4,805644.2) ops/second in (134.088447,7075.083950) seconds

                               Compactions
Level Time(sec) Read(MB) Write(MB)
--------------------------------------------------
  0   5397.57     0.00 643234.11
  1   4272.77 633400.59 627986.76
  2   5371.69 881535.47 650578.86
BucketCount: 1142
WriteAmplification: 2.9877

2019/09/14-15:35:26  ... thread 0: (100000000,5800000000) ops and (716465.9,803918.9) ops/second in (139.573984,7214.657934) seconds

                               Compactions
Level Time(sec) Read(MB) Write(MB)
--------------------------------------------------
  0   5506.72     0.00 654498.37
  1   4361.56 645176.39 639654.23
  2   5463.53 896318.08 658671.78
BucketCount: 1156
WriteAmplification: 2.9837

2019/09/14-15:37:41  ... thread 0: (100000000,5900000000) ops and (738075.9,802705.2) ops/second in (135.487427,7350.145361) seconds

                               Compactions
Level Time(sec) Read(MB) Write(MB)
--------------------------------------------------
  0   5610.70     0.00 665724.90
  1   4441.38 656117.48 650495.44
  2   5571.38 914288.54 667867.11
BucketCount: 1177
WriteAmplification: 2.9803

2019/09/14-15:39:56  ... thread 0: (100000000,6000000000) ops and (742232.3,801616.7) ops/second in (134.728708,7484.874069) seconds

                               Compactions
Level Time(sec) Read(MB) Write(MB)
--------------------------------------------------
  0   5706.48     0.00 676954.09
  1   4519.64 667133.67 661409.51
  2   5631.04 924057.78 674587.34
BucketCount: 1177
WriteAmplification: 2.9735

2019/09/14-15:42:15  ... thread 0: (100000000,6100000000) ops and (718128.5,800091.8) ops/second in (139.250850,7624.124919) seconds

                               Compactions
Level Time(sec) Read(MB) Write(MB)
--------------------------------------------------
  0   5819.18     0.00 688203.94
  1   4606.63 678518.57 672689.55
  2   5743.43 943387.13 682783.87
BucketCount: 1212
WriteAmplification: 2.9696

2019/09/14-15:44:30  ... thread 0: (100000000,6200000000) ops and (739797.9,799041.5) ops/second in (135.172046,7759.296965) seconds

                               Compactions
Level Time(sec) Read(MB) Write(MB)
--------------------------------------------------
  0   5928.29     0.00 699416.83
  1   4688.32 689453.12 683523.76
  2   5853.17 961178.17 692046.93
BucketCount: 1240
WriteAmplification: 2.9667

2019/09/14-15:46:49  ... thread 0: (100000000,6300000000) ops and (722607.5,797702.1) ops/second in (138.387707,7897.684672) seconds

                               Compactions
Level Time(sec) Read(MB) Write(MB)
--------------------------------------------------
  0   6023.94     0.00 710698.11
  1   4771.77 700850.14 694816.11
  2   5933.31 975350.11 698778.42
BucketCount: 1254
WriteAmplification: 2.9609

2019/09/14-15:49:09  ... thread 0: (100000000,6400000000) ops and (714863.6,796260.4) ops/second in (139.886818,8037.571490) seconds

                               Compactions
Level Time(sec) Read(MB) Write(MB)
--------------------------------------------------
  0   6119.13     0.00 721942.59
  1   4850.53 711301.35 705172.30
  2   5995.23 985812.89 704472.32
BucketCount: 1261
WriteAmplification: 2.9526

2019/09/14-15:51:26  ... thread 0: (100000000,6500000000) ops and (728239.7,795117.8) ops/second in (137.317425,8174.888915) seconds

                               Compactions
Level Time(sec) Read(MB) Write(MB)
--------------------------------------------------
  0   6218.35     0.00 733162.34
  1   4932.92 722451.28 716217.21
  2   6076.70 999775.74 711352.92
BucketCount: 1282
WriteAmplification: 2.9471

2019/09/14-15:53:45  ... thread 0: (100000000,6600000000) ops and (719642.9,793856.3) ops/second in (138.957809,8313.846724) seconds

                               Compactions
Level Time(sec) Read(MB) Write(MB)
--------------------------------------------------
  0   6316.29     0.00 744449.01
  1   5019.27 733970.92 727632.71
  2   6167.48 1015897.08 719086.76
BucketCount: 1289
WriteAmplification: 2.9433

2019/09/14-15:55:57  ... thread 0: (100000000,6700000000) ops and (754518.1,793239.1) ops/second in (132.534918,8446.381642) seconds

                               Compactions
Level Time(sec) Read(MB) Write(MB)
--------------------------------------------------
  0   6423.95     0.00 755688.63
  1   5104.30 744456.15 738020.09
  2   6261.30 1030955.95 725541.08
BucketCount: 1310
WriteAmplification: 2.9367

2019/09/14-15:58:19  ... thread 0: (100000000,6800000000) ops and (705492.7,791790.8) ops/second in (141.744918,8588.126560) seconds

                               Compactions
Level Time(sec) Read(MB) Write(MB)
--------------------------------------------------
  0   6523.06     0.00 766916.92
  1   5191.92 756070.93 749528.14
  2   6358.78 1047478.21 733769.65
BucketCount: 1331
WriteAmplification: 2.9341

2019/09/14-16:00:37  ... thread 0: (100000000,6900000000) ops and (726861.5,790767.1) ops/second in (137.577789,8725.704349) seconds

                               Compactions
Level Time(sec) Read(MB) Write(MB)
--------------------------------------------------
  0   6619.68     0.00 778135.94
  1   5270.60 767118.55 760473.95
  2   6443.52 1063211.24 741145.27
BucketCount: 1345
WriteAmplification: 2.9298

2019/09/14-16:02:57  ... thread 0: (100000000,7000000000) ops and (714517.4,789563.4) ops/second in (139.954613,8865.658962) seconds

                               Compactions
Level Time(sec) Read(MB) Write(MB)
--------------------------------------------------
  0   6729.40     0.00 789377.90
  1   5358.82 778414.06 771667.24
  2   6541.43 1079726.36 749234.51
BucketCount: 1366
WriteAmplification: 2.9267

2019/09/14-16:05:15  ... thread 0: (100000000,7100000000) ops and (724077.5,788558.9) ops/second in (138.106769,9003.765731) seconds

                               Compactions
Level Time(sec) Read(MB) Write(MB)
--------------------------------------------------
  0   6832.32     0.00 800599.36
  1   5443.40 789125.53 782277.65
  2   6629.47 1095630.38 756045.04
BucketCount: 1387
WriteAmplification: 2.9215

2019/09/14-16:07:32  ... thread 0: (100000000,7200000000) ops and (730706.3,787692.8) ops/second in (136.853893,9140.619624) seconds

                               Compactions
Level Time(sec) Read(MB) Write(MB)
--------------------------------------------------
  0   6932.69     0.00 811843.77
  1   5532.42 800664.42 793710.39
  2   6689.45 1105669.61 761061.01
BucketCount: 1394
WriteAmplification: 2.9151

2019/09/14-16:09:52  ... thread 0: (100000000,7300000000) ops and (711387.2,786537.1) ops/second in (140.570422,9281.190046) seconds

                               Compactions
Level Time(sec) Read(MB) Write(MB)
--------------------------------------------------
  0   7042.34     0.00 823110.64
  1   5614.46 811650.27 804596.44
  2   6763.46 1116638.00 767795.05
BucketCount: 1394
WriteAmplification: 2.9103

2019/09/14-16:12:12  ... thread 0: (100000000,7400000000) ops and (715568.4,785484.3) ops/second in (139.749044,9420.939090) seconds

                               Compactions
Level Time(sec) Read(MB) Write(MB)
--------------------------------------------------
  0   7150.61     0.00 834357.30
  1   5695.92 822552.22 815399.33
  2   6846.83 1130262.68 774088.50
BucketCount: 1408
WriteAmplification: 2.9050

2019/09/14-16:14:33  ... thread 0: (100000000,7500000000) ops and (709308.1,784361.2) ops/second in (140.982456,9561.921546) seconds

                               Compactions
Level Time(sec) Read(MB) Write(MB)
--------------------------------------------------
  0   7255.27     0.00 845580.91
  1   5781.69 833837.57 826579.41
  2   6934.64 1145830.31 781492.22
BucketCount: 1422
WriteAmplification: 2.9017

2019/09/14-16:16:50  ... thread 0: (100000000,7600000000) ops and (727768.2,783559.4) ops/second in (137.406391,9699.327937) seconds

                               Compactions
Level Time(sec) Read(MB) Write(MB)
--------------------------------------------------
  0   7365.27     0.00 856854.93
  1   5874.90 845362.15 837998.26
  2   7015.56 1159222.96 788213.09
BucketCount: 1443
WriteAmplification: 2.8979

2019/09/14-16:19:09  ... thread 0: (100000000,7700000000) ops and (718914.7,782645.5) ops/second in (139.098564,9838.426501) seconds

                               Compactions
Level Time(sec) Read(MB) Write(MB)
--------------------------------------------------
  0   7474.25     0.00 868084.74
  1   5960.66 856197.00 848731.95
  2   7107.82 1173857.02 795647.72
BucketCount: 1450
WriteAmplification: 2.8943

2019/09/14-16:21:28  ... thread 0: (100000000,7800000000) ops and (723452.1,781825.4) ops/second in (138.226146,9976.652647) seconds

                               Compactions
Level Time(sec) Read(MB) Write(MB)
--------------------------------------------------
  0   7571.64     0.00 879331.56
  1   6044.09 867400.31 859831.60
  2   7166.51 1183277.69 801160.91
BucketCount: 1450
WriteAmplification: 2.8889

2019/09/14-16:23:49  ... thread 0: (100000000,7900000000) ops and (707605.3,780788.7) ops/second in (141.321715,10117.974362) seconds

                               Compactions
Level Time(sec) Read(MB) Write(MB)
--------------------------------------------------
  0   7669.56     0.00 890567.54
  1   6124.40 878339.82 870669.00
  2   7234.87 1194996.91 807053.75
BucketCount: 1457
WriteAmplification: 2.8839

2019/09/14-16:26:12  ... thread 0: (100000000,8000000000) ops and (700488.6,779671.5) ops/second in (142.757492,10260.731854) seconds

                               Compactions
Level Time(sec) Read(MB) Write(MB)
--------------------------------------------------
  0   7777.83     0.00 901823.80
  1   6214.28 890079.01 882302.00
  2   7313.69 1208817.89 813460.00
BucketCount: 1471
WriteAmplification: 2.8804

fillrandom3  :       1.283 micros/op 779671 ops/sec;   86.3 MB/s
Microseconds per op:
Count: 8000000000 Average: 1.2826  StdDev: 1.33
Min: 0  Median: 0.5006  Max: 1795972
Percentiles: P50: 0.50 P75: 0.75 P99: 0.99 P99.9: 338.37 P99.99: 1293.89
------------------------------------------------------
[       0,       1 ] 7990912525  99.886%  99.886% ####################
(       1,       2 ]   571034   0.007%  99.894% 
(       2,       3 ]    42939   0.001%  99.894% 
(       3,       4 ]    84216   0.001%  99.895% 
(       4,       6 ]   235851   0.003%  99.898% 
(       6,      10 ]   100483   0.001%  99.899% 
(      10,      15 ]    40525   0.001%  99.900% 
(      15,      22 ]     6772   0.000%  99.900% 
(      22,      34 ]     1128   0.000%  99.900% 
(      34,      51 ]      217   0.000%  99.900% 
(      51,      76 ]      175   0.000%  99.900% 
(      76,     110 ]      135   0.000%  99.900% 
(     110,     170 ]      130   0.000%  99.900% 
(     170,     250 ]      160   0.000%  99.900% 
(     250,     380 ]     5458   0.000%  99.900% 
(     380,     580 ]   255681   0.003%  99.903% 
(     580,     870 ]  3767756   0.047%  99.950% 
(     870,    1300 ]  3220577   0.040%  99.991% 
(    1300,    1900 ]   226196   0.003%  99.993% 
(    1900,    2900 ]    67838   0.001%  99.994% 
(    2900,    4400 ]   311029   0.004%  99.998% 
(    4400,    6600 ]   133906   0.002% 100.000% 
(    6600,    9900 ]    10412   0.000% 100.000% 
(    9900,   14000 ]      854   0.000% 100.000% 
(   14000,   22000 ]     1948   0.000% 100.000% 
(   22000,   33000 ]     1553   0.000% 100.000% 
(   33000,   50000 ]      319   0.000% 100.000% 
(   50000,   75000 ]       69   0.000% 100.000% 
(   75000,  110000 ]       45   0.000% 100.000% 
(  110000,  170000 ]       35   0.000% 100.000% 
(  170000,  250000 ]        7   0.000% 100.000% 
(  570000,  860000 ]       11   0.000% 100.000% 
(  860000, 1200000 ]        8   0.000% 100.000% 
( 1200000, 1900000 ]        8   0.000% 100.000% 


                               Compactions
Level Time(sec) Read(MB) Write(MB)
--------------------------------------------------
  0   7777.83     0.00 901823.80
  1   6214.28 890079.01 882302.00
  2   7313.69 1208817.89 813460.00
BucketCount: 1471
WriteAmplification: 2.8804

seq# 8000000000, log# 335495, min log#335485, file# 601948
