./kv/release/tests/db/kv_bench --hugepage=true --db=/mnt/nvm/kv8B --num=8000000000 --value_size=100 --batch_size=1000 --benchmarks=fillrandom,stats --logpath=/mnt/ssd --bloom_bits=10 --log=true --cache_size=8388608 --low_pool=3 --high_pool=3 --open_files=40000 --stats_interval=100000000 --histogram=true --compression=0 --write_buffer_size=2097152 --skiplistrep=false --log_dio=true --partition=100 --print_wa=true 
Keys:       16 bytes each
Values:     100 bytes each (50 bytes after compression)
Entries:    8000000000
RawSize:    885009.8 MB (estimated)
FileSize:   503540.0 MB (estimated)
WARNING: Snappy compression is not enabled
------------------------------------------------
Write buffer: 2048.00 KB. Compression: 0. 
Recover seq# 0, log# 0, min log#0, file# 1
using provided pivots
Log Recover time: 0.0000 s
seq# 0, log# 1, min log#0, file# 3
Write buffer: 2048.00 KB. Compression: 0. 
Recover seq# 0, log# 0, min log#0, file# 1
using provided pivots
Log Recover time: 0.0000 s
2019/09/12-15:00:55  ... thread 0: (100000000,100000000) ops and (972128.9,972128.9) ops/second in (102.867019,102.867019) seconds

                               Compactions
Level Time(sec) Read(MB) Write(MB)
--------------------------------------------------
  0     62.42     0.00  11286.94
  1     61.01 10460.50  10382.02
BucketCount: 100
WriteAmplification: 1.9198

2019/09/12-15:02:42  ... thread 0: (100000000,200000000) ops and (934620.3,953005.6) ops/second in (106.995327,209.862346) seconds

                               Compactions
Level Time(sec) Read(MB) Write(MB)
--------------------------------------------------
  0    149.84     0.00  22641.51
  1    130.42 21769.53  21605.77
  2     85.01 14443.48  14338.86
BucketCount: 100
WriteAmplification: 2.5876

2019/09/12-15:04:29  ... thread 0: (100000000,300000000) ops and (930841.3,945501.2) ops/second in (107.429702,317.292048) seconds

                               Compactions
Level Time(sec) Read(MB) Write(MB)
--------------------------------------------------
  0    232.62     0.00  34005.43
  1    200.24 33140.77  32891.21
  2    139.22 23522.98  23351.03
BucketCount: 100
WriteAmplification: 2.6539

2019/09/12-15:06:14  ... thread 0: (100000000,400000000) ops and (954027.1,947618.3) ops/second in (104.818826,422.110874) seconds

                               Compactions
Level Time(sec) Read(MB) Write(MB)
--------------------------------------------------
  0    318.68     0.00  45374.13
  1    270.13 44457.44  44122.19
  2    212.04 35614.95  35353.07
BucketCount: 100
WriteAmplification: 2.7516

2019/09/12-15:07:58  ... thread 0: (100000000,500000000) ops and (961601.5,950382.3) ops/second in (103.993186,526.104060) seconds

                               Compactions
Level Time(sec) Read(MB) Write(MB)
--------------------------------------------------
  0    401.42     0.00  56742.26
  1    341.42 56012.50  55589.94
  2    273.11 45919.53  45582.37
BucketCount: 100
WriteAmplification: 2.7830

2019/09/12-15:09:46  ... thread 0: (100000000,600000000) ops and (925922.3,946216.3) ops/second in (108.000418,634.104478) seconds

                               Compactions
Level Time(sec) Read(MB) Write(MB)
--------------------------------------------------
  0    495.72     0.00  68106.39
  1    411.77 67286.78  66778.51
  2    345.12 58022.80  57596.43
BucketCount: 100
WriteAmplification: 2.8262

2019/09/12-15:11:36  ... thread 0: (100000000,700000000) ops and (912665.0,941273.0) ops/second in (109.569230,743.673708) seconds

                               Compactions
Level Time(sec) Read(MB) Write(MB)
--------------------------------------------------
  0    584.60     0.00  79467.94
  1    480.95 78622.66  78029.11
  2    416.99 69976.91  69461.30
BucketCount: 100
WriteAmplification: 2.8560

2019/09/12-15:13:26  ... thread 0: (100000000,800000000) ops and (910665.0,937335.0) ops/second in (109.809867,853.483575) seconds

                               Compactions
Level Time(sec) Read(MB) Write(MB)
--------------------------------------------------
  0    671.60     0.00  90845.60
  1    550.73 90029.32  89349.85
  2    478.49 80210.73  79619.32
BucketCount: 100
WriteAmplification: 2.8600

2019/09/12-15:15:16  ... thread 0: (100000000,900000000) ops and (905966.3,933742.7) ops/second in (110.379377,963.862952) seconds

                               Compactions
Level Time(sec) Read(MB) Write(MB)
--------------------------------------------------
  0    762.24     0.00 102185.02
  1    620.87 101378.28 100613.44
  2    547.33 91808.79  91131.94
BucketCount: 100
WriteAmplification: 2.8765

2019/09/12-15:17:02  ... thread 0: (100000000,1000000000) ops and (945153.8,934871.4) ops/second in (105.802890,1069.665842) seconds

                               Compactions
Level Time(sec) Read(MB) Write(MB)
--------------------------------------------------
  0    852.75     0.00 113567.17
  1    691.36 112715.79 111865.14
  2    617.35 103624.30 102860.76
BucketCount: 100
WriteAmplification: 2.8907

2019/09/12-15:18:46  ... thread 0: (100000000,1100000000) ops and (962194.3,937291.0) ops/second in (103.929108,1173.594950) seconds

                               Compactions
Level Time(sec) Read(MB) Write(MB)
--------------------------------------------------
  0    940.52     0.00 124919.55
  1    761.28 123933.12 122997.82
  2    701.31 117548.28 116686.91
BucketCount: 121
WriteAmplification: 2.9187

2019/09/12-15:20:35  ... thread 0: (100000000,1200000000) ops and (914309.9,935331.9) ops/second in (109.372111,1282.967061) seconds

                               Compactions
Level Time(sec) Read(MB) Write(MB)
--------------------------------------------------
  0   1026.47     0.00 136258.04
  1    830.75 135133.74 134113.96
  2    785.33 131460.22 130360.82
BucketCount: 142
WriteAmplification: 2.9410

2019/09/12-15:22:26  ... thread 0: (100000000,1300000000) ops and (904058.2,932849.6) ops/second in (110.612351,1393.579412) seconds

                               Compactions
Level Time(sec) Read(MB) Write(MB)
--------------------------------------------------
  0   1121.83     0.00 147577.15
  1    900.42 146018.86 144916.69
  2    894.82 149719.41 147435.93
BucketCount: 177
WriteAmplification: 2.9810

2019/09/12-15:24:17  ... thread 0: (100000000,1400000000) ops and (900697.8,930477.1) ops/second in (111.025029,1504.604441) seconds

                               Compactions
Level Time(sec) Read(MB) Write(MB)
--------------------------------------------------
  0   1227.12     0.00 158889.18
  1    971.42 157093.00 155907.34
  2   1028.60 172069.84 167503.94
BucketCount: 226
WriteAmplification: 3.0355

2019/09/12-15:26:07  ... thread 0: (100000000,1500000000) ops and (907490.1,928908.5) ops/second in (110.194041,1614.798482) seconds

                               Compactions
Level Time(sec) Read(MB) Write(MB)
--------------------------------------------------
  0   1315.22     0.00 170225.53
  1   1038.95 168014.14 166746.43
  2   1109.69 186290.82 180037.43
BucketCount: 254
WriteAmplification: 3.0372

2019/09/12-15:27:59  ... thread 0: (100000000,1600000000) ops and (891158.1,926455.6) ops/second in (112.213533,1727.012015) seconds

                               Compactions
Level Time(sec) Read(MB) Write(MB)
--------------------------------------------------
  0   1409.16     0.00 181533.67
  1   1110.60 179239.45 177887.59
  2   1224.71 206055.28 196995.85
BucketCount: 303
WriteAmplification: 3.0651

2019/09/12-15:29:55  ... thread 0: (100000000,1700000000) ops and (866044.1,922669.7) ops/second in (115.467556,1842.479571) seconds

                               Compactions
Level Time(sec) Read(MB) Write(MB)
--------------------------------------------------
  0   1507.44     0.00 192823.90
  1   1177.93 189771.62 188341.38
  2   1349.41 228080.57 213982.82
BucketCount: 352
WriteAmplification: 3.0865

2019/09/12-15:31:50  ... thread 0: (100000000,1800000000) ops and (868686.5,919495.2) ops/second in (115.116325,1957.595896) seconds

                               Compactions
Level Time(sec) Read(MB) Write(MB)
--------------------------------------------------
  0   1609.55     0.00 204105.87
  1   1249.34 200803.09 199290.50
  2   1492.23 253257.12 232291.77
BucketCount: 408
WriteAmplification: 3.1145

2019/09/12-15:33:46  ... thread 0: (100000000,1900000000) ops and (860370.5,916181.5) ops/second in (116.228998,2073.824894) seconds

                               Compactions
Level Time(sec) Read(MB) Write(MB)
--------------------------------------------------
  0   1700.85     0.00 215385.09
  1   1317.80 211676.88 210083.45
  2   1596.92 271857.95 245668.96
BucketCount: 478
WriteAmplification: 3.1160

2019/09/12-15:35:49  ... thread 0: (100000000,2000000000) ops and (815474.3,910559.0) ops/second in (122.628014,2196.452908) seconds

                               Compactions
Level Time(sec) Read(MB) Write(MB)
--------------------------------------------------
  0   1796.63     0.00 226676.18
  1   1385.62 222348.38 220675.87
  2   1724.15 294717.38 260909.64
BucketCount: 513
WriteAmplification: 3.1246

2019/09/12-15:37:51  ... thread 0: (100000000,2100000000) ops and (818141.2,905687.2) ops/second in (122.228297,2318.681205) seconds

                               Compactions
Level Time(sec) Read(MB) Write(MB)
--------------------------------------------------
  0   1886.91     0.00 237966.58
  1   1454.73 233463.37 231708.39
  2   1843.86 316284.78 274756.33
BucketCount: 576
WriteAmplification: 3.1283

2019/09/12-15:39:54  ... thread 0: (100000000,2200000000) ops and (810096.7,900855.4) ops/second in (123.442047,2442.123252) seconds

                               Compactions
Level Time(sec) Read(MB) Write(MB)
--------------------------------------------------
  0   1982.63     0.00 249199.96
  1   1520.19 243861.20 242029.69
  2   1986.05 342426.86 290182.63
BucketCount: 632
WriteAmplification: 3.1357

2019/09/12-15:42:00  ... thread 0: (100000000,2300000000) ops and (796071.5,895729.3) ops/second in (125.616850,2567.740102) seconds

                               Compactions
Level Time(sec) Read(MB) Write(MB)
--------------------------------------------------
  0   2072.42     0.00 260473.57
  1   1590.04 255140.69 253225.46
  2   2101.74 362979.40 302769.14
BucketCount: 688
WriteAmplification: 3.1346

2019/09/12-15:44:04  ... thread 0: (100000000,2400000000) ops and (806750.0,891631.7) ops/second in (123.954140,2691.694242) seconds

                               Compactions
Level Time(sec) Read(MB) Write(MB)
--------------------------------------------------
  0   2159.91     0.00 271722.03
  1   1656.20 265841.89 263848.46
  2   2221.09 385155.89 315088.97
BucketCount: 709
WriteAmplification: 3.1306

2019/09/12-15:46:10  ... thread 0: (100000000,2500000000) ops and (790487.3,887091.5) ops/second in (126.504248,2818.198490) seconds

                               Compactions
Level Time(sec) Read(MB) Write(MB)
--------------------------------------------------
  0   2248.45     0.00 283003.84
  1   1724.45 276782.67 274708.89
  2   2328.38 404033.94 327129.71
BucketCount: 737
WriteAmplification: 3.1266

2019/09/12-15:48:19  ... thread 0: (100000000,2600000000) ops and (777633.5,882314.9) ops/second in (128.595286,2946.793776) seconds

                               Compactions
Level Time(sec) Read(MB) Write(MB)
--------------------------------------------------
  0   2331.09     0.00 294292.04
  1   1793.19 287970.77 285814.66
  2   2400.10 416510.93 335647.33
BucketCount: 751
WriteAmplification: 3.1117

2019/09/12-15:50:27  ... thread 0: (100000000,2700000000) ops and (781162.2,878103.6) ops/second in (128.014393,3074.808169) seconds

                               Compactions
Level Time(sec) Read(MB) Write(MB)
--------------------------------------------------
  0   2416.38     0.00 305581.66
  1   1862.90 299194.97 296956.37
  2   2495.78 433434.79 346411.13
BucketCount: 779
WriteAmplification: 3.1054

2019/09/12-15:52:36  ... thread 0: (100000000,2800000000) ops and (775925.5,873993.1) ops/second in (128.878352,3203.686521) seconds

                               Compactions
Level Time(sec) Read(MB) Write(MB)
--------------------------------------------------
  0   2503.63     0.00 316870.60
  1   1931.30 310142.17 307823.12
  2   2597.51 451435.19 357766.79
BucketCount: 793
WriteAmplification: 3.1005

2019/09/12-15:54:45  ... thread 0: (100000000,2900000000) ops and (776791.7,870238.1) ops/second in (128.734632,3332.421153) seconds

                               Compactions
Level Time(sec) Read(MB) Write(MB)
--------------------------------------------------
  0   2585.33     0.00 328142.64
  1   2000.92 321496.44 319093.71
  2   2663.37 462864.27 365931.51
BucketCount: 800
WriteAmplification: 3.0876

2019/09/12-15:56:56  ... thread 0: (100000000,3000000000) ops and (762973.9,866179.0) ops/second in (131.066078,3463.487231) seconds

                               Compactions
Level Time(sec) Read(MB) Write(MB)
--------------------------------------------------
  0   2666.82     0.00 339411.88
  1   2069.01 332625.72 330141.85
  2   2722.02 472834.59 374265.77
BucketCount: 800
WriteAmplification: 3.0754

2019/09/12-15:59:08  ... thread 0: (100000000,3100000000) ops and (755063.5,862086.6) ops/second in (132.439199,3595.926430) seconds

                               Compactions
Level Time(sec) Read(MB) Write(MB)
--------------------------------------------------
  0   2747.13     0.00 350690.57
  1   2139.35 344101.31 341533.14
  2   2776.71 482146.66 382008.21
BucketCount: 800
WriteAmplification: 3.0632

2019/09/12-16:01:19  ... thread 0: (100000000,3200000000) ops and (765009.8,858681.5) ops/second in (130.717281,3726.643711) seconds

                               Compactions
Level Time(sec) Read(MB) Write(MB)
--------------------------------------------------
  0   2831.11     0.00 361999.86
  1   2210.34 355560.38 352908.16
  2   2843.15 493372.22 391310.64
BucketCount: 800
WriteAmplification: 3.0559

2019/09/12-16:03:30  ... thread 0: (100000000,3300000000) ops and (761213.1,855362.6) ops/second in (131.369254,3858.012965) seconds

                               Compactions
Level Time(sec) Read(MB) Write(MB)
--------------------------------------------------
  0   2915.15     0.00 373268.87
  1   2279.32 366755.91 364021.91
  2   2917.79 505951.78 401836.30
BucketCount: 800
WriteAmplification: 3.0518

2019/09/12-16:05:40  ... thread 0: (100000000,3400000000) ops and (768230.5,852518.7) ops/second in (130.169267,3988.182232) seconds

                               Compactions
Level Time(sec) Read(MB) Write(MB)
--------------------------------------------------
  0   2994.81     0.00 384581.31
  1   2347.81 377881.16 375065.58
  2   2969.42 514831.24 408925.31
BucketCount: 800
WriteAmplification: 3.0386

2019/09/12-16:07:49  ... thread 0: (100000000,3500000000) ops and (779755.5,850251.8) ops/second in (128.245324,4116.427556) seconds

                               Compactions
Level Time(sec) Read(MB) Write(MB)
--------------------------------------------------
  0   3076.49     0.00 395873.72
  1   2418.42 389498.29 386597.64
  2   3031.01 525408.01 417377.84
BucketCount: 800
WriteAmplification: 3.0309

2019/09/12-16:09:59  ... thread 0: (100000000,3600000000) ops and (767982.6,847729.3) ops/second in (130.211286,4246.638842) seconds

                               Compactions
Level Time(sec) Read(MB) Write(MB)
--------------------------------------------------
  0   3160.42     0.00 407164.76
  1   2485.78 400405.43 397425.12
  2   3103.44 537646.48 427192.14
BucketCount: 800
WriteAmplification: 3.0253

2019/09/12-16:12:07  ... thread 0: (100000000,3700000000) ops and (779345.5,845723.6) ops/second in (128.312792,4374.951634) seconds

                               Compactions
Level Time(sec) Read(MB) Write(MB)
--------------------------------------------------
  0   3247.76     0.00 418450.85
  1   2557.87 411831.17 408767.15
  2   3179.09 549692.77 436940.67
BucketCount: 800
WriteAmplification: 3.0210

2019/09/12-16:14:14  ... thread 0: (100000000,3800000000) ops and (784939.0,844003.7) ops/second in (127.398427,4502.350061) seconds

                               Compactions
Level Time(sec) Read(MB) Write(MB)
--------------------------------------------------
  0   3354.54     0.00 429719.11
  1   2638.53 423097.56 419950.71
  2   3251.31 560321.24 445243.15
BucketCount: 800
WriteAmplification: 3.0134

2019/09/12-16:16:21  ... thread 0: (100000000,3900000000) ops and (787351.1,842449.4) ops/second in (127.008144,4629.358205) seconds

                               Compactions
Level Time(sec) Read(MB) Write(MB)
--------------------------------------------------
  0   3475.48     0.00 441015.27
  1   2729.82 434585.30 431354.07
  2   3344.46 573285.79 455397.05
BucketCount: 800
WriteAmplification: 3.0107

2019/09/12-16:18:29  ... thread 0: (100000000,4000000000) ops and (787063.2,840969.9) ops/second in (127.054594,4756.412799) seconds

                               Compactions
Level Time(sec) Read(MB) Write(MB)
--------------------------------------------------
  0   3586.54     0.00 452338.26
  1   2815.08 445580.54 442268.95
  2   3416.16 583732.51 463703.14
BucketCount: 800
WriteAmplification: 3.0029

2019/09/12-16:20:37  ... thread 0: (100000000,4100000000) ops and (776308.8,839264.9) ops/second in (128.814722,4885.227521) seconds

                               Compactions
Level Time(sec) Read(MB) Write(MB)
--------------------------------------------------
  0   3674.14     0.00 463601.45
  1   2891.90 457037.45 453641.72
  2   3485.83 595158.75 472467.05
BucketCount: 800
WriteAmplification: 2.9976

2019/09/12-16:22:45  ... thread 0: (100000000,4200000000) ops and (780993.9,837776.6) ops/second in (128.041968,5013.269489) seconds

                               Compactions
Level Time(sec) Read(MB) Write(MB)
--------------------------------------------------
  0   3762.06     0.00 474890.00
  1   2964.97 468432.14 464952.92
  2   3562.71 607731.11 482868.75
BucketCount: 800
WriteAmplification: 2.9959

2019/09/12-16:24:53  ... thread 0: (100000000,4300000000) ops and (786368.8,836504.9) ops/second in (127.166803,5140.436292) seconds

                               Compactions
Level Time(sec) Read(MB) Write(MB)
--------------------------------------------------
  0   3848.85     0.00 486172.64
  1   3036.27 479761.38 476199.26
  2   3631.90 619265.09 492521.01
BucketCount: 800
WriteAmplification: 2.9925

2019/09/12-16:26:59  ... thread 0: (100000000,4400000000) ops and (790313.5,835395.2) ops/second in (126.532062,5266.968354) seconds

                               Compactions
Level Time(sec) Read(MB) Write(MB)
--------------------------------------------------
  0   3932.38     0.00 497457.83
  1   3106.61 490698.51 487056.45
  2   3694.88 629791.10 501007.12
BucketCount: 800
WriteAmplification: 2.9862

2019/09/12-16:29:04  ... thread 0: (100000000,4500000000) ops and (798257.9,834532.4) ops/second in (125.272795,5392.241149) seconds

                               Compactions
Level Time(sec) Read(MB) Write(MB)
--------------------------------------------------
  0   4020.96     0.00 508719.65
  1   3182.23 501935.86 498211.34
  2   3772.10 642652.98 511598.42
BucketCount: 800
WriteAmplification: 2.9850

2019/09/12-16:31:13  ... thread 0: (100000000,4600000000) ops and (775451.8,833152.5) ops/second in (128.957084,5521.198233) seconds

                               Compactions
Level Time(sec) Read(MB) Write(MB)
--------------------------------------------------
  0   4107.75     0.00 520023.13
  1   3260.24 513491.26 509681.61
  2   3843.26 654459.83 520877.81
BucketCount: 800
WriteAmplification: 2.9818

2019/09/12-16:33:23  ... thread 0: (100000000,4700000000) ops and (771927.8,831748.9) ops/second in (129.545789,5650.744022) seconds

                               Compactions
Level Time(sec) Read(MB) Write(MB)
--------------------------------------------------
  0   4194.17     0.00 531313.39
  1   3336.87 524704.49 520812.45
  2   3896.65 663336.08 528201.17
BucketCount: 800
WriteAmplification: 2.9744

2019/09/12-16:35:30  ... thread 0: (100000000,4800000000) ops and (786595.6,830755.4) ops/second in (127.130127,5777.874149) seconds

                               Compactions
Level Time(sec) Read(MB) Write(MB)
--------------------------------------------------
  0   4285.76     0.00 542629.32
  1   3414.99 535967.50 531993.02
  2   3962.33 673859.25 536860.80
BucketCount: 800
WriteAmplification: 2.9698

2019/09/12-16:37:39  ... thread 0: (100000000,4900000000) ops and (773878.4,829511.2) ops/second in (129.219273,5907.093422) seconds

                               Compactions
Level Time(sec) Read(MB) Write(MB)
--------------------------------------------------
  0   4381.11     0.00 553939.55
  1   3496.25 547507.78 543448.56
  2   4033.03 685116.22 545801.66
BucketCount: 800
WriteAmplification: 2.9664

2019/09/12-16:39:45  ... thread 0: (100000000,5000000000) ops and (792446.0,828735.9) ops/second in (126.191563,6033.284985) seconds

                               Compactions
Level Time(sec) Read(MB) Write(MB)
--------------------------------------------------
  0   4476.55     0.00 565198.80
  1   3573.56 558528.80 554388.67
  2   4095.03 695129.57 553931.92
BucketCount: 800
WriteAmplification: 2.9609

2019/09/12-16:41:54  ... thread 0: (100000000,5100000000) ops and (780715.2,827737.6) ops/second in (128.087686,6161.372671) seconds

                               Compactions
Level Time(sec) Read(MB) Write(MB)
--------------------------------------------------
  0   4574.01     0.00 576475.54
  1   3649.80 569671.60 565449.45
  2   4158.44 705036.34 562032.98
BucketCount: 800
WriteAmplification: 2.9558

2019/09/12-16:44:02  ... thread 0: (100000000,5200000000) ops and (776208.3,826682.2) ops/second in (128.831399,6290.204070) seconds

                               Compactions
Level Time(sec) Read(MB) Write(MB)
--------------------------------------------------
  0   4686.47     0.00 587780.00
  1   3730.86 581060.68 576755.11
  2   4237.28 716422.32 571464.97
BucketCount: 800
WriteAmplification: 2.9535

2019/09/12-16:46:12  ... thread 0: (100000000,5300000000) ops and (772651.8,825592.9) ops/second in (129.424407,6419.628477) seconds

                               Compactions
Level Time(sec) Read(MB) Write(MB)
--------------------------------------------------
  0   4798.74     0.00 599066.26
  1   3811.15 592503.62 588114.22
  2   4323.99 729449.68 582006.60
BucketCount: 800
WriteAmplification: 2.9532

2019/09/12-16:48:19  ... thread 0: (100000000,5400000000) ops and (783157.5,824765.4) ops/second in (127.688229,6547.316706) seconds

                               Compactions
Level Time(sec) Read(MB) Write(MB)
--------------------------------------------------
  0   4912.13     0.00 610334.08
  1   3893.18 603568.63 599098.24
  2   4403.73 740717.03 591252.21
BucketCount: 800
WriteAmplification: 2.9503

2019/09/12-16:50:25  ... thread 0: (100000000,5500000000) ops and (793418.3,824173.3) ops/second in (126.036925,6673.353631) seconds

                               Compactions
Level Time(sec) Read(MB) Write(MB)
--------------------------------------------------
  0   5035.52     0.00 621657.79
  1   3979.05 614905.39 610352.09
  2   4478.67 750730.96 599431.42
BucketCount: 800
WriteAmplification: 2.9461

2019/09/12-16:52:32  ... thread 0: (100000000,5600000000) ops and (788579.6,823509.6) ops/second in (126.810283,6800.163914) seconds

                               Compactions
Level Time(sec) Read(MB) Write(MB)
--------------------------------------------------
  0   5164.12     0.00 632920.94
  1   4067.07 626307.14 621670.36
  2   4558.02 761505.48 608173.97
BucketCount: 800
WriteAmplification: 2.9431

2019/09/12-16:54:38  ... thread 0: (100000000,5700000000) ops and (794370.3,822979.9) ops/second in (125.885876,6926.049790) seconds

                               Compactions
Level Time(sec) Read(MB) Write(MB)
--------------------------------------------------
  0   5288.23     0.00 644210.76
  1   4154.20 637490.03 632771.20
  2   4645.10 773399.06 617451.28
BucketCount: 800
WriteAmplification: 2.9407

2019/09/12-16:56:46  ... thread 0: (100000000,5800000000) ops and (783289.3,822261.6) ops/second in (127.666758,7053.716548) seconds

                               Compactions
Level Time(sec) Read(MB) Write(MB)
--------------------------------------------------
  0   5416.09     0.00 655503.46
  1   4238.80 648726.65 643925.61
  2   4744.84 786265.27 627459.49
BucketCount: 800
WriteAmplification: 2.9396

2019/09/12-16:58:54  ... thread 0: (100000000,5900000000) ops and (779513.4,821498.0) ops/second in (128.285159,7182.001707) seconds

                               Compactions
Level Time(sec) Read(MB) Write(MB)
--------------------------------------------------
  0   5533.53     0.00 666785.25
  1   4323.06 660201.02 655315.81
  2   4816.26 796217.31 635421.11
BucketCount: 800
WriteAmplification: 2.9358

2019/09/12-17:01:03  ... thread 0: (100000000,6000000000) ops and (776871.6,820712.2) ops/second in (128.721408,7310.723115) seconds

                               Compactions
Level Time(sec) Read(MB) Write(MB)
--------------------------------------------------
  0   5657.76     0.00 678102.93
  1   4408.41 671380.51 666413.62
  2   4900.11 807313.52 644252.37
BucketCount: 800
WriteAmplification: 2.9328

2019/09/12-17:03:09  ... thread 0: (100000000,6100000000) ops and (792093.6,820226.4) ops/second in (126.247703,7436.970818) seconds

                               Compactions
Level Time(sec) Read(MB) Write(MB)
--------------------------------------------------
  0   5800.80     0.00 689366.62
  1   4500.16 682559.59 677510.37
  2   4997.66 818859.15 654038.58
BucketCount: 800
WriteAmplification: 2.9316

2019/09/12-17:05:17  ... thread 0: (100000000,6200000000) ops and (780602.3,819555.4) ops/second in (128.106202,7565.077020) seconds

                               Compactions
Level Time(sec) Read(MB) Write(MB)
--------------------------------------------------
  0   5928.58     0.00 700702.87
  1   4590.21 694141.53 689007.14
  2   5084.44 830280.36 663074.55
BucketCount: 800
WriteAmplification: 2.9296

2019/09/12-17:07:27  ... thread 0: (100000000,6300000000) ops and (767822.0,818679.9) ops/second in (130.238527,7695.315547) seconds

                               Compactions
Level Time(sec) Read(MB) Write(MB)
--------------------------------------------------
  0   6056.96     0.00 711932.86
  1   4679.47 705133.27 699918.44
  2   5166.59 841341.29 672092.14
BucketCount: 800
WriteAmplification: 2.9272

2019/09/12-17:09:35  ... thread 0: (100000000,6400000000) ops and (783355.2,818103.4) ops/second in (127.656017,7822.971564) seconds

                               Compactions
Level Time(sec) Read(MB) Write(MB)
--------------------------------------------------
  0   6195.53     0.00 723245.25
  1   4774.95 716503.06 711204.58
  2   5264.50 853538.77 681552.37
BucketCount: 800
WriteAmplification: 2.9257

2019/09/12-17:11:40  ... thread 0: (100000000,6500000000) ops and (799977.1,817818.4) ops/second in (125.003585,7947.975149) seconds

                               Compactions
Level Time(sec) Read(MB) Write(MB)
--------------------------------------------------
  0   6337.55     0.00 734538.26
  1   4870.17 727915.41 722533.07
  2   5343.21 863059.54 689252.39
BucketCount: 800
WriteAmplification: 2.9220

2019/09/12-17:13:47  ... thread 0: (100000000,6600000000) ops and (786336.2,817322.6) ops/second in (127.172072,8075.147221) seconds

                               Compactions
Level Time(sec) Read(MB) Write(MB)
--------------------------------------------------
  0   6466.65     0.00 745839.66
  1   4959.56 739274.56 733808.96
  2   5435.13 875486.72 698909.39
BucketCount: 800
WriteAmplification: 2.9209

2019/09/12-17:15:55  ... thread 0: (100000000,6700000000) ops and (785900.3,816835.1) ops/second in (127.242603,8202.389824) seconds

                               Compactions
Level Time(sec) Read(MB) Write(MB)
--------------------------------------------------
  0   6595.83     0.00 757093.87
  1   5045.91 750504.31 744956.44
  2   5519.39 886558.76 707761.35
BucketCount: 800
WriteAmplification: 2.9188

2019/09/12-17:18:02  ... thread 0: (100000000,6800000000) ops and (784131.6,816334.4) ops/second in (127.529608,8329.919432) seconds

                               Compactions
Level Time(sec) Read(MB) Write(MB)
--------------------------------------------------
  0   6722.83     0.00 768405.82
  1   5132.37 761535.60 755906.94
  2   5594.14 895999.72 715297.27
BucketCount: 800
WriteAmplification: 2.9146

2019/09/12-17:20:10  ... thread 0: (100000000,6900000000) ops and (783695.4,815842.0) ops/second in (127.600590,8457.520022) seconds

                               Compactions
Level Time(sec) Read(MB) Write(MB)
--------------------------------------------------
  0   6874.40     0.00 779689.09
  1   5228.51 773131.76 767418.19
  2   5705.18 909316.34 726103.78
BucketCount: 800
WriteAmplification: 2.9155

2019/09/12-17:22:16  ... thread 0: (100000000,7000000000) ops and (788449.5,815437.3) ops/second in (126.831209,8584.351231) seconds

                               Compactions
Level Time(sec) Read(MB) Write(MB)
--------------------------------------------------
  0   7006.59     0.00 790971.94
  1   5315.64 784153.27 778358.91
  2   5796.31 921087.72 735553.04
BucketCount: 800
WriteAmplification: 2.9140

2019/09/12-17:24:23  ... thread 0: (100000000,7100000000) ops and (790789.7,815079.5) ops/second in (126.455877,8710.807108) seconds

                               Compactions
Level Time(sec) Read(MB) Write(MB)
--------------------------------------------------
  0   7128.55     0.00 802290.77
  1   5402.23 795158.43 789283.30
  2   5862.83 929885.06 742648.96
BucketCount: 800
WriteAmplification: 2.9094

2019/09/12-17:26:29  ... thread 0: (100000000,7200000000) ops and (795088.9,814794.9) ops/second in (125.772103,8836.579211) seconds

                               Compactions
Level Time(sec) Read(MB) Write(MB)
--------------------------------------------------
  0   7297.26     0.00 813541.24
  1   5507.44 806942.55 800980.83
  2   5996.59 945208.41 755067.19
BucketCount: 800
WriteAmplification: 2.9127

2019/09/12-17:28:33  ... thread 0: (100000000,7300000000) ops and (805941.6,814672.3) ops/second in (124.078472,8960.657683) seconds

                               Compactions
Level Time(sec) Read(MB) Write(MB)
--------------------------------------------------
  0   7421.18     0.00 824850.68
  1   5598.28 817992.55 811949.94
  2   6067.87 954996.35 763193.95
BucketCount: 800
WriteAmplification: 2.9096

2019/09/12-17:30:37  ... thread 0: (100000000,7400000000) ops and (806330.3,814558.5) ops/second in (124.018657,9084.676340) seconds

                               Compactions
Level Time(sec) Read(MB) Write(MB)
--------------------------------------------------
  0   7549.58     0.00 836136.55
  1   5699.08 829459.74 823333.07
  2   6143.13 965089.98 771376.98
BucketCount: 800
WriteAmplification: 2.9072

2019/09/12-17:32:39  ... thread 0: (100000000,7500000000) ops and (817017.9,814591.2) ops/second in (122.396333,9207.072673) seconds

                               Compactions
Level Time(sec) Read(MB) Write(MB)
--------------------------------------------------
  0   7703.12     0.00 847410.93
  1   5813.75 840567.87 834359.74
  2   6221.32 974705.11 778963.58
BucketCount: 800
WriteAmplification: 2.9038

2019/09/12-17:34:45  ... thread 0: (100000000,7600000000) ops and (796401.3,814346.4) ops/second in (125.564843,9332.637516) seconds

                               Compactions
Level Time(sec) Read(MB) Write(MB)
--------------------------------------------------
  0   7864.06     0.00 858721.82
  1   5928.14 852090.50 845798.04
  2   6334.55 988117.89 789345.62
BucketCount: 800
WriteAmplification: 2.9042

2019/09/12-17:36:49  ... thread 0: (100000000,7700000000) ops and (804335.7,814214.8) ops/second in (124.326192,9456.963708) seconds

                               Compactions
Level Time(sec) Read(MB) Write(MB)
--------------------------------------------------
  0   7994.50     0.00 869984.32
  1   6027.67 863261.16 856886.98
  2   6415.67 998706.12 797910.99
BucketCount: 800
WriteAmplification: 2.9021

2019/09/12-17:38:53  ... thread 0: (100000000,7800000000) ops and (806286.9,814112.2) ops/second in (124.025334,9580.989042) seconds

                               Compactions
Level Time(sec) Read(MB) Write(MB)
--------------------------------------------------
  0   8131.04     0.00 881297.70
  1   6131.70 874594.08 868136.68
  2   6488.92 1008427.75 806162.51
BucketCount: 800
WriteAmplification: 2.8998

2019/09/12-17:41:00  ... thread 0: (100000000,7900000000) ops and (786313.1,813748.0) ops/second in (127.175798,9708.164840) seconds

                               Compactions
Level Time(sec) Read(MB) Write(MB)
--------------------------------------------------
  0   8282.83     0.00 892553.37
  1   6240.60 885674.64 879136.41
  2   6591.31 1020429.70 815949.09
BucketCount: 800
WriteAmplification: 2.8991

2019/09/12-17:43:07  ... thread 0: (100000000,8000000000) ops and (787259.9,813405.9) ops/second in (127.022848,9835.187688) seconds

                               Compactions
Level Time(sec) Read(MB) Write(MB)
--------------------------------------------------
  0   8433.32     0.00 903843.25
  1   6352.00 897333.81 890709.68
  2   6691.33 1032623.77 825574.73
BucketCount: 800
WriteAmplification: 2.8989

fillrandom   :       1.229 micros/op 813404 ops/sec;   90.0 MB/s
Microseconds per op:
Count: 8000000000 Average: 1.2294  StdDev: 0.43
Min: 0  Median: 0.5006  Max: 473289
Percentiles: P50: 0.50 P75: 0.75 P99: 0.99 P99.9: 382.93 P99.99: 1252.87
------------------------------------------------------
[       0,       1 ] 7991201014  99.890%  99.890% ####################
(       1,       2 ]   364640   0.005%  99.895% 
(       2,       3 ]    38528   0.000%  99.895% 
(       3,       4 ]   125569   0.002%  99.897% 
(       4,       6 ]   176671   0.002%  99.899% 
(       6,      10 ]    61000   0.001%  99.900% 
(      10,      15 ]    21855   0.000%  99.900% 
(      15,      22 ]     4094   0.000%  99.900% 
(      22,      34 ]      648   0.000%  99.900% 
(      34,      51 ]      240   0.000%  99.900% 
(      51,      76 ]      110   0.000%  99.900% 
(      76,     110 ]      210   0.000%  99.900% 
(     110,     170 ]      946   0.000%  99.900% 
(     170,     250 ]     1464   0.000%  99.900% 
(     250,     380 ]      320   0.000%  99.900% 
(     380,     580 ]   183612   0.002%  99.902% 
(     580,     870 ]  5289902   0.066%  99.968% 
(     870,    1300 ]  1942023   0.024%  99.993% 
(    1300,    1900 ]    51213   0.001%  99.993% 
(    1900,    2900 ]    49674   0.001%  99.994% 
(    2900,    4400 ]   301467   0.004%  99.998% 
(    4400,    6600 ]   162452   0.002% 100.000% 
(    6600,    9900 ]    12530   0.000% 100.000% 
(    9900,   14000 ]     1523   0.000% 100.000% 
(   14000,   22000 ]     2736   0.000% 100.000% 
(   22000,   33000 ]     5070   0.000% 100.000% 
(   33000,   50000 ]      363   0.000% 100.000% 
(   50000,   75000 ]       27   0.000% 100.000% 
(   75000,  110000 ]        9   0.000% 100.000% 
(  110000,  170000 ]       17   0.000% 100.000% 
(  170000,  250000 ]       26   0.000% 100.000% 
(  250000,  380000 ]       42   0.000% 100.000% 
(  380000,  570000 ]        5   0.000% 100.000% 

seq# 8000000000, log# 4542, min log#4532, file# 601052
