./kv/release/tests/db/kv_bench --hugepage=true --db=/mnt/nvm/kv8B --num=8000000000 --value_size=100 --batch_size=1000 --benchmarks=fillrandom2,stats --logpath=/mnt/ssd --bloom_bits=10 --log=true --cache_size=8388608 --low_pool=3 --high_pool=3 --open_files=40000 --stats_interval=100000000 --histogram=true --compression=0 --write_buffer_size=2097152 --skiplistrep=false --log_dio=true --partition=100 --print_wa=true 
Bench num: 8000000000, range: -1
Keys:       16 bytes each
Values:     100 bytes each (50 bytes after compression)
Entries:    8000000000
RawSize:    885009.8 MB (estimated)
FileSize:   503540.0 MB (estimated)
WARNING: Snappy compression is not enabled
------------------------------------------------
Write buffer: 2048.00 KB. Compression: 0. 
Recover seq# 0, log# 0, min log#0, file# 1
using provided pivots
Log Recover time: 0.0000 s
seq# 0, log# 1, min log#0, file# 3
Write buffer: 2048.00 KB. Compression: 0. 
Recover seq# 0, log# 0, min log#0, file# 1
using provided pivots
Log Recover time: 0.0000 s
2019/09/13-20:44:11  ... thread 0: (100000000,100000000) ops and (947807.6,947807.6) ops/second in (105.506643,105.506643) seconds

                               Compactions
Level Time(sec) Read(MB) Write(MB)
--------------------------------------------------
  0     62.37     0.00  11278.71
  1     61.69 10472.85  10393.81
BucketCount: 100
WriteAmplification: 1.9215

2019/09/13-20:45:56  ... thread 0: (100000000,200000000) ops and (950612.1,949207.8) ops/second in (105.195376,210.702019) seconds

                               Compactions
Level Time(sec) Read(MB) Write(MB)
--------------------------------------------------
  0    141.82     0.00  22649.26
  1    132.18 21919.60  21753.88
  2     97.32 15822.25  15706.08
BucketCount: 100
WriteAmplification: 2.6539

2019/09/13-20:47:41  ... thread 0: (100000000,300000000) ops and (946941.2,948451.1) ops/second in (105.603180,316.305199) seconds

                               Compactions
Level Time(sec) Read(MB) Write(MB)
--------------------------------------------------
  0    219.34     0.00  34013.04
  1    201.79 33179.75  32929.26
  2    142.74 23325.06  23153.40
BucketCount: 100
WriteAmplification: 2.6489

2019/09/13-20:49:27  ... thread 0: (100000000,400000000) ops and (947091.5,948110.8) ops/second in (105.586415,421.891614) seconds

                               Compactions
Level Time(sec) Read(MB) Write(MB)
--------------------------------------------------
  0    303.44     0.00  45374.07
  1    272.06 44569.78  44233.01
  2    216.36 35697.89  35434.39
BucketCount: 100
WriteAmplification: 2.7558

2019/09/13-20:51:14  ... thread 0: (100000000,500000000) ops and (935161.3,945492.3) ops/second in (106.933422,528.825036) seconds

                               Compactions
Level Time(sec) Read(MB) Write(MB)
--------------------------------------------------
  0    389.70     0.00  56746.48
  1    342.91 55963.37  55540.65
  2    281.40 46332.62  45988.61
BucketCount: 100
WriteAmplification: 2.7892

2019/09/13-20:52:58  ... thread 0: (100000000,600000000) ops and (965540.2,948775.6) ops/second in (103.568965,632.394001) seconds

                               Compactions
Level Time(sec) Read(MB) Write(MB)
--------------------------------------------------
  0    479.70     0.00  68113.83
  1    413.30 67162.72  66655.57
  2    350.38 57968.86  57539.39
BucketCount: 100
WriteAmplification: 2.8233

2019/09/13-20:54:45  ... thread 0: (100000000,700000000) ops and (933494.8,946562.1) ops/second in (107.124319,739.518320) seconds

                               Compactions
Level Time(sec) Read(MB) Write(MB)
--------------------------------------------------
  0    564.00     0.00  79479.82
  1    484.30 78653.69  78059.66
  2    420.04 69624.49  69108.43
BucketCount: 100
WriteAmplification: 2.8516

2019/09/13-20:56:27  ... thread 0: (100000000,800000000) ops and (979405.4,950546.5) ops/second in (102.102769,841.621089) seconds

                               Compactions
Level Time(sec) Read(MB) Write(MB)
--------------------------------------------------
  0    646.35     0.00  90833.44
  1    555.54 90032.85  89352.93
  2    487.35 80855.93  80256.98
BucketCount: 100
WriteAmplification: 2.8673

2019/09/13-20:58:09  ... thread 0: (100000000,900000000) ops and (980476.6,953781.5) ops/second in (101.991214,943.612303) seconds

                               Compactions
Level Time(sec) Read(MB) Write(MB)
--------------------------------------------------
  0    723.50     0.00 102210.80
  1    625.81 101398.05 100632.60
  2    556.24 92493.83  91809.35
BucketCount: 100
WriteAmplification: 2.8828

2019/09/13-20:59:52  ... thread 0: (100000000,1000000000) ops and (966079.2,954997.2) ops/second in (103.511180,1047.123483) seconds

                               Compactions
Level Time(sec) Read(MB) Write(MB)
--------------------------------------------------
  0    805.33     0.00 113575.21
  1    695.86 112725.52 111872.88
  2    624.05 103825.78 103057.94
BucketCount: 100
WriteAmplification: 2.8924

2019/09/13-21:01:40  ... thread 0: (100000000,1100000000) ops and (930678.7,952734.0) ops/second in (107.448463,1154.571946) seconds

                               Compactions
Level Time(sec) Read(MB) Write(MB)
--------------------------------------------------
  0    890.54     0.00 124933.00
  1    766.76 124028.55 123090.50
  2    706.93 117411.79 116532.66
BucketCount: 121
WriteAmplification: 2.9180

2019/09/13-21:03:29  ... thread 0: (100000000,1200000000) ops and (919046.4,949832.7) ops/second in (108.808436,1263.380382) seconds

                               Compactions
Level Time(sec) Read(MB) Write(MB)
--------------------------------------------------
  0    981.41     0.00 136258.33
  1    837.41 135132.35 134110.93
  2    806.98 133620.48 132361.43
BucketCount: 149
WriteAmplification: 2.9556

2019/09/13-21:05:17  ... thread 0: (100000000,1300000000) ops and (918422.0,947340.4) ops/second in (108.882414,1372.262796) seconds

                               Compactions
Level Time(sec) Read(MB) Write(MB)
--------------------------------------------------
  0   1080.58     0.00 147581.05
  1    907.99 146046.60 144942.77
  2    916.80 151954.09 149463.56
BucketCount: 191
WriteAmplification: 2.9949

2019/09/13-21:07:08  ... thread 0: (100000000,1400000000) ops and (907397.3,944371.1) ops/second in (110.205312,1482.468108) seconds

                               Compactions
Level Time(sec) Read(MB) Write(MB)
--------------------------------------------------
  0   1173.65     0.00 158896.34
  1    979.27 157028.58 155842.34
  2   1022.86 169469.59 165384.44
BucketCount: 226
WriteAmplification: 3.0216

2019/09/13-21:09:00  ... thread 0: (100000000,1500000000) ops and (891478.3,940650.4) ops/second in (112.173235,1594.641343) seconds

                               Compactions
Level Time(sec) Read(MB) Write(MB)
--------------------------------------------------
  0   1268.41     0.00 170223.94
  1   1049.64 168047.87 166778.95
  2   1138.27 188934.88 182288.19
BucketCount: 275
WriteAmplification: 3.0506

2019/09/13-21:10:53  ... thread 0: (100000000,1600000000) ops and (879903.3,936609.0) ops/second in (113.648857,1708.290200) seconds

                               Compactions
Level Time(sec) Read(MB) Write(MB)
--------------------------------------------------
  0   1370.76     0.00 181505.61
  1   1122.03 178963.23 177612.79
  2   1269.77 211414.21 200494.98
BucketCount: 331
WriteAmplification: 3.0832

2019/09/13-21:12:45  ... thread 0: (100000000,1700000000) ops and (897020.1,934183.8) ops/second in (111.480219,1819.770419) seconds

                               Compactions
Level Time(sec) Read(MB) Write(MB)
--------------------------------------------------
  0   1464.79     0.00 192824.95
  1   1190.77 189524.82 188095.56
  2   1391.44 232084.05 216743.96
BucketCount: 366
WriteAmplification: 3.0995

2019/09/13-21:14:39  ... thread 0: (100000000,1800000000) ops and (879502.0,930968.1) ops/second in (113.700702,1933.471121) seconds

                               Compactions
Level Time(sec) Read(MB) Write(MB)
--------------------------------------------------
  0   1556.48     0.00 204100.16
  1   1263.04 200691.89 199179.16
  2   1493.64 250035.26 230095.97
BucketCount: 408
WriteAmplification: 3.1033

2019/09/13-21:16:37  ... thread 0: (100000000,1900000000) ops and (845429.2,926036.8) ops/second in (118.283112,2051.754233) seconds

                               Compactions
Level Time(sec) Read(MB) Write(MB)
--------------------------------------------------
  0   1644.40     0.00 215413.54
  1   1334.06 211838.56 210243.06
  2   1609.53 270054.15 244819.30
BucketCount: 457
WriteAmplification: 3.1125

2019/09/13-21:18:35  ... thread 0: (100000000,2000000000) ops and (848185.9,921806.4) ops/second in (117.898679,2169.652912) seconds

                               Compactions
Level Time(sec) Read(MB) Write(MB)
--------------------------------------------------
  0   1731.31     0.00 226713.28
  1   1402.45 222615.22 220939.75
  2   1716.15 289178.03 258063.00
BucketCount: 492
WriteAmplification: 3.1128

2019/09/13-21:20:32  ... thread 0: (100000000,2100000000) ops and (854843.6,918380.7) ops/second in (116.980463,2286.633375) seconds

                               Compactions
Level Time(sec) Read(MB) Write(MB)
--------------------------------------------------
  0   1824.00     0.00 237966.32
  1   1472.62 233363.36 231608.42
  2   1852.77 313018.24 273119.23
BucketCount: 555
WriteAmplification: 3.1210

2019/09/13-21:22:34  ... thread 0: (100000000,2200000000) ops and (820413.5,913422.8) ops/second in (121.889750,2408.523125) seconds

                               Compactions
Level Time(sec) Read(MB) Write(MB)
--------------------------------------------------
  0   1915.41     0.00 249233.28
  1   1544.98 244526.54 242689.32
  2   1985.73 338821.70 288213.22
BucketCount: 611
WriteAmplification: 3.1301

2019/09/13-21:24:34  ... thread 0: (100000000,2300000000) ops and (830588.5,909479.3) ops/second in (120.396562,2528.919687) seconds

                               Compactions
Level Time(sec) Read(MB) Write(MB)
--------------------------------------------------
  0   2008.50     0.00 260497.57
  1   1614.50 255226.19 253310.29
  2   2129.60 364590.91 303386.62
BucketCount: 660
WriteAmplification: 3.1371

2019/09/13-21:26:36  ... thread 0: (100000000,2400000000) ops and (820893.3,905408.2) ops/second in (121.818510,2650.738197) seconds

                               Compactions
Level Time(sec) Read(MB) Write(MB)
--------------------------------------------------
  0   2090.27     0.00 271761.22
  1   1683.87 266120.59 264124.36
  2   2215.99 380042.81 313009.99
BucketCount: 695
WriteAmplification: 3.1237

2019/09/13-21:28:40  ... thread 0: (100000000,2500000000) ops and (802418.5,900783.6) ops/second in (124.623248,2775.361445) seconds

                               Compactions
Level Time(sec) Read(MB) Write(MB)
--------------------------------------------------
  0   2173.13     0.00 283043.21
  1   1753.44 277113.17 275036.25
  2   2301.01 394901.47 322904.17
BucketCount: 716
WriteAmplification: 3.1125

2019/09/13-21:30:45  ... thread 0: (100000000,2600000000) ops and (802141.3,896543.1) ops/second in (124.666314,2900.027759) seconds

                               Compactions
Level Time(sec) Read(MB) Write(MB)
--------------------------------------------------
  0   2251.43     0.00 294325.73
  1   1823.61 288320.12 286160.78
  2   2383.62 409259.85 331747.32
BucketCount: 730
WriteAmplification: 3.0994

2019/09/13-21:32:51  ... thread 0: (100000000,2700000000) ops and (793283.0,892241.6) ops/second in (126.058417,3026.086176) seconds

                               Compactions
Level Time(sec) Read(MB) Write(MB)
--------------------------------------------------
  0   2337.74     0.00 305605.80
  1   1896.11 299444.36 297203.00
  2   2486.48 426795.31 342910.71
BucketCount: 758
WriteAmplification: 3.0946

2019/09/13-21:34:57  ... thread 0: (100000000,2800000000) ops and (794821.4,888352.9) ops/second in (125.814428,3151.900604) seconds

                               Compactions
Level Time(sec) Read(MB) Write(MB)
--------------------------------------------------
  0   2425.08     0.00 316883.56
  1   1968.83 310388.80 308067.01
  2   2600.44 446811.86 354314.01
BucketCount: 786
WriteAmplification: 3.0903

2019/09/13-21:37:06  ... thread 0: (100000000,2900000000) ops and (777057.0,883987.0) ops/second in (128.690696,3280.591300) seconds

                               Compactions
Level Time(sec) Read(MB) Write(MB)
--------------------------------------------------
  0   2507.06     0.00 328194.69
  1   2040.18 321494.31 319091.09
  2   2695.38 463010.99 364788.73
BucketCount: 793
WriteAmplification: 3.0838

2019/09/13-21:39:12  ... thread 0: (100000000,3000000000) ops and (794321.8,880673.2) ops/second in (125.893555,3406.484855) seconds

                               Compactions
Level Time(sec) Read(MB) Write(MB)
--------------------------------------------------
  0   2585.61     0.00 339450.46
  1   2110.27 332803.00 330316.36
  2   2751.06 472318.12 372662.52
BucketCount: 793
WriteAmplification: 3.0709

2019/09/13-21:41:20  ... thread 0: (100000000,3100000000) ops and (776749.9,876888.7) ops/second in (128.741568,3535.226423) seconds

                               Compactions
Level Time(sec) Read(MB) Write(MB)
--------------------------------------------------
  0   2666.61     0.00 350716.46
  1   2180.40 343988.17 341398.17
  2   2821.18 484314.57 381476.69
BucketCount: 800
WriteAmplification: 3.0611

2019/09/13-21:43:28  ... thread 0: (100000000,3200000000) ops and (786041.5,873733.0) ops/second in (127.219750,3662.446173) seconds

                               Compactions
Level Time(sec) Read(MB) Write(MB)
--------------------------------------------------
  0   2749.70     0.00 362037.88
  1   2252.76 355416.64 352730.54
  2   2889.94 495165.26 391359.99
BucketCount: 800
WriteAmplification: 3.0553

2019/09/13-21:45:38  ... thread 0: (100000000,3300000000) ops and (768269.8,870113.5) ops/second in (130.162602,3792.608775) seconds

                               Compactions
Level Time(sec) Read(MB) Write(MB)
--------------------------------------------------
  0   2832.93     0.00 373299.51
  1   2323.23 366505.95 363730.20
  2   2960.34 506127.74 401644.27
BucketCount: 800
WriteAmplification: 3.0503

2019/09/13-21:47:48  ... thread 0: (100000000,3400000000) ops and (769938.5,866796.5) ops/second in (129.880506,3922.489281) seconds

                               Compactions
Level Time(sec) Read(MB) Write(MB)
--------------------------------------------------
  0   2918.48     0.00 384604.56
  1   2398.10 378117.50 375248.68
  2   3040.18 518582.49 413267.94
BucketCount: 800
WriteAmplification: 3.0502

2019/09/13-21:49:56  ... thread 0: (100000000,3500000000) ops and (779822.1,864043.1) ops/second in (128.234374,4050.723655) seconds

                               Compactions
Level Time(sec) Read(MB) Write(MB)
--------------------------------------------------
  0   3001.43     0.00 395889.92
  1   2468.98 389181.42 386225.30
  2   3106.15 529141.09 423274.79
BucketCount: 800
WriteAmplification: 3.0448

2019/09/13-21:52:03  ... thread 0: (100000000,3600000000) ops and (783416.6,861580.1) ops/second in (127.646000,4178.369655) seconds

                               Compactions
Level Time(sec) Read(MB) Write(MB)
--------------------------------------------------
  0   3086.96     0.00 407182.25
  1   2539.14 400234.23 397190.84
  2   3186.47 541421.72 435114.62
BucketCount: 800
WriteAmplification: 3.0441

2019/09/13-21:54:09  ... thread 0: (100000000,3700000000) ops and (799922.5,859788.9) ops/second in (125.012106,4303.381761) seconds

                               Compactions
Level Time(sec) Read(MB) Write(MB)
--------------------------------------------------
  0   3182.27     0.00 418470.58
  1   2613.05 411354.70 408223.07
  2   3267.93 553336.87 446614.80
BucketCount: 800
WriteAmplification: 3.0428

2019/09/13-21:56:15  ... thread 0: (100000000,3800000000) ops and (789958.8,857793.5) ops/second in (126.588878,4429.970639) seconds

                               Compactions
Level Time(sec) Read(MB) Write(MB)
--------------------------------------------------
  0   3290.88     0.00 429757.25
  1   2696.63 422896.73 419674.04
  2   3352.09 564842.25 457769.91
BucketCount: 800
WriteAmplification: 3.0417

2019/09/13-21:58:21  ... thread 0: (100000000,3900000000) ops and (797059.7,856120.8) ops/second in (125.461119,4555.431758) seconds

                               Compactions
Level Time(sec) Read(MB) Write(MB)
--------------------------------------------------
  0   3395.45     0.00 441009.10
  1   2779.09 434286.62 430973.76
  2   3427.65 575320.12 467914.09
BucketCount: 800
WriteAmplification: 3.0383

2019/09/13-22:00:26  ... thread 0: (100000000,4000000000) ops and (794883.9,854475.1) ops/second in (125.804534,4681.236292) seconds

                               Compactions
Level Time(sec) Read(MB) Write(MB)
--------------------------------------------------
  0   3481.80     0.00 452338.55
  1   2853.36 445548.91 442148.04
  2   3496.47 585644.68 477931.33
BucketCount: 800
WriteAmplification: 3.0341

2019/09/13-22:02:35  ... thread 0: (100000000,4100000000) ops and (779957.0,852488.6) ops/second in (128.212190,4809.448482) seconds

                               Compactions
Level Time(sec) Read(MB) Write(MB)
--------------------------------------------------
  0   3573.55     0.00 463594.31
  1   2929.46 456971.20 453480.14
  2   3578.61 597887.74 489909.70
BucketCount: 800
WriteAmplification: 3.0349

2019/09/13-22:04:45  ... thread 0: (100000000,4200000000) ops and (767829.8,850256.5) ops/second in (130.237193,4939.685675) seconds

                               Compactions
Level Time(sec) Read(MB) Write(MB)
--------------------------------------------------
  0   3662.54     0.00 474881.01
  1   3004.07 468390.70 464803.49
  2   3658.21 610002.67 501590.25
BucketCount: 800
WriteAmplification: 3.0350

2019/09/13-22:06:47  ... thread 0: (100000000,4300000000) ops and (819802.5,849522.6) ops/second in (121.980599,5061.666274) seconds

                               Compactions
Level Time(sec) Read(MB) Write(MB)
--------------------------------------------------
  0   3747.70     0.00 486211.12
  1   3077.59 479734.51 476036.38
  2   3725.81 620150.23 511356.26
BucketCount: 800
WriteAmplification: 3.0308

2019/09/13-22:08:53  ... thread 0: (100000000,4400000000) ops and (793419.0,848159.6) ops/second in (126.036803,5187.703077) seconds

                               Compactions
Level Time(sec) Read(MB) Write(MB)
--------------------------------------------------
  0   3837.49     0.00 497482.99
  1   3151.20 490823.14 487008.72
  2   3794.72 630180.73 521083.52
BucketCount: 800
WriteAmplification: 3.0264

2019/09/13-22:10:59  ... thread 0: (100000000,4500000000) ops and (789563.8,846763.1) ops/second in (126.652205,5314.355282) seconds

                               Compactions
Level Time(sec) Read(MB) Write(MB)
--------------------------------------------------
  0   3924.62     0.00 508785.41
  1   3225.74 502085.52 498155.24
  2   3863.90 640623.87 530958.32
BucketCount: 800
WriteAmplification: 3.0227

2019/09/13-22:13:08  ... thread 0: (100000000,4600000000) ops and (779986.6,845190.1) ops/second in (128.207335,5442.562617) seconds

                               Compactions
Level Time(sec) Read(MB) Write(MB)
--------------------------------------------------
  0   4011.35     0.00 520069.10
  1   3301.44 513641.51 509581.91
  2   3940.05 652249.31 542020.43
BucketCount: 800
WriteAmplification: 3.0220

2019/09/13-22:15:15  ... thread 0: (100000000,4700000000) ops and (785823.8,843833.7) ops/second in (127.254992,5569.817609) seconds

                               Compactions
Level Time(sec) Read(MB) Write(MB)
--------------------------------------------------
  0   4106.37     0.00 531345.96
  1   3376.33 524796.46 520632.35
  2   4020.06 663956.40 553073.06
BucketCount: 800
WriteAmplification: 3.0207

2019/09/13-22:17:22  ... thread 0: (100000000,4800000000) ops and (787801.4,842585.2) ops/second in (126.935549,5696.753158) seconds

                               Compactions
Level Time(sec) Read(MB) Write(MB)
--------------------------------------------------
  0   4207.37     0.00 542666.70
  1   3454.77 535926.51 531646.27
  2   4100.27 675661.62 563263.13
BucketCount: 807
WriteAmplification: 3.0176

2019/09/13-22:19:29  ... thread 0: (100000000,4900000000) ops and (786495.1,841360.7) ops/second in (127.146381,5823.899539) seconds

                               Compactions
Level Time(sec) Read(MB) Write(MB)
--------------------------------------------------
  0   4320.16     0.00 553903.55
  1   3535.91 547181.15 542784.36
  2   4209.43 691494.77 576884.59
BucketCount: 821
WriteAmplification: 3.0214

2019/09/13-22:21:35  ... thread 0: (100000000,5000000000) ops and (794246.7,840363.7) ops/second in (125.905466,5949.805005) seconds

                               Compactions
Level Time(sec) Read(MB) Write(MB)
--------------------------------------------------
  0   4426.38     0.00 565181.90
  1   3615.17 558245.18 553717.13
  2   4301.14 704656.77 588134.91
BucketCount: 828
WriteAmplification: 3.0203

2019/09/13-22:23:40  ... thread 0: (100000000,5100000000) ops and (800398.0,839541.7) ops/second in (124.937839,6074.742844) seconds

                               Compactions
Level Time(sec) Read(MB) Write(MB)
--------------------------------------------------
  0   4529.73     0.00 576466.69
  1   3696.81 569558.92 564868.09
  2   4362.42 713187.75 595902.83
BucketCount: 828
WriteAmplification: 3.0136

2019/09/13-22:25:48  ... thread 0: (100000000,5200000000) ops and (780718.5,838327.0) ops/second in (128.087138,6202.829982) seconds

                               Compactions
Level Time(sec) Read(MB) Write(MB)
--------------------------------------------------
  0   4651.91     0.00 587742.75
  1   3782.96 580906.04 576069.51
  2   4455.27 725149.49 606548.72
BucketCount: 835
WriteAmplification: 3.0121

2019/09/13-22:27:55  ... thread 0: (100000000,5300000000) ops and (788643.8,837331.7) ops/second in (126.799965,6329.629947) seconds

                               Compactions
Level Time(sec) Read(MB) Write(MB)
--------------------------------------------------
  0   4797.58     0.00 599055.20
  1   3876.96 592081.05 587107.94
  2   4587.23 741748.62 619979.13
BucketCount: 856
WriteAmplification: 3.0150

2019/09/13-22:30:03  ... thread 0: (100000000,5400000000) ops and (781681.4,836229.3) ops/second in (127.929354,6457.559301) seconds

                               Compactions
Level Time(sec) Read(MB) Write(MB)
--------------------------------------------------
  0   4932.24     0.00 610312.26
  1   3969.27 603334.61 598246.41
  2   4689.81 754720.30 630143.75
BucketCount: 863
WriteAmplification: 3.0127

2019/09/13-22:32:08  ... thread 0: (100000000,5500000000) ops and (796543.0,835472.4) ops/second in (125.542505,6583.101806) seconds

                               Compactions
Level Time(sec) Read(MB) Write(MB)
--------------------------------------------------
  0   5097.91     0.00 621584.41
  1   4071.36 614532.64 609285.05
  2   4823.84 770571.85 642168.43
BucketCount: 884
WriteAmplification: 3.0133

2019/09/13-22:34:17  ... thread 0: (100000000,5600000000) ops and (778665.8,834385.4) ops/second in (128.424800,6711.526606) seconds

                               Compactions
Level Time(sec) Read(MB) Write(MB)
--------------------------------------------------
  0   5232.74     0.00 632846.74
  1   4159.08 625447.23 620093.69
  2   4936.60 784625.01 653379.15
BucketCount: 898
WriteAmplification: 3.0123

2019/09/13-22:36:22  ... thread 0: (100000000,5700000000) ops and (796039.7,833680.9) ops/second in (125.621880,6837.148486) seconds

                               Compactions
Level Time(sec) Read(MB) Write(MB)
--------------------------------------------------
  0   5377.81     0.00 644120.83
  1   4256.28 636648.45 631146.13
  2   5058.16 799526.67 664803.04
BucketCount: 919
WriteAmplification: 3.0120

2019/09/13-22:38:29  ... thread 0: (100000000,5800000000) ops and (787619.7,832841.1) ops/second in (126.964829,6964.113315) seconds

                               Compactions
Level Time(sec) Read(MB) Write(MB)
--------------------------------------------------
  0   5509.15     0.00 655390.79
  1   4343.98 647473.93 641837.60
  2   5169.71 814075.86 674358.99
BucketCount: 947
WriteAmplification: 3.0083

2019/09/13-22:40:41  ... thread 0: (100000000,5900000000) ops and (756416.9,831417.4) ops/second in (132.202224,7096.315539) seconds

                               Compactions
Level Time(sec) Read(MB) Write(MB)
--------------------------------------------------
  0   5645.92     0.00 666595.95
  1   4433.91 658316.81 652547.67
  2   5305.18 831466.67 686288.59
BucketCount: 975
WriteAmplification: 3.0085

2019/09/13-22:42:51  ... thread 0: (100000000,6000000000) ops and (773557.9,830382.2) ops/second in (129.272810,7225.588349) seconds

                               Compactions
Level Time(sec) Read(MB) Write(MB)
--------------------------------------------------
  0   5792.90     0.00 677890.35
  1   4530.03 669410.01 663516.93
  2   5434.71 847994.61 697870.75
BucketCount: 996
WriteAmplification: 3.0083

2019/09/13-22:44:58  ... thread 0: (100000000,6100000000) ops and (784499.9,829586.8) ops/second in (127.469745,7353.058094) seconds

                               Compactions
Level Time(sec) Read(MB) Write(MB)
--------------------------------------------------
  0   5960.20     0.00 689149.75
  1   4632.22 680593.99 674540.30
  2   5572.10 862917.97 709040.46
BucketCount: 1031
WriteAmplification: 3.0077

2019/09/13-22:47:09  ... thread 0: (100000000,6200000000) ops and (765926.0,828476.2) ops/second in (130.560924,7483.619018) seconds

                               Compactions
Level Time(sec) Read(MB) Write(MB)
--------------------------------------------------
  0   6134.56     0.00 700390.03
  1   4739.82 691968.48 685743.36
  2   5753.83 885772.04 721998.06
BucketCount: 1066
WriteAmplification: 3.0099

2019/09/13-22:49:18  ... thread 0: (100000000,6300000000) ops and (775735.1,827583.1) ops/second in (128.909981,7612.528999) seconds

                               Compactions
Level Time(sec) Read(MB) Write(MB)
--------------------------------------------------
  0   6258.81     0.00 711638.26
  1   4822.31 702281.89 695923.81
  2   5861.84 900994.19 731990.03
BucketCount: 1087
WriteAmplification: 3.0065

2019/09/13-22:51:31  ... thread 0: (100000000,6400000000) ops and (748782.6,826224.5) ops/second in (133.550119,7746.079118) seconds

                               Compactions
Level Time(sec) Read(MB) Write(MB)
--------------------------------------------------
  0   6412.32     0.00 722899.12
  1   4924.17 713583.93 707003.13
  2   6022.35 921942.56 744910.92
BucketCount: 1122
WriteAmplification: 3.0085

2019/09/13-22:53:45  ... thread 0: (100000000,6500000000) ops and (746111.8,824861.9) ops/second in (134.028165,7880.107283) seconds

                               Compactions
Level Time(sec) Read(MB) Write(MB)
--------------------------------------------------
  0   6533.14     0.00 734117.45
  1   5013.51 724659.02 717916.28
  2   6136.23 938593.24 755391.83
BucketCount: 1150
WriteAmplification: 3.0069

2019/09/13-22:55:59  ... thread 0: (100000000,6600000000) ops and (747846.2,823576.8) ops/second in (133.717335,8013.824618) seconds

                               Compactions
Level Time(sec) Read(MB) Write(MB)
--------------------------------------------------
  0   6662.28     0.00 745369.08
  1   5106.65 735917.14 729027.00
  2   6234.12 952507.32 763965.89
BucketCount: 1178
WriteAmplification: 3.0030

2019/09/13-22:58:14  ... thread 0: (100000000,6700000000) ops and (740788.8,822205.3) ops/second in (134.991248,8148.815866) seconds

                               Compactions
Level Time(sec) Read(MB) Write(MB)
--------------------------------------------------
  0   6818.21     0.00 756612.78
  1   5204.37 747085.37 740002.32
  2   6418.63 978406.56 777684.13
BucketCount: 1220
WriteAmplification: 3.0059

2019/09/13-23:00:28  ... thread 0: (100000000,6800000000) ops and (745740.1,820967.4) ops/second in (134.094981,8282.910847) seconds

                               Compactions
Level Time(sec) Read(MB) Write(MB)
--------------------------------------------------
  0   6924.49     0.00 767857.35
  1   5283.30 757677.65 750451.11
  2   6499.17 990741.85 784725.87
BucketCount: 1241
WriteAmplification: 2.9993

2019/09/13-23:02:39  ... thread 0: (100000000,6900000000) ops and (762562.8,820057.2) ops/second in (131.136744,8414.047591) seconds

                               Compactions
Level Time(sec) Read(MB) Write(MB)
--------------------------------------------------
  0   7054.05     0.00 779067.84
  1   5372.07 768548.24 761177.93
  2   6626.65 1009675.71 794553.15
BucketCount: 1283
WriteAmplification: 2.9969

2019/09/13-23:04:51  ... thread 0: (100000000,7000000000) ops and (755759.2,819061.7) ops/second in (132.317273,8546.364864) seconds

                               Compactions
Level Time(sec) Read(MB) Write(MB)
--------------------------------------------------
  0   7187.01     0.00 790365.24
  1   5465.84 779755.33 772241.32
  2   6735.84 1025866.97 803498.85
BucketCount: 1311
WriteAmplification: 2.9937

2019/09/13-23:07:03  ... thread 0: (100000000,7100000000) ops and (759127.9,818151.9) ops/second in (131.730103,8678.094967) seconds

                               Compactions
Level Time(sec) Read(MB) Write(MB)
--------------------------------------------------
  0   7322.19     0.00 801566.81
  1   5558.29 790583.34 782917.76
  2   6829.76 1038872.53 811236.82
BucketCount: 1346
WriteAmplification: 2.9888

2019/09/13-23:09:18  ... thread 0: (100000000,7200000000) ops and (742817.1,817001.1) ops/second in (134.622650,8812.717617) seconds

                               Compactions
Level Time(sec) Read(MB) Write(MB)
--------------------------------------------------
  0   7439.50     0.00 812787.64
  1   5648.53 801488.57 793687.92
  2   6942.73 1055392.24 820190.64
BucketCount: 1367
WriteAmplification: 2.9856

2019/09/13-23:11:31  ... thread 0: (100000000,7300000000) ops and (748899.6,815984.6) ops/second in (133.529239,8946.246856) seconds

                               Compactions
Level Time(sec) Read(MB) Write(MB)
--------------------------------------------------
  0   7579.87     0.00 824072.99
  1   5747.70 812437.00 804492.54
  2   7079.86 1075989.40 830314.64
BucketCount: 1402
WriteAmplification: 2.9838

2019/09/13-23:13:50  ... thread 0: (100000000,7400000000) ops and (723321.7,814574.5) ops/second in (138.251073,9084.497929) seconds

                               Compactions
Level Time(sec) Read(MB) Write(MB)
--------------------------------------------------
  0   7707.84     0.00 835265.91
  1   5842.59 823343.56 815246.46
  2   7203.44 1094525.15 840129.81
BucketCount: 1437
WriteAmplification: 2.9819

2019/09/13-23:16:09  ... thread 0: (100000000,7500000000) ops and (719558.7,813142.8) ops/second in (138.974072,9223.472001) seconds

                               Compactions
Level Time(sec) Read(MB) Write(MB)
--------------------------------------------------
  0   7845.55     0.00 846495.34
  1   5944.85 834790.97 826498.34
  2   7360.30 1119774.56 851083.82
BucketCount: 1500
WriteAmplification: 2.9818

2019/09/13-23:18:27  ... thread 0: (100000000,7600000000) ops and (720120.4,811763.1) ops/second in (138.865659,9362.337660) seconds

                               Compactions
Level Time(sec) Read(MB) Write(MB)
--------------------------------------------------
  0   7948.58     0.00 857758.40
  1   6026.16 845428.91 837002.98
  2   7435.32 1131560.87 858614.34
BucketCount: 1514
WriteAmplification: 2.9768

2019/09/13-23:20:45  ... thread 0: (100000000,7700000000) ops and (726909.1,810534.3) ops/second in (137.568790,9499.906450) seconds

                               Compactions
Level Time(sec) Read(MB) Write(MB)
--------------------------------------------------
  0   8062.78     0.00 868938.00
  1   6109.14 855991.30 847423.14
  2   7567.11 1153375.03 868334.53
BucketCount: 1549
WriteAmplification: 2.9745

2019/09/13-23:23:08  ... thread 0: (100000000,7800000000) ops and (698879.3,808877.5) ops/second in (143.086217,9642.992667) seconds

                               Compactions
Level Time(sec) Read(MB) Write(MB)
--------------------------------------------------
  0   8162.96     0.00 880191.37
  1   6191.52 867140.07 858392.88
  2   7635.61 1164745.61 875021.56
BucketCount: 1563
WriteAmplification: 2.9694

2019/09/13-23:25:26  ... thread 0: (100000000,7900000000) ops and (722678.4,807658.1) ops/second in (138.374131,9781.366798) seconds

                               Compactions
Level Time(sec) Read(MB) Write(MB)
--------------------------------------------------
  0   8272.44     0.00 891418.57
  1   6275.85 878099.73 869216.23
  2   7748.98 1183335.05 883056.62
BucketCount: 1598
WriteAmplification: 2.9657

2019/09/13-23:27:45  ... thread 0: (100000000,8000000000) ops and (722259.0,806466.1) ops/second in (138.454487,9919.821285) seconds

                               Compactions
Level Time(sec) Read(MB) Write(MB)
--------------------------------------------------
  0   8394.16     0.00 902626.29
  1   6368.99 889744.46 880688.98
  2   7874.60 1203992.26 892541.00
BucketCount: 1640
WriteAmplification: 2.9645

fillrandom2  :       1.240 micros/op 806465 ops/sec;   89.2 MB/s
Microseconds per op:
Count: 8000000000 Average: 1.2400  StdDev: 1.36
Min: 0  Median: 0.5006  Max: 622171
Percentiles: P50: 0.50 P75: 0.75 P99: 0.99 P99.9: 383.74 P99.99: 1247.20
------------------------------------------------------
[       0,       1 ] 7990999490  99.887%  99.887% ####################
(       1,       2 ]   491357   0.006%  99.894% 
(       2,       3 ]    52355   0.001%  99.894% 
(       3,       4 ]   116677   0.001%  99.896% 
(       4,       6 ]   220113   0.003%  99.898% 
(       6,      10 ]    83899   0.001%  99.900% 
(      10,      15 ]    22762   0.000%  99.900% 
(      15,      22 ]     4121   0.000%  99.900% 
(      22,      34 ]      730   0.000%  99.900% 
(      34,      51 ]      305   0.000%  99.900% 
(      51,      76 ]      151   0.000%  99.900% 
(      76,     110 ]      265   0.000%  99.900% 
(     110,     170 ]     2003   0.000%  99.900% 
(     170,     250 ]     2221   0.000%  99.900% 
(     250,     380 ]      294   0.000%  99.900% 
(     380,     580 ]   174388   0.002%  99.902% 
(     580,     870 ]  5270228   0.066%  99.968% 
(     870,    1300 ]  2004813   0.025%  99.993% 
(    1300,    1900 ]    36499   0.000%  99.994% 
(    1900,    2900 ]    39647   0.000%  99.994% 
(    2900,    4400 ]   313924   0.004%  99.998% 
(    4400,    6600 ]   141527   0.002% 100.000% 
(    6600,    9900 ]    12868   0.000% 100.000% 
(    9900,   14000 ]     1028   0.000% 100.000% 
(   14000,   22000 ]     2256   0.000% 100.000% 
(   22000,   33000 ]     5621   0.000% 100.000% 
(   33000,   50000 ]      320   0.000% 100.000% 
(   50000,   75000 ]       41   0.000% 100.000% 
(   75000,  110000 ]       24   0.000% 100.000% 
(  110000,  170000 ]       11   0.000% 100.000% 
(  170000,  250000 ]       22   0.000% 100.000% 
(  250000,  380000 ]       30   0.000% 100.000% 
(  380000,  570000 ]        9   0.000% 100.000% 
(  570000,  860000 ]        1   0.000% 100.000% 

