./kv/release/tests/db/kv_bench --writes=200000000 --rwdelay=5 --db=/mnt/nvm/kv1B --logpath=/mnt/ssd --threads=3 --open_files=20000 --range=1000000000 --num=1000000000 --reads=1000000 --bloom_bits=10 --low_pool=2 --high_pool=2 --stats_interval=1000000 --value_size=100 --benchmarks=readuniwhilewriting,stats --ycsb_ops_num=30000000 --use_existing_db=true --histogram=true --log=false --write_buffer_size=2097152 --skiplistrep=false --sleep=900 --print_wa=true 
Bench num: 1000000000, range: 1000000000
Keys:       16 bytes each
Values:     100 bytes each (50 bytes after compression)
Entries:    1000000000
RawSize:    110626.2 MB (estimated)
FileSize:   62942.5 MB (estimated)
WARNING: Snappy compression is not enabled
------------------------------------------------
Write buffer: 2048.00 KB. Compression: 0. 
Restore 100 pivots
pivot: 0000000010000000
pivot: 0000000020000000
pivot: 0000000030000000
pivot: 0000000040000000
pivot: 0000000050000000
pivot: 0000000060000000
pivot: 0000000070000000
pivot: 0000000080000000
pivot: 0000000090000000
pivot: 0000000100000000
pivot: 0000000110000000
pivot: 0000000120000000
pivot: 0000000130000000
pivot: 0000000140000000
pivot: 0000000150000000
pivot: 0000000160000000
pivot: 0000000170000000
pivot: 0000000180000000
pivot: 0000000190000000
pivot: 0000000200000000
pivot: 0000000210000000
pivot: 0000000220000000
pivot: 0000000230000000
pivot: 0000000240000000
pivot: 0000000250000000
pivot: 0000000260000000
pivot: 0000000270000000
pivot: 0000000280000000
pivot: 0000000290000000
pivot: 0000000300000000
pivot: 0000000310000000
pivot: 0000000320000000
pivot: 0000000330000000
pivot: 0000000340000000
pivot: 0000000350000000
pivot: 0000000360000000
pivot: 0000000370000000
pivot: 0000000380000000
pivot: 0000000390000000
pivot: 0000000400000000
pivot: 0000000410000000
pivot: 0000000420000000
pivot: 0000000430000000
pivot: 0000000440000000
pivot: 0000000450000000
pivot: 0000000460000000
pivot: 0000000470000000
pivot: 0000000480000000
pivot: 0000000490000000
pivot: 0000000500000000
pivot: 0000000510000000
pivot: 0000000520000000
pivot: 0000000530000000
pivot: 0000000540000000
pivot: 0000000550000000
pivot: 0000000560000000
pivot: 0000000570000000
pivot: 0000000580000000
pivot: 0000000590000000
pivot: 0000000600000000
pivot: 0000000610000000
pivot: 0000000620000000
pivot: 0000000630000000
pivot: 0000000640000000
pivot: 0000000650000000
pivot: 0000000660000000
pivot: 0000000670000000
pivot: 0000000680000000
pivot: 0000000690000000
pivot: 0000000700000000
pivot: 0000000710000000
pivot: 0000000720000000
pivot: 0000000730000000
pivot: 0000000740000000
pivot: 0000000750000000
pivot: 0000000760000000
pivot: 0000000770000000
pivot: 0000000780000000
pivot: 0000000790000000
pivot: 0000000800000000
pivot: 0000000810000000
pivot: 0000000820000000
pivot: 0000000830000000
pivot: 0000000840000000
pivot: 0000000850000000
pivot: 0000000860000000
pivot: 0000000870000000
pivot: 0000000880000000
pivot: 0000000890000000
pivot: 0000000900000000
pivot: 0000000910000000
pivot: 0000000920000000
pivot: 0000000930000000
pivot: 0000000940000000
pivot: 0000000950000000
pivot: 0000000960000000
pivot: 0000000970000000
pivot: 0000000980000000
pivot: 0000000990000000
pivot: 0000001000000000
Recover seq# 1010000000, log# 2, min log#0, file# 75116
using restored pivots
Log Recover time: 0.0000 s
2019/09/16-13:18:26  ... thread 2: (1000000,1000000) ops and (6640.8,6640.8) ops/second in (150.584571,150.584571) seconds
2019/09/16-13:18:28  ... thread 3: (1000000,1000000) ops and (6588.9,6588.9) ops/second in (151.769930,151.769930) seconds
2019/09/16-13:18:29  ... thread 1: (1000000,1000000) ops and (6538.6,6538.6) ops/second in (152.938216,152.938216) seconds
2019/09/16-13:19:59  ... thread 2: (1000000,2000000) ops and (10817.0,8229.4) ops/second in (92.446993,243.031564) seconds
2019/09/16-13:20:00  ... thread 3: (1000000,2000000) ops and (10874.9,8206.0) ops/second in (91.955174,243.725104) seconds
2019/09/16-13:20:01  ... thread 1: (1000000,2000000) ops and (10826.9,8153.2) ops/second in (92.362778,245.300994) seconds
2019/09/16-13:21:39  ... thread 2: (1000000,3000000) ops and (9956.8,8734.5) ops/second in (100.433712,343.465276) seconds
2019/09/16-13:21:40  ... thread 3: (1000000,3000000) ops and (9976.7,8722.0) ops/second in (100.233634,343.958738) seconds
2019/09/16-13:21:41  ... thread 1: (1000000,3000000) ops and (9963.3,8678.8) ops/second in (100.368694,345.669688) seconds
2019/09/16-13:23:14  ... thread 2: (1000000,4000000) ops and (10529.4,9123.3) ops/second in (94.972151,438.437427) seconds
2019/09/16-13:23:15  ... thread 3: (1000000,4000000) ops and (10544.9,9115.9) ops/second in (94.833007,438.791745) seconds
2019/09/16-13:23:16  ... thread 1: (1000000,4000000) ops and (10559.5,9083.3) ops/second in (94.701013,440.370701) seconds
2019/09/16-13:24:50  ... thread 2: (1000000,5000000) ops and (10393.9,9352.0) ops/second in (96.209881,534.647308) seconds
2019/09/16-13:24:51  ... thread 3: (1000000,5000000) ops and (10421.4,9350.2) ops/second in (95.956504,534.748249) seconds
2019/09/16-13:24:52  ... thread 1: (1000000,5000000) ops and (10389.5,9317.6) ops/second in (96.250820,536.621521) seconds
2019/09/16-13:26:27  ... thread 2: (1000000,6000000) ops and (10408.8,9512.9) ops/second in (96.072517,630.719825) seconds
2019/09/16-13:26:27  ... thread 3: (1000000,6000000) ops and (10398.3,9510.0) ops/second in (96.169174,630.917423) seconds
2019/09/16-13:26:29  ... thread 1: (1000000,6000000) ops and (10402.9,9482.4) ops/second in (96.127023,632.748544) seconds
2019/09/16-13:28:02  ... thread 2: (1000000,7000000) ops and (10503.1,9642.8) ops/second in (95.209928,725.929753) seconds
2019/09/16-13:28:02  ... thread 3: (1000000,7000000) ops and (10503.4,9640.2) ops/second in (95.207155,726.124578) seconds
2019/09/16-13:28:04  ... thread 1: (1000000,7000000) ops and (10484.7,9613.7) ops/second in (95.377506,728.126050) seconds
2019/09/16-13:29:37  ... thread 2: (1000000,8000000) ops and (10443.2,9736.1) ops/second in (95.756060,821.685813) seconds
2019/09/16-13:29:38  ... thread 3: (1000000,8000000) ops and (10457.0,9735.3) ops/second in (95.629500,821.754078) seconds
2019/09/16-13:29:40  ... thread 1: (1000000,8000000) ops and (10451.4,9711.0) ops/second in (95.681395,823.807445) seconds
2019/09/16-13:31:02  ... thread 0: (1000000,1000000) ops and (1103.8,1103.8) ops/second in (905.980689,905.980689) seconds

                               Compactions
Level Time(sec) Read(MB) Write(MB)
--------------------------------------------------
  0      0.00     0.00      0.00
  1      5.02   780.58    772.93
  2     59.23  9008.07   8883.11
BucketCount: 107
WriteAmplification: inf

2019/09/16-13:31:08  ... thread 0: (1000000,2000000) ops and (160296.2,2192.5) ops/second in (6.238452,912.219141) seconds

                               Compactions
Level Time(sec) Read(MB) Write(MB)
--------------------------------------------------
  0      1.04     0.00    163.49
  1      5.19   808.38    800.57
  2     61.28  9302.10   9170.03
BucketCount: 107
WriteAmplification: 61.9850

2019/09/16-13:31:14  ... thread 0: (1000000,3000000) ops and (168788.0,3267.5) ops/second in (5.924592,918.143733) seconds

                               Compactions
Level Time(sec) Read(MB) Write(MB)
--------------------------------------------------
  0      1.53     0.00    246.73
  1      5.30   827.32    819.40
  2     61.56  9352.39   9217.07
BucketCount: 107
WriteAmplification: 41.6785

2019/09/16-13:31:16  ... thread 3: (1000000,9000000) ops and (10162.9,9781.0) ops/second in (98.397169,920.151247) seconds
2019/09/16-13:31:16  ... thread 2: (1000000,9000000) ops and (10143.2,9779.7) ops/second in (98.587974,920.273787) seconds
2019/09/16-13:31:18  ... thread 1: (1000000,9000000) ops and (10173.8,9760.3) ops/second in (98.291484,922.098929) seconds
2019/09/16-13:31:20  ... thread 0: (1000000,4000000) ops and (164295.1,4327.9) ops/second in (6.086609,924.230342) seconds

                               Compactions
Level Time(sec) Read(MB) Write(MB)
--------------------------------------------------
  0      2.42     0.00    378.04
  1      5.78   898.91    890.55
  2     64.54  9816.81   9661.44
BucketCount: 107
WriteAmplification: 28.9124

2019/09/16-13:31:26  ... thread 0: (1000000,5000000) ops and (167762.7,5375.2) ops/second in (5.960802,930.191144) seconds

                               Compactions
Level Time(sec) Read(MB) Write(MB)
--------------------------------------------------
  0      3.17     0.00    476.88
  1      6.22   981.81    972.96
  2     68.01 10302.86  10127.46
BucketCount: 107
WriteAmplification: 24.2770

2019/09/16-13:31:32  ... thread 0: (1000000,6000000) ops and (166871.1,6409.0) ops/second in (5.992649,936.183793) seconds

                               Compactions
Level Time(sec) Read(MB) Write(MB)
--------------------------------------------------
  0      3.99     0.00    580.14
  1      7.44  1201.60   1191.44
  2     72.00 10924.62  10703.27
BucketCount: 107
WriteAmplification: 21.5033

2019/09/16-13:31:38  ... thread 0: (1000000,7000000) ops and (166136.9,7429.4) ops/second in (6.019134,942.202927) seconds

                               Compactions
Level Time(sec) Read(MB) Write(MB)
--------------------------------------------------
  0      4.66     0.00    703.57
  1      8.44  1403.16   1391.74
  2     72.00 10924.62  10703.27
BucketCount: 107
WriteAmplification: 18.1910

2019/09/16-13:31:44  ... thread 0: (1000000,8000000) ops and (167788.8,8437.4) ops/second in (5.959875,948.162802) seconds

                               Compactions
Level Time(sec) Read(MB) Write(MB)
--------------------------------------------------
  0      5.24     0.00    804.07
  1      8.71  1456.23   1444.47
  2     72.36 10993.15  10763.85
BucketCount: 107
WriteAmplification: 16.1832

2019/09/16-13:31:50  ... thread 0: (1000000,9000000) ops and (164786.6,9431.7) ops/second in (6.068454,954.231256) seconds

                               Compactions
Level Time(sec) Read(MB) Write(MB)
--------------------------------------------------
  0      6.03     0.00    932.30
  1      9.04  1518.34   1506.21
  2     72.36 10993.15  10763.85
BucketCount: 107
WriteAmplification: 14.1611

2019/09/16-13:31:56  ... thread 0: (1000000,10000000) ops and (164620.7,10413.3) ops/second in (6.074570,960.305826) seconds

                               Compactions
Level Time(sec) Read(MB) Write(MB)
--------------------------------------------------
  0      6.69     0.00   1034.67
  1      9.48  1606.94   1594.29
  2     73.01 11130.05  10868.98
BucketCount: 114
WriteAmplification: 13.0456

2019/09/16-13:32:02  ... thread 0: (1000000,11000000) ops and (163868.4,11382.4) ops/second in (6.102457,966.408283) seconds

                               Compactions
Level Time(sec) Read(MB) Write(MB)
--------------------------------------------------
  0      7.85     0.00   1159.55
  1     10.11  1733.33   1719.92
  2     73.41 11213.12  10931.44
BucketCount: 114
WriteAmplification: 11.9106

2019/09/16-13:32:08  ... thread 0: (1000000,12000000) ops and (165363.8,12339.9) ops/second in (6.047271,972.455554) seconds

                               Compactions
Level Time(sec) Read(MB) Write(MB)
--------------------------------------------------
  0      8.65     0.00   1272.17
  1     10.72  1860.05   1845.87
  2     81.73 12416.03  12097.56
BucketCount: 114
WriteAmplification: 11.9604

2019/09/16-13:32:14  ... thread 0: (1000000,13000000) ops and (165418.6,13285.6) ops/second in (6.045270,978.500824) seconds

                               Compactions
Level Time(sec) Read(MB) Write(MB)
--------------------------------------------------
  0      9.23     0.00   1365.72
  1     11.17  1950.69   1935.96
  2     82.40 12551.76  12201.70
BucketCount: 114
WriteAmplification: 11.3518

2019/09/16-13:32:20  ... thread 0: (1000000,14000000) ops and (165026.5,14219.5) ops/second in (6.059632,984.560456) seconds

                               Compactions
Level Time(sec) Read(MB) Write(MB)
--------------------------------------------------
  0      9.93     0.00   1483.59
  1     11.79  2076.34   2060.85
  2     82.73 12623.54  12253.11
BucketCount: 114
WriteAmplification: 10.6482

2019/09/16-13:32:26  ... thread 0: (1000000,15000000) ops and (164329.8,15141.6) ops/second in (6.085325,990.645781) seconds

                               Compactions
Level Time(sec) Read(MB) Write(MB)
--------------------------------------------------
  0     10.71     0.00   1605.08
  1     12.51  2219.69   2203.34
  2     83.30 12745.53  12342.59
BucketCount: 114
WriteAmplification: 10.0624

2019/09/16-13:32:33  ... thread 0: (1000000,16000000) ops and (164770.5,16052.7) ops/second in (6.069047,996.714828) seconds

                               Compactions
Level Time(sec) Read(MB) Write(MB)
--------------------------------------------------
  0     11.40     0.00   1717.49
  1     13.03  2323.45   2306.47
  2     83.43 12772.17  12359.71
BucketCount: 114
WriteAmplification: 9.5393

2019/09/16-13:32:39  ... thread 0: (1000000,17000000) ops and (166418.0,16953.8) ops/second in (6.008966,1002.723794) seconds

                               Compactions
Level Time(sec) Read(MB) Write(MB)
--------------------------------------------------
  0     12.00     0.00   1819.21
  1     13.41  2402.25   2384.81
  2     83.43 12772.17  12359.71
BucketCount: 114
WriteAmplification: 9.1049

2019/09/16-13:32:45  ... thread 0: (1000000,18000000) ops and (164900.3,17843.2) ops/second in (6.064269,1008.788063) seconds

                               Compactions
Level Time(sec) Read(MB) Write(MB)
--------------------------------------------------
  0     12.70     0.00   1938.07
  1     13.83  2486.98   2469.02
  2     83.43 12772.17  12359.71
BucketCount: 114
WriteAmplification: 8.6513

2019/09/16-13:32:51  ... thread 0: (1000000,19000000) ops and (165679.5,18722.5) ops/second in (6.035750,1014.823813) seconds

                               Compactions
Level Time(sec) Read(MB) Write(MB)
--------------------------------------------------
  0     13.30     0.00   2037.83
  1     14.48  2617.15   2598.40
  2     83.65 12816.64  12400.65
BucketCount: 114
WriteAmplification: 8.3603

2019/09/16-13:32:57  ... thread 0: (1000000,20000000) ops and (163794.3,19590.0) ops/second in (6.105220,1020.929033) seconds

                               Compactions
Level Time(sec) Read(MB) Write(MB)
--------------------------------------------------
  0     14.01     0.00   2155.59
  1     15.19  2763.11   2743.49
  2     84.94 13075.28  12624.35
BucketCount: 114
WriteAmplification: 8.1293

2019/09/16-13:33:03  ... thread 0: (1000000,21000000) ops and (164708.2,20447.9) ops/second in (6.071344,1027.000377) seconds

                               Compactions
Level Time(sec) Read(MB) Write(MB)
--------------------------------------------------
  0     14.85     0.00   2272.68
  1     15.74  2877.82   2857.51
  2     85.77 13234.16  12781.87
BucketCount: 121
WriteAmplification: 7.8815

2019/09/16-13:33:09  ... thread 0: (1000000,22000000) ops and (166383.6,21297.0) ops/second in (6.010206,1033.010583) seconds

                               Compactions
Level Time(sec) Read(MB) Write(MB)
--------------------------------------------------
  0     16.01     0.00   2395.48
  1     16.36  3003.56   2982.48
  2     94.68 14532.69  14029.74
BucketCount: 121
WriteAmplification: 8.1018

2019/09/16-13:33:15  ... thread 0: (1000000,23000000) ops and (166953.6,22136.7) ops/second in (5.989689,1039.000272) seconds

                               Compactions
Level Time(sec) Read(MB) Write(MB)
--------------------------------------------------
  0     16.89     0.00   2499.04
  1     16.63  3058.04   3036.64
  2     96.25 14829.88  14319.02
BucketCount: 135
WriteAmplification: 7.9449

2019/09/16-13:33:17  ... thread 3: (1000000,10000000) ops and (8292.3,9608.5) ops/second in (120.594369,1040.745616) seconds
2019/09/16-13:33:17  ... thread 2: (1000000,10000000) ops and (8275.1,9605.1) ops/second in (120.844644,1041.118431) seconds
2019/09/16-13:33:19  ... thread 1: (1000000,10000000) ops and (8227.9,9581.9) ops/second in (121.537624,1043.636553) seconds
2019/09/16-13:33:21  ... thread 0: (1000000,24000000) ops and (166904.1,22966.7) ops/second in (5.991466,1044.991738) seconds

                               Compactions
Level Time(sec) Read(MB) Write(MB)
--------------------------------------------------
  0     17.77     0.00   2610.62
  1     17.15  3153.20   3131.22
  2    105.11 16157.91  15599.20
BucketCount: 135
WriteAmplification: 8.1747

2019/09/16-13:33:27  ... thread 0: (1000000,25000000) ops and (165987.0,23786.5) ops/second in (6.024570,1051.016308) seconds

                               Compactions
Level Time(sec) Read(MB) Write(MB)
--------------------------------------------------
  0     18.76     0.00   2728.91
  1     17.70  3259.68   3237.05
  2    113.76 17461.00  16862.53
BucketCount: 135
WriteAmplification: 8.3654

2019/09/16-13:33:33  ... thread 0: (1000000,26000000) ops and (166418.6,24597.3) ops/second in (6.008945,1057.025253) seconds

                               Compactions
Level Time(sec) Read(MB) Write(MB)
--------------------------------------------------
  0     19.30     0.00   2819.90
  1     18.43  3412.33   3388.77
  2    114.55 17623.21  17021.46
BucketCount: 135
WriteAmplification: 8.2379

2019/09/16-13:33:39  ... thread 0: (1000000,27000000) ops and (162485.8,25395.5) ops/second in (6.154383,1063.179636) seconds

                               Compactions
Level Time(sec) Read(MB) Write(MB)
--------------------------------------------------
  0     20.09     0.00   2941.92
  1     18.98  3515.51   3491.32
  2    115.76 17853.67  17249.66
BucketCount: 135
WriteAmplification: 8.0501

2019/09/16-13:33:45  ... thread 0: (1000000,28000000) ops and (161451.6,26183.6) ops/second in (6.193807,1069.373443) seconds

                               Compactions
Level Time(sec) Read(MB) Write(MB)
--------------------------------------------------
  0     20.82     0.00   3051.17
  1     19.61  3639.48   3614.54
  2    116.73 18031.34  17425.56
BucketCount: 135
WriteAmplification: 7.8957

2019/09/16-13:33:51  ... thread 0: (1000000,29000000) ops and (162882.1,26963.9) ops/second in (6.139411,1075.512854) seconds

                               Compactions
Level Time(sec) Read(MB) Write(MB)
--------------------------------------------------
  0     21.49     0.00   3156.44
  1     20.16  3750.07   3724.46
  2    117.54 18188.62  17581.23
BucketCount: 135
WriteAmplification: 7.7499

2019/09/16-13:33:57  ... thread 0: (1000000,30000000) ops and (162675.7,27735.1) ops/second in (6.147200,1081.660054) seconds

                               Compactions
Level Time(sec) Read(MB) Write(MB)
--------------------------------------------------
  0     22.16     0.00   3263.85
  1     20.50  3820.55   3794.50
  2    117.54 18188.62  17581.23
BucketCount: 135
WriteAmplification: 7.5492

2019/09/16-13:34:04  ... thread 0: (1000000,31000000) ops and (162667.7,28497.7) ops/second in (6.147502,1087.807556) seconds

                               Compactions
Level Time(sec) Read(MB) Write(MB)
--------------------------------------------------
  0     22.84     0.00   3373.65
  1     21.03  3927.46   3900.77
  2    117.80 18241.87  17633.99
BucketCount: 135
WriteAmplification: 7.3832

2019/09/16-13:34:10  ... thread 0: (1000000,32000000) ops and (163197.7,29252.2) ops/second in (6.127538,1093.935094) seconds

                               Compactions
Level Time(sec) Read(MB) Write(MB)
--------------------------------------------------
  0     23.55     0.00   3485.58
  1     21.55  4029.75   4002.44
  2    118.64 18407.21  17797.73
BucketCount: 135
WriteAmplification: 7.2544

2019/09/16-13:34:16  ... thread 0: (1000000,33000000) ops and (162697.4,29997.8) ops/second in (6.146378,1100.081472) seconds

                               Compactions
Level Time(sec) Read(MB) Write(MB)
--------------------------------------------------
  0     24.30     0.00   3610.38
  1     22.37  4194.57   4166.27
  2    119.20 18517.79  17907.25
BucketCount: 135
WriteAmplification: 7.1139

2019/09/16-13:34:22  ... thread 0: (1000000,34000000) ops and (163017.8,30735.4) ops/second in (6.134298,1106.215770) seconds

                               Compactions
Level Time(sec) Read(MB) Write(MB)
--------------------------------------------------
  0     25.04     0.00   3732.47
  1     22.76  4274.31   4245.53
  2    119.58 18593.80  17982.56
BucketCount: 135
WriteAmplification: 6.9553

2019/09/16-13:34:28  ... thread 0: (1000000,35000000) ops and (163166.5,31465.1) ops/second in (6.128709,1112.344479) seconds

                               Compactions
Level Time(sec) Read(MB) Write(MB)
--------------------------------------------------
  0     25.75     0.00   3852.51
  1     23.21  4363.77   4334.45
  2    119.58 18593.80  17982.56
BucketCount: 135
WriteAmplification: 6.7929

2019/09/16-13:34:34  ... thread 0: (1000000,36000000) ops and (164385.4,32188.0) ops/second in (6.083266,1118.427745) seconds

                               Compactions
Level Time(sec) Read(MB) Write(MB)
--------------------------------------------------
  0     26.40     0.00   3962.84
  1     23.81  4488.68   4458.59
  2    119.83 18643.48  18031.80
BucketCount: 135
WriteAmplification: 6.6753

2019/09/16-13:34:40  ... thread 0: (1000000,37000000) ops and (163840.8,32902.6) ops/second in (6.103486,1124.531231) seconds

                               Compactions
Level Time(sec) Read(MB) Write(MB)
--------------------------------------------------
  0     27.03     0.00   4069.75
  1     24.19  4565.96   4535.40
  2    119.94 18666.45  18054.58
BucketCount: 135
WriteAmplification: 6.5507

2019/09/16-13:34:46  ... thread 0: (1000000,38000000) ops and (164026.2,33609.6) ops/second in (6.096588,1130.627819) seconds

                               Compactions
Level Time(sec) Read(MB) Write(MB)
--------------------------------------------------
  0     27.70     0.00   4185.57
  1     24.81  4693.23   4661.89
  2    119.94 18666.45  18054.58
BucketCount: 135
WriteAmplification: 6.4273

2019/09/16-13:34:52  ... thread 0: (1000000,39000000) ops and (165800.1,34311.1) ops/second in (6.031360,1136.659179) seconds

                               Compactions
Level Time(sec) Read(MB) Write(MB)
--------------------------------------------------
  0     28.51     0.00   4282.66
  1     25.42  4817.28   4785.20
  2    121.01 18876.07  18262.35
BucketCount: 149
WriteAmplification: 6.3816

2019/09/16-13:34:58  ... thread 0: (1000000,40000000) ops and (166810.7,35006.2) ops/second in (5.994821,1142.654000) seconds

                               Compactions
Level Time(sec) Read(MB) Write(MB)
--------------------------------------------------
  0     29.76     0.00   4397.05
  1     25.88  4906.93   4874.29
  2    129.55 20104.49  19443.46
BucketCount: 149
WriteAmplification: 6.5305

2019/09/16-13:35:04  ... thread 0: (1000000,41000000) ops and (165567.7,35692.7) ops/second in (6.039826,1148.693826) seconds

                               Compactions
Level Time(sec) Read(MB) Write(MB)
--------------------------------------------------
  0     30.82     0.00   4513.20
  1     26.38  5004.15   4970.93
  2    138.01 21334.24  20619.21
BucketCount: 156
WriteAmplification: 6.6701

2019/09/16-13:35:10  ... thread 0: (1000000,42000000) ops and (169083.3,36376.0) ops/second in (5.914243,1154.608069) seconds

                               Compactions
Level Time(sec) Read(MB) Write(MB)
--------------------------------------------------
  0     31.70     0.00   4605.56
  1     26.85  5103.08   5069.26
  2    138.58 21449.35  20733.32
BucketCount: 156
WriteAmplification: 6.6025

2019/09/16-13:35:16  ... thread 0: (1000000,43000000) ops and (165147.1,37047.8) ops/second in (6.055207,1160.663276) seconds

                               Compactions
Level Time(sec) Read(MB) Write(MB)
--------------------------------------------------
  0     32.75     0.00   4722.57
  1     27.46  5228.83   5194.25
  2    147.39 22770.67  21996.69
BucketCount: 163
WriteAmplification: 6.7577

2019/09/16-13:35:23  ... thread 0: (1000000,44000000) ops and (163347.1,37710.5) ops/second in (6.121934,1166.785210) seconds

                               Compactions
Level Time(sec) Read(MB) Write(MB)
--------------------------------------------------
  0     34.00     0.00   4839.32
  1     28.21  5345.71   5310.31
  2    148.15 22911.03  22135.84
BucketCount: 177
WriteAmplification: 6.6715

2019/09/16-13:35:26  ... thread 3: (1000000,11000000) ops and (7747.1,9403.1) ops/second in (129.081180,1169.826796) seconds
2019/09/16-13:35:27  ... thread 2: (1000000,11000000) ops and (7695.1,9393.1) ops/second in (129.952456,1171.070887) seconds
2019/09/16-13:35:28  ... thread 1: (1000000,11000000) ops and (7750.6,9380.4) ops/second in (129.022153,1172.658706) seconds
2019/09/16-13:35:29  ... thread 0: (1000000,45000000) ops and (166260.5,38369.7) ops/second in (6.014656,1172.799866) seconds

                               Compactions
Level Time(sec) Read(MB) Write(MB)
--------------------------------------------------
  0     34.92     0.00   4946.32
  1     28.85  5448.47   5412.37
  2    156.99 24201.51  23373.02
BucketCount: 184
WriteAmplification: 6.8196

2019/09/16-13:35:35  ... thread 0: (1000000,46000000) ops and (165681.9,39021.6) ops/second in (6.035662,1178.835528) seconds

                               Compactions
Level Time(sec) Read(MB) Write(MB)
--------------------------------------------------
  0     35.90     0.00   5063.07
  1     29.39  5556.06   5519.24
  2    166.03 25445.95  24554.59
BucketCount: 184
WriteAmplification: 6.9398

2019/09/16-13:35:41  ... thread 0: (1000000,47000000) ops and (167843.3,39669.4) ops/second in (5.957939,1184.793467) seconds

                               Compactions
Level Time(sec) Read(MB) Write(MB)
--------------------------------------------------
  0     36.72     0.00   5147.77
  1     30.01  5665.94   5628.47
  2    166.17 25471.72  24580.12
BucketCount: 184
WriteAmplification: 6.8683

2019/09/16-13:35:47  ... thread 0: (1000000,48000000) ops and (169017.4,40312.1) ops/second in (5.916550,1190.710017) seconds

                               Compactions
Level Time(sec) Read(MB) Write(MB)
--------------------------------------------------
  0     37.64     0.00   5262.32
  1     30.49  5754.73   5716.73
  2    175.02 26804.50  25849.78
BucketCount: 184
WriteAmplification: 6.9986

2019/09/16-13:35:52  ... thread 0: (1000000,49000000) ops and (167892.9,40947.1) ops/second in (5.956178,1196.666195) seconds

                               Compactions
Level Time(sec) Read(MB) Write(MB)
--------------------------------------------------
  0     38.36     0.00   5381.58
  1     31.03  5864.95   5826.20
  2    183.60 28022.51  27010.12
BucketCount: 184
WriteAmplification: 7.1016

2019/09/16-13:35:58  ... thread 0: (1000000,50000000) ops and (167738.0,41575.6) ops/second in (5.961678,1202.627873) seconds

                               Compactions
Level Time(sec) Read(MB) Write(MB)
--------------------------------------------------
  0     38.96     0.00   5487.23
  1     31.51  5962.95   5923.55
  2    184.16 28132.42  27118.97
BucketCount: 184
WriteAmplification: 7.0217

2019/09/16-13:36:04  ... thread 0: (1000000,51000000) ops and (166998.9,42197.0) ops/second in (5.988062,1208.615935) seconds

                               Compactions
Level Time(sec) Read(MB) Write(MB)
--------------------------------------------------
  0     39.59     0.00   5586.91
  1     31.95  6049.08   6009.07
  2    184.91 28273.85  27259.03
BucketCount: 184
WriteAmplification: 6.9547

2019/09/16-13:36:11  ... thread 0: (1000000,52000000) ops and (163798.4,42808.2) ops/second in (6.105066,1214.721001) seconds

                               Compactions
Level Time(sec) Read(MB) Write(MB)
--------------------------------------------------
  0     40.30     0.00   5699.56
  1     32.54  6165.68   6124.82
  2    185.63 28410.05  27393.93
BucketCount: 191
WriteAmplification: 6.8809

2019/09/16-13:36:17  ... thread 0: (1000000,53000000) ops and (162862.3,43412.0) ops/second in (6.140155,1220.861156) seconds

                               Compactions
Level Time(sec) Read(MB) Write(MB)
--------------------------------------------------
  0     41.67     0.00   5808.77
  1     33.30  6305.97   6264.27
  2    186.52 28542.94  27525.57
BucketCount: 191
WriteAmplification: 6.8170

2019/09/16-13:36:23  ... thread 0: (1000000,54000000) ops and (161432.2,44007.8) ops/second in (6.194551,1227.055707) seconds

                               Compactions
Level Time(sec) Read(MB) Write(MB)
--------------------------------------------------
  0     42.68     0.00   5938.10
  1     33.83  6411.47   6369.01
  2    195.67 29867.18  28776.53
BucketCount: 191
WriteAmplification: 6.9186

2019/09/16-13:36:29  ... thread 0: (1000000,55000000) ops and (162979.3,44599.7) ops/second in (6.135747,1233.191454) seconds

                               Compactions
Level Time(sec) Read(MB) Write(MB)
--------------------------------------------------
  0     43.89     0.00   6057.64
  1     34.17  6476.45   6433.60
  2    195.99 29927.83  28836.57
BucketCount: 198
WriteAmplification: 6.8224

2019/09/16-13:36:35  ... thread 0: (1000000,56000000) ops and (165951.1,45189.8) ops/second in (6.025873,1239.217327) seconds

                               Compactions
Level Time(sec) Read(MB) Write(MB)
--------------------------------------------------
  0     45.00     0.00   6168.21
  1     34.67  6553.45   6510.13
  2    205.08 31203.05  30035.71
BucketCount: 205
WriteAmplification: 6.9249

2019/09/16-13:36:41  ... thread 0: (1000000,57000000) ops and (162503.6,45769.5) ops/second in (6.153708,1245.371035) seconds

                               Compactions
Level Time(sec) Read(MB) Write(MB)
--------------------------------------------------
  0     45.97     0.00   6284.90
  1     35.75  6732.34   6687.75
  2    206.69 31455.99  30286.19
BucketCount: 205
WriteAmplification: 6.8830

2019/09/16-13:36:47  ... thread 0: (1000000,58000000) ops and (164742.8,46346.6) ops/second in (6.070068,1251.441103) seconds

                               Compactions
Level Time(sec) Read(MB) Write(MB)
--------------------------------------------------
  0     46.61     0.00   6393.83
  1     36.14  6817.72   6772.55
  2    215.98 32826.81  31581.01
BucketCount: 205
WriteAmplification: 6.9985

2019/09/16-13:36:53  ... thread 0: (1000000,59000000) ops and (164465.9,46917.7) ops/second in (6.080289,1257.521392) seconds

                               Compactions
Level Time(sec) Read(MB) Write(MB)
--------------------------------------------------
  0     47.34     0.00   6494.77
  1     36.70  6926.39   6880.55
  2    216.53 32934.96  31688.13
BucketCount: 212
WriteAmplification: 6.9384

2019/09/16-13:36:59  ... thread 0: (1000000,60000000) ops and (165562.8,47484.8) ops/second in (6.040005,1263.561397) seconds

                               Compactions
Level Time(sec) Read(MB) Write(MB)
--------------------------------------------------
  0     48.49     0.00   6597.46
  1     37.21  7027.24   6980.74
  2    217.19 33046.91  31799.00
BucketCount: 226
WriteAmplification: 6.8780

2019/09/16-13:37:05  ... thread 0: (1000000,61000000) ops and (165551.5,48046.6) ops/second in (6.040415,1269.601812) seconds

                               Compactions
Level Time(sec) Read(MB) Write(MB)
--------------------------------------------------
  0     49.35     0.00   6698.51
  1     37.46  7079.10   7032.21
  2    225.90 34257.24  32929.44
BucketCount: 233
WriteAmplification: 6.9657

2019/09/16-13:37:12  ... thread 0: (1000000,62000000) ops and (163703.6,48600.4) ops/second in (6.108602,1275.710414) seconds

                               Compactions
Level Time(sec) Read(MB) Write(MB)
--------------------------------------------------
  0     50.38     0.00   6809.23
  1     38.12  7206.22   7158.53
  2    234.78 35559.10  34150.74
BucketCount: 240
WriteAmplification: 7.0667

2019/09/16-13:37:18  ... thread 0: (1000000,63000000) ops and (162345.2,49146.9) ops/second in (6.159713,1281.870127) seconds

                               Compactions
Level Time(sec) Read(MB) Write(MB)
--------------------------------------------------
  0     51.59     0.00   6919.79
  1     39.06  7332.96   7284.37
  2    243.08 36808.07  35326.96
BucketCount: 240
WriteAmplification: 7.1579

2019/09/16-13:37:24  ... thread 0: (1000000,64000000) ops and (163353.7,49689.8) ops/second in (6.121685,1287.991812) seconds

                               Compactions
Level Time(sec) Read(MB) Write(MB)
--------------------------------------------------
  0     52.49     0.00   7014.41
  1     39.56  7411.04   7361.91
  2    243.20 36831.72  35350.39
BucketCount: 240
WriteAmplification: 7.0892

2019/09/16-13:37:30  ... thread 0: (1000000,65000000) ops and (164586.6,50229.2) ops/second in (6.075827,1294.067639) seconds

                               Compactions
Level Time(sec) Read(MB) Write(MB)
--------------------------------------------------
  0     53.47     0.00   7119.24
  1     39.93  7483.51   7433.94
  2    251.54 38087.74  36528.95
BucketCount: 240
WriteAmplification: 7.1752

2019/09/16-13:37:36  ... thread 0: (1000000,66000000) ops and (163605.9,50762.2) ops/second in (6.112250,1300.179889) seconds

                               Compactions
Level Time(sec) Read(MB) Write(MB)
--------------------------------------------------
  0     54.53     0.00   7242.64
  1     40.59  7612.13   7561.46
  2    260.89 39430.79  37790.95
BucketCount: 240
WriteAmplification: 7.2619

2019/09/16-13:37:42  ... thread 0: (1000000,67000000) ops and (165182.3,51292.5) ops/second in (6.053917,1306.233806) seconds

                               Compactions
Level Time(sec) Read(MB) Write(MB)
--------------------------------------------------
  0     55.17     0.00   7348.70
  1     41.34  7756.65   7704.99
  2    260.89 39430.79  37790.95
BucketCount: 240
WriteAmplification: 7.1910

2019/09/16-13:37:48  ... thread 0: (1000000,68000000) ops and (164354.9,51816.7) ops/second in (6.084393,1312.318199) seconds

                               Compactions
Level Time(sec) Read(MB) Write(MB)
--------------------------------------------------
  0     56.16     0.00   7475.65
  1     41.73  7834.57   7782.39
  2    261.02 39455.88  37815.82
BucketCount: 247
WriteAmplification: 7.0996

2019/09/16-13:37:54  ... thread 0: (1000000,69000000) ops and (167567.2,52340.7) ops/second in (5.967756,1318.285955) seconds

                               Compactions
Level Time(sec) Read(MB) Write(MB)
--------------------------------------------------
  0     57.07     0.00   7574.88
  1     42.12  7909.97   7857.04
  2    269.91 40679.72  38950.27
BucketCount: 247
WriteAmplification: 7.1793

2019/09/16-13:37:57  ... thread 3: (1000000,12000000) ops and (6610.0,9083.3) ops/second in (151.285558,1321.112354) seconds
2019/09/16-13:37:58  ... thread 2: (1000000,12000000) ops and (6617.8,9075.9) ops/second in (151.106641,1322.177528) seconds
2019/09/16-13:38:00  ... thread 1: (1000000,12000000) ops and (6611.7,9064.1) ops/second in (151.245940,1323.904646) seconds
2019/09/16-13:38:00  ... thread 0: (1000000,70000000) ops and (165536.6,52857.0) ops/second in (6.040960,1324.326915) seconds

                               Compactions
Level Time(sec) Read(MB) Write(MB)
--------------------------------------------------
  0     57.89     0.00   7689.35
  1     42.60  8007.25   7953.73
  2    270.30 40761.64  39031.41
BucketCount: 254
WriteAmplification: 7.1104

2019/09/16-13:38:06  ... thread 0: (1000000,71000000) ops and (163276.8,53365.3) ops/second in (6.124567,1330.451482) seconds

                               Compactions
Level Time(sec) Read(MB) Write(MB)
--------------------------------------------------
  0     59.05     0.00   7812.87
  1     43.30  8125.68   8071.27
  2    279.33 42060.56  40247.97
BucketCount: 254
WriteAmplification: 7.1846

2019/09/16-13:38:13  ... thread 0: (1000000,72000000) ops and (159745.0,53863.5) ops/second in (6.259978,1336.711460) seconds

                               Compactions
Level Time(sec) Read(MB) Write(MB)
--------------------------------------------------
  0     59.67     0.00   7917.56
  1     43.90  8244.41   8189.12
  2    279.84 42166.94  40353.35
BucketCount: 254
WriteAmplification: 7.1310

2019/09/16-13:38:19  ... thread 0: (1000000,73000000) ops and (158180.4,54354.6) ops/second in (6.321896,1343.033356) seconds

                               Compactions
Level Time(sec) Read(MB) Write(MB)
--------------------------------------------------
  0     60.53     0.00   8038.60
  1     44.54  8369.90   8313.77
  2    280.83 42320.21  40505.24
BucketCount: 268
WriteAmplification: 7.0731

2019/09/16-13:38:25  ... thread 0: (1000000,74000000) ops and (162450.1,54847.8) ops/second in (6.155736,1349.189092) seconds

                               Compactions
Level Time(sec) Read(MB) Write(MB)
--------------------------------------------------
  0     61.36     0.00   8150.91
  1     44.85  8430.94   8374.35
  2    290.31 43627.69  41719.86
BucketCount: 275
WriteAmplification: 7.1458

2019/09/16-13:38:31  ... thread 0: (1000000,75000000) ops and (160497.0,55333.4) ops/second in (6.230646,1355.419738) seconds

                               Compactions
Level Time(sec) Read(MB) Write(MB)
--------------------------------------------------
  0     62.46     0.00   8258.04
  1     45.19  8492.38   8435.32
  2    290.31 43627.69  41719.86
BucketCount: 275
WriteAmplification: 7.0735

2019/09/16-13:38:37  ... thread 0: (1000000,76000000) ops and (162392.7,55817.6) ops/second in (6.157913,1361.577651) seconds

                               Compactions
Level Time(sec) Read(MB) Write(MB)
--------------------------------------------------
  0     63.47     0.00   8349.04
  1     45.66  8575.03   8517.36
  2    298.73 44901.05  42907.67
BucketCount: 282
WriteAmplification: 7.1594

2019/09/16-13:38:44  ... thread 0: (1000000,77000000) ops and (160764.4,56294.9) ops/second in (6.220282,1367.797933) seconds

                               Compactions
Level Time(sec) Read(MB) Write(MB)
--------------------------------------------------
  0     64.38     0.00   8450.78
  1     46.39  8717.99   8659.47
  2    307.36 46203.32  44115.81
BucketCount: 296
WriteAmplification: 7.2450

2019/09/16-13:38:50  ... thread 0: (1000000,78000000) ops and (159774.4,56766.2) ops/second in (6.258825,1374.056758) seconds

                               Compactions
Level Time(sec) Read(MB) Write(MB)
--------------------------------------------------
  0     65.36     0.00   8554.57
  1     46.93  8801.64   8742.60
  2    317.00 47561.48  45385.05
BucketCount: 303
WriteAmplification: 7.3273

2019/09/16-13:38:56  ... thread 0: (1000000,79000000) ops and (163672.6,57239.5) ops/second in (6.109759,1380.166517) seconds

                               Compactions
Level Time(sec) Read(MB) Write(MB)
--------------------------------------------------
  0     66.10     0.00   8651.46
  1     47.36  8865.34   8805.92
  2    317.87 47705.87  45528.02
BucketCount: 303
WriteAmplification: 7.2803

2019/09/16-13:39:02  ... thread 0: (1000000,80000000) ops and (162041.2,57706.0) ops/second in (6.171269,1386.337786) seconds

                               Compactions
Level Time(sec) Read(MB) Write(MB)
--------------------------------------------------
  0     67.04     0.00   8767.58
  1     47.81  8953.91   8893.89
  2    326.00 48963.14  46691.93
BucketCount: 310
WriteAmplification: 7.3399

2019/09/16-13:39:08  ... thread 0: (1000000,81000000) ops and (161913.1,58168.2) ops/second in (6.176154,1392.513940) seconds

                               Compactions
Level Time(sec) Read(MB) Write(MB)
--------------------------------------------------
  0     68.15     0.00   8883.20
  1     48.07  9005.36   8944.97
  2    334.79 50264.72  47892.07
BucketCount: 310
WriteAmplification: 7.3983

2019/09/16-13:39:15  ... thread 0: (1000000,82000000) ops and (160328.1,58623.7) ops/second in (6.237211,1398.751151) seconds

                               Compactions
Level Time(sec) Read(MB) Write(MB)
--------------------------------------------------
  0     69.16     0.00   8999.89
  1     48.86  9155.14   9093.73
  2    344.22 51552.50  49079.39
BucketCount: 317
WriteAmplification: 7.4638

2019/09/16-13:39:21  ... thread 0: (1000000,83000000) ops and (162545.6,59078.8) ops/second in (6.152119,1404.903270) seconds

                               Compactions
Level Time(sec) Read(MB) Write(MB)
--------------------------------------------------
  0     70.13     0.00   9103.33
  1     49.43  9260.59   9198.17
  2    345.10 51727.91  49253.22
BucketCount: 331
WriteAmplification: 7.4209

2019/09/16-13:39:27  ... thread 0: (1000000,84000000) ops and (164358.3,59532.8) ops/second in (6.084268,1410.987538) seconds

                               Compactions
Level Time(sec) Read(MB) Write(MB)
--------------------------------------------------
  0     71.07     0.00   9202.29
  1     49.71  9317.36   9254.59
  2    353.60 53041.65  50473.88
BucketCount: 331
WriteAmplification: 7.4906

2019/09/16-13:39:33  ... thread 0: (1000000,85000000) ops and (165486.1,59984.6) ops/second in (6.042805,1417.030343) seconds

                               Compactions
Level Time(sec) Read(MB) Write(MB)
--------------------------------------------------
  0     71.99     0.00   9308.75
  1     50.31  9412.60   9349.03
  2    363.06 54431.01  51757.33
BucketCount: 331
WriteAmplification: 7.5644

2019/09/16-13:39:39  ... thread 0: (1000000,86000000) ops and (163266.2,60429.1) ops/second in (6.124965,1423.155308) seconds

                               Compactions
Level Time(sec) Read(MB) Write(MB)
--------------------------------------------------
  0     72.93     0.00   9423.02
  1     50.89  9518.90   9454.55
  2    363.82 54555.55  51880.74
BucketCount: 338
WriteAmplification: 7.5091

2019/09/16-13:39:45  ... thread 0: (1000000,87000000) ops and (163034.1,60869.4) ops/second in (6.133687,1429.288995) seconds

                               Compactions
Level Time(sec) Read(MB) Write(MB)
--------------------------------------------------
  0     73.96     0.00   9541.84
  1     51.47  9613.66   9548.67
  2    372.44 55860.68  53079.74
BucketCount: 345
WriteAmplification: 7.5636

2019/09/16-13:39:51  ... thread 0: (1000000,88000000) ops and (163024.5,61306.0) ops/second in (6.134047,1435.423042) seconds

                               Compactions
Level Time(sec) Read(MB) Write(MB)
--------------------------------------------------
  0     75.08     0.00   9646.46
  1     52.08  9728.35   9662.36
  2    380.98 57147.28  54261.01
BucketCount: 352
WriteAmplification: 7.6266

2019/09/16-13:39:57  ... thread 0: (1000000,89000000) ops and (161329.8,61736.0) ops/second in (6.198484,1441.621526) seconds

                               Compactions
Level Time(sec) Read(MB) Write(MB)
--------------------------------------------------
  0     76.25     0.00   9763.29
  1     52.38  9786.84   9720.36
  2    389.29 58359.08  55369.72
BucketCount: 352
WriteAmplification: 7.6668

2019/09/16-13:40:04  ... thread 0: (1000000,90000000) ops and (163925.6,62166.6) ops/second in (6.100327,1447.721853) seconds

                               Compactions
Level Time(sec) Read(MB) Write(MB)
--------------------------------------------------
  0     77.08     0.00   9860.10
  1     52.86  9855.03   9787.75
  2    389.29 58359.08  55369.72
BucketCount: 352
WriteAmplification: 7.6082

2019/09/16-13:40:10  ... thread 0: (1000000,91000000) ops and (163679.6,62593.2) ops/second in (6.109496,1453.831349) seconds

                               Compactions
Level Time(sec) Read(MB) Write(MB)
--------------------------------------------------
  0     78.00     0.00   9974.62
  1     53.42  9962.53   9894.36
  2    397.59 59571.77  56478.43
BucketCount: 352
WriteAmplification: 7.6542

2019/09/16-13:40:16  ... thread 0: (1000000,92000000) ops and (163255.4,63015.6) ops/second in (6.125373,1459.956722) seconds

                               Compactions
Level Time(sec) Read(MB) Write(MB)
--------------------------------------------------
  0     78.89     0.00  10077.21
  1     54.20 10102.63  10033.33
  2    406.37 60867.08  57663.34
BucketCount: 359
WriteAmplification: 7.7178

2019/09/16-13:40:22  ... thread 0: (1000000,93000000) ops and (165833.2,63438.5) ops/second in (6.030155,1465.986877) seconds

                               Compactions
Level Time(sec) Read(MB) Write(MB)
--------------------------------------------------
  0     80.03     0.00  10193.19
  1     54.76 10211.00  10140.70
  2    415.22 62162.09  58852.11
BucketCount: 359
WriteAmplification: 7.7685

2019/09/16-13:40:28  ... thread 0: (1000000,94000000) ops and (162070.6,63851.9) ops/second in (6.170151,1472.157028) seconds

                               Compactions
Level Time(sec) Read(MB) Write(MB)
--------------------------------------------------
  0     80.65     0.00  10303.45
  1     55.35 10324.31  10252.79
  2    415.59 62235.04  58924.41
BucketCount: 366
WriteAmplification: 7.7140

2019/09/16-13:40:34  ... thread 0: (1000000,95000000) ops and (159789.3,64258.0) ops/second in (6.258242,1478.415270) seconds

                               Compactions
Level Time(sec) Read(MB) Write(MB)
--------------------------------------------------
  0     81.55     0.00  10405.35
  1     55.76 10398.84  10326.45
  2    416.00 62314.26  59002.89
BucketCount: 373
WriteAmplification: 7.6629

2019/09/16-13:40:41  ... thread 0: (1000000,96000000) ops and (155184.0,64652.6) ops/second in (6.443962,1484.859232) seconds

                               Compactions
Level Time(sec) Read(MB) Write(MB)
--------------------------------------------------
  0     82.46     0.00  10520.74
  1     56.33 10499.37  10425.95
  2    425.21 63617.52  60187.55
BucketCount: 373
WriteAmplification: 7.7118

2019/09/16-13:40:47  ... thread 0: (1000000,97000000) ops and (160178.3,65052.5) ops/second in (6.243043,1491.102275) seconds

                               Compactions
Level Time(sec) Read(MB) Write(MB)
--------------------------------------------------
  0     83.26     0.00  10625.51
  1     56.73 10575.75  10501.64
  2    433.86 64909.86  61360.74
BucketCount: 373
WriteAmplification: 7.7632

2019/09/16-13:40:48  ... thread 3: (1000000,13000000) ops and (5855.5,8713.8) ops/second in (170.780294,1491.892648) seconds
2019/09/16-13:40:49  ... thread 2: (1000000,13000000) ops and (5833.7,8703.8) ops/second in (171.417624,1493.595152) seconds
2019/09/16-13:40:52  ... thread 1: (1000000,13000000) ops and (5793.6,8686.9) ops/second in (172.603111,1496.507757) seconds
2019/09/16-13:40:53  ... thread 0: (1000000,98000000) ops and (157367.3,65444.3) ops/second in (6.354562,1497.456837) seconds

                               Compactions
Level Time(sec) Read(MB) Write(MB)
--------------------------------------------------
  0     84.06     0.00  10745.46
  1     57.54 10726.52  10651.00
  2    434.26 64988.20  61438.35
BucketCount: 373
WriteAmplification: 7.7088

2019/09/16-13:41:00  ... thread 0: (1000000,99000000) ops and (155324.7,65829.1) ops/second in (6.438126,1503.894963) seconds

                               Compactions
Level Time(sec) Read(MB) Write(MB)
--------------------------------------------------
  0     84.71     0.00  10841.46
  1     58.19 10849.91  10773.14
  2    434.83 65099.36  61548.43
BucketCount: 373
WriteAmplification: 7.6708

2019/09/16-13:41:06  ... thread 0: (1000000,100000000) ops and (157977.3,66215.3) ops/second in (6.330023,1510.224986) seconds

                               Compactions
Level Time(sec) Read(MB) Write(MB)
--------------------------------------------------
  0     85.66     0.00  10957.40
  1     58.58 10924.85  10847.35
  2    435.16 65158.93  61607.40
BucketCount: 380
WriteAmplification: 7.6124

2019/09/16-13:41:12  ... thread 0: (1000000,101000000) ops and (156867.2,66596.3) ops/second in (6.374820,1516.599806) seconds

                               Compactions
Level Time(sec) Read(MB) Write(MB)
--------------------------------------------------
  0     86.83     0.00  11085.66
  1     59.07 11013.87  10935.70
  2    444.02 66456.31  62790.10
BucketCount: 394
WriteAmplification: 7.6506

2019/09/16-13:41:19  ... thread 0: (1000000,102000000) ops and (160881.2,66981.2) ops/second in (6.215767,1522.815573) seconds

                               Compactions
Level Time(sec) Read(MB) Write(MB)
--------------------------------------------------
  0     87.76     0.00  11192.76
  1     59.65 11111.46  11032.15
  2    444.15 66484.47  62817.97
BucketCount: 394
WriteAmplification: 7.5980

2019/09/16-13:41:25  ... thread 0: (1000000,103000000) ops and (160967.4,67363.1) ops/second in (6.212439,1529.028012) seconds

                               Compactions
Level Time(sec) Read(MB) Write(MB)
--------------------------------------------------
  0     88.72     0.00  11305.28
  1     60.04 11188.45  11108.40
  2    453.02 67783.16  63994.79
BucketCount: 394
WriteAmplification: 7.6432

2019/09/16-13:41:31  ... thread 0: (1000000,104000000) ops and (160694.1,67741.4) ops/second in (6.223003,1535.251015) seconds

                               Compactions
Level Time(sec) Read(MB) Write(MB)
--------------------------------------------------
  0     89.64     0.00  11426.04
  1     60.73 11319.04  11237.72
  2    461.81 69059.83  65155.22
BucketCount: 394
WriteAmplification: 7.6859

2019/09/16-13:41:37  ... thread 0: (1000000,105000000) ops and (162845.5,68120.3) ops/second in (6.140789,1541.391804) seconds

                               Compactions
Level Time(sec) Read(MB) Write(MB)
--------------------------------------------------
  0     90.21     0.00  11520.04
  1     61.19 11409.94  11327.83
  2    462.24 69141.59  65236.21
BucketCount: 394
WriteAmplification: 7.6462

2019/09/16-13:41:43  ... thread 0: (1000000,106000000) ops and (162398.5,68495.4) ops/second in (6.157693,1547.549497) seconds

                               Compactions
Level Time(sec) Read(MB) Write(MB)
--------------------------------------------------
  0     90.81     0.00  11615.78
  1     61.63 11497.01  11414.23
  2    462.79 69250.11  65343.70
BucketCount: 394
WriteAmplification: 7.6081

2019/09/16-13:41:50  ... thread 0: (1000000,107000000) ops and (160692.2,68864.6) ops/second in (6.223078,1553.772575) seconds

                               Compactions
Level Time(sec) Read(MB) Write(MB)
--------------------------------------------------
  0     91.65     0.00  11729.74
  1     62.26 11598.34  11514.56
  2    463.36 69352.36  65445.02
BucketCount: 401
WriteAmplification: 7.5611

2019/09/16-13:41:56  ... thread 0: (1000000,108000000) ops and (159564.8,69229.0) ops/second in (6.267045,1560.039620) seconds

                               Compactions
Level Time(sec) Read(MB) Write(MB)
--------------------------------------------------
  0     92.48     0.00  11834.54
  1     62.69 11681.35  11596.66
  2    472.46 70653.40  66613.72
BucketCount: 401
WriteAmplification: 7.6087

2019/09/16-13:42:02  ... thread 0: (1000000,109000000) ops and (160620.8,69592.3) ops/second in (6.225845,1566.265465) seconds

                               Compactions
Level Time(sec) Read(MB) Write(MB)
--------------------------------------------------
  0     93.16     0.00  11949.09
  1     63.12 11769.08  11683.45
  2    472.91 70739.36  66698.85
BucketCount: 401
WriteAmplification: 7.5597

2019/09/16-13:42:08  ... thread 0: (1000000,110000000) ops and (159797.1,69951.3) ops/second in (6.257936,1572.523401) seconds

                               Compactions
Level Time(sec) Read(MB) Write(MB)
--------------------------------------------------
  0     93.90     0.00  12064.92
  1     63.82 11901.58  11814.53
  2    473.35 70822.62  66781.31
BucketCount: 401
WriteAmplification: 7.5144

2019/09/16-13:42:15  ... thread 0: (1000000,111000000) ops and (160885.0,70309.3) ops/second in (6.215621,1578.739022) seconds

                               Compactions
Level Time(sec) Read(MB) Write(MB)
--------------------------------------------------
  0     94.47     0.00  12161.07
  1     64.33 12000.39  11912.32
  2    473.82 70912.42  66870.19
BucketCount: 401
WriteAmplification: 7.4783

2019/09/16-13:42:21  ... thread 0: (1000000,112000000) ops and (159089.1,70661.4) ops/second in (6.285785,1585.024807) seconds

                               Compactions
Level Time(sec) Read(MB) Write(MB)
--------------------------------------------------
  0     95.19     0.00  12280.32
  1     64.86 12104.75  12015.82
  2    473.98 70943.57  66901.04
BucketCount: 401
WriteAmplification: 7.4263

2019/09/16-13:42:27  ... thread 0: (1000000,113000000) ops and (160145.6,71012.5) ops/second in (6.244318,1591.269125) seconds

                               Compactions
Level Time(sec) Read(MB) Write(MB)
--------------------------------------------------
  0     95.95     0.00  12401.82
  1     65.38 12205.66  12115.61
  2    474.30 71006.36  66963.17
BucketCount: 401
WriteAmplification: 7.3764

2019/09/16-13:42:33  ... thread 0: (1000000,114000000) ops and (159565.2,71359.9) ops/second in (6.267029,1597.536154) seconds

                               Compactions
Level Time(sec) Read(MB) Write(MB)
--------------------------------------------------
  0     96.77     0.00  12527.82
  1     65.92 12308.53  12217.30
  2    474.96 71122.12  67077.77
BucketCount: 408
WriteAmplification: 7.3295

2019/09/16-13:42:40  ... thread 0: (1000000,115000000) ops and (161292.4,71707.6) ops/second in (6.199921,1603.736075) seconds

                               Compactions
Level Time(sec) Read(MB) Write(MB)
--------------------------------------------------
  0     97.82     0.00  12654.54
  1     66.49 12405.43  12313.32
  2    475.31 71193.06  67148.08
BucketCount: 408
WriteAmplification: 7.2793

2019/09/16-13:42:46  ... thread 0: (1000000,116000000) ops and (161417.9,72052.8) ops/second in (6.195101,1609.931176) seconds

                               Compactions
Level Time(sec) Read(MB) Write(MB)
--------------------------------------------------
  0     98.65     0.00  12768.71
  1     67.25 12517.58  12424.18
  2    484.37 72525.76  68350.03
BucketCount: 415
WriteAmplification: 7.3260

2019/09/16-13:42:52  ... thread 0: (1000000,117000000) ops and (161804.4,72396.0) ops/second in (6.180300,1616.111476) seconds

                               Compactions
Level Time(sec) Read(MB) Write(MB)
--------------------------------------------------
  0     99.31     0.00  12864.66
  1     68.03 12645.48  12550.45
  2    493.07 73796.92  69480.44
BucketCount: 422
WriteAmplification: 7.3765

2019/09/16-13:42:58  ... thread 0: (1000000,118000000) ops and (161719.6,72736.5) ops/second in (6.183544,1622.295020) seconds

                               Compactions
Level Time(sec) Read(MB) Write(MB)
--------------------------------------------------
  0    100.11     0.00  12967.99
  1     68.42 12723.48  12627.88
  2    493.36 73852.35  69535.33
BucketCount: 422
WriteAmplification: 7.3358

2019/09/16-13:43:04  ... thread 0: (1000000,119000000) ops and (162130.5,73075.0) ops/second in (6.167872,1628.462892) seconds

                               Compactions
Level Time(sec) Read(MB) Write(MB)
--------------------------------------------------
  0    100.84     0.00  13083.35
  1     69.03 12845.59  12748.64
  2    502.85 75207.27  70747.90
BucketCount: 429
WriteAmplification: 7.3819

2019/09/16-13:43:10  ... thread 0: (1000000,120000000) ops and (162103.0,73411.0) ops/second in (6.168916,1634.631808) seconds

                               Compactions
Level Time(sec) Read(MB) Write(MB)
--------------------------------------------------
  0    101.45     0.00  13165.31
  1     69.65 12937.39  12839.76
  2    502.98 75230.86  70771.28
BucketCount: 429
WriteAmplification: 7.3509

2019/09/16-13:43:17  ... thread 0: (1000000,121000000) ops and (161291.1,73743.1) ops/second in (6.199969,1640.831777) seconds

                               Compactions
Level Time(sec) Read(MB) Write(MB)
--------------------------------------------------
  0    102.14     0.00  13278.21
  1     70.15 13035.54  12936.71
  2    511.40 76502.70  71907.77
BucketCount: 429
WriteAmplification: 7.3898

2019/09/16-13:43:23  ... thread 0: (1000000,122000000) ops and (158102.5,74067.0) ops/second in (6.325011,1647.156788) seconds

                               Compactions
Level Time(sec) Read(MB) Write(MB)
--------------------------------------------------
  0    102.72     0.00  13377.91
  1     70.72 13146.38  13046.12
  2    511.40 76502.70  71907.77
BucketCount: 429
WriteAmplification: 7.3503

2019/09/16-13:43:25  ... thread 3: (1000000,14000000) ops and (6369.2,8490.5) ops/second in (157.004557,1648.897205) seconds
2019/09/16-13:43:27  ... thread 2: (1000000,14000000) ops and (6351.4,8479.5) ops/second in (157.445315,1651.040467) seconds
2019/09/16-13:43:29  ... thread 1: (1000000,14000000) ops and (6380.7,8468.3) ops/second in (156.722066,1653.229823) seconds
2019/09/16-13:43:29  ... thread 0: (1000000,123000000) ops and (156899.5,74386.3) ops/second in (6.373506,1653.530294) seconds

                               Compactions
Level Time(sec) Read(MB) Write(MB)
--------------------------------------------------
  0    103.34     0.00  13480.40
  1     71.22 13243.79  13142.77
  2    512.16 76654.15  72057.83
BucketCount: 436
WriteAmplification: 7.3203

2019/09/16-13:43:36  ... thread 0: (1000000,124000000) ops and (159069.9,74707.0) ops/second in (6.286546,1659.816840) seconds

                               Compactions
Level Time(sec) Read(MB) Write(MB)
--------------------------------------------------
  0    104.56     0.00  13609.76
  1     71.75 13343.01  13240.94
  2    512.27 76677.54  72081.01
BucketCount: 436
WriteAmplification: 7.2692

2019/09/16-13:43:42  ... thread 0: (1000000,125000000) ops and (163383.1,75032.8) ops/second in (6.120583,1665.937423) seconds

                               Compactions
Level Time(sec) Read(MB) Write(MB)
--------------------------------------------------
  0    105.21     0.00  13716.49
  1     72.39 13471.15  13367.63
  2    520.97 77987.59  73246.00
BucketCount: 436
WriteAmplification: 7.3146

2019/09/16-13:43:48  ... thread 0: (1000000,126000000) ops and (159056.7,75348.7) ops/second in (6.287066,1672.224489) seconds

                               Compactions
Level Time(sec) Read(MB) Write(MB)
--------------------------------------------------
  0    105.97     0.00  13841.57
  1     73.10 13604.35  13499.24
  2    521.39 78070.34  73327.96
BucketCount: 450
WriteAmplification: 7.2729

2019/09/16-13:43:54  ... thread 0: (1000000,127000000) ops and (160422.5,75664.7) ops/second in (6.233539,1678.458028) seconds

                               Compactions
Level Time(sec) Read(MB) Write(MB)
--------------------------------------------------
  0    107.17     0.00  13959.36
  1     73.73 13692.91  13586.74
  2    521.75 78122.14  73379.28
BucketCount: 457
WriteAmplification: 7.2299

2019/09/16-13:44:00  ... thread 0: (1000000,128000000) ops and (162027.8,75981.1) ops/second in (6.171780,1684.629808) seconds

                               Compactions
Level Time(sec) Read(MB) Write(MB)
--------------------------------------------------
  0    108.01     0.00  14075.42
  1     74.48 13840.06  13732.03
  2    531.05 79431.93  74534.57
BucketCount: 464
WriteAmplification: 7.2710

2019/09/16-13:44:07  ... thread 0: (1000000,129000000) ops and (160651.5,76292.8) ops/second in (6.224654,1690.854462) seconds

                               Compactions
Level Time(sec) Read(MB) Write(MB)
--------------------------------------------------
  0    108.89     0.00  14182.38
  1     75.05 13951.75  13842.45
  2    540.04 80721.21  75669.12
BucketCount: 464
WriteAmplification: 7.3115

2019/09/16-13:44:13  ... thread 0: (1000000,130000000) ops and (161809.8,76604.2) ops/second in (6.180095,1697.034557) seconds

                               Compactions
Level Time(sec) Read(MB) Write(MB)
--------------------------------------------------
  0    109.73     0.00  14290.30
  1     75.54 14046.41  13936.16
  2    540.18 80750.04  75697.66
BucketCount: 464
WriteAmplification: 7.2724

2019/09/16-13:44:19  ... thread 0: (1000000,131000000) ops and (160906.8,76911.8) ops/second in (6.214778,1703.249335) seconds

                               Compactions
Level Time(sec) Read(MB) Write(MB)
--------------------------------------------------
  0    110.86     0.00  14396.95
  1     76.35 14181.76  14069.94
  2    549.57 82085.46  76888.27
BucketCount: 464
WriteAmplification: 7.3179

2019/09/16-13:44:25  ... thread 0: (1000000,132000000) ops and (161524.7,77218.3) ops/second in (6.191005,1709.440340) seconds

                               Compactions
Level Time(sec) Read(MB) Write(MB)
--------------------------------------------------
  0    111.80     0.00  14493.04
  1     76.74 14250.07  14137.35
  2    558.69 83430.93  78079.45
BucketCount: 464
WriteAmplification: 7.3628

2019/09/16-13:44:31  ... thread 0: (1000000,133000000) ops and (160375.5,77520.5) ops/second in (6.235367,1715.675707) seconds

                               Compactions
Level Time(sec) Read(MB) Write(MB)
--------------------------------------------------
  0    112.45     0.00  14592.40
  1     77.31 14350.09  14236.13
  2    558.69 83430.93  78079.45
BucketCount: 464
WriteAmplification: 7.3263

2019/09/16-13:44:38  ... thread 0: (1000000,134000000) ops and (158936.7,77818.0) ops/second in (6.291814,1721.967521) seconds

                               Compactions
Level Time(sec) Read(MB) Write(MB)
--------------------------------------------------
  0    113.16     0.00  14695.84
  1     77.88 14451.93  14336.90
  2    558.80 83452.29  78100.64
BucketCount: 464
WriteAmplification: 7.2900

2019/09/16-13:44:44  ... thread 0: (1000000,135000000) ops and (159022.4,78113.4) ops/second in (6.288423,1728.255944) seconds

                               Compactions
Level Time(sec) Read(MB) Write(MB)
--------------------------------------------------
  0    113.93     0.00  14810.43
  1     78.42 14543.98  14428.05
  2    559.17 83525.45  78173.12
BucketCount: 471
WriteAmplification: 7.2524

2019/09/16-13:44:50  ... thread 0: (1000000,136000000) ops and (158324.8,78405.5) ops/second in (6.316130,1734.572074) seconds

                               Compactions
Level Time(sec) Read(MB) Write(MB)
--------------------------------------------------
  0    114.86     0.00  14910.00
  1     79.24 14671.40  14553.98
  2    560.15 83670.40  78316.65
BucketCount: 471
WriteAmplification: 7.2287

2019/09/16-13:44:57  ... thread 0: (1000000,137000000) ops and (157963.2,78694.8) ops/second in (6.330587,1740.902661) seconds

                               Compactions
Level Time(sec) Read(MB) Write(MB)
--------------------------------------------------
  0    116.04     0.00  15039.87
  1     79.92 14779.08  14660.38
  2    569.92 85033.18  79515.22
BucketCount: 478
WriteAmplification: 7.2617

2019/09/16-13:45:03  ... thread 0: (1000000,138000000) ops and (158753.4,78983.4) ops/second in (6.299078,1747.201739) seconds

                               Compactions
Level Time(sec) Read(MB) Write(MB)
--------------------------------------------------
  0    116.91     0.00  15148.04
  1     80.65 14896.63  14776.68
  2    578.96 86382.93  80703.82
BucketCount: 478
WriteAmplification: 7.3032

2019/09/16-13:45:09  ... thread 0: (1000000,139000000) ops and (159325.3,79271.0) ops/second in (6.276469,1753.478208) seconds

                               Compactions
Level Time(sec) Read(MB) Write(MB)
--------------------------------------------------
  0    117.73     0.00  15284.05
  1     81.04 14968.35  14847.28
  2    579.23 86436.79  80757.18
BucketCount: 478
WriteAmplification: 7.2552

2019/09/16-13:45:16  ... thread 0: (1000000,140000000) ops and (157874.0,79553.9) ops/second in (6.334167,1759.812375) seconds

                               Compactions
Level Time(sec) Read(MB) Write(MB)
--------------------------------------------------
  0    118.58     0.00  15419.99
  1     81.53 15060.11  14938.01
  2    579.40 86467.95  80788.03
BucketCount: 478
WriteAmplification: 7.2079

2019/09/16-13:45:22  ... thread 0: (1000000,141000000) ops and (159037.2,79836.9) ops/second in (6.287837,1766.100212) seconds

                               Compactions
Level Time(sec) Read(MB) Write(MB)
--------------------------------------------------
  0    119.14     0.00  15509.70
  1     82.27 15192.83  15069.38
  2    580.02 86584.53  80903.46
BucketCount: 478
WriteAmplification: 7.1879

2019/09/16-13:45:28  ... thread 0: (1000000,142000000) ops and (157508.3,80115.1) ops/second in (6.348871,1772.449083) seconds

                               Compactions
Level Time(sec) Read(MB) Write(MB)
--------------------------------------------------
  0    119.78     0.00  15613.18
  1     82.68 15272.30  15148.02
  2    580.74 86725.13  81042.70
BucketCount: 478
WriteAmplification: 7.1609

2019/09/16-13:45:35  ... thread 0: (1000000,143000000) ops and (154126.0,80385.1) ops/second in (6.488197,1778.937280) seconds

                               Compactions
Level Time(sec) Read(MB) Write(MB)
--------------------------------------------------
  0    120.44     0.00  15722.26
  1     83.21 15373.18  15247.71
  2    580.74 86725.13  81042.70
BucketCount: 478
WriteAmplification: 7.1245

2019/09/16-13:45:41  ... thread 0: (1000000,144000000) ops and (158524.3,80661.2) ops/second in (6.308181,1785.245461) seconds

                               Compactions
Level Time(sec) Read(MB) Write(MB)
--------------------------------------------------
  0    121.42     0.00  15836.96
  1     83.92 15499.37  15372.45
  2    581.24 86822.97  81139.65
BucketCount: 485
WriteAmplification: 7.0941

2019/09/16-13:45:47  ... thread 0: (1000000,145000000) ops and (160788.0,80939.4) ops/second in (6.219371,1791.464832) seconds

                               Compactions
Level Time(sec) Read(MB) Write(MB)
--------------------------------------------------
  0    122.46     0.00  15936.93
  1     84.33 15578.54  15450.59
  2    590.29 88127.18  82271.55
BucketCount: 485
WriteAmplification: 7.1318

2019/09/16-13:45:54  ... thread 0: (1000000,146000000) ops and (157656.0,81210.0) ops/second in (6.342924,1797.807756) seconds

                               Compactions
Level Time(sec) Read(MB) Write(MB)
--------------------------------------------------
  0    123.09     0.00  16043.11
  1     84.88 15674.88  15545.69
  2    590.44 88155.22  82299.33
BucketCount: 485
WriteAmplification: 7.0989

2019/09/16-13:46:00  ... thread 0: (1000000,147000000) ops and (157494.6,81478.5) ops/second in (6.349424,1804.157180) seconds

                               Compactions
Level Time(sec) Read(MB) Write(MB)
--------------------------------------------------
  0    124.09     0.00  16151.88
  1     85.36 15750.70  15620.74
  2    590.69 88205.83  82349.47
BucketCount: 492
WriteAmplification: 7.0656

2019/09/16-13:46:00  ... thread 3: (1000000,15000000) ops and (6429.6,8312.9) ops/second in (155.529981,1804.427186) seconds
2019/09/16-13:46:02  ... thread 2: (1000000,15000000) ops and (6431.5,8303.2) ops/second in (155.484521,1806.524988) seconds
2019/09/16-13:46:04  ... thread 1: (1000000,15000000) ops and (6443.3,8294.5) ops/second in (155.199596,1808.429419) seconds
2019/09/16-13:46:06  ... thread 0: (1000000,148000000) ops and (155345.3,81741.1) ops/second in (6.437271,1810.594451) seconds

                               Compactions
Level Time(sec) Read(MB) Write(MB)
--------------------------------------------------
  0    124.89     0.00  16269.01
  1     85.94 15861.34  15730.12
  2    600.15 89516.18  83485.31
BucketCount: 492
WriteAmplification: 7.0984

2019/09/16-13:46:13  ... thread 0: (1000000,149000000) ops and (154043.8,81999.4) ops/second in (6.491662,1817.086113) seconds

                               Compactions
Level Time(sec) Read(MB) Write(MB)
--------------------------------------------------
  0    125.66     0.00  16370.81
  1     86.42 15956.10  15823.97
  2    600.27 89539.72  83508.64
BucketCount: 499
WriteAmplification: 7.0677

2019/09/16-13:46:19  ... thread 0: (1000000,150000000) ops and (156876.2,82261.2) ops/second in (6.374454,1823.460567) seconds

                               Compactions
Level Time(sec) Read(MB) Write(MB)
--------------------------------------------------
  0    126.60     0.00  16484.27
  1     86.96 16049.79  15916.61
  2    609.34 90852.71  84644.98
BucketCount: 499
WriteAmplification: 7.1005

2019/09/16-13:46:26  ... thread 0: (1000000,151000000) ops and (157365.8,82522.0) ops/second in (6.354622,1829.815189) seconds

                               Compactions
Level Time(sec) Read(MB) Write(MB)
--------------------------------------------------
  0    127.43     0.00  16610.16
  1     87.66 16174.94  16039.96
  2    609.48 90881.65  84673.63
BucketCount: 506
WriteAmplification: 7.0634

2019/09/16-13:46:32  ... thread 0: (1000000,152000000) ops and (158102.7,82782.4) ops/second in (6.325001,1836.140190) seconds

                               Compactions
Level Time(sec) Read(MB) Write(MB)
--------------------------------------------------
  0    128.49     0.00  16727.95
  1     88.54 16305.56  16168.68
  2    618.66 92219.09  85836.06
BucketCount: 513
WriteAmplification: 7.0979

2019/09/16-13:46:38  ... thread 0: (1000000,153000000) ops and (157541.0,83039.9) ops/second in (6.347553,1842.487743) seconds

                               Compactions
Level Time(sec) Read(MB) Write(MB)
--------------------------------------------------
  0    129.14     0.00  16823.61
  1     89.14 16400.22  16262.13
  2    619.01 92289.25  85905.61
BucketCount: 520
WriteAmplification: 7.0729

2019/09/16-13:46:45  ... thread 0: (1000000,154000000) ops and (159044.0,83298.4) ops/second in (6.287567,1848.775310) seconds

                               Compactions
Level Time(sec) Read(MB) Write(MB)
--------------------------------------------------
  0    130.09     0.00  16937.07
  1     89.64 16499.51  16360.30
  2    628.17 93591.16  87035.71
BucketCount: 520
WriteAmplification: 7.1047

2019/09/16-13:46:51  ... thread 0: (1000000,155000000) ops and (158623.7,83554.4) ops/second in (6.304230,1855.079540) seconds

                               Compactions
Level Time(sec) Read(MB) Write(MB)
--------------------------------------------------
  0    130.92     0.00  17038.31
  1     90.20 16608.55  16468.10
  2    638.01 94912.16  88172.96
BucketCount: 527
WriteAmplification: 7.1415

2019/09/16-13:46:57  ... thread 0: (1000000,156000000) ops and (159673.3,83810.5) ops/second in (6.262789,1861.342329) seconds

                               Compactions
Level Time(sec) Read(MB) Write(MB)
--------------------------------------------------
  0    131.92     0.00  17139.61
  1     90.65 16697.43  16556.06
  2    638.01 94912.16  88172.96
BucketCount: 527
WriteAmplification: 7.1104

2019/09/16-13:47:03  ... thread 0: (1000000,157000000) ops and (159095.4,84063.9) ops/second in (6.285537,1867.627866) seconds

                               Compactions
Level Time(sec) Read(MB) Write(MB)
--------------------------------------------------
  0    132.82     0.00  17260.60
  1     91.29 16814.06  16671.12
  2    647.85 96288.33  89362.85
BucketCount: 534
WriteAmplification: 7.1431

2019/09/16-13:47:10  ... thread 0: (1000000,158000000) ops and (158384.2,84314.3) ops/second in (6.313761,1873.941627) seconds

                               Compactions
Level Time(sec) Read(MB) Write(MB)
--------------------------------------------------
  0    133.81     0.00  17371.95
  1     91.81 16911.91  16767.78
  2    648.14 96347.12  89421.06
BucketCount: 548
WriteAmplification: 7.1127

2019/09/16-13:47:16  ... thread 0: (1000000,159000000) ops and (160007.3,84565.9) ops/second in (6.249715,1880.191342) seconds

                               Compactions
Level Time(sec) Read(MB) Write(MB)
--------------------------------------------------
  0    134.51     0.00  17472.33
  1     92.29 17007.22  16862.03
  2    657.57 97634.54  90529.77
BucketCount: 548
WriteAmplification: 7.1464

2019/09/16-13:47:22  ... thread 0: (1000000,160000000) ops and (159668.6,84815.2) ops/second in (6.262974,1886.454316) seconds

                               Compactions
Level Time(sec) Read(MB) Write(MB)
--------------------------------------------------
  0    135.33     0.00  17578.14
  1     92.84 17108.53  16961.76
  2    666.70 98978.79  91686.17
BucketCount: 555
WriteAmplification: 7.1809

2019/09/16-13:47:29  ... thread 0: (1000000,161000000) ops and (158908.9,85061.5) ops/second in (6.292913,1892.747229) seconds

                               Compactions
Level Time(sec) Read(MB) Write(MB)
--------------------------------------------------
  0    136.11     0.00  17675.45
  1     93.25 17189.16  17041.59
  2    666.83 99004.77  91711.91
BucketCount: 562
WriteAmplification: 7.1528

2019/09/16-13:47:35  ... thread 0: (1000000,162000000) ops and (159551.0,85307.4) ops/second in (6.267589,1899.014818) seconds

                               Compactions
Level Time(sec) Read(MB) Write(MB)
--------------------------------------------------
  0    136.85     0.00  17769.08
  1     93.85 17288.78  17139.96
  2    676.63 100415.25  92932.15
BucketCount: 576
WriteAmplification: 7.1946

2019/09/16-13:47:41  ... thread 0: (1000000,163000000) ops and (163217.9,85557.9) ops/second in (6.126779,1905.141597) seconds

                               Compactions
Level Time(sec) Read(MB) Write(MB)
--------------------------------------------------
  0    137.61     0.00  17881.91
  1     94.63 17417.81  17267.45
  2    686.09 101765.90  94100.20
BucketCount: 583
WriteAmplification: 7.2279

2019/09/16-13:47:47  ... thread 0: (1000000,164000000) ops and (158261.2,85798.3) ops/second in (6.318670,1911.460267) seconds

                               Compactions
Level Time(sec) Read(MB) Write(MB)
--------------------------------------------------
  0    138.61     0.00  18011.88
  1     95.12 17509.65  17358.18
  2    686.82 101898.53  94231.59
BucketCount: 590
WriteAmplification: 7.1953

2019/09/16-13:47:53  ... thread 0: (1000000,165000000) ops and (161566.6,86042.8) ops/second in (6.189399,1917.649666) seconds

                               Compactions
Level Time(sec) Read(MB) Write(MB)
--------------------------------------------------
  0    139.26     0.00  18106.77
  1     95.61 17602.45  17449.69
  2    696.22 103224.34  95366.34
BucketCount: 590
WriteAmplification: 7.2306

2019/09/16-13:48:00  ... thread 0: (1000000,166000000) ops and (158954.5,86281.2) ops/second in (6.291110,1923.940776) seconds

                               Compactions
Level Time(sec) Read(MB) Write(MB)
--------------------------------------------------
  0    140.30     0.00  18223.88
  1     95.94 17660.84  17507.46
  2    705.93 104631.82  96586.47
BucketCount: 604
WriteAmplification: 7.2607

2019/09/16-13:48:06  ... thread 0: (1000000,167000000) ops and (162195.7,86523.7) ops/second in (6.165391,1930.106167) seconds

                               Compactions
Level Time(sec) Read(MB) Write(MB)
--------------------------------------------------
  0    141.13     0.00  18325.17
  1     96.51 17761.52  17606.66
  2    705.93 104631.82  96586.47
BucketCount: 604
WriteAmplification: 7.2315

2019/09/16-13:48:12  ... thread 0: (1000000,168000000) ops and (161479.4,86763.5) ops/second in (6.192741,1936.298908) seconds

                               Compactions
Level Time(sec) Read(MB) Write(MB)
--------------------------------------------------
  0    142.03     0.00  18430.86
  1     97.28 17871.50  17715.08
  2    715.20 106027.05  97786.94
BucketCount: 604
WriteAmplification: 7.2668

2019/09/16-13:48:18  ... thread 0: (1000000,169000000) ops and (160410.8,86999.8) ops/second in (6.233993,1942.532901) seconds

                               Compactions
Level Time(sec) Read(MB) Write(MB)
--------------------------------------------------
  0    143.01     0.00  18546.58
  1     98.07 17998.26  17840.20
  2    724.92 107360.86  98926.09
BucketCount: 604
WriteAmplification: 7.2958

2019/09/16-13:48:25  ... thread 0: (1000000,170000000) ops and (160496.7,87234.8) ops/second in (6.230659,1948.763560) seconds

                               Compactions
Level Time(sec) Read(MB) Write(MB)
--------------------------------------------------
  0    143.87     0.00  18643.19
  1     98.69 18093.47  17934.15
  2    725.37 107453.09  99017.38
BucketCount: 611
WriteAmplification: 7.2732

2019/09/16-13:48:31  ... thread 0: (1000000,171000000) ops and (158422.6,87464.6) ops/second in (6.312229,1955.075789) seconds

                               Compactions
Level Time(sec) Read(MB) Write(MB)
--------------------------------------------------
  0    144.84     0.00  18764.22
  1     99.14 18173.86  18013.61
  2    735.16 108829.78 100201.77
BucketCount: 625
WriteAmplification: 7.3000

2019/09/16-13:48:31  ... thread 3: (1000000,16000000) ops and (6618.4,8182.0) ops/second in (151.093115,1955.520301) seconds
2019/09/16-13:48:36  ... thread 1: (1000000,16000000) ops and (6607.6,8164.2) ops/second in (151.340871,1959.770290) seconds
2019/09/16-13:48:36  ... thread 2: (1000000,16000000) ops and (6520.9,8163.8) ops/second in (153.354188,1959.879176) seconds
2019/09/16-13:48:37  ... thread 0: (1000000,172000000) ops and (161781.2,87698.9) ops/second in (6.181189,1961.256978) seconds

                               Compactions
Level Time(sec) Read(MB) Write(MB)
--------------------------------------------------
  0    145.62     0.00  18850.00
  1     99.66 18273.33  18111.53
  2    744.66 110177.89 101358.78
BucketCount: 639
WriteAmplification: 7.3379

2019/09/16-13:48:43  ... thread 0: (1000000,173000000) ops and (161684.1,87931.4) ops/second in (6.184899,1967.441877) seconds

                               Compactions
Level Time(sec) Read(MB) Write(MB)
--------------------------------------------------
  0    146.62     0.00  18951.89
  1     99.95 18327.86  18165.23
  2    744.66 110177.89 101358.78
BucketCount: 639
WriteAmplification: 7.3067

2019/09/16-13:48:49  ... thread 0: (1000000,174000000) ops and (160264.8,88160.1) ops/second in (6.239674,1973.681551) seconds

                               Compactions
Level Time(sec) Read(MB) Write(MB)
--------------------------------------------------
  0    147.68     0.00  19072.49
  1    100.56 18441.96  18277.70
  2    754.20 111551.15 102535.55
BucketCount: 646
WriteAmplification: 7.3344

2019/09/16-13:48:56  ... thread 0: (1000000,175000000) ops and (159213.4,88385.5) ops/second in (6.280879,1979.962430) seconds

                               Compactions
Level Time(sec) Read(MB) Write(MB)
--------------------------------------------------
  0    148.65     0.00  19169.40
  1    101.19 18556.98  18391.05
  2    763.68 112888.94 103671.88
BucketCount: 653
WriteAmplification: 7.3676

2019/09/16-13:49:02  ... thread 0: (1000000,176000000) ops and (157974.2,88607.3) ops/second in (6.330146,1986.292576) seconds

                               Compactions
Level Time(sec) Read(MB) Write(MB)
--------------------------------------------------
  0    149.89     0.00  19281.86
  1    102.12 18709.23  18541.20
  2    763.94 112936.49 103717.52
BucketCount: 653
WriteAmplification: 7.3406

2019/09/16-13:49:08  ... thread 0: (1000000,177000000) ops and (159365.1,88830.1) ops/second in (6.274899,1992.567475) seconds

                               Compactions
Level Time(sec) Read(MB) Write(MB)
--------------------------------------------------
  0    151.18     0.00  19402.69
  1    102.58 18781.33  18612.38
  2    773.59 114296.22 104874.56
BucketCount: 653
WriteAmplification: 7.3644

2019/09/16-13:49:15  ... thread 0: (1000000,178000000) ops and (158636.8,89050.3) ops/second in (6.303706,1998.871181) seconds

                               Compactions
Level Time(sec) Read(MB) Write(MB)
--------------------------------------------------
  0    152.38     0.00  19520.93
  1    103.29 18891.75  18721.05
  2    782.37 115597.80 105983.27
BucketCount: 653
WriteAmplification: 7.3882

2019/09/16-13:49:21  ... thread 0: (1000000,179000000) ops and (159388.7,89270.3) ops/second in (6.273972,2005.145153) seconds

                               Compactions
Level Time(sec) Read(MB) Write(MB)
--------------------------------------------------
  0    153.20     0.00  19620.15
  1    104.01 19004.33  18831.91
  2    782.50 115618.98 106003.68
BucketCount: 653
WriteAmplification: 7.3626

2019/09/16-13:49:27  ... thread 0: (1000000,180000000) ops and (162152.0,89493.8) ops/second in (6.167053,2011.312206) seconds

                               Compactions
Level Time(sec) Read(MB) Write(MB)
--------------------------------------------------
  0    153.85     0.00  19718.83
  1    104.45 19087.40  18913.48
  2    792.40 116954.51 107134.44
BucketCount: 653
WriteAmplification: 7.3923

2019/09/16-13:49:33  ... thread 0: (1000000,181000000) ops and (159380.0,89711.1) ops/second in (6.274313,2017.586519) seconds

                               Compactions
Level Time(sec) Read(MB) Write(MB)
--------------------------------------------------
  0    154.97     0.00  19837.16
  1    104.83 19160.45  18985.63
  2    801.90 118267.37 108243.15
BucketCount: 653
WriteAmplification: 7.4137

2019/09/16-13:49:40  ... thread 0: (1000000,182000000) ops and (158883.3,89926.3) ops/second in (6.293926,2023.880445) seconds

                               Compactions
Level Time(sec) Read(MB) Write(MB)
--------------------------------------------------
  0    155.88     0.00  19956.81
  1    105.39 19265.35  19089.25
  2    802.01 118288.90 108263.90
BucketCount: 653
WriteAmplification: 7.3814

2019/09/16-13:49:46  ... thread 0: (1000000,183000000) ops and (160109.6,90142.2) ops/second in (6.245720,2030.126165) seconds

                               Compactions
Level Time(sec) Read(MB) Write(MB)
--------------------------------------------------
  0    156.62     0.00  20043.49
  1    105.99 19372.25  19194.77
  2    812.40 119758.59 109524.93
BucketCount: 667
WriteAmplification: 7.4220

2019/09/16-13:49:52  ... thread 0: (1000000,184000000) ops and (160841.0,90358.0) ops/second in (6.217319,2036.343484) seconds

                               Compactions
Level Time(sec) Read(MB) Write(MB)
--------------------------------------------------
  0    157.79     0.00  20167.93
  1    106.39 19445.21  19266.49
  2    821.46 121073.40 110633.64
BucketCount: 667
WriteAmplification: 7.4409

2019/09/16-13:49:58  ... thread 0: (1000000,185000000) ops and (160350.3,90571.7) ops/second in (6.236347,2042.579831) seconds

                               Compactions
Level Time(sec) Read(MB) Write(MB)
--------------------------------------------------
  0    158.95     0.00  20295.27
  1    106.73 19508.22  19328.53
  2    821.79 121120.06 110679.16
BucketCount: 667
WriteAmplification: 7.4058

2019/09/16-13:50:05  ... thread 0: (1000000,186000000) ops and (158997.3,90781.8) ops/second in (6.289415,2048.869246) seconds

                               Compactions
Level Time(sec) Read(MB) Write(MB)
--------------------------------------------------
  0    159.77     0.00  20409.42
  1    107.11 19562.24  19381.69
  2    831.13 122467.46 111809.26
BucketCount: 667
WriteAmplification: 7.4280

2019/09/16-13:50:11  ... thread 0: (1000000,187000000) ops and (161360.7,90994.6) ops/second in (6.197294,2055.066540) seconds

                               Compactions
Level Time(sec) Read(MB) Write(MB)
--------------------------------------------------
  0    160.72     0.00  20514.94
  1    107.51 19631.70  19449.95
  2    841.04 123808.94 112943.25
BucketCount: 674
WriteAmplification: 7.4535

2019/09/16-13:50:17  ... thread 0: (1000000,188000000) ops and (160796.1,91205.2) ops/second in (6.219055,2061.285595) seconds

                               Compactions
Level Time(sec) Read(MB) Write(MB)
--------------------------------------------------
  0    161.40     0.00  20622.93
  1    107.99 19721.11  19538.20
  2    841.33 123865.25 112999.02
BucketCount: 688
WriteAmplification: 7.4267

2019/09/16-13:50:23  ... thread 0: (1000000,189000000) ops and (160466.2,91414.0) ops/second in (6.231843,2067.517438) seconds

                               Compactions
Level Time(sec) Read(MB) Write(MB)
--------------------------------------------------
  0    162.21     0.00  20734.04
  1    108.55 19816.63  19632.72
  2    851.00 125245.61 114162.99
BucketCount: 702
WriteAmplification: 7.4529

2019/09/16-13:50:29  ... thread 0: (1000000,190000000) ops and (161859.4,91623.9) ops/second in (6.178203,2073.695641) seconds

                               Compactions
Level Time(sec) Read(MB) Write(MB)
--------------------------------------------------
  0    162.80     0.00  20833.91
  1    109.06 19884.80  19699.94
  2    860.30 126605.35 115300.95
BucketCount: 702
WriteAmplification: 7.4799

2019/09/16-13:50:36  ... thread 0: (1000000,191000000) ops and (160189.7,91829.6) ops/second in (6.242599,2079.938240) seconds

                               Compactions
Level Time(sec) Read(MB) Write(MB)
--------------------------------------------------
  0    163.73     0.00  20937.86
  1    109.46 19954.00  19767.89
  2    860.30 126605.35 115300.95
BucketCount: 702
WriteAmplification: 7.4509

2019/09/16-13:50:42  ... thread 0: (1000000,192000000) ops and (160346.6,92034.5) ops/second in (6.236489,2086.174729) seconds

                               Compactions
Level Time(sec) Read(MB) Write(MB)
--------------------------------------------------
  0    164.37     0.00  21030.45
  1    109.95 20044.68  19857.13
  2    870.12 127994.03 116466.02
BucketCount: 709
WriteAmplification: 7.4822

2019/09/16-13:50:48  ... thread 0: (1000000,193000000) ops and (161361.4,92239.8) ops/second in (6.197268,2092.371997) seconds

                               Compactions
Level Time(sec) Read(MB) Write(MB)
--------------------------------------------------
  0    165.15     0.00  21139.26
  1    110.38 20105.84  19917.29
  2    879.35 129325.11 117574.73
BucketCount: 709
WriteAmplification: 7.5041

2019/09/16-13:50:54  ... thread 0: (1000000,194000000) ops and (160867.6,92443.1) ops/second in (6.216291,2098.588288) seconds

                               Compactions
Level Time(sec) Read(MB) Write(MB)
--------------------------------------------------
  0    166.06     0.00  21258.29
  1    110.92 20201.51  20011.55
  2    879.77 129402.58 117650.06
BucketCount: 716
WriteAmplification: 7.4757

2019/09/16-13:50:56  ... thread 3: (1000000,17000000) ops and (6916.4,8094.8) ops/second in (144.583778,2100.104079) seconds
2019/09/16-13:50:59  ... thread 1: (1000000,17000000) ops and (6969.4,8082.7) ops/second in (143.484526,2103.254816) seconds
2019/09/16-13:51:00  ... thread 2: (1000000,17000000) ops and (6906.1,8077.2) ops/second in (144.799711,2104.678887) seconds
2019/09/16-13:51:01  ... thread 0: (1000000,195000000) ops and (162937.4,92648.7) ops/second in (6.137326,2104.725614) seconds

                               Compactions
Level Time(sec) Read(MB) Write(MB)
--------------------------------------------------
  0    166.83     0.00  21360.22
  1    111.56 20300.73  20109.29
  2    889.31 130781.78 118811.13
BucketCount: 716
WriteAmplification: 7.5037

2019/09/16-13:51:07  ... thread 0: (1000000,196000000) ops and (160206.6,92848.4) ops/second in (6.241939,2110.967553) seconds

                               Compactions
Level Time(sec) Read(MB) Write(MB)
--------------------------------------------------
  0    167.82     0.00  21462.21
  1    111.94 20369.68  20177.35
  2    899.07 132257.23 120057.21
BucketCount: 730
WriteAmplification: 7.5340

2019/09/16-13:51:13  ... thread 0: (1000000,197000000) ops and (160710.3,93047.9) ops/second in (6.222375,2117.189928) seconds

                               Compactions
Level Time(sec) Read(MB) Write(MB)
--------------------------------------------------
  0    168.74     0.00  21572.71
  1    112.72 20499.11  20304.73
  2    899.22 132287.96 120087.62
BucketCount: 730
WriteAmplification: 7.5079

2019/09/16-13:51:19  ... thread 0: (1000000,198000000) ops and (161559.9,93247.6) ops/second in (6.189655,2123.379583) seconds

                               Compactions
Level Time(sec) Read(MB) Write(MB)
--------------------------------------------------
  0    169.66     0.00  21688.15
  1    113.16 20575.95  20380.26
  2    908.68 133668.84 121247.73
BucketCount: 730
WriteAmplification: 7.5302

2019/09/16-13:51:25  ... thread 0: (1000000,199000000) ops and (161051.1,93445.3) ops/second in (6.209209,2129.588792) seconds

                               Compactions
Level Time(sec) Read(MB) Write(MB)
--------------------------------------------------
  0    170.52     0.00  21810.95
  1    113.90 20691.11  20493.51
  2    918.39 135033.66 122380.89
BucketCount: 730
WriteAmplification: 7.5506

2019/09/16-13:51:32  ... thread 0: (1000000,200000000) ops and (161993.5,93643.4) ops/second in (6.173086,2135.761878) seconds

                               Compactions
Level Time(sec) Read(MB) Write(MB)
--------------------------------------------------
  0    171.29     0.00  21913.52
  1    114.68 20829.57  20629.67
  2    918.39 135033.66 122380.89
BucketCount: 730
WriteAmplification: 7.5261

2019/09/16-13:52:55  ... thread 3: (1000000,18000000) ops and (8381.6,8110.3) ops/second in (119.309343,2219.413422) seconds
2019/09/16-13:52:57  ... thread 1: (1000000,18000000) ops and (8463.5,8103.0) ops/second in (118.153981,2221.408797) seconds
2019/09/16-13:53:00  ... thread 2: (1000000,18000000) ops and (8348.2,8091.8) ops/second in (119.786537,2224.465424) seconds
2019/09/16-13:54:42  ... thread 3: (1000000,19000000) ops and (9351.3,8167.3) ops/second in (106.937278,2326.350700) seconds
2019/09/16-13:54:43  ... thread 1: (1000000,19000000) ops and (9454.6,8164.4) ops/second in (105.768086,2327.176883) seconds
2019/09/16-13:54:46  ... thread 2: (1000000,19000000) ops and (9478.3,8154.6) ops/second in (105.503754,2329.969178) seconds
2019/09/16-13:56:38  ... thread 3: (1000000,20000000) ops and (8605.3,8188.1) ops/second in (116.206899,2442.557599) seconds
2019/09/16-13:56:41  ... thread 1: (1000000,20000000) ops and (8494.3,8180.3) ops/second in (117.725938,2444.902821) seconds
2019/09/16-13:56:42  ... thread 2: (1000000,20000000) ops and (8566.8,8174.3) ops/second in (116.729210,2446.698388) seconds
2019/09/16-13:58:38  ... thread 3: (1000000,21000000) ops and (8364.1,8196.3) ops/second in (119.558906,2562.116505) seconds
2019/09/16-13:58:40  ... thread 1: (1000000,21000000) ops and (8379.3,8189.5) ops/second in (119.341280,2564.244101) seconds
2019/09/16-13:58:43  ... thread 2: (1000000,21000000) ops and (8330.9,8181.6) ops/second in (120.034371,2566.732759) seconds
2019/09/16-14:00:33  ... thread 3: (1000000,22000000) ops and (8681.6,8217.2) ops/second in (115.186044,2677.302549) seconds
2019/09/16-14:00:36  ... thread 1: (1000000,22000000) ops and (8658.2,8209.7) ops/second in (115.497233,2679.741334) seconds
2019/09/16-14:00:38  ... thread 2: (1000000,22000000) ops and (8672.7,8202.7) ops/second in (115.304481,2682.037240) seconds
2019/09/16-14:02:32  ... thread 3: (1000000,23000000) ops and (8445.6,8226.9) ops/second in (118.405024,2795.707573) seconds
2019/09/16-14:02:32  ... thread 1: (1000000,23000000) ops and (8567.5,8224.7) ops/second in (116.720032,2796.461366) seconds
2019/09/16-14:02:34  ... thread 2: (1000000,23000000) ops and (8586.9,8218.7) ops/second in (116.456700,2798.493940) seconds
2019/09/16-14:04:29  ... thread 1: (1000000,24000000) ops and (8577.7,8238.8) ops/second in (116.581395,2913.042761) seconds
2019/09/16-14:04:32  ... thread 2: (1000000,24000000) ops and (8520.9,8230.9) ops/second in (117.358544,2915.852484) seconds
2019/09/16-14:04:34  ... thread 3: (1000000,24000000) ops and (8164.1,8224.3) ops/second in (122.487512,2918.195085) seconds
2019/09/16-14:06:25  ... thread 1: (1000000,25000000) ops and (8579.5,8251.9) ops/second in (116.556442,3029.599203) seconds
2019/09/16-14:06:29  ... thread 2: (1000000,25000000) ops and (8556.0,8243.4) ops/second in (116.876544,3032.729028) seconds
2019/09/16-14:06:31  ... thread 3: (1000000,25000000) ops and (8544.5,8236.6) ops/second in (117.033704,3035.228789) seconds
2019/09/16-14:08:28  ... thread 1: (1000000,26000000) ops and (8178.8,8249.1) ops/second in (122.266902,3151.866105) seconds
2019/09/16-14:08:31  ... thread 2: (1000000,26000000) ops and (8169.5,8240.5) ops/second in (122.407044,3155.136072) seconds
2019/09/16-14:08:34  ... thread 3: (1000000,26000000) ops and (8160.7,8233.7) ops/second in (122.538347,3157.767136) seconds
2019/09/16-14:10:26  ... thread 1: (1000000,27000000) ops and (8485.4,8257.6) ops/second in (117.849115,3269.715220) seconds
2019/09/16-14:10:28  ... thread 2: (1000000,27000000) ops and (8542.2,8251.3) ops/second in (117.066355,3272.202427) seconds
2019/09/16-14:10:31  ... thread 3: (1000000,27000000) ops and (8502.4,8243.3) ops/second in (117.613856,3275.380992) seconds
2019/09/16-14:12:23  ... thread 2: (1000000,28000000) ops and (8667.4,8265.5) ops/second in (115.374535,3387.576962) seconds
2019/09/16-14:12:26  ... thread 1: (1000000,28000000) ops and (8308.9,8259.4) ops/second in (120.352806,3390.068026) seconds
2019/09/16-14:12:26  ... thread 3: (1000000,28000000) ops and (8697.6,8258.7) ops/second in (114.973705,3390.354697) seconds
2019/09/16-14:14:20  ... thread 2: (1000000,29000000) ops and (8610.5,8276.9) ops/second in (116.137429,3503.714391) seconds
2019/09/16-14:14:22  ... thread 3: (1000000,29000000) ops and (8603.1,8270.1) ops/second in (116.237376,3506.592073) seconds
2019/09/16-14:14:23  ... thread 1: (1000000,29000000) ops and (8531.0,8268.5) ops/second in (117.219343,3507.287369) seconds
2019/09/16-14:16:11  ... thread 2: (1000000,30000000) ops and (8963.4,8298.1) ops/second in (111.564735,3615.279126) seconds
thread 2 : (30000000 of 30000000 found)
2019/09/16-14:16:15  ... thread 3: (1000000,30000000) ops and (8895.7,8289.6) ops/second in (112.414066,3619.006139) seconds
thread 3 : (30000000 of 30000000 found)
2019/09/16-14:16:16  ... thread 1: (1000000,30000000) ops and (8891.8,8287.9) ops/second in (112.463288,3619.750657) seconds
thread 1 : (30000000 of 30000000 found)
readuniwhilewriting :      40.220 micros/op 24863 ops/sec; (30000000 of 30000000 found)
Microseconds per op:
Count: 90000000 Average: 120.6004  StdDev: 47.37
Min: 0  Median: 112.7662  Max: 536663
Percentiles: P50: 112.77 P75: 159.62 P99: 530.06 P99.9: 3507.09 P99.99: 19837.50
------------------------------------------------------
[       0,       1 ]     2514   0.003%   0.003% 
(       1,       2 ]    12488   0.014%   0.017% 
(       2,       3 ]    31520   0.035%   0.052% 
(       3,       4 ]   102452   0.114%   0.166% 
(       4,       6 ]  1076625   1.196%   1.362% 
(       6,      10 ]  4918934   5.465%   6.827% #
(      10,      15 ] 11277912  12.531%  19.358% ###
(      15,      22 ] 12938832  14.376%  33.735% ###
(      22,      34 ]  7194388   7.994%  41.729% ##
(      34,      51 ]  2726201   3.029%  44.758% #
(      51,      76 ]   405791   0.451%  45.209% 
(      76,     110 ]  2984015   3.316%  48.524% #
(     110,     170 ] 28811815  32.013%  80.537% ######
(     170,     250 ]  9265529  10.295%  90.832% ##
(     250,     380 ]  5852693   6.503%  97.335% #
(     380,     580 ]  1996905   2.219%  99.554% 
(     580,     870 ]   205677   0.229%  99.783% 
(     870,    1300 ]    36828   0.041%  99.823% 
(    1300,    1900 ]    23532   0.026%  99.850% 
(    1900,    2900 ]    34582   0.038%  99.888% 
(    2900,    4400 ]    26603   0.030%  99.918% 
(    4400,    6600 ]    21007   0.023%  99.941% 
(    6600,    9900 ]    25922   0.029%  99.970% 
(    9900,   14000 ]     8293   0.009%  99.979% 
(   14000,   22000 ]    13625   0.015%  99.994% 
(   22000,   33000 ]     4117   0.005%  99.999% 
(   33000,   50000 ]      574   0.001%  99.999% 
(   50000,   75000 ]      217   0.000% 100.000% 
(   75000,  110000 ]      211   0.000% 100.000% 
(  110000,  170000 ]      163   0.000% 100.000% 
(  170000,  250000 ]       19   0.000% 100.000% 
(  250000,  380000 ]        8   0.000% 100.000% 
(  380000,  570000 ]        8   0.000% 100.000% 


                               Compactions
Level Time(sec) Read(MB) Write(MB)
--------------------------------------------------
  0    171.29     0.00  21913.52
  1    115.18 20882.11  20681.28
  2    928.63 136553.55 123672.47
BucketCount: 730
WriteAmplification: 7.5874

seq# 1210000001, log# 4, min log#0, file# 92902
