./kv/release/tests/db/kv_bench --cache_size=8388608 --logpath=/mnt/ssd --db=/mnt/nvm/kv_ycsb --threads=8 --open_files=40000 --num=1200000000 --range=1200000000 --reads=2000000 --partition=100 --write_buffer_size=2097152 --batch_size=1000 --stats_interval=1000000 --bloom_bits=16 --low_pool=3 --high_pool=3 --value_size=100 --direct_io=false --histogram=true --log=true --skiplistrep=true --benchmarks=loadreverse,ycsba,ycsbb,ycsbc,ycsbf,ycsbd,ycsbe,stats --ycsb_ops_num=8000000 --seek_nexts=100 --use_existing_db=true --print_wa=true --log_dio=true --hugepage=true 
Bench num: 1200000000, range: 1200000000
Keys:       16 bytes each
Values:     100 bytes each (50 bytes after compression)
Entries:    1200000000
RawSize:    132751.5 MB (estimated)
FileSize:   75531.0 MB (estimated)
WARNING: Snappy compression is not enabled
------------------------------------------------
Write buffer: 2048.00 KB. Compression: 0. 
Restore 177 pivots
Recover seq# 1210000000, log# 2, min log#0, file# 91340
using restored pivots
Log_Recover_Time, 0.0000, BucketCount, 177 , Log_size, 0.0 ,MB
loadreverse  : 159631146.000 micros/op 0 ops/sec;
Microseconds per op:
Count: 0 Average: 0.0000  StdDev: 0.00
Min: 0  Median: 0.0000  Max: 0
Percentiles: P50: 0.00 P75: 0.00 P99: 0.00 P99.9: 0.00 P99.99: 0.00
------------------------------------------------------

2020/01/08-14:49:12  ... thread 1: (1000000,1000000) ops and (10033.5,10033.5) ops/second in (99.666441,99.666441) seconds
2020/01/08-14:49:12  ... thread 4: (1000000,1000000) ops and (9762.3,9762.3) ops/second in (102.435256,102.435256) seconds
2020/01/08-14:49:12  ... thread 0: (1000000,1000000) ops and (10030.2,10030.2) ops/second in (99.698745,99.698745) seconds
2020/01/08-14:49:12  ... thread 6: (1000000,1000000) ops and (9987.0,9987.0) ops/second in (100.130109,100.130109) seconds
2020/01/08-14:49:12  ... thread 7: (1000000,1000000) ops and (9828.7,9828.7) ops/second in (101.742969,101.742969) seconds
2020/01/08-14:49:13  ... thread 2: (1000000,1000000) ops and (9986.5,9986.5) ops/second in (100.135315,100.135315) seconds
2020/01/08-14:49:13  ... thread 5: (1000000,1000000) ops and (9964.6,9964.6) ops/second in (100.355329,100.355329) seconds
2020/01/08-14:49:13  ... thread 3: (1000000,1000000) ops and (9836.2,9836.2) ops/second in (101.665097,101.665097) seconds
2020/01/08-14:50:32  ... thread 1: (1000000,2000000) ops and (12517.2,11138.5) ops/second in (79.890301,179.556742) seconds
2020/01/08-14:50:32  ... thread 6: (1000000,2000000) ops and (12514.4,11108.8) ops/second in (79.908108,180.038217) seconds
2020/01/08-14:50:32  ... thread 7: (1000000,2000000) ops and (12481.1,10997.2) ops/second in (80.121298,181.864267) seconds
2020/01/08-14:50:32  ... thread 0: (1000000,2000000) ops and (12458.1,11113.1) ops/second in (80.269303,179.968048) seconds
2020/01/08-14:50:33  ... thread 4: (1000000,2000000) ops and (12400.9,10924.5) ops/second in (80.639349,183.074605) seconds
2020/01/08-14:50:33  ... thread 2: (1000000,2000000) ops and (12471.3,11091.4) ops/second in (80.184356,180.319671) seconds
2020/01/08-14:50:33  ... thread 5: (1000000,2000000) ops and (12452.9,11070.6) ops/second in (80.302865,180.658194) seconds
2020/01/08-14:50:34  ... thread 3: (1000000,2000000) ops and (12354.4,10952.4) ops/second in (80.942878,182.607975) seconds
2020/01/08-14:51:45  ... thread 0: (1000000,3000000) ops and (13689.2,11856.8) ops/second in (73.050407,253.018455) seconds
2020/01/08-14:51:45  ... thread 6: (1000000,3000000) ops and (13625.4,11837.6) ops/second in (73.392460,253.430677) seconds
2020/01/08-14:51:46  ... thread 7: (1000000,3000000) ops and (13662.5,11762.1) ops/second in (73.192949,255.057216) seconds
2020/01/08-14:51:46  ... thread 1: (1000000,3000000) ops and (13571.8,11846.5) ops/second in (73.682141,253.238883) seconds
2020/01/08-14:51:46  ... thread 2: (1000000,3000000) ops and (13701.6,11843.5) ops/second in (72.984042,253.303713) seconds
2020/01/08-14:51:46  ... thread 4: (1000000,3000000) ops and (13656.7,11705.1) ops/second in (73.224006,256.298611) seconds
2020/01/08-14:51:46  ... thread 5: (1000000,3000000) ops and (13642.2,11812.9) ops/second in (73.302109,253.960303) seconds
2020/01/08-14:51:47  ... thread 3: (1000000,3000000) ops and (13666.4,11728.8) ops/second in (73.172279,255.780254) seconds
2020/01/08-14:52:56  ... thread 0: (1000000,4000000) ops and (14203.3,12367.6) ops/second in (70.406249,323.424704) seconds
2020/01/08-14:52:56  ... thread 6: (1000000,4000000) ops and (14190.2,12349.4) ops/second in (70.471142,323.901819) seconds
2020/01/08-14:52:56  ... thread 7: (1000000,4000000) ops and (14172.0,12284.3) ops/second in (70.561909,325.619125) seconds
2020/01/08-14:52:57  ... thread 4: (1000000,4000000) ops and (14184.8,12240.0) ops/second in (70.498005,326.796616) seconds
2020/01/08-14:52:57  ... thread 2: (1000000,4000000) ops and (14144.0,12345.5) ops/second in (70.701287,324.005000) seconds
2020/01/08-14:52:57  ... thread 1: (1000000,4000000) ops and (14104.6,12340.4) ops/second in (70.899017,324.137900) seconds
2020/01/08-14:52:57  ... thread 5: (1000000,4000000) ops and (14140.9,12319.9) ops/second in (70.716846,324.677149) seconds
2020/01/08-14:52:58  ... thread 3: (1000000,4000000) ops and (14135.2,12250.2) ops/second in (70.745463,326.525717) seconds
2020/01/08-14:54:11  ... thread 0: (1000000,5000000) ops and (13371.8,12556.2) ops/second in (74.784057,398.208761) seconds
2020/01/08-14:54:11  ... thread 6: (1000000,5000000) ops and (13349.7,12537.3) ops/second in (74.907913,398.809732) seconds
2020/01/08-14:54:11  ... thread 7: (1000000,5000000) ops and (13316.7,12477.8) ops/second in (75.093782,400.712907) seconds
2020/01/08-14:54:11  ... thread 2: (1000000,5000000) ops and (13373.1,12538.2) ops/second in (74.776867,398.781867) seconds
2020/01/08-14:54:11  ... thread 4: (1000000,5000000) ops and (13365.9,12449.8) ops/second in (74.817316,401.613932) seconds
2020/01/08-14:54:11  ... thread 1: (1000000,5000000) ops and (13379.9,12535.2) ops/second in (74.739028,398.876928) seconds
2020/01/08-14:54:12  ... thread 5: (1000000,5000000) ops and (13396.5,12521.2) ops/second in (74.646130,399.323279) seconds
2020/01/08-14:54:12  ... thread 3: (1000000,5000000) ops and (13446.9,12472.2) ops/second in (74.366336,400.892053) seconds
2020/01/08-14:55:28  ... thread 0: (1000000,6000000) ops and (12991.0,12626.7) ops/second in (76.976264,475.185025) seconds
2020/01/08-14:55:28  ... thread 6: (1000000,6000000) ops and (12987.3,12610.1) ops/second in (76.998058,475.807790) seconds
2020/01/08-14:55:28  ... thread 7: (1000000,6000000) ops and (13030.6,12566.6) ops/second in (76.742657,477.455564) seconds
2020/01/08-14:55:28  ... thread 1: (1000000,6000000) ops and (13029.1,12614.9) ops/second in (76.751489,475.628417) seconds
2020/01/08-14:55:28  ... thread 4: (1000000,6000000) ops and (13002.1,12538.5) ops/second in (76.910740,478.524672) seconds
2020/01/08-14:55:28  ... thread 2: (1000000,6000000) ops and (12973.5,12608.7) ops/second in (77.080327,475.862194) seconds
2020/01/08-14:55:29  ... thread 5: (1000000,6000000) ops and (12960.1,12592.3) ops/second in (77.159660,476.482939) seconds
2020/01/08-14:55:29  ... thread 3: (1000000,6000000) ops and (12985.1,12554.8) ops/second in (77.011434,477.903487) seconds
2020/01/08-14:56:46  ... thread 6: (1000000,7000000) ops and (12745.6,12629.3) ops/second in (78.458315,554.266105) seconds
2020/01/08-14:56:46  ... thread 0: (1000000,7000000) ops and (12705.8,12637.9) ops/second in (78.704230,553.889255) seconds
2020/01/08-14:56:46  ... thread 7: (1000000,7000000) ops and (12744.0,12591.7) ops/second in (78.468140,555.923704) seconds
2020/01/08-14:56:46  ... thread 1: (1000000,7000000) ops and (12753.8,12634.6) ops/second in (78.407762,554.036179) seconds
2020/01/08-14:56:47  ... thread 2: (1000000,7000000) ops and (12713.8,12623.6) ops/second in (78.654824,554.517018) seconds
2020/01/08-14:56:47  ... thread 4: (1000000,7000000) ops and (12669.3,12557.1) ops/second in (78.930851,557.455523) seconds
2020/01/08-14:56:48  ... thread 5: (1000000,7000000) ops and (12626.7,12597.2) ops/second in (79.197011,555.679950) seconds
2020/01/08-14:56:48  ... thread 3: (1000000,7000000) ops and (12655.1,12569.1) ops/second in (79.019796,556.923283) seconds
2020/01/08-14:58:04  ... thread 6: (1000000,8000000) ops and (12817.9,12652.6) ops/second in (78.015856,632.281961) seconds
2020/01/08-14:58:05  ... thread 0: (1000000,8000000) ops and (12776.0,12655.0) ops/second in (78.271573,632.160828) seconds
2020/01/08-14:58:05  ... thread 1: (1000000,8000000) ops and (12772.0,12651.6) ops/second in (78.296088,632.332267) seconds
2020/01/08-14:58:05  ... thread 7: (1000000,8000000) ops and (12746.4,12610.8) ops/second in (78.453801,634.377505) seconds
2020/01/08-14:58:05  ... thread 2: (1000000,8000000) ops and (12796.3,12644.9) ops/second in (78.147344,632.664362) seconds
2020/01/08-14:58:06  ... thread 4: (1000000,8000000) ops and (12761.7,12582.3) ops/second in (78.359212,635.814735) seconds
2020/01/08-14:58:06  ... thread 5: (1000000,8000000) ops and (12807.2,12623.0) ops/second in (78.081306,633.761256) seconds
2020/01/08-14:58:07  ... thread 3: (1000000,8000000) ops and (12762.1,12592.9) ops/second in (78.356796,635.280079) seconds
ycsba        :       9.696 micros/op 103138 ops/sec;   11.4 MB/s (3999883 of 8000000 found)
Microseconds per op:
Count: 64000000 Average: 79.1980  StdDev: 65.84
Min: 1  Median: 18.2030  Max: 157884
Percentiles: P50: 18.20 P75: 135.43 P99: 349.63 P99.9: 1345.18 P99.99: 21223.31
------------------------------------------------------
[       0,       1 ]      160   0.000%   0.000% 
(       1,       2 ]     7188   0.011%   0.011% 
(       2,       3 ]   211662   0.331%   0.342% 
(       3,       4 ]  1904306   2.975%   3.318% #
(       4,       6 ]  7809951  12.203%  15.521% ##
(       6,      10 ] 11078415  17.310%  32.831% ###
(      10,      15 ]  7649746  11.953%  44.783% ##
(      15,      22 ]  7296254  11.400%  56.184% ##
(      22,      34 ]  3351293   5.236%  61.420% #
(      34,      51 ]  1460907   2.283%  63.703% 
(      51,      76 ]   197236   0.308%  64.011% 
(      76,     110 ]   669486   1.046%  65.057% 
(     110,     170 ] 15016154  23.463%  88.520% #####
(     170,     250 ]  5847238   9.136%  97.656% ##
(     250,     380 ]  1122110   1.753%  99.410% 
(     380,     580 ]   233413   0.365%  99.774% 
(     580,     870 ]    63429   0.099%  99.873% 
(     870,    1300 ]    16321   0.026%  99.899% 
(    1300,    1900 ]     9708   0.015%  99.914% 
(    1900,    2900 ]    11703   0.018%  99.932% 
(    2900,    4400 ]     8506   0.013%  99.946% 
(    4400,    6600 ]     4154   0.006%  99.952% 
(    6600,    9900 ]     4723   0.007%  99.959% 
(    9900,   14000 ]     3764   0.006%  99.965% 
(   14000,   22000 ]    17469   0.027%  99.993% 
(   22000,   33000 ]     3580   0.006%  99.998% 
(   33000,   50000 ]      511   0.001%  99.999% 
(   50000,   75000 ]      205   0.000%  99.999% 
(   75000,  110000 ]      380   0.001% 100.000% 
(  110000,  170000 ]       28   0.000% 100.000% 

2020/01/08-15:01:21  ... thread 7: (1000000,1000000) ops and (8897.7,8897.7) ops/second in (112.388506,112.388506) seconds
2020/01/08-15:01:21  ... thread 4: (1000000,1000000) ops and (8833.4,8833.4) ops/second in (113.206437,113.206437) seconds
2020/01/08-15:01:22  ... thread 3: (1000000,1000000) ops and (8865.5,8865.5) ops/second in (112.796674,112.796674) seconds
2020/01/08-15:01:22  ... thread 5: (1000000,1000000) ops and (8809.3,8809.3) ops/second in (113.516010,113.516010) seconds
2020/01/08-15:01:22  ... thread 1: (1000000,1000000) ops and (8841.9,8841.9) ops/second in (113.097902,113.097902) seconds
2020/01/08-15:01:22  ... thread 0: (1000000,1000000) ops and (8855.0,8855.0) ops/second in (112.930041,112.930041) seconds
2020/01/08-15:01:23  ... thread 6: (1000000,1000000) ops and (8808.8,8808.8) ops/second in (113.523099,113.523099) seconds
2020/01/08-15:01:23  ... thread 2: (1000000,1000000) ops and (8764.2,8764.2) ops/second in (114.099909,114.099909) seconds
2020/01/08-15:03:15  ... thread 4: (1000000,2000000) ops and (8789.5,8811.4) ops/second in (113.772737,226.979174) seconds
2020/01/08-15:03:15  ... thread 7: (1000000,2000000) ops and (8748.9,8822.7) ops/second in (114.300386,226.688892) seconds
2020/01/08-15:03:16  ... thread 0: (1000000,2000000) ops and (8799.8,8827.3) ops/second in (113.638746,226.568787) seconds
2020/01/08-15:03:16  ... thread 5: (1000000,2000000) ops and (8745.1,8777.1) ops/second in (114.349400,227.865410) seconds
2020/01/08-15:03:16  ... thread 3: (1000000,2000000) ops and (8715.7,8789.9) ops/second in (114.736029,227.532703) seconds
2020/01/08-15:03:18  ... thread 1: (1000000,2000000) ops and (8643.6,8741.6) ops/second in (115.692910,228.790812) seconds
2020/01/08-15:03:19  ... thread 6: (1000000,2000000) ops and (8645.8,8726.5) ops/second in (115.663577,229.186676) seconds
2020/01/08-15:03:19  ... thread 2: (1000000,2000000) ops and (8641.7,8702.5) ops/second in (115.718008,229.817917) seconds
2020/01/08-15:05:09  ... thread 4: (1000000,3000000) ops and (8766.6,8796.4) ops/second in (114.069064,341.048238) seconds
2020/01/08-15:05:10  ... thread 7: (1000000,3000000) ops and (8704.4,8782.9) ops/second in (114.884825,341.573717) seconds
2020/01/08-15:05:10  ... thread 0: (1000000,3000000) ops and (8763.3,8805.9) ops/second in (114.112454,340.681241) seconds
2020/01/08-15:05:11  ... thread 3: (1000000,3000000) ops and (8747.3,8775.7) ops/second in (114.321121,341.853824) seconds
2020/01/08-15:05:11  ... thread 5: (1000000,3000000) ops and (8683.7,8745.8) ops/second in (115.158305,343.023715) seconds
2020/01/08-15:05:14  ... thread 1: (1000000,3000000) ops and (8618.2,8700.1) ops/second in (116.032838,344.823650) seconds
2020/01/08-15:05:14  ... thread 6: (1000000,3000000) ops and (8661.8,8704.8) ops/second in (115.449047,344.635723) seconds
2020/01/08-15:05:15  ... thread 2: (1000000,3000000) ops and (8621.7,8675.4) ops/second in (115.987054,345.804971) seconds
2020/01/08-15:07:03  ... thread 4: (1000000,4000000) ops and (8750.0,8784.8) ops/second in (114.286077,455.334315) seconds
2020/01/08-15:07:05  ... thread 0: (1000000,4000000) ops and (8730.1,8786.8) ops/second in (114.546786,455.228027) seconds
2020/01/08-15:07:06  ... thread 7: (1000000,4000000) ops and (8653.4,8750.1) ops/second in (115.561311,457.135028) seconds
2020/01/08-15:07:06  ... thread 3: (1000000,4000000) ops and (8671.1,8749.3) ops/second in (115.325682,457.179506) seconds
2020/01/08-15:07:07  ... thread 5: (1000000,4000000) ops and (8652.8,8722.3) ops/second in (115.569751,458.593466) seconds
2020/01/08-15:07:09  ... thread 6: (1000000,4000000) ops and (8697.7,8703.1) ops/second in (114.972310,459.608033) seconds
2020/01/08-15:07:10  ... thread 1: (1000000,4000000) ops and (8597.2,8674.1) ops/second in (116.317556,461.141206) seconds
2020/01/08-15:07:10  ... thread 2: (1000000,4000000) ops and (8668.8,8673.8) ops/second in (115.355813,461.160784) seconds
2020/01/08-15:08:58  ... thread 4: (1000000,5000000) ops and (8736.7,8775.1) ops/second in (114.460269,569.794584) seconds
2020/01/08-15:09:00  ... thread 0: (1000000,5000000) ops and (8653.5,8759.8) ops/second in (115.559703,570.787730) seconds
2020/01/08-15:09:02  ... thread 7: (1000000,5000000) ops and (8627.2,8725.3) ops/second in (115.912568,573.047596) seconds
2020/01/08-15:09:02  ... thread 3: (1000000,5000000) ops and (8619.0,8722.9) ops/second in (116.022877,573.202383) seconds
2020/01/08-15:09:03  ... thread 5: (1000000,5000000) ops and (8595.6,8696.7) ops/second in (116.338399,574.931865) seconds
2020/01/08-15:09:04  ... thread 6: (1000000,5000000) ops and (8722.7,8707.0) ops/second in (114.643008,574.251041) seconds
2020/01/08-15:09:05  ... thread 2: (1000000,5000000) ops and (8706.3,8680.3) ops/second in (114.858917,576.019701) seconds
2020/01/08-15:09:06  ... thread 1: (1000000,5000000) ops and (8652.9,8669.9) ops/second in (115.567806,576.709012) seconds
2020/01/08-15:10:52  ... thread 4: (1000000,6000000) ops and (8733.7,8768.2) ops/second in (114.498859,684.293443) seconds
2020/01/08-15:10:56  ... thread 0: (1000000,6000000) ops and (8670.7,8744.8) ops/second in (115.331436,686.119166) seconds
2020/01/08-15:10:57  ... thread 3: (1000000,6000000) ops and (8709.7,8720.7) ops/second in (114.813908,688.016291) seconds
2020/01/08-15:10:58  ... thread 7: (1000000,6000000) ops and (8614.5,8706.6) ops/second in (116.082946,689.130542) seconds
2020/01/08-15:10:58  ... thread 5: (1000000,6000000) ops and (8701.0,8697.4) ops/second in (114.929788,689.861653) seconds
2020/01/08-15:10:58  ... thread 6: (1000000,6000000) ops and (8726.5,8710.2) ops/second in (114.594035,688.845076) seconds
2020/01/08-15:11:01  ... thread 2: (1000000,6000000) ops and (8643.5,8674.1) ops/second in (115.693756,691.713457) seconds
2020/01/08-15:11:01  ... thread 1: (1000000,6000000) ops and (8671.4,8670.1) ops/second in (115.321209,692.030221) seconds
2020/01/08-15:12:47  ... thread 4: (1000000,7000000) ops and (8735.1,8763.4) ops/second in (114.480154,798.773597) seconds
2020/01/08-15:12:51  ... thread 0: (1000000,7000000) ops and (8628.5,8728.0) ops/second in (115.895499,802.014665) seconds
2020/01/08-15:12:52  ... thread 3: (1000000,7000000) ops and (8720.6,8720.7) ops/second in (114.671346,802.687637) seconds
2020/01/08-15:12:53  ... thread 7: (1000000,7000000) ops and (8685.7,8703.6) ops/second in (115.131940,804.262482) seconds
2020/01/08-15:12:53  ... thread 5: (1000000,7000000) ops and (8679.0,8694.8) ops/second in (115.220966,805.082619) seconds
2020/01/08-15:12:54  ... thread 6: (1000000,7000000) ops and (8665.0,8703.7) ops/second in (115.406649,804.251725) seconds
2020/01/08-15:12:56  ... thread 2: (1000000,7000000) ops and (8694.4,8677.0) ops/second in (115.015995,806.729452) seconds
2020/01/08-15:12:57  ... thread 1: (1000000,7000000) ops and (8629.7,8664.3) ops/second in (115.878567,807.908788) seconds
2020/01/08-15:14:41  ... thread 4: (1000000,8000000) ops and (8771.1,8764.4) ops/second in (114.010733,912.784330) seconds
2020/01/08-15:14:46  ... thread 3: (1000000,8000000) ops and (8755.9,8725.1) ops/second in (114.209348,916.896985) seconds
2020/01/08-15:14:47  ... thread 0: (1000000,8000000) ops and (8638.8,8716.8) ops/second in (115.757377,917.772042) seconds
2020/01/08-15:14:48  ... thread 5: (1000000,8000000) ops and (8751.1,8701.8) ops/second in (114.271893,919.354512) seconds
2020/01/08-15:14:48  ... thread 7: (1000000,8000000) ops and (8682.5,8701.0) ops/second in (115.174307,919.436789) seconds
2020/01/08-15:14:49  ... thread 6: (1000000,8000000) ops and (8642.1,8696.0) ops/second in (115.712162,919.963887) seconds
2020/01/08-15:14:51  ... thread 1: (1000000,8000000) ops and (8755.5,8675.6) ops/second in (114.213434,922.122222) seconds
2020/01/08-15:14:51  ... thread 2: (1000000,8000000) ops and (8661.5,8675.1) ops/second in (115.453727,922.183179) seconds
ycsbb        :      14.430 micros/op 69298 ops/sec;    7.7 MB/s (7599806 of 8000000 found)
Microseconds per op:
Count: 64000000 Average: 114.8518  StdDev: 50.94
Min: 1  Median: 128.6233  Max: 29889
Percentiles: P50: 128.62 P75: 159.61 P99: 344.53 P99.9: 578.54 P99.99: 1264.02
------------------------------------------------------
[       0,       1 ]      275   0.000%   0.000% 
(       1,       2 ]    11022   0.017%   0.018% 
(       2,       3 ]    51283   0.080%   0.098% 
(       3,       4 ]    86319   0.135%   0.233% 
(       4,       6 ]   276027   0.431%   0.664% 
(       6,      10 ]  1659267   2.593%   3.257% #
(      10,      15 ]  4067618   6.356%   9.612% #
(      15,      22 ]  6635435  10.368%  19.980% ##
(      22,      34 ]  4537308   7.090%  27.070% #
(      34,      51 ]  1880194   2.938%  30.007% #
(      51,      76 ]   148021   0.231%  30.239% 
(      76,     110 ]  3029535   4.734%  34.972% #
(     110,     170 ] 30985985  48.416%  83.388% ##########
(     170,     250 ]  8995937  14.056%  97.444% ###
(     250,     380 ]  1369421   2.140%  99.584% 
(     380,     580 ]   203845   0.319%  99.902% 
(     580,     870 ]    49482   0.077%  99.980% 
(     870,    1300 ]     7231   0.011%  99.991% 
(    1300,    1900 ]     2053   0.003%  99.994% 
(    1900,    2900 ]     2589   0.004%  99.998% 
(    2900,    4400 ]      546   0.001%  99.999% 
(    4400,    6600 ]      415   0.001% 100.000% 
(    6600,    9900 ]       26   0.000% 100.000% 
(    9900,   14000 ]       18   0.000% 100.000% 
(   14000,   22000 ]       94   0.000% 100.000% 
(   22000,   33000 ]       54   0.000% 100.000% 

2020/01/08-15:18:11  ... thread 2: (1000000,1000000) ops and (8266.3,8266.3) ops/second in (120.973590,120.973590) seconds
2020/01/08-15:18:12  ... thread 6: (1000000,1000000) ops and (8204.8,8204.8) ops/second in (121.879455,121.879455) seconds
2020/01/08-15:18:12  ... thread 3: (1000000,1000000) ops and (8287.3,8287.3) ops/second in (120.666091,120.666091) seconds
2020/01/08-15:18:13  ... thread 0: (1000000,1000000) ops and (8277.3,8277.3) ops/second in (120.812770,120.812770) seconds
2020/01/08-15:18:14  ... thread 1: (1000000,1000000) ops and (8204.3,8204.3) ops/second in (121.886582,121.886582) seconds
2020/01/08-15:18:14  ... thread 5: (1000000,1000000) ops and (8186.8,8186.8) ops/second in (122.147948,122.147948) seconds
2020/01/08-15:18:14  ... thread 4: (1000000,1000000) ops and (8182.3,8182.3) ops/second in (122.215694,122.215694) seconds
2020/01/08-15:18:14  ... thread 7: (1000000,1000000) ops and (8188.7,8188.7) ops/second in (122.118824,122.118824) seconds
2020/01/08-15:20:12  ... thread 2: (1000000,2000000) ops and (8287.5,8276.9) ops/second in (120.663937,241.637527) seconds
2020/01/08-15:20:13  ... thread 6: (1000000,2000000) ops and (8283.7,8244.1) ops/second in (120.719012,242.598467) seconds
2020/01/08-15:20:13  ... thread 3: (1000000,2000000) ops and (8284.3,8285.8) ops/second in (120.710207,241.376298) seconds
2020/01/08-15:20:14  ... thread 0: (1000000,2000000) ops and (8281.8,8279.5) ops/second in (120.746455,241.559225) seconds
2020/01/08-15:20:15  ... thread 1: (1000000,2000000) ops and (8272.8,8238.4) ops/second in (120.878370,242.764952) seconds
2020/01/08-15:20:15  ... thread 5: (1000000,2000000) ops and (8276.7,8231.5) ops/second in (120.821404,242.969352) seconds
2020/01/08-15:20:15  ... thread 4: (1000000,2000000) ops and (8277.6,8229.6) ops/second in (120.808309,243.024003) seconds
2020/01/08-15:20:15  ... thread 7: (1000000,2000000) ops and (8274.4,8231.4) ops/second in (120.854534,242.973358) seconds
2020/01/08-15:22:13  ... thread 2: (1000000,3000000) ops and (8280.9,8278.2) ops/second in (120.759569,362.397096) seconds
2020/01/08-15:22:13  ... thread 3: (1000000,3000000) ops and (8305.1,8292.2) ops/second in (120.408587,361.784885) seconds
2020/01/08-15:22:14  ... thread 6: (1000000,3000000) ops and (8263.0,8250.4) ops/second in (121.020940,363.619407) seconds
2020/01/08-15:22:15  ... thread 0: (1000000,3000000) ops and (8269.3,8276.1) ops/second in (120.929371,362.488596) seconds
2020/01/08-15:22:15  ... thread 5: (1000000,3000000) ops and (8304.2,8255.6) ops/second in (120.420835,363.390187) seconds
2020/01/08-15:22:15  ... thread 4: (1000000,3000000) ops and (8302.7,8253.9) ops/second in (120.442509,363.466512) seconds
2020/01/08-15:22:16  ... thread 1: (1000000,3000000) ops and (8261.1,8246.0) ops/second in (121.048728,363.813680) seconds
2020/01/08-15:22:16  ... thread 7: (1000000,3000000) ops and (8292.9,8251.8) ops/second in (120.584805,363.558163) seconds
2020/01/08-15:24:13  ... thread 2: (1000000,4000000) ops and (8301.3,8284.0) ops/second in (120.462543,482.859639) seconds
2020/01/08-15:24:14  ... thread 6: (1000000,4000000) ops and (8302.6,8263.4) ops/second in (120.444001,484.063408) seconds
2020/01/08-15:24:14  ... thread 3: (1000000,4000000) ops and (8263.3,8285.0) ops/second in (121.016494,482.801379) seconds
2020/01/08-15:24:15  ... thread 0: (1000000,4000000) ops and (8306.1,8283.6) ops/second in (120.394142,482.882738) seconds
2020/01/08-15:24:16  ... thread 5: (1000000,4000000) ops and (8265.8,8258.1) ops/second in (120.979918,484.370105) seconds
2020/01/08-15:24:16  ... thread 1: (1000000,4000000) ops and (8299.9,8259.4) ops/second in (120.483815,484.297495) seconds
2020/01/08-15:24:16  ... thread 4: (1000000,4000000) ops and (8265.8,8256.8) ops/second in (120.980214,484.446726) seconds
2020/01/08-15:24:17  ... thread 7: (1000000,4000000) ops and (8272.8,8257.0) ops/second in (120.877862,484.436025) seconds
2020/01/08-15:26:14  ... thread 2: (1000000,5000000) ops and (8298.4,8286.9) ops/second in (120.504725,603.364364) seconds
2020/01/08-15:26:16  ... thread 3: (1000000,5000000) ops and (8258.7,8279.7) ops/second in (121.084352,603.885731) seconds
2020/01/08-15:26:16  ... thread 0: (1000000,5000000) ops and (8279.5,8282.8) ops/second in (120.780583,603.663321) seconds
2020/01/08-15:26:16  ... thread 6: (1000000,5000000) ops and (8228.7,8256.4) ops/second in (121.526133,605.589541) seconds
2020/01/08-15:26:17  ... thread 1: (1000000,5000000) ops and (8270.1,8261.5) ops/second in (120.917970,605.215465) seconds
2020/01/08-15:26:17  ... thread 4: (1000000,5000000) ops and (8276.3,8260.7) ops/second in (120.826693,605.273419) seconds
2020/01/08-15:26:18  ... thread 7: (1000000,5000000) ops and (8262.0,8258.0) ops/second in (121.035599,605.471624) seconds
2020/01/08-15:26:18  ... thread 5: (1000000,5000000) ops and (8202.3,8246.9) ops/second in (121.917279,606.287384) seconds
2020/01/08-15:28:15  ... thread 2: (1000000,6000000) ops and (8239.3,8278.9) ops/second in (121.369452,724.733816) seconds
2020/01/08-15:28:16  ... thread 0: (1000000,6000000) ops and (8295.2,8284.8) ops/second in (120.552169,724.215490) seconds
2020/01/08-15:28:16  ... thread 3: (1000000,6000000) ops and (8270.3,8278.1) ops/second in (120.915147,724.800878) seconds
2020/01/08-15:28:17  ... thread 6: (1000000,6000000) ops and (8238.2,8253.4) ops/second in (121.385792,726.975333) seconds
2020/01/08-15:28:18  ... thread 4: (1000000,6000000) ops and (8273.7,8262.9) ops/second in (120.865282,726.138701) seconds
2020/01/08-15:28:18  ... thread 1: (1000000,6000000) ops and (8246.2,8259.0) ops/second in (121.268264,726.483729) seconds
2020/01/08-15:28:18  ... thread 7: (1000000,6000000) ops and (8282.5,8262.1) ops/second in (120.736857,726.208481) seconds
2020/01/08-15:28:19  ... thread 5: (1000000,6000000) ops and (8245.8,8246.7) ops/second in (121.274560,727.561944) seconds
2020/01/08-15:30:16  ... thread 2: (1000000,7000000) ops and (8269.5,8277.6) ops/second in (120.926397,845.660213) seconds
2020/01/08-15:30:18  ... thread 0: (1000000,7000000) ops and (8235.0,8277.7) ops/second in (121.433446,845.648936) seconds
2020/01/08-15:30:18  ... thread 3: (1000000,7000000) ops and (8221.8,8270.0) ops/second in (121.628360,846.429238) seconds
2020/01/08-15:30:18  ... thread 6: (1000000,7000000) ops and (8263.7,8254.8) ops/second in (121.011116,847.986449) seconds
2020/01/08-15:30:19  ... thread 1: (1000000,7000000) ops and (8275.7,8261.4) ops/second in (120.835326,847.319055) seconds
2020/01/08-15:30:19  ... thread 4: (1000000,7000000) ops and (8245.9,8260.5) ops/second in (121.271698,847.410399) seconds
2020/01/08-15:30:20  ... thread 7: (1000000,7000000) ops and (8220.1,8256.1) ops/second in (121.653640,847.862121) seconds
2020/01/08-15:30:20  ... thread 5: (1000000,7000000) ops and (8271.9,8250.3) ops/second in (120.891765,848.453709) seconds
2020/01/08-15:32:17  ... thread 2: (1000000,8000000) ops and (8292.0,8279.4) ops/second in (120.598881,966.259094) seconds
2020/01/08-15:32:19  ... thread 3: (1000000,8000000) ops and (8284.2,8271.8) ops/second in (120.711480,967.140718) seconds
2020/01/08-15:32:19  ... thread 0: (1000000,8000000) ops and (8246.0,8273.7) ops/second in (121.270455,966.919391) seconds
2020/01/08-15:32:19  ... thread 6: (1000000,8000000) ops and (8266.7,8256.3) ops/second in (120.967795,968.954244) seconds
2020/01/08-15:32:20  ... thread 1: (1000000,8000000) ops and (8295.1,8265.6) ops/second in (120.552477,967.871532) seconds
2020/01/08-15:32:21  ... thread 4: (1000000,8000000) ops and (8248.3,8258.9) ops/second in (121.237151,968.647550) seconds
2020/01/08-15:32:21  ... thread 5: (1000000,8000000) ops and (8297.5,8256.2) ops/second in (120.518397,968.972106) seconds
2020/01/08-15:32:21  ... thread 7: (1000000,8000000) ops and (8247.1,8254.9) ops/second in (121.254637,969.116758) seconds
ycsbc        :      15.172 micros/op 65911 ops/sec;    7.3 MB/s (7999761 of 8000000 found)
Microseconds per op:
Count: 64000000 Average: 120.9981  StdDev: 50.42
Min: 1  Median: 131.9625  Max: 29596
Percentiles: P50: 131.96 P75: 160.81 P99: 343.98 P99.9: 576.65 P99.99: 1202.77
------------------------------------------------------
[       0,       1 ]      291   0.000%   0.000% 
(       1,       2 ]    12473   0.019%   0.020% 
(       2,       3 ]    55144   0.086%   0.106% 
(       3,       4 ]    73851   0.115%   0.221% 
(       4,       6 ]    74945   0.117%   0.339% 
(       6,      10 ]    52726   0.082%   0.421% 
(      10,      15 ]  2402236   3.753%   4.174% #
(      15,      22 ]  6556943  10.245%  14.420% ##
(      22,      34 ]  4845528   7.571%  21.991% ##
(      34,      51 ]  2010597   3.142%  25.132% #
(      51,      76 ]   164952   0.258%  25.390% 
(      76,     110 ]  3570350   5.579%  30.969% #
(     110,     170 ] 33274875  51.992%  82.961% ##########
(     170,     250 ]  9275861  14.494%  97.454% ###
(     250,     380 ]  1368398   2.138%  99.592% 
(     380,     580 ]   200182   0.313%  99.905% 
(     580,     870 ]    49357   0.077%  99.982% 
(     870,    1300 ]     6320   0.010%  99.992% 
(    1300,    1900 ]     1520   0.002%  99.995% 
(    1900,    2900 ]     2064   0.003%  99.998% 
(    2900,    4400 ]      406   0.001%  99.998% 
(    4400,    6600 ]      640   0.001%  99.999% 
(    6600,    9900 ]       64   0.000% 100.000% 
(    9900,   14000 ]       81   0.000% 100.000% 
(   14000,   22000 ]      139   0.000% 100.000% 
(   22000,   33000 ]       57   0.000% 100.000% 

2020/01/08-15:35:54  ... thread 3: (1000000,1000000) ops and (7600.6,7600.6) ops/second in (131.569220,131.569220) seconds
2020/01/08-15:35:55  ... thread 6: (1000000,1000000) ops and (7624.0,7624.0) ops/second in (131.164688,131.164688) seconds
2020/01/08-15:35:56  ... thread 4: (1000000,1000000) ops and (7606.5,7606.5) ops/second in (131.467058,131.467058) seconds
2020/01/08-15:35:56  ... thread 1: (1000000,1000000) ops and (7626.2,7626.2) ops/second in (131.126515,131.126515) seconds
2020/01/08-15:35:56  ... thread 7: (1000000,1000000) ops and (7630.8,7630.8) ops/second in (131.048036,131.048036) seconds
2020/01/08-15:35:56  ... thread 5: (1000000,1000000) ops and (7629.6,7629.6) ops/second in (131.068823,131.068823) seconds
2020/01/08-15:35:56  ... thread 0: (1000000,1000000) ops and (7620.6,7620.6) ops/second in (131.223926,131.223926) seconds
2020/01/08-15:35:57  ... thread 2: (1000000,1000000) ops and (7606.5,7606.5) ops/second in (131.466407,131.466407) seconds
2020/01/08-15:38:06  ... thread 3: (1000000,2000000) ops and (7609.7,7605.1) ops/second in (131.411301,262.980521) seconds
2020/01/08-15:38:07  ... thread 6: (1000000,2000000) ops and (7602.3,7613.1) ops/second in (131.539268,262.703956) seconds
2020/01/08-15:38:08  ... thread 4: (1000000,2000000) ops and (7594.1,7600.3) ops/second in (131.680936,263.147994) seconds
2020/01/08-15:38:08  ... thread 1: (1000000,2000000) ops and (7593.3,7609.8) ops/second in (131.694184,262.820699) seconds
2020/01/08-15:38:08  ... thread 5: (1000000,2000000) ops and (7582.8,7606.1) ops/second in (131.876836,262.945659) seconds
2020/01/08-15:38:08  ... thread 0: (1000000,2000000) ops and (7592.6,7606.5) ops/second in (131.707524,262.931450) seconds
2020/01/08-15:38:08  ... thread 7: (1000000,2000000) ops and (7575.4,7603.0) ops/second in (132.006894,263.054930) seconds
2020/01/08-15:38:08  ... thread 2: (1000000,2000000) ops and (7591.7,7599.1) ops/second in (131.722307,263.188714) seconds
2020/01/08-15:40:16  ... thread 3: (1000000,3000000) ops and (7687.7,7632.4) ops/second in (130.078585,393.059106) seconds
2020/01/08-15:40:16  ... thread 6: (1000000,3000000) ops and (7717.0,7647.4) ops/second in (129.584375,392.288331) seconds
2020/01/08-15:40:17  ... thread 4: (1000000,3000000) ops and (7715.0,7638.1) ops/second in (129.618261,392.766255) seconds
2020/01/08-15:40:18  ... thread 1: (1000000,3000000) ops and (7700.0,7639.6) ops/second in (129.869940,392.690639) seconds
2020/01/08-15:40:18  ... thread 7: (1000000,3000000) ops and (7728.8,7644.5) ops/second in (129.385979,392.440909) seconds
2020/01/08-15:40:18  ... thread 5: (1000000,3000000) ops and (7722.7,7644.6) ops/second in (129.488476,392.434135) seconds
2020/01/08-15:40:18  ... thread 0: (1000000,3000000) ops and (7711.1,7641.1) ops/second in (129.683775,392.615225) seconds
2020/01/08-15:40:18  ... thread 2: (1000000,3000000) ops and (7701.3,7632.9) ops/second in (129.848194,393.036908) seconds
2020/01/08-15:42:24  ... thread 3: (1000000,4000000) ops and (7778.7,7668.5) ops/second in (128.556824,521.615930) seconds
2020/01/08-15:42:24  ... thread 6: (1000000,4000000) ops and (7804.1,7686.0) ops/second in (128.136969,520.425300) seconds
2020/01/08-15:42:26  ... thread 4: (1000000,4000000) ops and (7785.4,7674.4) ops/second in (128.445017,521.211272) seconds
2020/01/08-15:42:26  ... thread 5: (1000000,4000000) ops and (7795.5,7681.8) ops/second in (128.279157,520.713292) seconds
2020/01/08-15:42:26  ... thread 1: (1000000,4000000) ops and (7762.3,7669.9) ops/second in (128.827216,521.517855) seconds
2020/01/08-15:42:26  ... thread 7: (1000000,4000000) ops and (7764.7,7674.2) ops/second in (128.787194,521.228103) seconds
2020/01/08-15:42:27  ... thread 0: (1000000,4000000) ops and (7770.8,7673.1) ops/second in (128.686240,521.301465) seconds
2020/01/08-15:42:27  ... thread 2: (1000000,4000000) ops and (7783.8,7670.0) ops/second in (128.472266,521.509174) seconds
2020/01/08-15:44:37  ... thread 6: (1000000,5000000) ops and (7571.6,7662.9) ops/second in (132.071885,652.497185) seconds
2020/01/08-15:44:37  ... thread 3: (1000000,5000000) ops and (7550.2,7644.5) ops/second in (132.446645,654.062575) seconds
2020/01/08-15:44:37  ... thread 4: (1000000,5000000) ops and (7584.2,7656.2) ops/second in (131.853668,653.064940) seconds
2020/01/08-15:44:38  ... thread 5: (1000000,5000000) ops and (7580.8,7661.4) ops/second in (131.911872,652.625164) seconds
2020/01/08-15:44:38  ... thread 1: (1000000,5000000) ops and (7605.1,7656.9) ops/second in (131.491106,653.008961) seconds
2020/01/08-15:44:38  ... thread 7: (1000000,5000000) ops and (7592.7,7657.7) ops/second in (131.705640,652.933743) seconds
2020/01/08-15:44:38  ... thread 0: (1000000,5000000) ops and (7590.5,7656.4) ops/second in (131.743420,653.044885) seconds
2020/01/08-15:44:39  ... thread 2: (1000000,5000000) ops and (7580.2,7651.9) ops/second in (131.922530,653.431704) seconds
2020/01/08-15:46:42  ... thread 6: (1000000,6000000) ops and (7977.9,7713.6) ops/second in (125.346680,777.843865) seconds
2020/01/08-15:46:42  ... thread 3: (1000000,6000000) ops and (7978.9,7698.3) ops/second in (125.331324,779.393899) seconds
2020/01/08-15:46:43  ... thread 4: (1000000,6000000) ops and (7980.8,7708.5) ops/second in (125.300926,778.365866) seconds
2020/01/08-15:46:43  ... thread 7: (1000000,6000000) ops and (7999.5,7712.7) ops/second in (125.007847,777.941590) seconds
2020/01/08-15:46:43  ... thread 5: (1000000,6000000) ops and (7967.7,7710.8) ops/second in (125.506527,778.131691) seconds
2020/01/08-15:46:43  ... thread 0: (1000000,6000000) ops and (7995.5,7710.9) ops/second in (125.069753,778.114638) seconds
2020/01/08-15:46:44  ... thread 1: (1000000,6000000) ops and (7958.0,7705.5) ops/second in (125.659058,778.668019) seconds
2020/01/08-15:46:44  ... thread 2: (1000000,6000000) ops and (7967.9,7702.8) ops/second in (125.504330,778.936034) seconds
2020/01/08-15:48:50  ... thread 6: (1000000,7000000) ops and (7779.4,7723.0) ops/second in (128.544891,906.388756) seconds
2020/01/08-15:48:50  ... thread 3: (1000000,7000000) ops and (7782.0,7710.1) ops/second in (128.501488,907.895387) seconds
2020/01/08-15:48:51  ... thread 4: (1000000,7000000) ops and (7804.9,7722.1) ops/second in (128.125176,906.491042) seconds
2020/01/08-15:48:52  ... thread 7: (1000000,7000000) ops and (7781.9,7722.5) ops/second in (128.503644,906.445234) seconds
2020/01/08-15:48:52  ... thread 0: (1000000,7000000) ops and (7794.6,7722.8) ops/second in (128.294561,906.409199) seconds
2020/01/08-15:48:52  ... thread 5: (1000000,7000000) ops and (7775.3,7719.9) ops/second in (128.612028,906.743719) seconds
2020/01/08-15:48:52  ... thread 1: (1000000,7000000) ops and (7775.5,7715.4) ops/second in (128.609602,907.277621) seconds
2020/01/08-15:48:53  ... thread 2: (1000000,7000000) ops and (7762.8,7711.3) ops/second in (128.819880,907.755914) seconds
2020/01/08-15:51:00  ... thread 6: (1000000,8000000) ops and (7709.2,7721.2) ops/second in (129.715710,1036.104466) seconds
2020/01/08-15:51:00  ... thread 3: (1000000,8000000) ops and (7710.4,7710.2) ops/second in (129.694257,1037.589644) seconds
2020/01/08-15:51:01  ... thread 4: (1000000,8000000) ops and (7702.4,7719.6) ops/second in (129.829064,1036.320106) seconds
2020/01/08-15:51:02  ... thread 7: (1000000,8000000) ops and (7693.5,7718.8) ops/second in (129.979810,1036.425044) seconds
2020/01/08-15:51:02  ... thread 5: (1000000,8000000) ops and (7706.3,7718.2) ops/second in (129.763638,1036.507357) seconds
2020/01/08-15:51:02  ... thread 0: (1000000,8000000) ops and (7681.4,7717.6) ops/second in (130.185391,1036.594590) seconds
2020/01/08-15:51:02  ... thread 1: (1000000,8000000) ops and (7699.2,7713.4) ops/second in (129.883992,1037.161613) seconds
2020/01/08-15:51:03  ... thread 2: (1000000,8000000) ops and (7689.3,7708.6) ops/second in (130.051344,1037.807258) seconds
ycsbf        :      16.255 micros/op 61518 ops/sec;    6.8 MB/s (7999781 of 8000000 found)
Microseconds per op:
Count: 64000000 Average: 129.6017  StdDev: 61.33
Min: 1  Median: 134.2280  Max: 137229
Percentiles: P50: 134.23 P75: 163.24 P99: 351.92 P99.9: 839.12 P99.99: 17867.72
------------------------------------------------------
[       0,       1 ]       77   0.000%   0.000% 
(       1,       2 ]     4402   0.007%   0.007% 
(       2,       3 ]    24821   0.039%   0.046% 
(       3,       4 ]    38231   0.060%   0.106% 
(       4,       6 ]    53157   0.083%   0.189% 
(       6,      10 ]    92926   0.145%   0.334% 
(      10,      15 ]  1114578   1.742%   2.075% 
(      15,      22 ]  5657566   8.840%  10.915% ##
(      22,      34 ]  6769107  10.577%  21.492% ##
(      34,      51 ]  2250560   3.517%  25.008% #
(      51,      76 ]   304935   0.476%  25.485% 
(      76,     110 ]  2325751   3.634%  29.119% #
(     110,     170 ] 33095312  51.711%  80.830% ##########
(     170,     250 ] 10416412  16.276%  97.106% ###
(     250,     380 ]  1546176   2.416%  99.522% 
(     380,     580 ]   199114   0.311%  99.833% 
(     580,     870 ]    47985   0.075%  99.908% 
(     870,    1300 ]    13611   0.021%  99.929% 
(    1300,    1900 ]     9553   0.015%  99.944% 
(    1900,    2900 ]    12079   0.019%  99.963% 
(    2900,    4400 ]     6358   0.010%  99.973% 
(    4400,    6600 ]     3007   0.005%  99.978% 
(    6600,    9900 ]     2281   0.004%  99.981% 
(    9900,   14000 ]     1917   0.003%  99.984% 
(   14000,   22000 ]     7620   0.012%  99.996% 
(   22000,   33000 ]     2162   0.003% 100.000% 
(   33000,   50000 ]       91   0.000% 100.000% 
(   50000,   75000 ]       22   0.000% 100.000% 
(   75000,  110000 ]       74   0.000% 100.000% 
(  110000,  170000 ]      115   0.000% 100.000% 

2020/01/08-15:54:55  ... thread 7: (1000000,1000000) ops and (8895.0,8895.0) ops/second in (112.423116,112.423116) seconds
2020/01/08-15:54:55  ... thread 3: (1000000,1000000) ops and (8918.1,8918.1) ops/second in (112.131835,112.131835) seconds
2020/01/08-15:54:56  ... thread 5: (1000000,1000000) ops and (8917.5,8917.5) ops/second in (112.138464,112.138464) seconds
2020/01/08-15:54:56  ... thread 0: (1000000,1000000) ops and (8917.3,8917.3) ops/second in (112.141547,112.141547) seconds
2020/01/08-15:54:57  ... thread 1: (1000000,1000000) ops and (8876.0,8876.0) ops/second in (112.662935,112.662935) seconds
2020/01/08-15:54:57  ... thread 4: (1000000,1000000) ops and (8871.4,8871.4) ops/second in (112.722362,112.722362) seconds
2020/01/08-15:54:58  ... thread 6: (1000000,1000000) ops and (8855.6,8855.6) ops/second in (112.922845,112.922845) seconds
2020/01/08-15:54:58  ... thread 2: (1000000,1000000) ops and (8850.6,8850.6) ops/second in (112.987156,112.987156) seconds
2020/01/08-15:56:47  ... thread 7: (1000000,2000000) ops and (8910.3,8902.6) ops/second in (112.230060,224.653176) seconds
2020/01/08-15:56:47  ... thread 3: (1000000,2000000) ops and (8921.4,8919.7) ops/second in (112.090595,224.222430) seconds
2020/01/08-15:56:48  ... thread 5: (1000000,2000000) ops and (8932.0,8924.8) ops/second in (111.956948,224.095412) seconds
2020/01/08-15:56:48  ... thread 1: (1000000,2000000) ops and (8941.6,8908.7) ops/second in (111.837324,224.500259) seconds
2020/01/08-15:56:49  ... thread 0: (1000000,2000000) ops and (8910.9,8914.1) ops/second in (112.222144,224.363691) seconds
2020/01/08-15:56:50  ... thread 4: (1000000,2000000) ops and (8905.3,8888.3) ops/second in (112.293144,225.015506) seconds
2020/01/08-15:56:50  ... thread 6: (1000000,2000000) ops and (8907.8,8881.6) ops/second in (112.261635,225.184480) seconds
2020/01/08-15:56:50  ... thread 2: (1000000,2000000) ops and (8916.6,8883.5) ops/second in (112.150096,225.137252) seconds
2020/01/08-15:58:39  ... thread 7: (1000000,3000000) ops and (8942.0,8915.7) ops/second in (111.831399,336.484575) seconds
2020/01/08-15:58:39  ... thread 3: (1000000,3000000) ops and (8926.7,8922.1) ops/second in (112.022873,336.245303) seconds
2020/01/08-15:58:40  ... thread 5: (1000000,3000000) ops and (8936.3,8928.6) ops/second in (111.903648,335.999060) seconds
2020/01/08-15:58:40  ... thread 1: (1000000,3000000) ops and (8921.1,8912.8) ops/second in (112.093249,336.593508) seconds
2020/01/08-15:58:41  ... thread 0: (1000000,3000000) ops and (8932.3,8920.2) ops/second in (111.953297,336.316988) seconds
2020/01/08-15:58:42  ... thread 4: (1000000,3000000) ops and (8922.2,8899.6) ops/second in (112.079803,337.095309) seconds
2020/01/08-15:58:42  ... thread 2: (1000000,3000000) ops and (8931.7,8899.5) ops/second in (111.960169,337.097421) seconds
2020/01/08-15:58:42  ... thread 6: (1000000,3000000) ops and (8926.2,8896.4) ops/second in (112.029892,337.214372) seconds
2020/01/08-16:00:30  ... thread 7: (1000000,4000000) ops and (8954.4,8925.4) ops/second in (111.676695,448.161270) seconds
2020/01/08-16:00:31  ... thread 3: (1000000,4000000) ops and (8942.0,8927.0) ops/second in (111.831873,448.077176) seconds
2020/01/08-16:00:32  ... thread 5: (1000000,4000000) ops and (8938.8,8931.1) ops/second in (111.871815,447.870875) seconds
2020/01/08-16:00:32  ... thread 1: (1000000,4000000) ops and (8942.7,8920.3) ops/second in (111.823139,448.416647) seconds
2020/01/08-16:00:33  ... thread 0: (1000000,4000000) ops and (8936.2,8924.2) ops/second in (111.903862,448.220850) seconds
2020/01/08-16:00:33  ... thread 6: (1000000,4000000) ops and (8962.5,8912.8) ops/second in (111.576512,448.790884) seconds
2020/01/08-16:00:34  ... thread 4: (1000000,4000000) ops and (8945.2,8910.9) ops/second in (111.791674,448.886983) seconds
2020/01/08-16:00:34  ... thread 2: (1000000,4000000) ops and (8935.1,8908.4) ops/second in (111.917915,449.015336) seconds
2020/01/08-16:02:22  ... thread 7: (1000000,5000000) ops and (8941.9,8928.7) ops/second in (111.832747,559.994017) seconds
2020/01/08-16:02:23  ... thread 3: (1000000,5000000) ops and (8948.7,8931.4) ops/second in (111.747645,559.824821) seconds
2020/01/08-16:02:24  ... thread 5: (1000000,5000000) ops and (8936.3,8932.2) ops/second in (111.903759,559.774634) seconds
2020/01/08-16:02:24  ... thread 1: (1000000,5000000) ops and (8935.2,8923.3) ops/second in (111.917062,560.333709) seconds
2020/01/08-16:02:24  ... thread 0: (1000000,5000000) ops and (8943.4,8928.0) ops/second in (111.814755,560.035605) seconds
2020/01/08-16:02:25  ... thread 6: (1000000,5000000) ops and (8938.4,8917.9) ops/second in (111.876976,560.667860) seconds
2020/01/08-16:02:25  ... thread 4: (1000000,5000000) ops and (8939.3,8916.6) ops/second in (111.865750,560.752733) seconds
2020/01/08-16:02:26  ... thread 2: (1000000,5000000) ops and (8937.4,8914.2) ops/second in (111.889933,560.905269) seconds
2020/01/08-16:04:14  ... thread 7: (1000000,6000000) ops and (8952.1,8932.6) ops/second in (111.705636,671.699653) seconds
2020/01/08-16:04:14  ... thread 3: (1000000,6000000) ops and (8945.4,8933.7) ops/second in (111.788723,671.613544) seconds
2020/01/08-16:04:15  ... thread 5: (1000000,6000000) ops and (8951.3,8935.4) ops/second in (111.715141,671.489775) seconds
2020/01/08-16:04:16  ... thread 1: (1000000,6000000) ops and (8950.5,8927.8) ops/second in (111.725292,672.059001) seconds
2020/01/08-16:04:16  ... thread 0: (1000000,6000000) ops and (8954.3,8932.4) ops/second in (111.678648,671.714253) seconds
2020/01/08-16:04:17  ... thread 4: (1000000,6000000) ops and (8961.3,8924.0) ops/second in (111.590539,672.343272) seconds
2020/01/08-16:04:17  ... thread 6: (1000000,6000000) ops and (8948.9,8923.1) ops/second in (111.745257,672.413117) seconds
2020/01/08-16:04:17  ... thread 2: (1000000,6000000) ops and (8947.9,8919.8) ops/second in (111.758124,672.663393) seconds
2020/01/08-16:06:06  ... thread 7: (1000000,7000000) ops and (8949.9,8935.0) ops/second in (111.733144,783.432797) seconds
2020/01/08-16:06:06  ... thread 3: (1000000,7000000) ops and (8951.2,8936.2) ops/second in (111.717175,783.330719) seconds
2020/01/08-16:06:07  ... thread 5: (1000000,7000000) ops and (8951.1,8937.6) ops/second in (111.717554,783.207329) seconds
2020/01/08-16:06:08  ... thread 1: (1000000,7000000) ops and (8949.1,8930.8) ops/second in (111.742990,783.801991) seconds
2020/01/08-16:06:08  ... thread 0: (1000000,7000000) ops and (8942.2,8933.8) ops/second in (111.829420,783.543673) seconds
2020/01/08-16:06:09  ... thread 6: (1000000,7000000) ops and (8951.5,8927.1) ops/second in (111.713117,784.126234) seconds
2020/01/08-16:06:09  ... thread 4: (1000000,7000000) ops and (8944.6,8927.0) ops/second in (111.798673,784.141945) seconds
2020/01/08-16:06:09  ... thread 2: (1000000,7000000) ops and (8936.2,8922.1) ops/second in (111.904966,784.568359) seconds
2020/01/08-16:07:57  ... thread 7: (1000000,8000000) ops and (8949.5,8936.8) ops/second in (111.738281,895.171078) seconds
2020/01/08-16:07:58  ... thread 3: (1000000,8000000) ops and (8961.5,8939.4) ops/second in (111.588060,894.918779) seconds
2020/01/08-16:07:59  ... thread 5: (1000000,8000000) ops and (8971.1,8941.8) ops/second in (111.469044,894.676373) seconds
2020/01/08-16:07:59  ... thread 1: (1000000,8000000) ops and (8951.2,8933.4) ops/second in (111.717444,895.519435) seconds
2020/01/08-16:07:59  ... thread 0: (1000000,8000000) ops and (8959.2,8936.9) ops/second in (111.617216,895.160889) seconds
2020/01/08-16:08:00  ... thread 6: (1000000,8000000) ops and (8968.9,8932.3) ops/second in (111.496715,895.622949) seconds
2020/01/08-16:08:00  ... thread 4: (1000000,8000000) ops and (8971.2,8932.5) ops/second in (111.467879,895.609824) seconds
2020/01/08-16:08:01  ... thread 2: (1000000,8000000) ops and (8966.0,8927.6) ops/second in (111.532801,896.101160) seconds
ycsbd        :      14.040 micros/op 71225 ops/sec;    7.9 MB/s (7599798 of 8000000 found)
Microseconds per op:
Count: 64000000 Average: 111.9184  StdDev: 45.56
Min: 1  Median: 127.5249  Max: 30410
Percentiles: P50: 127.52 P75: 157.86 P99: 323.64 P99.9: 519.69 P99.99: 1404.08
------------------------------------------------------
[       0,       1 ]      426   0.001%   0.001% 
(       1,       2 ]    18762   0.029%   0.030% 
(       2,       3 ]    85806   0.134%   0.164% 
(       3,       4 ]   125213   0.196%   0.360% 
(       4,       6 ]   299795   0.468%   0.828% 
(       6,      10 ]  1654955   2.586%   3.414% #
(      10,      15 ]  3397343   5.308%   8.722% #
(      15,      22 ]  8828303  13.794%  22.517% ###
(      22,      34 ]  3866094   6.041%  28.557% #
(      34,      51 ]   839060   1.311%  29.868% 
(      51,      76 ]    60358   0.094%  29.963% 
(      76,     110 ]  3579554   5.593%  35.556% #
(     110,     170 ] 31649893  49.453%  85.009% ##########
(     170,     250 ]  8305371  12.977%  97.986% ###
(     250,     380 ]  1145819   1.790%  99.776% 
(     380,     580 ]   113465   0.177%  99.953% 
(     580,     870 ]    18725   0.029%  99.983% 
(     870,    1300 ]     4229   0.007%  99.989% 
(    1300,    1900 ]     2473   0.004%  99.993% 
(    1900,    2900 ]     3049   0.005%  99.998% 
(    2900,    4400 ]      768   0.001%  99.999% 
(    4400,    6600 ]      363   0.001% 100.000% 
(    6600,    9900 ]       38   0.000% 100.000% 
(    9900,   14000 ]       33   0.000% 100.000% 
(   14000,   22000 ]       32   0.000% 100.000% 
(   22000,   33000 ]       73   0.000% 100.000% 

2020/01/08-16:14:05  ... thread 4: (1000000,1000000) ops and (3505.2,3505.2) ops/second in (285.291771,285.291771) seconds
2020/01/08-16:14:06  ... thread 6: (1000000,1000000) ops and (3494.3,3494.3) ops/second in (286.178663,286.178663) seconds
2020/01/08-16:14:07  ... thread 0: (1000000,1000000) ops and (3503.6,3503.6) ops/second in (285.424635,285.424635) seconds
2020/01/08-16:14:07  ... thread 3: (1000000,1000000) ops and (3514.6,3514.6) ops/second in (284.531306,284.531306) seconds
2020/01/08-16:14:07  ... thread 5: (1000000,1000000) ops and (3510.3,3510.3) ops/second in (284.874988,284.874988) seconds
2020/01/08-16:14:08  ... thread 2: (1000000,1000000) ops and (3487.8,3487.8) ops/second in (286.715023,286.715023) seconds
2020/01/08-16:14:09  ... thread 1: (1000000,1000000) ops and (3487.9,3487.9) ops/second in (286.704550,286.704550) seconds
2020/01/08-16:14:09  ... thread 7: (1000000,1000000) ops and (3485.0,3485.0) ops/second in (286.944972,286.944972) seconds
2020/01/08-16:18:37  ... thread 4: (1000000,2000000) ops and (3683.4,3592.1) ops/second in (271.490957,556.782728) seconds
2020/01/08-16:18:37  ... thread 6: (1000000,2000000) ops and (3685.7,3587.4) ops/second in (271.321195,557.499858) seconds
2020/01/08-16:18:39  ... thread 3: (1000000,2000000) ops and (3677.5,3594.2) ops/second in (271.926849,556.458155) seconds
2020/01/08-16:18:39  ... thread 5: (1000000,2000000) ops and (3678.7,3592.5) ops/second in (271.835587,556.710575) seconds
2020/01/08-16:18:39  ... thread 0: (1000000,2000000) ops and (3671.1,3585.4) ops/second in (272.396912,557.821547) seconds
2020/01/08-16:18:40  ... thread 2: (1000000,2000000) ops and (3678.4,3580.5) ops/second in (271.860818,558.575841) seconds
2020/01/08-16:18:42  ... thread 1: (1000000,2000000) ops and (3668.2,3575.8) ops/second in (272.613344,559.317894) seconds
2020/01/08-16:18:42  ... thread 7: (1000000,2000000) ops and (3672.2,3576.1) ops/second in (272.317878,559.262850) seconds
ycsbe        :      35.121 micros/op 28472 ops/sec;  299.4 MB/s (1900124 of 2000000 found)
Microseconds per op:
Count: 16000000 Average: 278.9018  StdDev: 223.41
Min: 3  Median: 265.7714  Max: 29119
Percentiles: P50: 265.77 P75: 372.55 P99: 1133.46 P99.9: 1727.42 P99.99: 2815.14
------------------------------------------------------
(       2,       3 ]       47   0.000%   0.000% 
(       3,       4 ]     1434   0.009%   0.009% 
(       4,       6 ]    28430   0.178%   0.187% 
(       6,      10 ]   190040   1.188%   1.375% 
(      10,      15 ]   510570   3.191%   4.566% #
(      15,      22 ]   140756   0.880%   5.445% 
(      22,      34 ]   467825   2.924%   8.369% #
(      34,      51 ]  1085931   6.787%  15.156% #
(      51,      76 ]   780555   4.878%  20.035% #
(      76,     110 ]   205076   1.282%  21.317% 
(     110,     170 ]  1742519  10.891%  32.207% ##
(     170,     250 ]  2255983  14.100%  46.307% ###
(     250,     380 ]  4870114  30.438%  76.746% ######
(     380,     580 ]  2741204  17.133%  93.878% ###
(     580,     870 ]   641664   4.010%  97.888% #
(     870,    1300 ]   290276   1.814%  99.703% 
(    1300,    1900 ]    44326   0.277%  99.980% 
(    1900,    2900 ]     1803   0.011%  99.991% 
(    2900,    4400 ]      930   0.006%  99.997% 
(    4400,    6600 ]      333   0.002%  99.999% 
(    6600,    9900 ]       12   0.000%  99.999% 
(    9900,   14000 ]       23   0.000%  99.999% 
(   14000,   22000 ]       45   0.000%  99.999% 
(   22000,   33000 ]      104   0.001% 100.000% 


                               Compactions
Level Time(sec) Read(MB) Write(MB)
--------------------------------------------------
  0     41.21     0.00   7523.56
  1     44.63  7173.91   7078.56
  2    825.80 119606.90 115980.61
BucketCount: 723
WriteAmplification: 17.3565
TotalSize(MB): 139456.51

seq# 1276845529, log# 76, min log#66, file# 97823
