./leveldb/release/db_bench --cache_size=8388608 --logpath=/mnt/ssd --db=/mnt/nvm/level_ycsb --threads=8 --open_files=40000 --num=1200000000 --range=1200000000 --reads=2000000 --batch_size=1000 --stats_interval=1000000 --bloom_bits=16 --value_size=100 --histogram=true --log=true --benchmarks=loadreverse,ycsba,ycsbb,ycsbc,ycsbf,ycsbd,ycsbe,stats --ycsb_ops_num=8000000 --seek_nexts=100 --use_existing_db=true --print_wa=true --write_buffer_size=67108864 --max_file_size=67108864 
Keys:       16 bytes each
Values:     100 bytes each (50 bytes after compression)
Entries:    1200000000
RawSize:    132751.5 MB (estimated)
FileSize:   75531.0 MB (estimated)
WARNING: Snappy compression is not enabled
------------------------------------------------
FLAGS_num 1200000000, num_ 1200000000
num after by threads 150000000
loadreverse  : 159001597.000 micros/op 0 ops/sec;
Microseconds per op:
Count: 0 Average: 0.0000  StdDev: 0.00
Min: 0  Median: 0.0000  Max: 0
Percentiles: P50: 0.00 P75: 0.00 P99: 0.00 P99.9: 0.00 P99.99: 0.00
------------------------------------------------------

FLAGS_num 1200000000, num_ 150000000
num after by threads 150000000
2020/01/07-16:51:51  ... thread 2: (1000000,1000000) ops and (12586.8,12586.8) ops/second in (79.448100,79.448100) seconds
2020/01/07-16:51:51  ... thread 0: (1000000,1000000) ops and (12402.4,12402.4) ops/second in (80.629537,80.629537) seconds
2020/01/07-16:51:51  ... thread 4: (1000000,1000000) ops and (12775.1,12775.1) ops/second in (78.277122,78.277122) seconds
2020/01/07-16:51:51  ... thread 1: (1000000,1000000) ops and (12439.4,12439.4) ops/second in (80.389666,80.389666) seconds
2020/01/07-16:51:51  ... thread 7: (1000000,1000000) ops and (12588.3,12588.3) ops/second in (79.439146,79.439146) seconds
2020/01/07-16:51:51  ... thread 6: (1000000,1000000) ops and (12693.2,12693.2) ops/second in (78.782368,78.782368) seconds
2020/01/07-16:51:51  ... thread 3: (1000000,1000000) ops and (12706.3,12706.3) ops/second in (78.701150,78.701150) seconds
2020/01/07-16:51:51  ... thread 5: (1000000,1000000) ops and (12712.5,12712.5) ops/second in (78.662875,78.662875) seconds
2020/01/07-16:53:02  ... thread 4: (1000000,2000000) ops and (14120.5,13414.2) ops/second in (70.818848,149.095970) seconds
2020/01/07-16:53:02  ... thread 0: (1000000,2000000) ops and (14091.4,13193.1) ops/second in (70.965162,151.594699) seconds
2020/01/07-16:53:02  ... thread 1: (1000000,2000000) ops and (14111.6,13222.9) ops/second in (70.863502,151.253168) seconds
2020/01/07-16:53:02  ... thread 7: (1000000,2000000) ops and (14099.7,13301.2) ops/second in (70.923617,150.362763) seconds
2020/01/07-16:53:02  ... thread 6: (1000000,2000000) ops and (14115.2,13366.5) ops/second in (70.845764,149.628132) seconds
2020/01/07-16:53:02  ... thread 2: (1000000,2000000) ops and (14055.6,13280.7) ops/second in (71.145859,150.593959) seconds
2020/01/07-16:53:02  ... thread 3: (1000000,2000000) ops and (14113.2,13372.8) ops/second in (70.855841,149.556991) seconds
2020/01/07-16:53:02  ... thread 5: (1000000,2000000) ops and (14071.8,13357.7) ops/second in (71.064014,149.726889) seconds
2020/01/07-16:54:14  ... thread 4: (1000000,3000000) ops and (13797.5,13539.6) ops/second in (72.477122,221.573092) seconds
2020/01/07-16:54:14  ... thread 0: (1000000,3000000) ops and (13759.9,13376.8) ops/second in (72.674732,224.269431) seconds
2020/01/07-16:54:14  ... thread 1: (1000000,3000000) ops and (13758.3,13396.6) ops/second in (72.683492,223.936660) seconds
2020/01/07-16:54:15  ... thread 7: (1000000,3000000) ops and (13764.7,13452.2) ops/second in (72.649481,223.012244) seconds
2020/01/07-16:54:15  ... thread 6: (1000000,3000000) ops and (13756.8,13494.1) ops/second in (72.691544,222.319676) seconds
2020/01/07-16:54:15  ... thread 2: (1000000,3000000) ops and (13762.0,13437.4) ops/second in (72.664069,223.258028) seconds
2020/01/07-16:54:15  ... thread 3: (1000000,3000000) ops and (13760.9,13499.7) ops/second in (72.669534,222.226525) seconds
2020/01/07-16:54:15  ... thread 5: (1000000,3000000) ops and (13743.2,13483.7) ops/second in (72.763249,222.490138) seconds
2020/01/07-16:55:28  ... thread 4: (1000000,4000000) ops and (13534.5,13538.3) ops/second in (73.885086,295.458178) seconds
2020/01/07-16:55:28  ... thread 7: (1000000,4000000) ops and (13554.5,13477.6) ops/second in (73.776032,296.788276) seconds
2020/01/07-16:55:28  ... thread 6: (1000000,4000000) ops and (13552.4,13508.6) ops/second in (73.787894,296.107570) seconds
2020/01/07-16:55:28  ... thread 1: (1000000,4000000) ops and (13531.8,13430.2) ops/second in (73.899983,297.836643) seconds
2020/01/07-16:55:28  ... thread 0: (1000000,4000000) ops and (13515.9,13411.3) ops/second in (73.986935,298.256366) seconds
2020/01/07-16:55:29  ... thread 2: (1000000,4000000) ops and (13517.7,13457.3) ops/second in (73.977316,297.235344) seconds
2020/01/07-16:55:29  ... thread 3: (1000000,4000000) ops and (13547.6,13511.7) ops/second in (73.813943,296.040468) seconds
2020/01/07-16:55:29  ... thread 5: (1000000,4000000) ops and (13553.6,13501.1) ops/second in (73.781100,296.271238) seconds
2020/01/07-16:56:44  ... thread 4: (1000000,5000000) ops and (13250.3,13479.7) ops/second in (75.470035,370.928213) seconds
2020/01/07-16:56:44  ... thread 7: (1000000,5000000) ops and (13218.2,13424.9) ops/second in (75.653311,372.441587) seconds
2020/01/07-16:56:44  ... thread 6: (1000000,5000000) ops and (13207.8,13447.4) ops/second in (75.712577,371.820147) seconds
2020/01/07-16:56:44  ... thread 2: (1000000,5000000) ops and (13222.9,13409.8) ops/second in (75.626375,372.861719) seconds
2020/01/07-16:56:44  ... thread 1: (1000000,5000000) ops and (13184.8,13380.4) ops/second in (75.845026,373.681669) seconds
2020/01/07-16:56:44  ... thread 0: (1000000,5000000) ops and (13172.6,13362.8) ops/second in (75.915407,374.171773) seconds
2020/01/07-16:56:44  ... thread 3: (1000000,5000000) ops and (13192.5,13446.6) ops/second in (75.800682,371.841150) seconds
2020/01/07-16:56:45  ... thread 5: (1000000,5000000) ops and (13188.7,13437.5) ops/second in (75.822574,372.093812) seconds
2020/01/07-16:58:00  ... thread 4: (1000000,6000000) ops and (13024.5,13401.6) ops/second in (76.778666,447.706879) seconds
2020/01/07-16:58:01  ... thread 7: (1000000,6000000) ops and (13036.7,13358.6) ops/second in (76.706745,449.148332) seconds
2020/01/07-16:58:01  ... thread 6: (1000000,6000000) ops and (13004.7,13371.5) ops/second in (76.894996,448.715143) seconds
2020/01/07-16:58:01  ... thread 1: (1000000,6000000) ops and (13028.4,13320.4) ops/second in (76.755586,450.437255) seconds
2020/01/07-16:58:01  ... thread 2: (1000000,6000000) ops and (13016.2,13342.6) ops/second in (76.827292,449.689011) seconds
2020/01/07-16:58:01  ... thread 0: (1000000,6000000) ops and (13022.7,13304.9) ops/second in (76.789259,450.961032) seconds
2020/01/07-16:58:01  ... thread 3: (1000000,6000000) ops and (13016.8,13373.0) ops/second in (76.823988,448.665138) seconds
2020/01/07-16:58:01  ... thread 5: (1000000,6000000) ops and (13053.8,13372.0) ops/second in (76.605867,448.699679) seconds
2020/01/07-16:59:17  ... thread 4: (1000000,7000000) ops and (13047.2,13349.8) ops/second in (76.644733,524.351612) seconds
2020/01/07-16:59:18  ... thread 7: (1000000,7000000) ops and (13014.1,13308.3) ops/second in (76.839818,525.988150) seconds
2020/01/07-16:59:18  ... thread 2: (1000000,7000000) ops and (13064.9,13302.2) ops/second in (76.541251,526.230262) seconds
2020/01/07-16:59:18  ... thread 1: (1000000,7000000) ops and (13027.6,13277.8) ops/second in (76.760119,527.197374) seconds
2020/01/07-16:59:18  ... thread 6: (1000000,7000000) ops and (13018.7,13319.9) ops/second in (76.812795,525.527938) seconds
2020/01/07-16:59:18  ... thread 3: (1000000,7000000) ops and (13051.8,13326.1) ops/second in (76.618005,525.283143) seconds
2020/01/07-16:59:18  ... thread 0: (1000000,7000000) ops and (13032.3,13265.3) ops/second in (76.732452,527.693484) seconds
2020/01/07-16:59:18  ... thread 5: (1000000,7000000) ops and (13065.6,13327.3) ops/second in (76.536641,525.236320) seconds
2020/01/07-17:00:33  ... thread 4: (1000000,8000000) ops and (13154.4,13325.1) ops/second in (76.020215,600.371827) seconds
2020/01/07-17:00:34  ... thread 7: (1000000,8000000) ops and (13151.1,13288.4) ops/second in (76.039424,602.027574) seconds
2020/01/07-17:00:34  ... thread 2: (1000000,8000000) ops and (13139.9,13281.7) ops/second in (76.103975,602.334237) seconds
2020/01/07-17:00:34  ... thread 5: (1000000,8000000) ops and (13150.4,13305.0) ops/second in (76.043562,601.279882) seconds
2020/01/07-17:00:34  ... thread 6: (1000000,8000000) ops and (13135.5,13296.6) ops/second in (76.129797,601.657735) seconds
2020/01/07-17:00:34  ... thread 0: (1000000,8000000) ops and (13135.4,13248.9) ops/second in (76.130204,603.823688) seconds
2020/01/07-17:00:34  ... thread 1: (1000000,8000000) ops and (13113.2,13257.0) ops/second in (76.258983,603.456357) seconds
2020/01/07-17:00:34  ... thread 3: (1000000,8000000) ops and (13119.6,13300.0) ops/second in (76.221967,601.505110) seconds
ycsba        :       9.436 micros/op 105982 ops/sec;   11.7 MB/s (4000000 of 8000000 found)
Microseconds per op:
Count: 64000000 Average: 75.2571  StdDev: 23.37
Min: 0  Median: 20.6779  Max: 111563
Percentiles: P50: 20.68 P75: 126.89 P99: 253.88 P99.9: 2912.13 P99.99: 21771.39
------------------------------------------------------
[       0,       1 ]       74   0.000%   0.000% 
(       1,       2 ]    40695   0.064%   0.064% 
(       2,       3 ]   651547   1.018%   1.082% 
(       3,       4 ]  2177829   3.403%   4.485% #
(       4,       6 ]  6830309  10.672%  15.157% ##
(       6,      10 ]  9077338  14.183%  29.340% ###
(      10,      15 ]  4625463   7.227%  36.568% #
(      15,      22 ] 10598428  16.560%  53.128% ###
(      22,      34 ]  7288885  11.389%  64.517% ##
(      34,      51 ]  1335211   2.086%  66.603% 
(      51,      76 ]   205652   0.321%  66.924% 
(      76,     110 ]   768535   1.201%  68.125% 
(     110,     170 ] 15631968  24.425%  92.550% #####
(     170,     250 ]  4113267   6.427%  98.977% #
(     250,     380 ]   496213   0.775%  99.752% 
(     380,     580 ]    45176   0.071%  99.823% 
(     580,     870 ]     8960   0.014%  99.837% 
(     870,    1300 ]    21630   0.034%  99.871% 
(    1300,    1900 ]     9623   0.015%  99.886% 
(    1900,    2900 ]     9099   0.014%  99.900% 
(    2900,    4400 ]    12121   0.019%  99.919% 
(    4400,    6600 ]     6860   0.011%  99.930% 
(    6600,    9900 ]     8433   0.013%  99.943% 
(    9900,   14000 ]     8426   0.013%  99.956% 
(   14000,   22000 ]    22501   0.035%  99.991% 
(   22000,   33000 ]     4528   0.007%  99.998% 
(   33000,   50000 ]      677   0.001%  99.999% 
(   50000,   75000 ]      368   0.001% 100.000% 
(   75000,  110000 ]      181   0.000% 100.000% 
(  110000,  170000 ]        3   0.000% 100.000% 

FLAGS_num 1200000000, num_ 150000000
num after by threads 150000000
2020/01/07-17:04:19  ... thread 7: (1000000,1000000) ops and (7467.4,7467.4) ops/second in (133.914945,133.914945) seconds
2020/01/07-17:04:19  ... thread 3: (1000000,1000000) ops and (7433.4,7433.4) ops/second in (134.527125,134.527125) seconds
2020/01/07-17:04:19  ... thread 6: (1000000,1000000) ops and (7483.1,7483.1) ops/second in (133.634107,133.634107) seconds
2020/01/07-17:04:20  ... thread 0: (1000000,1000000) ops and (7447.1,7447.1) ops/second in (134.280507,134.280507) seconds
2020/01/07-17:04:20  ... thread 4: (1000000,1000000) ops and (7474.9,7474.9) ops/second in (133.781206,133.781206) seconds
2020/01/07-17:04:20  ... thread 2: (1000000,1000000) ops and (7467.5,7467.5) ops/second in (133.914434,133.914434) seconds
2020/01/07-17:04:20  ... thread 1: (1000000,1000000) ops and (7472.7,7472.7) ops/second in (133.820762,133.820762) seconds
2020/01/07-17:04:20  ... thread 5: (1000000,1000000) ops and (7473.5,7473.5) ops/second in (133.806554,133.806554) seconds
2020/01/07-17:06:32  ... thread 7: (1000000,2000000) ops and (7496.1,7481.8) ops/second in (133.402151,267.317096) seconds
2020/01/07-17:06:32  ... thread 3: (1000000,2000000) ops and (7509.0,7471.0) ops/second in (133.173579,267.700704) seconds
2020/01/07-17:06:33  ... thread 4: (1000000,2000000) ops and (7517.1,7495.9) ops/second in (133.030726,266.811932) seconds
2020/01/07-17:06:33  ... thread 1: (1000000,2000000) ops and (7524.0,7498.2) ops/second in (132.908877,266.729639) seconds
2020/01/07-17:06:33  ... thread 6: (1000000,2000000) ops and (7494.3,7488.7) ops/second in (133.435375,267.069482) seconds
2020/01/07-17:06:33  ... thread 0: (1000000,2000000) ops and (7487.8,7467.4) ops/second in (133.551264,267.831771) seconds
2020/01/07-17:06:33  ... thread 5: (1000000,2000000) ops and (7493.2,7483.3) ops/second in (133.454830,267.261384) seconds
2020/01/07-17:06:33  ... thread 2: (1000000,2000000) ops and (7490.3,7478.9) ops/second in (133.505944,267.420378) seconds
2020/01/07-17:08:44  ... thread 7: (1000000,3000000) ops and (7568.3,7510.4) ops/second in (132.130256,399.447352) seconds
2020/01/07-17:08:45  ... thread 4: (1000000,3000000) ops and (7560.8,7517.4) ops/second in (132.261001,399.072933) seconds
2020/01/07-17:08:45  ... thread 3: (1000000,3000000) ops and (7546.1,7495.9) ops/second in (132.517915,400.218619) seconds
2020/01/07-17:08:45  ... thread 1: (1000000,3000000) ops and (7555.0,7517.0) ops/second in (132.363539,399.093178) seconds
2020/01/07-17:08:45  ... thread 0: (1000000,3000000) ops and (7565.0,7499.6) ops/second in (132.188494,400.020265) seconds
2020/01/07-17:08:45  ... thread 6: (1000000,3000000) ops and (7540.6,7505.9) ops/second in (132.615015,399.684497) seconds
2020/01/07-17:08:46  ... thread 2: (1000000,3000000) ops and (7549.2,7502.2) ops/second in (132.463914,399.884292) seconds
2020/01/07-17:08:46  ... thread 5: (1000000,3000000) ops and (7546.7,7504.3) ops/second in (132.508431,399.769815) seconds
2020/01/07-17:10:56  ... thread 7: (1000000,4000000) ops and (7576.3,7526.7) ops/second in (131.991306,531.438658) seconds
2020/01/07-17:10:57  ... thread 4: (1000000,4000000) ops and (7572.0,7531.0) ops/second in (132.066271,531.139204) seconds
2020/01/07-17:10:57  ... thread 1: (1000000,4000000) ops and (7566.1,7529.3) ops/second in (132.167971,531.261149) seconds
2020/01/07-17:10:57  ... thread 2: (1000000,4000000) ops and (7598.0,7525.9) ops/second in (131.612763,531.497055) seconds
2020/01/07-17:10:57  ... thread 3: (1000000,4000000) ops and (7557.1,7511.1) ops/second in (132.326157,532.544776) seconds
2020/01/07-17:10:57  ... thread 0: (1000000,4000000) ops and (7562.8,7515.3) ops/second in (132.226788,532.247053) seconds
2020/01/07-17:10:58  ... thread 6: (1000000,4000000) ops and (7558.7,7519.0) ops/second in (132.297940,531.982437) seconds
2020/01/07-17:10:58  ... thread 5: (1000000,4000000) ops and (7563.3,7519.0) ops/second in (132.217746,531.987561) seconds
2020/01/07-17:13:09  ... thread 7: (1000000,5000000) ops and (7518.1,7525.0) ops/second in (133.012001,664.450659) seconds
2020/01/07-17:13:10  ... thread 4: (1000000,5000000) ops and (7515.5,7527.9) ops/second in (133.059012,664.198216) seconds
2020/01/07-17:13:10  ... thread 3: (1000000,5000000) ops and (7514.9,7511.9) ops/second in (133.068278,665.613054) seconds
2020/01/07-17:13:10  ... thread 2: (1000000,5000000) ops and (7512.5,7523.2) ops/second in (133.112079,664.609134) seconds
2020/01/07-17:13:11  ... thread 1: (1000000,5000000) ops and (7494.9,7522.3) ops/second in (133.424831,664.685980) seconds
2020/01/07-17:13:11  ... thread 0: (1000000,5000000) ops and (7507.2,7513.7) ops/second in (133.205376,665.452429) seconds
2020/01/07-17:13:11  ... thread 5: (1000000,5000000) ops and (7516.9,7518.6) ops/second in (133.033409,665.020970) seconds
2020/01/07-17:13:11  ... thread 6: (1000000,5000000) ops and (7501.5,7515.5) ops/second in (133.306624,665.289061) seconds
2020/01/07-17:15:22  ... thread 7: (1000000,6000000) ops and (7535.4,7526.7) ops/second in (132.707749,797.158408) seconds
2020/01/07-17:15:23  ... thread 4: (1000000,6000000) ops and (7516.9,7526.0) ops/second in (133.034095,797.232311) seconds
2020/01/07-17:15:23  ... thread 2: (1000000,6000000) ops and (7524.8,7523.5) ops/second in (132.893061,797.502195) seconds
2020/01/07-17:15:23  ... thread 3: (1000000,6000000) ops and (7516.0,7512.6) ops/second in (133.049612,798.662666) seconds
2020/01/07-17:15:23  ... thread 1: (1000000,6000000) ops and (7526.0,7523.0) ops/second in (132.871937,797.557917) seconds
2020/01/07-17:15:24  ... thread 5: (1000000,6000000) ops and (7524.4,7519.5) ops/second in (132.900543,797.921513) seconds
2020/01/07-17:15:24  ... thread 0: (1000000,6000000) ops and (7510.0,7513.1) ops/second in (133.155966,798.608395) seconds
2020/01/07-17:15:24  ... thread 6: (1000000,6000000) ops and (7508.4,7514.3) ops/second in (133.183567,798.472628) seconds
2020/01/07-17:17:33  ... thread 7: (1000000,7000000) ops and (7637.7,7542.4) ops/second in (130.928694,928.087102) seconds
2020/01/07-17:17:34  ... thread 4: (1000000,7000000) ops and (7607.6,7537.6) ops/second in (131.446759,928.679070) seconds
2020/01/07-17:17:34  ... thread 2: (1000000,7000000) ops and (7623.2,7537.6) ops/second in (131.178152,928.680347) seconds
2020/01/07-17:17:35  ... thread 1: (1000000,7000000) ops and (7598.8,7533.7) ops/second in (131.600173,929.158090) seconds
2020/01/07-17:17:35  ... thread 3: (1000000,7000000) ops and (7593.8,7524.1) ops/second in (131.686236,930.348902) seconds
2020/01/07-17:17:35  ... thread 5: (1000000,7000000) ops and (7615.6,7533.1) ops/second in (131.309180,929.230693) seconds
2020/01/07-17:17:36  ... thread 0: (1000000,7000000) ops and (7590.7,7524.1) ops/second in (131.740955,930.349350) seconds
2020/01/07-17:17:36  ... thread 6: (1000000,7000000) ops and (7599.2,7526.3) ops/second in (131.593552,930.066180) seconds
2020/01/07-17:19:45  ... thread 7: (1000000,8000000) ops and (7558.8,7544.4) ops/second in (132.295763,1060.382865) seconds
2020/01/07-17:19:47  ... thread 4: (1000000,8000000) ops and (7553.0,7539.5) ops/second in (132.397917,1061.076987) seconds
2020/01/07-17:19:47  ... thread 3: (1000000,8000000) ops and (7584.6,7531.6) ops/second in (131.846933,1062.195835) seconds
2020/01/07-17:19:47  ... thread 2: (1000000,8000000) ops and (7538.4,7537.7) ops/second in (132.653311,1061.333658) seconds
2020/01/07-17:19:47  ... thread 1: (1000000,8000000) ops and (7566.6,7537.8) ops/second in (132.159469,1061.317559) seconds
2020/01/07-17:19:47  ... thread 5: (1000000,8000000) ops and (7557.4,7536.1) ops/second in (132.320629,1061.551322) seconds
2020/01/07-17:19:48  ... thread 0: (1000000,8000000) ops and (7553.2,7527.7) ops/second in (132.393854,1062.743204) seconds
2020/01/07-17:19:48  ... thread 6: (1000000,8000000) ops and (7539.0,7527.9) ops/second in (132.643655,1062.709835) seconds
ycsbb        :      16.621 micros/op 60165 ops/sec;    6.7 MB/s (7600000 of 8000000 found)
Microseconds per op:
Count: 64000000 Average: 132.7080  StdDev: 50.52
Min: 0  Median: 127.7096  Max: 105953
Percentiles: P50: 127.71 P75: 158.36 P99: 342.08 P99.9: 9161.62 P99.99: 25441.39
------------------------------------------------------
[       0,       1 ]      144   0.000%   0.000% 
(       1,       2 ]     2126   0.003%   0.004% 
(       2,       3 ]    17705   0.028%   0.031% 
(       3,       4 ]    74512   0.116%   0.148% 
(       4,       6 ]   497541   0.777%   0.925% 
(       6,      10 ]  2074140   3.241%   4.166% #
(      10,      15 ]  6252942   9.770%  13.936% ##
(      15,      22 ]  9408157  14.700%  28.636% ###
(      22,      34 ]  1325734   2.071%  30.708% 
(      34,      51 ]   122568   0.192%  30.899% 
(      51,      76 ]    18637   0.029%  30.928% 
(      76,     110 ]  2962051   4.628%  35.557% #
(     110,     170 ] 31317805  48.934%  84.491% ##########
(     170,     250 ]  8425175  13.164%  97.655% ###
(     250,     380 ]  1215221   1.899%  99.554% 
(     380,     580 ]   130153   0.203%  99.757% 
(     580,     870 ]    11158   0.017%  99.775% 
(     870,    1300 ]    13270   0.021%  99.795% 
(    1300,    1900 ]    15175   0.024%  99.819% 
(    1900,    2900 ]    15826   0.025%  99.844% 
(    2900,    4400 ]    15977   0.025%  99.869% 
(    4400,    6600 ]     9669   0.015%  99.884% 
(    6600,    9900 ]    13287   0.021%  99.905% 
(    9900,   14000 ]    13816   0.022%  99.926% 
(   14000,   22000 ]    38988   0.061%  99.987% 
(   22000,   33000 ]     5827   0.009%  99.996% 
(   33000,   50000 ]      474   0.001%  99.997% 
(   50000,   75000 ]     1773   0.003% 100.000% 
(   75000,  110000 ]      149   0.000% 100.000% 

FLAGS_num 1200000000, num_ 150000000
num after by threads 150000000
2020/01/07-17:23:31  ... thread 0: (1000000,1000000) ops and (7206.8,7206.8) ops/second in (138.758548,138.758548) seconds
2020/01/07-17:23:33  ... thread 2: (1000000,1000000) ops and (7197.3,7197.3) ops/second in (138.941861,138.941861) seconds
2020/01/07-17:23:33  ... thread 4: (1000000,1000000) ops and (7216.4,7216.4) ops/second in (138.573795,138.573795) seconds
2020/01/07-17:23:33  ... thread 7: (1000000,1000000) ops and (7210.5,7210.5) ops/second in (138.686500,138.686500) seconds
2020/01/07-17:23:33  ... thread 5: (1000000,1000000) ops and (7202.3,7202.3) ops/second in (138.845001,138.845001) seconds
2020/01/07-17:23:34  ... thread 6: (1000000,1000000) ops and (7199.2,7199.2) ops/second in (138.904898,138.904898) seconds
2020/01/07-17:23:34  ... thread 3: (1000000,1000000) ops and (7217.0,7217.0) ops/second in (138.562367,138.562367) seconds
2020/01/07-17:23:34  ... thread 1: (1000000,1000000) ops and (7206.6,7206.6) ops/second in (138.761813,138.761813) seconds
2020/01/07-17:25:49  ... thread 0: (1000000,2000000) ops and (7248.3,7227.5) ops/second in (137.964106,276.722654) seconds
2020/01/07-17:25:50  ... thread 2: (1000000,2000000) ops and (7272.3,7234.6) ops/second in (137.508475,276.450336) seconds
2020/01/07-17:25:50  ... thread 4: (1000000,2000000) ops and (7267.0,7241.6) ops/second in (137.608051,276.181846) seconds
2020/01/07-17:25:51  ... thread 5: (1000000,2000000) ops and (7265.0,7233.5) ops/second in (137.646954,276.491955) seconds
2020/01/07-17:25:51  ... thread 7: (1000000,2000000) ops and (7248.6,7229.5) ops/second in (137.957013,276.643513) seconds
2020/01/07-17:25:52  ... thread 6: (1000000,2000000) ops and (7251.0,7225.0) ops/second in (137.911703,276.816601) seconds
2020/01/07-17:25:52  ... thread 1: (1000000,2000000) ops and (7255.1,7230.8) ops/second in (137.834644,276.596457) seconds
2020/01/07-17:25:52  ... thread 3: (1000000,2000000) ops and (7240.4,7228.7) ops/second in (138.113690,276.676057) seconds
2020/01/07-17:28:06  ... thread 0: (1000000,3000000) ops and (7334.5,7262.8) ops/second in (136.341543,413.064197) seconds
2020/01/07-17:28:07  ... thread 2: (1000000,3000000) ops and (7330.1,7266.1) ops/second in (136.423764,412.874100) seconds
2020/01/07-17:28:07  ... thread 4: (1000000,3000000) ops and (7334.6,7272.3) ops/second in (136.339704,412.521550) seconds
2020/01/07-17:28:08  ... thread 5: (1000000,3000000) ops and (7321.8,7262.7) ops/second in (136.578240,413.070195) seconds
2020/01/07-17:28:08  ... thread 7: (1000000,3000000) ops and (7325.0,7261.1) ops/second in (136.519488,413.163001) seconds
2020/01/07-17:28:08  ... thread 6: (1000000,3000000) ops and (7316.1,7255.1) ops/second in (136.685433,413.502034) seconds
2020/01/07-17:28:08  ... thread 1: (1000000,3000000) ops and (7322.0,7260.9) ops/second in (136.574429,413.170886) seconds
2020/01/07-17:28:09  ... thread 3: (1000000,3000000) ops and (7301.7,7252.9) ops/second in (136.954178,413.630235) seconds
2020/01/07-17:30:22  ... thread 0: (1000000,4000000) ops and (7319.6,7276.9) ops/second in (136.620359,549.684556) seconds
2020/01/07-17:30:23  ... thread 2: (1000000,4000000) ops and (7347.3,7286.2) ops/second in (136.105217,548.979317) seconds
2020/01/07-17:30:23  ... thread 4: (1000000,4000000) ops and (7331.6,7287.1) ops/second in (136.395079,548.916629) seconds
2020/01/07-17:30:24  ... thread 5: (1000000,4000000) ops and (7331.3,7279.7) ops/second in (136.401283,549.471478) seconds
2020/01/07-17:30:24  ... thread 7: (1000000,4000000) ops and (7335.1,7279.4) ops/second in (136.331596,549.494597) seconds
2020/01/07-17:30:25  ... thread 6: (1000000,4000000) ops and (7321.0,7271.5) ops/second in (136.594233,550.096267) seconds
2020/01/07-17:30:25  ... thread 1: (1000000,4000000) ops and (7320.9,7275.8) ops/second in (136.594634,549.765520) seconds
2020/01/07-17:30:25  ... thread 3: (1000000,4000000) ops and (7328.2,7271.6) ops/second in (136.458498,550.088733) seconds
2020/01/07-17:32:38  ... thread 0: (1000000,5000000) ops and (7347.9,7291.0) ops/second in (136.093306,685.777862) seconds
2020/01/07-17:32:39  ... thread 2: (1000000,5000000) ops and (7348.8,7298.7) ops/second in (136.076867,685.056184) seconds
2020/01/07-17:32:39  ... thread 4: (1000000,5000000) ops and (7351.5,7299.9) ops/second in (136.026144,684.942773) seconds
2020/01/07-17:32:40  ... thread 7: (1000000,5000000) ops and (7348.4,7293.1) ops/second in (136.083161,685.577758) seconds
2020/01/07-17:32:41  ... thread 5: (1000000,5000000) ops and (7326.4,7289.0) ops/second in (136.492073,685.963551) seconds
2020/01/07-17:32:41  ... thread 6: (1000000,5000000) ops and (7335.1,7284.1) ops/second in (136.329954,686.426221) seconds
2020/01/07-17:32:41  ... thread 1: (1000000,5000000) ops and (7339.9,7288.5) ops/second in (136.242302,686.007822) seconds
2020/01/07-17:32:41  ... thread 3: (1000000,5000000) ops and (7351.6,7287.4) ops/second in (136.024630,686.113363) seconds
2020/01/07-17:34:45  ... thread 0: (1000000,6000000) ops and (7859.5,7380.0) ops/second in (127.234710,813.012572) seconds
2020/01/07-17:34:46  ... thread 2: (1000000,6000000) ops and (7861.5,7386.8) ops/second in (127.202343,812.258527) seconds
2020/01/07-17:34:47  ... thread 4: (1000000,6000000) ops and (7854.3,7386.8) ops/second in (127.318586,812.261359) seconds
2020/01/07-17:34:48  ... thread 7: (1000000,6000000) ops and (7848.2,7380.1) ops/second in (127.417917,812.995675) seconds
2020/01/07-17:34:48  ... thread 1: (1000000,6000000) ops and (7875.8,7380.3) ops/second in (126.971554,812.979376) seconds
2020/01/07-17:34:48  ... thread 3: (1000000,6000000) ops and (7867.4,7378.1) ops/second in (127.106243,813.219606) seconds
2020/01/07-17:34:49  ... thread 6: (1000000,6000000) ops and (7839.2,7371.1) ops/second in (127.564188,813.990409) seconds
2020/01/07-17:34:49  ... thread 5: (1000000,6000000) ops and (7782.4,7366.9) ops/second in (128.495422,814.458973) seconds
2020/01/07-17:36:37  ... thread 0: (1000000,7000000) ops and (8970.8,7571.8) ops/second in (111.473322,924.485894) seconds
2020/01/07-17:36:37  ... thread 2: (1000000,7000000) ops and (8979.6,7578.9) ops/second in (111.363489,923.622016) seconds
2020/01/07-17:36:39  ... thread 4: (1000000,7000000) ops and (8887.0,7569.3) ops/second in (112.523846,924.785205) seconds
2020/01/07-17:36:39  ... thread 7: (1000000,7000000) ops and (8950.5,7569.8) ops/second in (111.725579,924.721254) seconds
2020/01/07-17:36:40  ... thread 1: (1000000,7000000) ops and (8974.7,7572.4) ops/second in (111.424527,924.403903) seconds
2020/01/07-17:36:40  ... thread 3: (1000000,7000000) ops and (8949.2,7567.9) ops/second in (111.741797,924.961403) seconds
2020/01/07-17:36:41  ... thread 5: (1000000,7000000) ops and (8946.4,7557.5) ops/second in (111.776352,926.235325) seconds
2020/01/07-17:36:41  ... thread 6: (1000000,7000000) ops and (8895.7,7556.1) ops/second in (112.414285,926.404694) seconds
2020/01/07-17:38:29  ... thread 0: (1000000,8000000) ops and (8947.6,7720.2) ops/second in (111.761524,1036.247418) seconds
2020/01/07-17:38:29  ... thread 2: (1000000,8000000) ops and (8942.4,7726.1) ops/second in (111.826347,1035.448363) seconds
2020/01/07-17:38:31  ... thread 1: (1000000,8000000) ops and (8949.8,7721.0) ops/second in (111.734403,1036.138306) seconds
2020/01/07-17:38:32  ... thread 3: (1000000,8000000) ops and (8932.0,7715.2) ops/second in (111.956546,1036.917949) seconds
2020/01/07-17:38:32  ... thread 4: (1000000,8000000) ops and (8834.9,7707.3) ops/second in (113.187133,1037.972338) seconds
2020/01/07-17:38:32  ... thread 7: (1000000,8000000) ops and (8847.1,7709.0) ops/second in (113.031483,1037.752737) seconds
2020/01/07-17:38:33  ... thread 6: (1000000,8000000) ops and (8931.0,7704.4) ops/second in (111.969573,1038.374267) seconds
2020/01/07-17:38:33  ... thread 5: (1000000,8000000) ops and (8887.4,7701.5) ops/second in (112.518440,1038.753765) seconds
ycsbc        :      16.264 micros/op 61485 ops/sec;    6.8 MB/s (8000000 of 8000000 found)
Microseconds per op:
Count: 64000000 Average: 129.6501  StdDev: 43.82
Min: 1  Median: 129.8018  Max: 83247
Percentiles: P50: 129.80 P75: 158.58 P99: 328.49 P99.9: 3762.16 P99.99: 21821.46
------------------------------------------------------
[       0,       1 ]      189   0.000%   0.000% 
(       1,       2 ]     2593   0.004%   0.004% 
(       2,       3 ]     6749   0.011%   0.015% 
(       3,       4 ]     6585   0.010%   0.025% 
(       4,       6 ]     5715   0.009%   0.034% 
(       6,      10 ]   187176   0.292%   0.327% 
(      10,      15 ]  9150065  14.297%  14.624% ###
(      15,      22 ]  6583609  10.287%  24.910% ##
(      22,      34 ]   768186   1.200%  26.111% 
(      34,      51 ]    82418   0.129%  26.240% 
(      51,      76 ]    23637   0.037%  26.276% 
(      76,     110 ]  4174253   6.522%  32.799% #
(     110,     170 ] 33357124  52.121%  84.919% ##########
(     170,     250 ]  8351580  13.049%  97.969% ###
(     250,     380 ]  1093355   1.708%  99.677% 
(     380,     580 ]    99780   0.156%  99.833% 
(     580,     870 ]     7510   0.012%  99.845% 
(     870,    1300 ]     9238   0.014%  99.859% 
(    1300,    1900 ]     9872   0.015%  99.874% 
(    1900,    2900 ]    10447   0.016%  99.891% 
(    2900,    4400 ]    10298   0.016%  99.907% 
(    4400,    6600 ]     6267   0.010%  99.917% 
(    6600,    9900 ]     9698   0.015%  99.932% 
(    9900,   14000 ]     9570   0.015%  99.947% 
(   14000,   22000 ]    28318   0.044%  99.991% 
(   22000,   33000 ]     4007   0.006%  99.997% 
(   33000,   50000 ]      573   0.001%  99.998% 
(   50000,   75000 ]     1176   0.002% 100.000% 
(   75000,  110000 ]       12   0.000% 100.000% 

FLAGS_num 1200000000, num_ 150000000
num after by threads 150000000
2020/01/07-17:42:25  ... thread 2: (1000000,1000000) ops and (6741.4,6741.4) ops/second in (148.337747,148.337747) seconds
2020/01/07-17:42:26  ... thread 5: (1000000,1000000) ops and (6749.0,6749.0) ops/second in (148.170073,148.170073) seconds
2020/01/07-17:42:26  ... thread 3: (1000000,1000000) ops and (6739.1,6739.1) ops/second in (148.388527,148.388527) seconds
2020/01/07-17:42:26  ... thread 7: (1000000,1000000) ops and (6753.0,6753.0) ops/second in (148.082481,148.082481) seconds
2020/01/07-17:42:27  ... thread 1: (1000000,1000000) ops and (6740.4,6740.4) ops/second in (148.358462,148.358462) seconds
2020/01/07-17:42:27  ... thread 4: (1000000,1000000) ops and (6751.6,6751.6) ops/second in (148.112144,148.112144) seconds
2020/01/07-17:42:27  ... thread 6: (1000000,1000000) ops and (6749.9,6749.9) ops/second in (148.151355,148.151355) seconds
2020/01/07-17:42:27  ... thread 0: (1000000,1000000) ops and (6738.1,6738.1) ops/second in (148.408740,148.408740) seconds
2020/01/07-17:44:54  ... thread 2: (1000000,2000000) ops and (6732.6,6737.0) ops/second in (148.531270,296.869017) seconds
2020/01/07-17:44:54  ... thread 5: (1000000,2000000) ops and (6748.7,6748.9) ops/second in (148.176181,296.346254) seconds
2020/01/07-17:44:55  ... thread 7: (1000000,2000000) ops and (6743.4,6748.2) ops/second in (148.292530,296.375011) seconds
2020/01/07-17:44:55  ... thread 6: (1000000,2000000) ops and (6749.3,6749.6) ops/second in (148.164591,296.315946) seconds
2020/01/07-17:44:55  ... thread 4: (1000000,2000000) ops and (6743.7,6747.7) ops/second in (148.286266,296.398410) seconds
2020/01/07-17:44:55  ... thread 1: (1000000,2000000) ops and (6732.2,6736.3) ops/second in (148.540222,296.898684) seconds
2020/01/07-17:44:55  ... thread 0: (1000000,2000000) ops and (6733.2,6735.7) ops/second in (148.517462,296.926202) seconds
2020/01/07-17:44:55  ... thread 3: (1000000,2000000) ops and (6712.8,6725.9) ops/second in (148.968400,297.356927) seconds
2020/01/07-17:47:22  ... thread 5: (1000000,3000000) ops and (6747.4,6748.4) ops/second in (148.205224,444.551478) seconds
2020/01/07-17:47:23  ... thread 2: (1000000,3000000) ops and (6719.6,6731.2) ops/second in (148.818855,445.687872) seconds
2020/01/07-17:47:23  ... thread 7: (1000000,3000000) ops and (6738.3,6744.9) ops/second in (148.406221,444.781232) seconds
2020/01/07-17:47:23  ... thread 6: (1000000,3000000) ops and (6737.4,6745.5) ops/second in (148.425946,444.741892) seconds
2020/01/07-17:47:23  ... thread 1: (1000000,3000000) ops and (6740.5,6737.7) ops/second in (148.356951,445.255635) seconds
2020/01/07-17:47:23  ... thread 4: (1000000,3000000) ops and (6727.4,6740.9) ops/second in (148.646138,445.044548) seconds
2020/01/07-17:47:23  ... thread 0: (1000000,3000000) ops and (6742.2,6737.8) ops/second in (148.320192,445.246394) seconds
2020/01/07-17:47:24  ... thread 3: (1000000,3000000) ops and (6723.8,6725.2) ops/second in (148.726022,446.082949) seconds
2020/01/07-17:49:52  ... thread 5: (1000000,4000000) ops and (6657.9,6725.5) ops/second in (150.197995,594.749473) seconds
2020/01/07-17:49:53  ... thread 7: (1000000,4000000) ops and (6658.3,6723.0) ops/second in (150.188554,594.969786) seconds
2020/01/07-17:49:54  ... thread 1: (1000000,4000000) ops and (6661.7,6718.5) ops/second in (150.112274,595.367909) seconds
2020/01/07-17:49:54  ... thread 2: (1000000,4000000) ops and (6624.5,6704.2) ops/second in (150.955131,596.643003) seconds
2020/01/07-17:49:54  ... thread 0: (1000000,4000000) ops and (6660.1,6718.2) ops/second in (150.148825,595.395219) seconds
2020/01/07-17:49:54  ... thread 6: (1000000,4000000) ops and (6635.7,6717.7) ops/second in (150.699558,595.441450) seconds
2020/01/07-17:49:54  ... thread 4: (1000000,4000000) ops and (6640.1,6715.4) ops/second in (150.599457,595.644005) seconds
2020/01/07-17:49:54  ... thread 3: (1000000,4000000) ops and (6659.3,6708.6) ops/second in (150.165525,596.248474) seconds
2020/01/07-17:52:22  ... thread 5: (1000000,5000000) ops and (6699.9,6720.4) ops/second in (149.255207,744.004680) seconds
2020/01/07-17:52:23  ... thread 7: (1000000,5000000) ops and (6697.9,6718.0) ops/second in (149.299818,744.269604) seconds
2020/01/07-17:52:23  ... thread 0: (1000000,5000000) ops and (6709.9,6716.6) ops/second in (149.032458,744.427677) seconds
2020/01/07-17:52:23  ... thread 1: (1000000,5000000) ops and (6699.7,6714.8) ops/second in (149.260868,744.628777) seconds
2020/01/07-17:52:23  ... thread 2: (1000000,5000000) ops and (6684.5,6700.2) ops/second in (149.600631,746.243634) seconds
2020/01/07-17:52:24  ... thread 3: (1000000,5000000) ops and (6696.4,6706.2) ops/second in (149.334385,745.582859) seconds
2020/01/07-17:52:24  ... thread 6: (1000000,5000000) ops and (6680.9,6710.3) ops/second in (149.679958,745.121408) seconds
2020/01/07-17:52:24  ... thread 4: (1000000,5000000) ops and (6688.7,6710.1) ops/second in (149.505500,745.149505) seconds
2020/01/07-17:54:51  ... thread 5: (1000000,6000000) ops and (6701.3,6717.2) ops/second in (149.225226,893.229906) seconds
2020/01/07-17:54:52  ... thread 0: (1000000,6000000) ops and (6708.4,6715.2) ops/second in (149.066706,893.494383) seconds
2020/01/07-17:54:52  ... thread 7: (1000000,6000000) ops and (6697.6,6714.6) ops/second in (149.307575,893.577179) seconds
2020/01/07-17:54:52  ... thread 1: (1000000,6000000) ops and (6699.2,6712.2) ops/second in (149.272451,893.901228) seconds
2020/01/07-17:54:52  ... thread 2: (1000000,6000000) ops and (6704.9,6701.0) ops/second in (149.145765,895.389399) seconds
2020/01/07-17:54:53  ... thread 4: (1000000,6000000) ops and (6709.0,6709.9) ops/second in (149.052911,894.202416) seconds
2020/01/07-17:54:53  ... thread 3: (1000000,6000000) ops and (6702.4,6705.5) ops/second in (149.201250,894.784109) seconds
2020/01/07-17:54:53  ... thread 6: (1000000,6000000) ops and (6700.4,6708.7) ops/second in (149.244885,894.366293) seconds
2020/01/07-17:57:20  ... thread 5: (1000000,7000000) ops and (6698.7,6714.5) ops/second in (149.283040,1042.512946) seconds
2020/01/07-17:57:21  ... thread 0: (1000000,7000000) ops and (6700.0,6713.0) ops/second in (149.254587,1042.748970) seconds
2020/01/07-17:57:21  ... thread 7: (1000000,7000000) ops and (6701.0,6712.6) ops/second in (149.231053,1042.808232) seconds
2020/01/07-17:57:21  ... thread 1: (1000000,7000000) ops and (6696.3,6709.9) ops/second in (149.335202,1043.236430) seconds
2020/01/07-17:57:22  ... thread 2: (1000000,7000000) ops and (6699.7,6700.8) ops/second in (149.260811,1044.650210) seconds
2020/01/07-17:57:22  ... thread 4: (1000000,7000000) ops and (6698.3,6708.2) ops/second in (149.292403,1043.494819) seconds
2020/01/07-17:57:22  ... thread 6: (1000000,7000000) ops and (6699.0,6707.3) ops/second in (149.276165,1043.642458) seconds
2020/01/07-17:57:22  ... thread 3: (1000000,7000000) ops and (6695.1,6704.0) ops/second in (149.363611,1044.147720) seconds
2020/01/07-17:59:50  ... thread 5: (1000000,8000000) ops and (6694.6,6712.0) ops/second in (149.374448,1191.887394) seconds
2020/01/07-17:59:50  ... thread 0: (1000000,8000000) ops and (6702.5,6711.7) ops/second in (149.198568,1191.947538) seconds
2020/01/07-17:59:50  ... thread 7: (1000000,8000000) ops and (6707.4,6712.0) ops/second in (149.088768,1191.897000) seconds
2020/01/07-17:59:51  ... thread 2: (1000000,8000000) ops and (6708.1,6701.7) ops/second in (149.074426,1193.724636) seconds
2020/01/07-17:59:51  ... thread 1: (1000000,8000000) ops and (6690.4,6707.5) ops/second in (149.467041,1192.703471) seconds
2020/01/07-17:59:51  ... thread 4: (1000000,8000000) ops and (6710.2,6708.5) ops/second in (149.026773,1192.521592) seconds
2020/01/07-17:59:51  ... thread 3: (1000000,8000000) ops and (6702.9,6703.9) ops/second in (149.189033,1193.336753) seconds
2020/01/07-17:59:51  ... thread 6: (1000000,8000000) ops and (6697.1,6706.0) ops/second in (149.317329,1192.959787) seconds
ycsbf        :      18.664 micros/op 53579 ops/sec;    5.9 MB/s (8000000 of 8000000 found)
Microseconds per op:
Count: 64000000 Average: 149.0778  StdDev: 48.58
Min: 1  Median: 134.4570  Max: 115575
Percentiles: P50: 134.46 P75: 162.84 P99: 364.91 P99.9: 7877.50 P99.99: 21963.33
------------------------------------------------------
[       0,       1 ]       45   0.000%   0.000% 
(       1,       2 ]      593   0.001%   0.001% 
(       2,       3 ]     1661   0.003%   0.004% 
(       3,       4 ]     1922   0.003%   0.007% 
(       4,       6 ]     3053   0.005%   0.011% 
(       6,      10 ]    17336   0.027%   0.038% 
(      10,      15 ]  1484607   2.320%   2.358% 
(      15,      22 ]  8680827  13.564%  15.922% ###
(      22,      34 ]  4356379   6.807%  22.729% #
(      34,      51 ]   662964   1.036%  23.765% 
(      51,      76 ]    77189   0.121%  23.885% 
(      76,     110 ]  2928912   4.576%  28.462% #
(     110,     170 ] 33817374  52.840%  81.301% ###########
(     170,     250 ] 10135570  15.837%  97.138% ###
(     250,     380 ]  1348099   2.106%  99.245% 
(     380,     580 ]   157558   0.246%  99.491% 
(     580,     870 ]    34024   0.053%  99.544% 
(     870,    1300 ]    41402   0.065%  99.609% 
(    1300,    1900 ]    49454   0.077%  99.686% 
(    1900,    2900 ]    48868   0.076%  99.762% 
(    2900,    4400 ]    50658   0.079%  99.841% 
(    4400,    6600 ]    27242   0.043%  99.884% 
(    6600,    9900 ]    26511   0.041%  99.925% 
(    9900,   14000 ]    14641   0.023%  99.948% 
(   14000,   22000 ]    26834   0.042%  99.990% 
(   22000,   33000 ]     3858   0.006%  99.996% 
(   33000,   50000 ]      301   0.000%  99.997% 
(   50000,   75000 ]     1288   0.002%  99.999% 
(   75000,  110000 ]      827   0.001% 100.000% 
(  110000,  170000 ]        3   0.000% 100.000% 

FLAGS_num 1200000000, num_ 150000000
num after by threads 150000000
2020/01/07-18:04:10  ... thread 0: (1000000,1000000) ops and (7336.1,7336.1) ops/second in (136.311650,136.311650) seconds
2020/01/07-18:04:11  ... thread 2: (1000000,1000000) ops and (7344.7,7344.7) ops/second in (136.153034,136.153034) seconds
2020/01/07-18:04:11  ... thread 1: (1000000,1000000) ops and (7353.5,7353.5) ops/second in (135.988965,135.988965) seconds
2020/01/07-18:04:11  ... thread 5: (1000000,1000000) ops and (7354.1,7354.1) ops/second in (135.979428,135.979428) seconds
2020/01/07-18:04:11  ... thread 3: (1000000,1000000) ops and (7346.2,7346.2) ops/second in (136.124510,136.124510) seconds
2020/01/07-18:04:11  ... thread 4: (1000000,1000000) ops and (7351.8,7351.8) ops/second in (136.021705,136.021705) seconds
2020/01/07-18:04:11  ... thread 6: (1000000,1000000) ops and (7349.1,7349.1) ops/second in (136.071143,136.071143) seconds
2020/01/07-18:04:12  ... thread 7: (1000000,1000000) ops and (7339.4,7339.4) ops/second in (136.251007,136.251007) seconds
2020/01/07-18:06:24  ... thread 0: (1000000,2000000) ops and (7471.1,7403.0) ops/second in (133.848564,270.160214) seconds
2020/01/07-18:06:25  ... thread 2: (1000000,2000000) ops and (7472.7,7408.2) ops/second in (133.819871,269.972905) seconds
2020/01/07-18:06:25  ... thread 1: (1000000,2000000) ops and (7476.7,7414.6) ops/second in (133.749719,269.738684) seconds
2020/01/07-18:06:25  ... thread 5: (1000000,2000000) ops and (7490.9,7421.8) ops/second in (133.495165,269.474593) seconds
2020/01/07-18:06:25  ... thread 3: (1000000,2000000) ops and (7483.9,7414.4) ops/second in (133.620102,269.744612) seconds
2020/01/07-18:06:25  ... thread 4: (1000000,2000000) ops and (7484.4,7417.5) ops/second in (133.610674,269.632379) seconds
2020/01/07-18:06:25  ... thread 6: (1000000,2000000) ops and (7472.5,7410.3) ops/second in (133.824642,269.895785) seconds
2020/01/07-18:06:25  ... thread 7: (1000000,2000000) ops and (7475.0,7406.6) ops/second in (133.778912,270.029919) seconds
2020/01/07-18:08:36  ... thread 0: (1000000,3000000) ops and (7546.9,7450.4) ops/second in (132.504563,402.664777) seconds
2020/01/07-18:08:37  ... thread 2: (1000000,3000000) ops and (7551.0,7455.2) ops/second in (132.432964,402.405869) seconds
2020/01/07-18:08:37  ... thread 1: (1000000,3000000) ops and (7547.2,7458.3) ops/second in (132.499185,402.237869) seconds
2020/01/07-18:08:37  ... thread 5: (1000000,3000000) ops and (7541.5,7461.3) ops/second in (132.599417,402.074010) seconds
2020/01/07-18:08:37  ... thread 3: (1000000,3000000) ops and (7548.0,7458.4) ops/second in (132.484670,402.229282) seconds
2020/01/07-18:08:38  ... thread 4: (1000000,3000000) ops and (7542.4,7458.7) ops/second in (132.584330,402.216709) seconds
2020/01/07-18:08:38  ... thread 6: (1000000,3000000) ops and (7547.2,7455.3) ops/second in (132.500001,402.395786) seconds
2020/01/07-18:08:38  ... thread 7: (1000000,3000000) ops and (7545.4,7452.3) ops/second in (132.531226,402.561145) seconds
2020/01/07-18:10:48  ... thread 0: (1000000,4000000) ops and (7607.3,7489.0) ops/second in (131.451875,534.116652) seconds
2020/01/07-18:10:48  ... thread 2: (1000000,4000000) ops and (7605.4,7492.2) ops/second in (131.485827,533.891696) seconds
2020/01/07-18:10:48  ... thread 1: (1000000,4000000) ops and (7609.4,7495.5) ops/second in (131.416964,533.654833) seconds
2020/01/07-18:10:49  ... thread 5: (1000000,4000000) ops and (7596.3,7494.6) ops/second in (131.642792,533.716802) seconds
2020/01/07-18:10:49  ... thread 3: (1000000,4000000) ops and (7606.3,7494.9) ops/second in (131.469676,533.698958) seconds
2020/01/07-18:10:49  ... thread 4: (1000000,4000000) ops and (7605.4,7494.8) ops/second in (131.485348,533.702057) seconds
2020/01/07-18:10:49  ... thread 7: (1000000,4000000) ops and (7617.3,7492.9) ops/second in (131.280589,533.841734) seconds
2020/01/07-18:10:49  ... thread 6: (1000000,4000000) ops and (7594.3,7489.6) ops/second in (131.677081,534.072867) seconds
2020/01/07-18:12:59  ... thread 0: (1000000,5000000) ops and (7636.7,7518.1) ops/second in (130.946707,665.063359) seconds
2020/01/07-18:12:59  ... thread 2: (1000000,5000000) ops and (7648.6,7522.9) ops/second in (130.742166,664.633862) seconds
2020/01/07-18:12:59  ... thread 1: (1000000,5000000) ops and (7646.7,7525.2) ops/second in (130.775823,664.430656) seconds
2020/01/07-18:13:00  ... thread 5: (1000000,5000000) ops and (7648.4,7524.9) ops/second in (130.746875,664.463677) seconds
2020/01/07-18:13:00  ... thread 3: (1000000,5000000) ops and (7641.3,7523.7) ops/second in (130.867084,664.566042) seconds
2020/01/07-18:13:00  ... thread 4: (1000000,5000000) ops and (7642.5,7523.9) ops/second in (130.847361,664.549418) seconds
2020/01/07-18:13:00  ... thread 7: (1000000,5000000) ops and (7645.2,7522.8) ops/second in (130.800662,664.642396) seconds
2020/01/07-18:13:00  ... thread 6: (1000000,5000000) ops and (7651.0,7521.4) ops/second in (130.701332,664.774199) seconds
2020/01/07-18:15:09  ... thread 0: (1000000,6000000) ops and (7680.8,7544.7) ops/second in (130.195141,795.258500) seconds
2020/01/07-18:15:09  ... thread 2: (1000000,6000000) ops and (7688.0,7550.0) ops/second in (130.072405,794.706267) seconds
2020/01/07-18:15:10  ... thread 1: (1000000,6000000) ops and (7678.6,7550.4) ops/second in (130.232906,794.663562) seconds
2020/01/07-18:15:10  ... thread 5: (1000000,6000000) ops and (7690.0,7551.9) ops/second in (130.038748,794.502425) seconds
2020/01/07-18:15:10  ... thread 7: (1000000,6000000) ops and (7700.4,7551.9) ops/second in (129.863687,794.506083) seconds
2020/01/07-18:15:10  ... thread 4: (1000000,6000000) ops and (7690.1,7551.1) ops/second in (130.037660,794.587078) seconds
2020/01/07-18:15:10  ... thread 3: (1000000,6000000) ops and (7676.6,7548.8) ops/second in (130.266516,794.832558) seconds
2020/01/07-18:15:10  ... thread 6: (1000000,6000000) ops and (7685.5,7548.2) ops/second in (130.115533,794.889732) seconds
2020/01/07-18:17:21  ... thread 0: (1000000,7000000) ops and (7577.0,7549.3) ops/second in (131.978616,927.237116) seconds
2020/01/07-18:17:21  ... thread 2: (1000000,7000000) ops and (7585.5,7555.0) ops/second in (131.830239,926.536506) seconds
2020/01/07-18:17:21  ... thread 1: (1000000,7000000) ops and (7594.3,7556.6) ops/second in (131.677780,926.341342) seconds
2020/01/07-18:17:22  ... thread 5: (1000000,7000000) ops and (7581.7,7556.1) ops/second in (131.896657,926.399082) seconds
2020/01/07-18:17:22  ... thread 7: (1000000,7000000) ops and (7583.8,7556.4) ops/second in (131.860772,926.366855) seconds
2020/01/07-18:17:22  ... thread 4: (1000000,7000000) ops and (7583.0,7555.6) ops/second in (131.873949,926.461027) seconds
2020/01/07-18:17:22  ... thread 6: (1000000,7000000) ops and (7588.1,7553.9) ops/second in (131.785287,926.675019) seconds
2020/01/07-18:17:23  ... thread 3: (1000000,7000000) ops and (7514.1,7543.8) ops/second in (133.083218,927.915776) seconds
2020/01/07-18:19:34  ... thread 0: (1000000,8000000) ops and (7513.3,7544.8) ops/second in (133.096759,1060.333875) seconds
2020/01/07-18:19:34  ... thread 1: (1000000,8000000) ops and (7520.8,7552.1) ops/second in (132.964035,1059.305377) seconds
2020/01/07-18:19:34  ... thread 2: (1000000,8000000) ops and (7513.2,7549.8) ops/second in (133.099796,1059.636302) seconds
2020/01/07-18:19:34  ... thread 5: (1000000,8000000) ops and (7519.5,7551.5) ops/second in (132.988201,1059.387283) seconds
2020/01/07-18:19:35  ... thread 6: (1000000,8000000) ops and (7514.3,7548.9) ops/second in (133.080053,1059.755072) seconds
2020/01/07-18:19:36  ... thread 4: (1000000,8000000) ops and (7463.0,7543.9) ops/second in (133.995161,1060.456188) seconds
2020/01/07-18:19:36  ... thread 7: (1000000,8000000) ops and (7437.8,7541.4) ops/second in (134.448052,1060.814907) seconds
2020/01/07-18:19:36  ... thread 3: (1000000,8000000) ops and (7512.8,7539.9) ops/second in (133.105494,1061.021270) seconds
ycsbd        :      16.600 micros/op 60242 ops/sec;    6.7 MB/s (7600000 of 8000000 found)
Microseconds per op:
Count: 64000000 Average: 132.5111  StdDev: 51.27
Min: 0  Median: 127.9405  Max: 119021
Percentiles: P50: 127.94 P75: 158.42 P99: 341.18 P99.9: 8632.47 P99.99: 24122.47
------------------------------------------------------
[       0,       1 ]      396   0.001%   0.001% 
(       1,       2 ]     4603   0.007%   0.008% 
(       2,       3 ]    23881   0.037%   0.045% 
(       3,       4 ]    89583   0.140%   0.185% 
(       4,       6 ]   583296   0.911%   1.096% 
(       6,      10 ]  2070822   3.236%   4.332% #
(      10,      15 ]  7166622  11.198%  15.530% ##
(      15,      22 ]  8204021  12.819%  28.349% ###
(      22,      34 ]   949652   1.484%  29.833% 
(      34,      51 ]   111799   0.175%  30.007% 
(      51,      76 ]    15401   0.024%  30.031% 
(      76,     110 ]  3362409   5.254%  35.285% #
(     110,     170 ] 31495820  49.212%  84.497% ##########
(     170,     250 ]  8455020  13.211%  97.708% ###
(     250,     380 ]  1178597   1.842%  99.550% 
(     380,     580 ]   126500   0.198%  99.748% 
(     580,     870 ]    12444   0.019%  99.767% 
(     870,    1300 ]    14837   0.023%  99.790% 
(    1300,    1900 ]    16710   0.026%  99.816% 
(    1900,    2900 ]    16684   0.026%  99.842% 
(    2900,    4400 ]    16891   0.026%  99.869% 
(    4400,    6600 ]    10638   0.017%  99.885% 
(    6600,    9900 ]    15220   0.024%  99.909% 
(    9900,   14000 ]    14388   0.022%  99.932% 
(   14000,   22000 ]    36375   0.057%  99.988% 
(   22000,   33000 ]     5136   0.008%  99.996% 
(   33000,   50000 ]      401   0.001%  99.997% 
(   50000,   75000 ]     1608   0.003% 100.000% 
(   75000,  110000 ]      241   0.000% 100.000% 
(  110000,  170000 ]        5   0.000% 100.000% 

FLAGS_num 1200000000, num_ 150000000
num after by threads 150000000
2020/01/07-18:25:06  ... thread 2: (1000000,1000000) ops and (4068.6,4068.6) ops/second in (245.783639,245.783639) seconds
2020/01/07-18:25:07  ... thread 5: (1000000,1000000) ops and (4085.1,4085.1) ops/second in (244.793694,244.793694) seconds
2020/01/07-18:25:07  ... thread 7: (1000000,1000000) ops and (4066.5,4066.5) ops/second in (245.909430,245.909430) seconds
2020/01/07-18:25:07  ... thread 1: (1000000,1000000) ops and (4068.7,4068.7) ops/second in (245.778024,245.778024) seconds
2020/01/07-18:25:08  ... thread 3: (1000000,1000000) ops and (4084.9,4084.9) ops/second in (244.803764,244.803764) seconds
2020/01/07-18:25:08  ... thread 4: (1000000,1000000) ops and (4082.1,4082.1) ops/second in (244.972671,244.972671) seconds
2020/01/07-18:25:08  ... thread 6: (1000000,1000000) ops and (4081.6,4081.6) ops/second in (245.000110,245.000110) seconds
2020/01/07-18:25:09  ... thread 0: (1000000,1000000) ops and (4076.3,4076.3) ops/second in (245.320463,245.320463) seconds
2020/01/07-18:29:14  ... thread 5: (1000000,2000000) ops and (4039.8,4062.3) ops/second in (247.539761,492.333455) seconds
2020/01/07-18:29:14  ... thread 2: (1000000,2000000) ops and (4029.8,4049.1) ops/second in (248.152222,493.935861) seconds
2020/01/07-18:29:15  ... thread 7: (1000000,2000000) ops and (4027.4,4046.9) ops/second in (248.299529,494.208959) seconds
2020/01/07-18:29:16  ... thread 1: (1000000,2000000) ops and (4022.8,4045.6) ops/second in (248.585374,494.363398) seconds
2020/01/07-18:29:16  ... thread 4: (1000000,2000000) ops and (4036.9,4059.3) ops/second in (247.717323,492.689994) seconds
2020/01/07-18:29:16  ... thread 3: (1000000,2000000) ops and (4028.5,4056.5) ops/second in (248.234262,493.038026) seconds
2020/01/07-18:29:16  ... thread 0: (1000000,2000000) ops and (4034.3,4055.2) ops/second in (247.877100,493.197563) seconds
2020/01/07-18:29:17  ... thread 6: (1000000,2000000) ops and (4029.0,4055.1) ops/second in (248.200264,493.200374) seconds
ycsbe        :      31.013 micros/op 32244 ops/sec;  339.1 MB/s (1900048 of 2000000 found)
Microseconds per op:
Count: 16000000 Average: 246.6855  StdDev: 243.21
Min: 2  Median: 224.0583  Max: 93635
Percentiles: P50: 224.06 P75: 336.83 P99: 688.82 P99.9: 7119.72 P99.99: 41475.46
------------------------------------------------------
(       1,       2 ]      102   0.001%   0.001% 
(       2,       3 ]     2864   0.018%   0.019% 
(       3,       4 ]    12124   0.076%   0.094% 
(       4,       6 ]    69197   0.432%   0.527% 
(       6,      10 ]   437053   2.732%   3.258% #
(      10,      15 ]   234575   1.466%   4.724% 
(      15,      22 ]   277772   1.736%   6.461% 
(      22,      34 ]  1531781   9.574%  16.034% ##
(      34,      51 ]  1438699   8.992%  25.026% ##
(      51,      76 ]   224646   1.404%  26.430% 
(      76,     110 ]   116987   0.731%  27.161% 
(     110,     170 ]  1967379  12.296%  39.457% ##
(     170,     250 ]  2496298  15.602%  55.059% ###
(     250,     380 ]  4776713  29.854%  84.914% ######
(     380,     580 ]  2180887  13.631%  98.544% ###
(     580,     870 ]   194345   1.215%  99.759% 
(     870,    1300 ]     9209   0.058%  99.816% 
(    1300,    1900 ]     3474   0.022%  99.838% 
(    1900,    2900 ]     3626   0.023%  99.861% 
(    2900,    4400 ]     3571   0.022%  99.883% 
(    4400,    6600 ]     2286   0.014%  99.897% 
(    6600,    9900 ]     2616   0.016%  99.914% 
(    9900,   14000 ]     2503   0.016%  99.929% 
(   14000,   22000 ]     4836   0.030%  99.960% 
(   22000,   33000 ]     3821   0.024%  99.984% 
(   33000,   50000 ]     2078   0.013%  99.997% 
(   50000,   75000 ]      528   0.003% 100.000% 
(   75000,  110000 ]       30   0.000% 100.000% 

FLAGS_num 1200000000, num_ 150000000
num after by threads 150000000

                               Compactions
Level  Files Size(MB) Time(sec) Read(MB) Write(MB)
--------------------------------------------------
  0        0        0         2        0       362
  1        0        0        25      413      4077
  2        0        0        97    14003     18058
  3        0        0       203    40423     40330
  4      133      596       859   160186    159610
  5     1615    99434      2997   551614    545568
  6      572    34929      1063   191750    190010
WriteAmplification: 2649.6071

