./pebblesdb/release/db_bench --cache_size=8388608 --logpath=/mnt/ssd --db=/mnt/nvm/peb_ycsb --threads=8 --open_files=40000 --num=1200000000 --range=1200000000 --reads=2000000 --batch_size=1000 --stats_interval=1000000 --bloom_bits=16 --bg_threads=6 --value_size=100 --histogram=true --log=true --benchmarks=loadreverse,ycsba,ycsbb,ycsbc,ycsbf,ycsbd,ycsbe,stats --ycsb_ops_num=8000000 --seek_nexts=100 --use_existing_db=true --write_buffer_size=67108864 
Keys:       16 bytes each
Values:     100 bytes each (50 bytes after compression)
Entries:    1200000000
RawSize:    132751.5 MB (estimated)
FileSize:   75531.0 MB (estimated)
WARNING: Snappy compression is not enabled
------------------------------------------------
Recover Time : 18446744073707809878
InitializeFileLevelBloomFilter Time: 403212127
InitializeTableCacheFileMetaData Time: 9387
PebblesDB Open Time: 405692881
 usWrite buffer: 65536.00 KB
loadreverse  : 189211902.000 micros/op 0 ops/sec;
Microseconds per op:
Count: 0 Average: 0.0000  StdDev: 0.00
Min: 0  Median: 0.0000  Max: 0
Percentiles: P50: 0.00 P75: 0.00 P99: 0.00 P99.9: 0.00 P99.99: 0.00
------------------------------------------------------

2020/01/07-14:39:26  ... thread 0: (1000000,1000000) ops and (10398.0,10398.0) ops/second in (96.172249,96.172249) seconds


2020/01/07-14:39:26  ... thread 4: (1000000,1000000) ops and (10575.6,10575.6) ops/second in (94.557262,94.557262) seconds


2020/01/07-14:39:26  ... thread 2: (1000000,1000000) ops and (10535.3,10535.3) ops/second in (94.919268,94.919268) seconds


2020/01/07-14:39:27  ... thread 1: (1000000,1000000) ops and (10584.9,10584.9) ops/second in (94.474258,94.474258) seconds


2020/01/07-14:39:27  ... thread 7: (1000000,1000000) ops and (10594.0,10594.0) ops/second in (94.392880,94.392880) seconds


2020/01/07-14:39:27  ... thread 5: (1000000,1000000) ops and (10592.5,10592.5) ops/second in (94.406220,94.406220) seconds


2020/01/07-14:39:27  ... thread 3: (1000000,1000000) ops and (10565.8,10565.8) ops/second in (94.645072,94.645072) seconds


2020/01/07-14:39:27  ... thread 6: (1000000,1000000) ops and (10576.1,10576.1) ops/second in (94.553106,94.553106) seconds


2020/01/07-14:41:07  ... thread 0: (1000000,2000000) ops and (9886.8,10136.0) ops/second in (101.145103,197.317352) seconds


2020/01/07-14:41:07  ... thread 2: (1000000,2000000) ops and (9902.1,10208.9) ops/second in (100.989037,195.908305) seconds


2020/01/07-14:41:07  ... thread 4: (1000000,2000000) ops and (9886.9,10219.6) ops/second in (101.144169,195.701431) seconds


2020/01/07-14:41:08  ... thread 1: (1000000,2000000) ops and (9887.4,10224.3) ops/second in (101.138537,195.612795) seconds


2020/01/07-14:41:08  ... thread 5: (1000000,2000000) ops and (9888.0,10228.1) ops/second in (101.132815,195.539035) seconds


2020/01/07-14:41:08  ... thread 6: (1000000,2000000) ops and (9882.3,10217.4) ops/second in (101.190942,195.744048) seconds


2020/01/07-14:41:08  ... thread 3: (1000000,2000000) ops and (9868.3,10205.1) ops/second in (101.334637,195.979709) seconds


2020/01/07-14:41:08  ... thread 7: (1000000,2000000) ops and (9859.9,10213.8) ops/second in (101.420567,195.813447) seconds


2020/01/07-14:42:52  ... thread 2: (1000000,3000000) ops and (9562.4,9983.9) ops/second in (104.576291,300.484596) seconds


2020/01/07-14:42:52  ... thread 0: (1000000,3000000) ops and (9553.2,9934.0) ops/second in (104.676706,301.994058) seconds


2020/01/07-14:42:52  ... thread 4: (1000000,3000000) ops and (9558.5,9989.3) ops/second in (104.618658,300.320089) seconds


2020/01/07-14:42:52  ... thread 1: (1000000,3000000) ops and (9557.6,9992.0) ops/second in (104.628685,300.241480) seconds


2020/01/07-14:42:52  ... thread 6: (1000000,3000000) ops and (9562.8,9989.5) ops/second in (104.571559,300.315607) seconds


2020/01/07-14:42:52  ... thread 5: (1000000,3000000) ops and (9550.4,9991.8) ops/second in (104.708059,300.247094) seconds


2020/01/07-14:42:53  ... thread 3: (1000000,3000000) ops and (9569.8,9984.2) ops/second in (104.495428,300.475137) seconds


2020/01/07-14:42:53  ... thread 7: (1000000,3000000) ops and (9566.0,9988.4) ops/second in (104.536437,300.349884) seconds


2020/01/07-14:44:31  ... thread 4: (1000000,4000000) ops and (10162.1,10032.0) ops/second in (98.404416,398.724505) seconds


2020/01/07-14:44:31  ... thread 2: (1000000,4000000) ops and (10147.4,10024.3) ops/second in (98.547060,399.031656) seconds


2020/01/07-14:44:31  ... thread 0: (1000000,4000000) ops and (10148.5,9986.8) ops/second in (98.536573,400.530631) seconds


2020/01/07-14:44:31  ... thread 6: (1000000,4000000) ops and (10157.9,10031.1) ops/second in (98.446006,398.761613) seconds


2020/01/07-14:44:31  ... thread 7: (1000000,4000000) ops and (10171.2,10033.4) ops/second in (98.316742,398.666626) seconds


2020/01/07-14:44:31  ... thread 5: (1000000,4000000) ops and (10158.5,10032.9) ops/second in (98.439447,398.686541) seconds


2020/01/07-14:44:31  ... thread 3: (1000000,4000000) ops and (10157.1,10026.9) ops/second in (98.453283,398.928420) seconds


2020/01/07-14:44:31  ... thread 1: (1000000,4000000) ops and (10133.5,10027.0) ops/second in (98.682788,398.924268) seconds


2020/01/07-14:46:12  ... thread 4: (1000000,5000000) ops and (9820.5,9989.0) ops/second in (101.827536,500.552041) seconds


2020/01/07-14:46:12  ... thread 2: (1000000,5000000) ops and (9822.6,9983.3) ops/second in (101.806464,500.838120) seconds


2020/01/07-14:46:13  ... thread 0: (1000000,5000000) ops and (9810.2,9950.9) ops/second in (101.934887,502.465518) seconds


2020/01/07-14:46:13  ... thread 6: (1000000,5000000) ops and (9835.3,9991.3) ops/second in (101.674352,500.435965) seconds


2020/01/07-14:46:13  ... thread 1: (1000000,5000000) ops and (9847.1,9990.5) ops/second in (101.552550,500.476818) seconds


2020/01/07-14:46:13  ... thread 7: (1000000,5000000) ops and (9820.7,9990.2) ops/second in (101.825586,500.492212) seconds


2020/01/07-14:46:13  ... thread 3: (1000000,5000000) ops and (9819.1,9984.6) ops/second in (101.842537,500.770957) seconds


2020/01/07-14:46:13  ... thread 5: (1000000,5000000) ops and (9805.0,9986.5) ops/second in (101.989070,500.675611) seconds


2020/01/07-14:47:53  ... thread 2: (1000000,6000000) ops and (9927.4,9973.9) ops/second in (100.730968,601.569088) seconds


2020/01/07-14:47:53  ... thread 4: (1000000,6000000) ops and (9920.7,9977.5) ops/second in (100.799730,601.351771) seconds


2020/01/07-14:47:53  ... thread 6: (1000000,6000000) ops and (9932.9,9981.5) ops/second in (100.675441,601.111406) seconds


2020/01/07-14:47:53  ... thread 0: (1000000,6000000) ops and (9923.4,9946.3) ops/second in (100.771954,603.237472) seconds


2020/01/07-14:47:53  ... thread 1: (1000000,6000000) ops and (9926.2,9979.7) ops/second in (100.743209,601.220027) seconds


2020/01/07-14:47:54  ... thread 7: (1000000,6000000) ops and (9910.3,9976.8) ops/second in (100.905409,601.397621) seconds


2020/01/07-14:47:54  ... thread 3: (1000000,6000000) ops and (9910.4,9972.2) ops/second in (100.903934,601.674891) seconds


2020/01/07-14:47:54  ... thread 5: (1000000,6000000) ops and (9918.2,9975.1) ops/second in (100.824822,601.500433) seconds


2020/01/07-14:49:32  ... thread 2: (1000000,7000000) ops and (10080.7,9989.0) ops/second in (99.199655,700.768743) seconds


2020/01/07-14:49:32  ... thread 4: (1000000,7000000) ops and (10068.4,9990.4) ops/second in (99.320334,700.672105) seconds


2020/01/07-14:49:33  ... thread 6: (1000000,7000000) ops and (10058.6,9992.4) ops/second in (99.417800,700.529206) seconds


2020/01/07-14:49:33  ... thread 0: (1000000,7000000) ops and (10050.6,9961.1) ops/second in (99.496394,702.733866) seconds


2020/01/07-14:49:33  ... thread 1: (1000000,7000000) ops and (10048.4,9989.5) ops/second in (99.518306,700.738333) seconds


2020/01/07-14:49:33  ... thread 7: (1000000,7000000) ops and (10035.8,9985.1) ops/second in (99.643581,701.041202) seconds


2020/01/07-14:49:33  ... thread 3: (1000000,7000000) ops and (10023.0,9979.4) ops/second in (99.770287,701.445178) seconds


2020/01/07-14:49:34  ... thread 5: (1000000,7000000) ops and (10019.7,9981.4) ops/second in (99.802976,701.303409) seconds


2020/01/07-14:51:12  ... thread 2: (1000000,8000000) ops and (10001.8,9990.6) ops/second in (99.982287,800.751030) seconds


2020/01/07-14:51:12  ... thread 4: (1000000,8000000) ops and (9999.4,9991.5) ops/second in (100.006241,800.678346) seconds


2020/01/07-14:51:13  ... thread 1: (1000000,8000000) ops and (10017.8,9993.0) ops/second in (99.822041,800.560374) seconds


2020/01/07-14:51:13  ... thread 6: (1000000,8000000) ops and (9990.4,9992.2) ops/second in (100.096014,800.625220) seconds


2020/01/07-14:51:13  ... thread 0: (1000000,8000000) ops and (9980.5,9963.5) ops/second in (100.195417,802.929283) seconds


2020/01/07-14:51:13  ... thread 7: (1000000,8000000) ops and (9983.2,9984.9) ops/second in (100.168675,801.209877) seconds


2020/01/07-14:51:14  ... thread 3: (1000000,8000000) ops and (9965.6,9977.7) ops/second in (100.344932,801.790110) seconds


2020/01/07-14:51:14  ... thread 5: (1000000,8000000) ops and (9963.2,9979.1) ops/second in (100.368890,801.672299) seconds


ycsba        :      12.560 micros/op 79619 ops/sec;    8.8 MB/s (3994225 of 8000000 found)
Microseconds per op:
Count: 64000000 Average: 100.1596  StdDev: 57.84
Min: 0  Median: 66.4605  Max: 446497
Percentiles: P50: 66.46 P75: 139.02 P99: 443.80 P99.9: 2962.85 P99.99: 18233.66
------------------------------------------------------
[       0,       1 ]     9720   0.015%   0.015% 
(       1,       2 ]   285548   0.446%   0.461% 
(       2,       3 ]  1148534   1.795%   2.256% 
(       3,       4 ]  2080124   3.250%   5.506% #
(       4,       6 ]  5318039   8.309%  13.816% ##
(       6,      10 ]  4215690   6.587%  20.403% #
(      10,      15 ]  1359995   2.125%  22.528% 
(      15,      22 ]  3562682   5.567%  28.094% #
(      22,      34 ]  3323883   5.194%  33.288% #
(      34,      51 ]  1141175   1.783%  35.071% 
(      51,      76 ] 15450066  24.141%  59.212% #####
(      76,     110 ]  1234915   1.930%  61.141% 
(     110,     170 ] 18338979  28.655%  89.796% ######
(     170,     250 ]  4662764   7.286%  97.081% #
(     250,     380 ]  1065642   1.665%  98.746% 
(     380,     580 ]   508583   0.795%  99.541% 
(     580,     870 ]    89179   0.139%  99.680% 
(     870,    1300 ]    45328   0.071%  99.751% 
(    1300,    1900 ]    44339   0.069%  99.821% 
(    1900,    2900 ]    49455   0.077%  99.898% 
(    2900,    4400 ]    32460   0.051%  99.949% 
(    4400,    6600 ]    12699   0.020%  99.968% 
(    6600,    9900 ]     7719   0.012%  99.980% 
(    9900,   14000 ]     4252   0.007%  99.987% 
(   14000,   22000 ]     3458   0.005%  99.993% 
(   22000,   33000 ]      335   0.001%  99.993% 
(   33000,   50000 ]     1074   0.002%  99.995% 
(   50000,   75000 ]     1801   0.003%  99.998% 
(   75000,  110000 ]      940   0.001%  99.999% 
(  110000,  170000 ]      440   0.001% 100.000% 
(  170000,  250000 ]       95   0.000% 100.000% 
(  250000,  380000 ]       77   0.000% 100.000% 
(  380000,  570000 ]       10   0.000% 100.000% 

2020/01/07-14:54:56  ... thread 4: (1000000,1000000) ops and (7098.7,7098.7) ops/second in (140.870432,140.870432) seconds


2020/01/07-14:54:58  ... thread 7: (1000000,1000000) ops and (7087.2,7087.2) ops/second in (141.098785,141.098785) seconds


2020/01/07-14:54:59  ... thread 5: (1000000,1000000) ops and (7082.7,7082.7) ops/second in (141.188448,141.188448) seconds


2020/01/07-14:54:59  ... thread 2: (1000000,1000000) ops and (7124.5,7124.5) ops/second in (140.360387,140.360387) seconds


2020/01/07-14:54:59  ... thread 6: (1000000,1000000) ops and (7110.0,7110.0) ops/second in (140.647304,140.647304) seconds


2020/01/07-14:55:00  ... thread 1: (1000000,1000000) ops and (7083.0,7083.0) ops/second in (141.183790,141.183790) seconds


2020/01/07-14:55:00  ... thread 3: (1000000,1000000) ops and (7064.0,7064.0) ops/second in (141.561971,141.561971) seconds


2020/01/07-14:55:00  ... thread 0: (1000000,1000000) ops and (7060.2,7060.2) ops/second in (141.638862,141.638862) seconds


2020/01/07-14:57:12  ... thread 4: (1000000,2000000) ops and (7357.1,7225.6) ops/second in (135.923122,276.793554) seconds


2020/01/07-14:57:14  ... thread 7: (1000000,2000000) ops and (7362.0,7222.0) ops/second in (135.832830,276.931615) seconds


2020/01/07-14:57:15  ... thread 5: (1000000,2000000) ops and (7369.9,7223.4) ops/second in (135.687632,276.876080) seconds


2020/01/07-14:57:15  ... thread 6: (1000000,2000000) ops and (7379.7,7242.3) ops/second in (135.507322,276.154626) seconds


2020/01/07-14:57:16  ... thread 1: (1000000,2000000) ops and (7357.5,7217.6) ops/second in (135.916268,277.100058) seconds


2020/01/07-14:57:16  ... thread 2: (1000000,2000000) ops and (7320.8,7221.3) ops/second in (136.596615,276.957002) seconds


2020/01/07-14:57:17  ... thread 0: (1000000,2000000) ops and (7338.3,7196.6) ops/second in (136.271357,277.910219) seconds


2020/01/07-14:57:17  ... thread 3: (1000000,2000000) ops and (7323.3,7191.3) ops/second in (136.550933,278.112904) seconds


2020/01/07-14:59:27  ... thread 4: (1000000,3000000) ops and (7396.1,7281.6) ops/second in (135.206530,412.000084) seconds


2020/01/07-14:59:29  ... thread 7: (1000000,3000000) ops and (7392.1,7277.8) ops/second in (135.278952,412.210567) seconds


2020/01/07-14:59:30  ... thread 5: (1000000,3000000) ops and (7401.9,7282.0) ops/second in (135.101086,411.977166) seconds


2020/01/07-14:59:30  ... thread 6: (1000000,3000000) ops and (7403.2,7295.2) ops/second in (135.076256,411.230882) seconds


2020/01/07-14:59:31  ... thread 1: (1000000,3000000) ops and (7394.9,7275.7) ops/second in (135.229042,412.329100) seconds


2020/01/07-14:59:31  ... thread 2: (1000000,3000000) ops and (7393.2,7277.7) ops/second in (135.259164,412.216166) seconds


2020/01/07-14:59:32  ... thread 0: (1000000,3000000) ops and (7394.4,7261.3) ops/second in (135.236987,413.147206) seconds


2020/01/07-14:59:32  ... thread 3: (1000000,3000000) ops and (7391.3,7256.8) ops/second in (135.293578,413.406482) seconds


2020/01/07-15:01:43  ... thread 4: (1000000,4000000) ops and (7353.0,7299.3) ops/second in (135.999736,547.999820) seconds


2020/01/07-15:01:45  ... thread 7: (1000000,4000000) ops and (7346.3,7294.8) ops/second in (136.123407,548.333974) seconds


2020/01/07-15:01:46  ... thread 5: (1000000,4000000) ops and (7350.2,7298.9) ops/second in (136.050093,548.027259) seconds


2020/01/07-15:01:46  ... thread 6: (1000000,4000000) ops and (7351.3,7309.1) ops/second in (136.030570,547.261452) seconds


2020/01/07-15:01:47  ... thread 1: (1000000,4000000) ops and (7331.4,7289.6) ops/second in (136.400209,548.729309) seconds


2020/01/07-15:01:47  ... thread 2: (1000000,4000000) ops and (7341.6,7293.6) ops/second in (136.210501,548.426667) seconds


2020/01/07-15:01:48  ... thread 0: (1000000,4000000) ops and (7328.2,7277.9) ops/second in (136.459389,549.606595) seconds


2020/01/07-15:01:49  ... thread 3: (1000000,4000000) ops and (7332.8,7275.6) ops/second in (136.372829,549.779311) seconds


2020/01/07-15:03:58  ... thread 4: (1000000,5000000) ops and (7394.1,7318.0) ops/second in (135.242312,683.242132) seconds


2020/01/07-15:04:00  ... thread 7: (1000000,5000000) ops and (7389.2,7313.5) ops/second in (135.332627,683.666601) seconds


2020/01/07-15:04:01  ... thread 5: (1000000,5000000) ops and (7382.6,7315.5) ops/second in (135.452982,683.480241) seconds


2020/01/07-15:04:02  ... thread 6: (1000000,5000000) ops and (7374.9,7322.2) ops/second in (135.594146,682.855598) seconds


2020/01/07-15:04:03  ... thread 1: (1000000,5000000) ops and (7377.4,7307.0) ops/second in (135.549748,684.279057) seconds


2020/01/07-15:04:03  ... thread 2: (1000000,5000000) ops and (7363.2,7307.4) ops/second in (135.811286,684.237953) seconds


2020/01/07-15:04:04  ... thread 0: (1000000,5000000) ops and (7368.9,7296.0) ops/second in (135.704904,685.311499) seconds


2020/01/07-15:04:04  ... thread 3: (1000000,5000000) ops and (7380.4,7296.3) ops/second in (135.494892,685.274203) seconds


2020/01/07-15:06:15  ... thread 4: (1000000,6000000) ops and (7330.5,7320.1) ops/second in (136.417269,819.659401) seconds


2020/01/07-15:06:17  ... thread 7: (1000000,6000000) ops and (7327.9,7315.9) ops/second in (136.464193,820.130794) seconds


2020/01/07-15:06:18  ... thread 5: (1000000,6000000) ops and (7329.5,7317.8) ops/second in (136.434315,819.914556) seconds


2020/01/07-15:06:18  ... thread 6: (1000000,6000000) ops and (7331.1,7323.7) ops/second in (136.404867,819.260465) seconds


2020/01/07-15:06:20  ... thread 1: (1000000,6000000) ops and (7306.7,7306.9) ops/second in (136.860474,821.139531) seconds


2020/01/07-15:06:20  ... thread 2: (1000000,6000000) ops and (7307.9,7307.5) ops/second in (136.838424,821.076377) seconds


2020/01/07-15:06:21  ... thread 0: (1000000,6000000) ops and (7309.4,7298.2) ops/second in (136.810682,822.122181) seconds


2020/01/07-15:06:21  ... thread 3: (1000000,6000000) ops and (7300.9,7297.1) ops/second in (136.969063,822.243266) seconds


2020/01/07-15:08:32  ... thread 4: (1000000,7000000) ops and (7275.7,7313.7) ops/second in (137.444394,957.103795) seconds


2020/01/07-15:08:34  ... thread 7: (1000000,7000000) ops and (7270.6,7309.4) ops/second in (137.540667,957.671461) seconds


2020/01/07-15:08:35  ... thread 5: (1000000,7000000) ops and (7276.5,7311.9) ops/second in (137.429093,957.343649) seconds


2020/01/07-15:08:36  ... thread 6: (1000000,7000000) ops and (7273.7,7316.5) ops/second in (137.482248,956.742713) seconds


2020/01/07-15:08:37  ... thread 1: (1000000,7000000) ops and (7252.1,7299.0) ops/second in (137.891373,959.030904) seconds


2020/01/07-15:08:38  ... thread 2: (1000000,7000000) ops and (7246.8,7298.7) ops/second in (137.992104,959.068481) seconds


2020/01/07-15:08:39  ... thread 0: (1000000,7000000) ops and (7258.8,7292.5) ops/second in (137.764478,959.886659) seconds


2020/01/07-15:08:39  ... thread 3: (1000000,7000000) ops and (7256.8,7291.3) ops/second in (137.801800,960.045066) seconds


2020/01/07-15:10:48  ... thread 4: (1000000,8000000) ops and (7343.3,7317.4) ops/second in (136.178263,1093.282058) seconds


2020/01/07-15:10:51  ... thread 7: (1000000,8000000) ops and (7334.8,7312.6) ops/second in (136.336033,1094.007494) seconds


2020/01/07-15:10:51  ... thread 5: (1000000,8000000) ops and (7362.3,7318.2) ops/second in (135.827194,1093.170843) seconds


2020/01/07-15:10:52  ... thread 6: (1000000,8000000) ops and (7349.8,7320.6) ops/second in (136.057591,1092.800304) seconds


2020/01/07-15:10:54  ... thread 1: (1000000,8000000) ops and (7350.1,7305.4) ops/second in (136.053359,1095.084263) seconds


2020/01/07-15:10:54  ... thread 2: (1000000,8000000) ops and (7356.8,7306.0) ops/second in (135.928515,1094.996996) seconds


2020/01/07-15:10:54  ... thread 0: (1000000,8000000) ops and (7369.8,7302.1) ops/second in (135.688371,1095.575030) seconds


2020/01/07-15:10:55  ... thread 3: (1000000,8000000) ops and (7359.4,7299.8) ops/second in (135.881262,1095.926328) seconds


ycsbb        :      17.181 micros/op 58202 ops/sec;    6.4 MB/s (7588860 of 8000000 found)
Microseconds per op:
Count: 64000000 Average: 136.7944  StdDev: 22.48
Min: 1  Median: 136.4516  Max: 350458
Percentiles: P50: 136.45 P75: 162.73 P99: 534.76 P99.9: 857.50 P99.99: 3612.89
------------------------------------------------------
[       0,       1 ]      102   0.000%   0.000% 
(       1,       2 ]     4102   0.006%   0.007% 
(       2,       3 ]    21359   0.033%   0.040% 
(       3,       4 ]    71218   0.111%   0.151% 
(       4,       6 ]   478622   0.748%   0.899% 
(       6,      10 ]   864354   1.351%   2.250% 
(      10,      15 ]   392438   0.613%   2.863% 
(      15,      22 ]  5623473   8.787%  11.649% ##
(      22,      34 ]  3655747   5.712%  17.362% #
(      34,      51 ]   456599   0.713%  18.075% 
(      51,      76 ]  1721807   2.690%  20.765% #
(      76,     110 ]  2603053   4.067%  24.833% #
(     110,     170 ] 36535718  57.087%  81.920% ###########
(     170,     250 ]  8452738  13.207%  95.127% ###
(     250,     380 ]  1410125   2.203%  97.330% 
(     380,     580 ]  1380901   2.158%  99.488% 
(     580,     870 ]   275522   0.431%  99.919% 
(     870,    1300 ]    21479   0.034%  99.952% 
(    1300,    1900 ]     9916   0.015%  99.968% 
(    1900,    2900 ]    11695   0.018%  99.986% 
(    2900,    4400 ]     5538   0.009%  99.995% 
(    4400,    6600 ]     1599   0.002%  99.997% 
(    6600,    9900 ]      769   0.001%  99.998% 
(    9900,   14000 ]      335   0.001%  99.999% 
(   14000,   22000 ]      179   0.000%  99.999% 
(   22000,   33000 ]       85   0.000%  99.999% 
(   33000,   50000 ]       82   0.000%  99.999% 
(   50000,   75000 ]      253   0.000% 100.000% 
(   75000,  110000 ]      131   0.000% 100.000% 
(  110000,  170000 ]       36   0.000% 100.000% 
(  170000,  250000 ]        9   0.000% 100.000% 
(  250000,  380000 ]       16   0.000% 100.000% 

2020/01/07-15:14:41  ... thread 6: (1000000,1000000) ops and (7017.8,7017.8) ops/second in (142.493932,142.493932) seconds


2020/01/07-15:14:41  ... thread 0: (1000000,1000000) ops and (7030.4,7030.4) ops/second in (142.240086,142.240086) seconds


2020/01/07-15:14:41  ... thread 1: (1000000,1000000) ops and (7024.4,7024.4) ops/second in (142.360902,142.360902) seconds


2020/01/07-15:14:41  ... thread 5: (1000000,1000000) ops and (7021.8,7021.8) ops/second in (142.413130,142.413130) seconds


2020/01/07-15:14:41  ... thread 2: (1000000,1000000) ops and (7020.6,7020.6) ops/second in (142.437783,142.437783) seconds


2020/01/07-15:14:41  ... thread 7: (1000000,1000000) ops and (7015.1,7015.1) ops/second in (142.549121,142.549121) seconds


2020/01/07-15:14:41  ... thread 3: (1000000,1000000) ops and (7029.9,7029.9) ops/second in (142.250175,142.250175) seconds


2020/01/07-15:14:41  ... thread 4: (1000000,1000000) ops and (7027.7,7027.7) ops/second in (142.293709,142.293709) seconds


2020/01/07-15:17:02  ... thread 0: (1000000,2000000) ops and (7083.5,7056.8) ops/second in (141.173100,283.413186) seconds


2020/01/07-15:17:02  ... thread 5: (1000000,2000000) ops and (7072.5,7047.1) ops/second in (141.391748,283.804878) seconds


2020/01/07-15:17:02  ... thread 1: (1000000,2000000) ops and (7065.2,7044.7) ops/second in (141.539025,283.899927) seconds


2020/01/07-15:17:03  ... thread 6: (1000000,2000000) ops and (7047.4,7032.6) ops/second in (141.896498,284.390430) seconds


2020/01/07-15:17:03  ... thread 4: (1000000,2000000) ops and (7084.4,7056.0) ops/second in (141.154277,283.447986) seconds


2020/01/07-15:17:03  ... thread 3: (1000000,2000000) ops and (7072.4,7051.1) ops/second in (141.394830,283.645005) seconds


2020/01/07-15:17:03  ... thread 7: (1000000,2000000) ops and (7055.3,7035.1) ops/second in (141.738261,284.287382) seconds


2020/01/07-15:17:03  ... thread 2: (1000000,2000000) ops and (7028.3,7024.4) ops/second in (142.282043,284.719826) seconds


2020/01/07-15:19:23  ... thread 0: (1000000,3000000) ops and (7071.9,7061.8) ops/second in (141.404811,424.817997) seconds


2020/01/07-15:19:24  ... thread 4: (1000000,3000000) ops and (7097.8,7069.9) ops/second in (140.888464,424.336450) seconds


2020/01/07-15:19:24  ... thread 1: (1000000,3000000) ops and (7066.8,7052.1) ops/second in (141.506707,425.406634) seconds


2020/01/07-15:19:24  ... thread 5: (1000000,3000000) ops and (7053.9,7049.4) ops/second in (141.764776,425.569654) seconds


2020/01/07-15:19:24  ... thread 7: (1000000,3000000) ops and (7078.6,7049.6) ops/second in (141.271134,425.558516) seconds


2020/01/07-15:19:24  ... thread 6: (1000000,3000000) ops and (7048.9,7038.0) ops/second in (141.865755,426.256185) seconds


2020/01/07-15:19:24  ... thread 3: (1000000,3000000) ops and (7062.4,7054.9) ops/second in (141.594042,425.239047) seconds


2020/01/07-15:19:25  ... thread 2: (1000000,3000000) ops and (7072.6,7040.4) ops/second in (141.390886,426.110712) seconds


2020/01/07-15:21:45  ... thread 0: (1000000,4000000) ops and (7054.8,7060.1) ops/second in (141.747077,566.565074) seconds


2020/01/07-15:21:46  ... thread 4: (1000000,4000000) ops and (7035.2,7061.2) ops/second in (142.143031,566.479481) seconds


2020/01/07-15:21:46  ... thread 7: (1000000,4000000) ops and (7072.0,7055.2) ops/second in (141.402965,566.961481) seconds


2020/01/07-15:21:46  ... thread 3: (1000000,4000000) ops and (7071.7,7059.1) ops/second in (141.408175,566.647222) seconds


2020/01/07-15:21:46  ... thread 1: (1000000,4000000) ops and (7044.3,7050.1) ops/second in (141.957867,567.364501) seconds


2020/01/07-15:21:46  ... thread 6: (1000000,4000000) ops and (7053.6,7041.9) ops/second in (141.772060,568.028245) seconds


2020/01/07-15:21:46  ... thread 2: (1000000,4000000) ops and (7074.3,7048.9) ops/second in (141.355861,567.466573) seconds


2020/01/07-15:21:46  ... thread 5: (1000000,4000000) ops and (7034.3,7045.6) ops/second in (142.161361,567.731015) seconds


2020/01/07-15:24:06  ... thread 0: (1000000,5000000) ops and (7116.3,7071.3) ops/second in (140.522080,707.087154) seconds


2020/01/07-15:24:06  ... thread 7: (1000000,5000000) ops and (7108.7,7065.8) ops/second in (140.673554,707.635035) seconds


2020/01/07-15:24:07  ... thread 2: (1000000,5000000) ops and (7115.4,7062.1) ops/second in (140.540938,708.007511) seconds


2020/01/07-15:24:07  ... thread 3: (1000000,5000000) ops and (7070.0,7061.3) ops/second in (141.441776,708.088998) seconds


2020/01/07-15:24:07  ... thread 4: (1000000,5000000) ops and (7055.7,7060.1) ops/second in (141.729179,708.208660) seconds


2020/01/07-15:24:08  ... thread 6: (1000000,5000000) ops and (7039.0,7041.3) ops/second in (142.064878,710.093123) seconds


2020/01/07-15:24:08  ... thread 1: (1000000,5000000) ops and (7025.2,7045.1) ops/second in (142.344611,709.709112) seconds


2020/01/07-15:24:08  ... thread 5: (1000000,5000000) ops and (7033.6,7043.2) ops/second in (142.174412,709.905427) seconds


2020/01/07-15:26:27  ... thread 0: (1000000,6000000) ops and (7103.6,7076.6) ops/second in (140.772863,847.860017) seconds


2020/01/07-15:26:27  ... thread 7: (1000000,6000000) ops and (7104.7,7072.2) ops/second in (140.751606,848.386641) seconds


2020/01/07-15:26:28  ... thread 2: (1000000,6000000) ops and (7100.3,7068.4) ops/second in (140.838636,848.846147) seconds


2020/01/07-15:26:28  ... thread 3: (1000000,6000000) ops and (7098.8,7067.5) ops/second in (140.868693,848.957691) seconds


2020/01/07-15:26:30  ... thread 4: (1000000,6000000) ops and (7028.4,7054.8) ops/second in (142.280091,850.488751) seconds


2020/01/07-15:26:30  ... thread 6: (1000000,6000000) ops and (7044.8,7041.9) ops/second in (141.948051,852.041174) seconds


2020/01/07-15:26:30  ... thread 1: (1000000,6000000) ops and (7041.3,7044.5) ops/second in (142.020104,851.729216) seconds


2020/01/07-15:26:31  ... thread 5: (1000000,6000000) ops and (7019.3,7039.2) ops/second in (142.465083,852.370510) seconds


2020/01/07-15:28:47  ... thread 0: (1000000,7000000) ops and (7112.7,7081.8) ops/second in (140.593106,988.453123) seconds


2020/01/07-15:28:48  ... thread 7: (1000000,7000000) ops and (7104.9,7076.9) ops/second in (140.748607,989.135248) seconds


2020/01/07-15:28:49  ... thread 2: (1000000,7000000) ops and (7082.1,7070.4) ops/second in (141.200886,990.047033) seconds


2020/01/07-15:28:49  ... thread 3: (1000000,7000000) ops and (7102.2,7072.4) ops/second in (140.801142,989.758833) seconds


2020/01/07-15:28:51  ... thread 4: (1000000,7000000) ops and (7063.2,7056.0) ops/second in (141.579313,992.068064) seconds


2020/01/07-15:28:52  ... thread 6: (1000000,7000000) ops and (7034.0,7040.8) ops/second in (142.167546,994.208720) seconds


2020/01/07-15:28:52  ... thread 1: (1000000,7000000) ops and (7036.2,7043.3) ops/second in (142.121823,993.851039) seconds


2020/01/07-15:28:53  ... thread 5: (1000000,7000000) ops and (7033.9,7038.4) ops/second in (142.169026,994.539536) seconds


2020/01/07-15:31:08  ... thread 0: (1000000,8000000) ops and (7096.9,7083.7) ops/second in (140.905624,1129.358747) seconds


2020/01/07-15:31:09  ... thread 7: (1000000,8000000) ops and (7100.3,7079.8) ops/second in (140.839459,1129.974707) seconds


2020/01/07-15:31:10  ... thread 3: (1000000,8000000) ops and (7108.8,7077.0) ops/second in (140.671523,1130.430356) seconds


2020/01/07-15:31:11  ... thread 2: (1000000,8000000) ops and (7027.1,7064.9) ops/second in (142.305912,1132.352945) seconds


2020/01/07-15:31:12  ... thread 4: (1000000,8000000) ops and (7090.9,7060.3) ops/second in (141.026358,1133.094422) seconds


2020/01/07-15:31:14  ... thread 6: (1000000,8000000) ops and (7061.6,7043.4) ops/second in (141.610188,1135.818908) seconds


2020/01/07-15:31:14  ... thread 1: (1000000,8000000) ops and (7060.5,7045.4) ops/second in (141.633952,1135.484991) seconds


2020/01/07-15:31:15  ... thread 5: (1000000,8000000) ops and (7068.2,7042.1) ops/second in (141.478309,1136.017845) seconds


ycsbc        :      17.757 micros/op 56315 ops/sec;    6.2 MB/s (7988294 of 8000000 found)
Microseconds per op:
Count: 64000000 Average: 141.6021  StdDev: 15.71
Min: 1  Median: 139.4582  Max: 28264
Percentiles: P50: 139.46 P75: 164.35 P99: 543.09 P99.9: 835.93 P99.99: 1340.93
------------------------------------------------------
[       0,       1 ]       47   0.000%   0.000% 
(       1,       2 ]     1184   0.002%   0.002% 
(       2,       3 ]     4606   0.007%   0.009% 
(       3,       4 ]     5414   0.008%   0.018% 
(       4,       6 ]     4459   0.007%   0.025% 
(       6,      10 ]     2466   0.004%   0.028% 
(      10,      15 ]   144875   0.226%   0.255% 
(      15,      22 ]  5160418   8.063%   8.318% ##
(      22,      34 ]  4562074   7.128%  15.446% #
(      34,      51 ]   476051   0.744%  16.190% 
(      51,      76 ]   211195   0.330%  16.520% 
(      76,     110 ]  2490149   3.891%  20.411% #
(     110,     170 ] 38570766  60.267%  80.678% ############
(     170,     250 ]  9085578  14.196%  94.874% ###
(     250,     380 ]  1428567   2.232%  97.106% 
(     380,     580 ]  1486503   2.323%  99.429% 
(     580,     870 ]   341804   0.534%  99.963% 
(     870,    1300 ]    17262   0.027%  99.990% 
(    1300,    1900 ]     2668   0.004%  99.994% 
(    1900,    2900 ]     2541   0.004%  99.998% 
(    2900,    4400 ]     1007   0.002%  99.999% 
(    4400,    6600 ]      226   0.000% 100.000% 
(    6600,    9900 ]        7   0.000% 100.000% 
(    9900,   14000 ]       28   0.000% 100.000% 
(   14000,   22000 ]       38   0.000% 100.000% 
(   22000,   33000 ]       67   0.000% 100.000% 

2020/01/07-15:35:25  ... thread 1: (1000000,1000000) ops and (5918.8,5918.8) ops/second in (168.952387,168.952387) seconds


2020/01/07-15:35:25  ... thread 5: (1000000,1000000) ops and (5898.1,5898.1) ops/second in (169.547269,169.547269) seconds


2020/01/07-15:35:26  ... thread 4: (1000000,1000000) ops and (5910.2,5910.2) ops/second in (169.198660,169.198660) seconds


2020/01/07-15:35:26  ... thread 7: (1000000,1000000) ops and (5909.8,5909.8) ops/second in (169.211822,169.211822) seconds


2020/01/07-15:35:26  ... thread 0: (1000000,1000000) ops and (5916.1,5916.1) ops/second in (169.031198,169.031198) seconds


2020/01/07-15:35:26  ... thread 2: (1000000,1000000) ops and (5911.5,5911.5) ops/second in (169.161625,169.161625) seconds


2020/01/07-15:35:26  ... thread 6: (1000000,1000000) ops and (5899.0,5899.0) ops/second in (169.520400,169.520400) seconds


2020/01/07-15:35:27  ... thread 3: (1000000,1000000) ops and (5889.4,5889.4) ops/second in (169.797738,169.797738) seconds


2020/01/07-15:38:19  ... thread 5: (1000000,2000000) ops and (5747.6,5821.9) ops/second in (173.984165,343.531434) seconds


2020/01/07-15:38:19  ... thread 1: (1000000,2000000) ops and (5737.0,5826.5) ops/second in (174.307204,343.259591) seconds


2020/01/07-15:38:19  ... thread 4: (1000000,2000000) ops and (5752.4,5830.3) ops/second in (173.839081,343.037741) seconds


2020/01/07-15:38:20  ... thread 7: (1000000,2000000) ops and (5742.3,5824.8) ops/second in (174.145630,343.357452) seconds


2020/01/07-15:38:20  ... thread 2: (1000000,2000000) ops and (5743.9,5826.5) ops/second in (174.096797,343.258422) seconds


2020/01/07-15:38:20  ... thread 0: (1000000,2000000) ops and (5737.6,5825.5) ops/second in (174.288763,343.319961) seconds


2020/01/07-15:38:21  ... thread 3: (1000000,2000000) ops and (5741.9,5814.7) ops/second in (174.158649,343.956387) seconds


2020/01/07-15:38:21  ... thread 6: (1000000,2000000) ops and (5719.9,5808.1) ops/second in (174.827416,344.347816) seconds


2020/01/07-15:41:13  ... thread 1: (1000000,3000000) ops and (5765.0,5805.9) ops/second in (173.459484,516.719075) seconds


2020/01/07-15:41:13  ... thread 5: (1000000,3000000) ops and (5747.8,5797.0) ops/second in (173.980900,517.512334) seconds


2020/01/07-15:41:13  ... thread 4: (1000000,3000000) ops and (5759.6,5806.5) ops/second in (173.622411,516.660152) seconds


2020/01/07-15:41:14  ... thread 2: (1000000,3000000) ops and (5761.1,5804.5) ops/second in (173.577582,516.836004) seconds


2020/01/07-15:41:14  ... thread 7: (1000000,3000000) ops and (5751.2,5800.1) ops/second in (173.876102,517.233554) seconds


2020/01/07-15:41:14  ... thread 0: (1000000,3000000) ops and (5754.9,5801.7) ops/second in (173.766271,517.086232) seconds


2020/01/07-15:41:15  ... thread 3: (1000000,3000000) ops and (5744.6,5791.1) ops/second in (174.076415,518.032802) seconds


2020/01/07-15:41:15  ... thread 6: (1000000,3000000) ops and (5748.4,5788.0) ops/second in (173.961779,518.309595) seconds


2020/01/07-15:44:05  ... thread 4: (1000000,4000000) ops and (5825.5,5811.3) ops/second in (171.659352,688.319504) seconds


2020/01/07-15:44:05  ... thread 1: (1000000,4000000) ops and (5808.6,5806.5) ops/second in (172.159451,688.878526) seconds


2020/01/07-15:44:05  ... thread 5: (1000000,4000000) ops and (5820.5,5802.8) ops/second in (171.805752,689.318086) seconds


2020/01/07-15:44:05  ... thread 2: (1000000,4000000) ops and (5832.5,5811.5) ops/second in (171.453037,688.289041) seconds


2020/01/07-15:44:06  ... thread 7: (1000000,4000000) ops and (5822.6,5805.7) ops/second in (171.744062,688.977616) seconds


2020/01/07-15:44:06  ... thread 0: (1000000,4000000) ops and (5812.8,5804.5) ops/second in (172.035278,689.121510) seconds


2020/01/07-15:44:07  ... thread 3: (1000000,4000000) ops and (5818.1,5797.9) ops/second in (171.877612,689.910414) seconds


2020/01/07-15:44:07  ... thread 6: (1000000,4000000) ops and (5815.6,5794.9) ops/second in (171.951530,690.261125) seconds


2020/01/07-15:47:05  ... thread 1: (1000000,5000000) ops and (5534.6,5750.0) ops/second in (180.680293,869.558819) seconds


2020/01/07-15:47:06  ... thread 4: (1000000,5000000) ops and (5529.3,5752.6) ops/second in (180.853613,869.173117) seconds


2020/01/07-15:47:06  ... thread 5: (1000000,5000000) ops and (5512.2,5742.3) ops/second in (181.415237,870.733323) seconds


2020/01/07-15:47:06  ... thread 2: (1000000,5000000) ops and (5525.1,5751.9) ops/second in (180.991636,869.280677) seconds


2020/01/07-15:47:07  ... thread 7: (1000000,5000000) ops and (5517.0,5745.6) ops/second in (181.258399,870.236015) seconds


2020/01/07-15:47:07  ... thread 0: (1000000,5000000) ops and (5520.4,5745.4) ops/second in (181.145103,870.266613) seconds


2020/01/07-15:47:08  ... thread 3: (1000000,5000000) ops and (5514.8,5738.9) ops/second in (181.329681,871.240095) seconds


2020/01/07-15:47:09  ... thread 6: (1000000,5000000) ops and (5513.9,5736.4) ops/second in (181.358929,871.620054) seconds


2020/01/07-15:49:56  ... thread 1: (1000000,6000000) ops and (5860.7,5768.2) ops/second in (170.629219,1040.188038) seconds


2020/01/07-15:49:57  ... thread 4: (1000000,6000000) ops and (5849.9,5768.6) ops/second in (170.943160,1040.116277) seconds


2020/01/07-15:49:57  ... thread 5: (1000000,6000000) ops and (5862.5,5762.0) ops/second in (170.575895,1041.309218) seconds


2020/01/07-15:49:57  ... thread 2: (1000000,6000000) ops and (5864.1,5770.3) ops/second in (170.528097,1039.808774) seconds


2020/01/07-15:49:58  ... thread 0: (1000000,6000000) ops and (5842.5,5761.3) ops/second in (171.160925,1041.427538) seconds


2020/01/07-15:49:59  ... thread 7: (1000000,6000000) ops and (5829.0,5759.3) ops/second in (171.555348,1041.791363) seconds


2020/01/07-15:49:59  ... thread 3: (1000000,6000000) ops and (5832.4,5754.3) ops/second in (171.456541,1042.696636) seconds


2020/01/07-15:50:00  ... thread 6: (1000000,6000000) ops and (5825.4,5751.1) ops/second in (171.661169,1043.281223) seconds


2020/01/07-15:52:54  ... thread 1: (1000000,7000000) ops and (5626.0,5747.4) ops/second in (177.746998,1217.935036) seconds


2020/01/07-15:52:54  ... thread 4: (1000000,7000000) ops and (5637.2,5749.4) ops/second in (177.393768,1217.510045) seconds


2020/01/07-15:52:54  ... thread 2: (1000000,7000000) ops and (5634.2,5750.5) ops/second in (177.486489,1217.295263) seconds


2020/01/07-15:52:55  ... thread 5: (1000000,7000000) ops and (5626.7,5742.3) ops/second in (177.724591,1219.033809) seconds


2020/01/07-15:52:56  ... thread 0: (1000000,7000000) ops and (5634.0,5742.8) ops/second in (177.493752,1218.921290) seconds


2020/01/07-15:52:57  ... thread 7: (1000000,7000000) ops and (5621.9,5739.3) ops/second in (177.877334,1219.668697) seconds


2020/01/07-15:52:57  ... thread 3: (1000000,7000000) ops and (5620.0,5734.7) ops/second in (177.936471,1220.633107) seconds


2020/01/07-15:52:58  ... thread 6: (1000000,7000000) ops and (5625.2,5732.8) ops/second in (177.770003,1221.051226) seconds


2020/01/07-15:55:50  ... thread 1: (1000000,8000000) ops and (5687.8,5739.9) ops/second in (175.814213,1393.749249) seconds


2020/01/07-15:55:50  ... thread 5: (1000000,8000000) ops and (5700.7,5737.0) ops/second in (175.415711,1394.449520) seconds


2020/01/07-15:55:50  ... thread 2: (1000000,8000000) ops and (5695.4,5743.5) ops/second in (175.580862,1392.876125) seconds


2020/01/07-15:55:50  ... thread 4: (1000000,8000000) ops and (5678.2,5740.4) ops/second in (176.111997,1393.622042) seconds


2020/01/07-15:55:52  ... thread 0: (1000000,8000000) ops and (5688.7,5736.0) ops/second in (175.787639,1394.708929) seconds


2020/01/07-15:55:52  ... thread 7: (1000000,8000000) ops and (5696.9,5733.9) ops/second in (175.534134,1395.202831) seconds


2020/01/07-15:55:53  ... thread 3: (1000000,8000000) ops and (5706.2,5731.2) ops/second in (175.246644,1395.879751) seconds


2020/01/07-15:55:54  ... thread 6: (1000000,8000000) ops and (5688.6,5727.2) ops/second in (175.789987,1396.841213) seconds


ycsbf        :      21.849 micros/op 45768 ops/sec;    5.1 MB/s (7988279 of 8000000 found)
Microseconds per op:
Count: 64000000 Average: 174.3333  StdDev: 41.14
Min: 1  Median: 152.9104  Max: 336028
Percentiles: P50: 152.91 P75: 201.24 P99: 671.32 P99.9: 2586.74 P99.99: 11386.90
------------------------------------------------------
[       0,       1 ]       10   0.000%   0.000% 
(       1,       2 ]      316   0.000%   0.001% 
(       2,       3 ]     1237   0.002%   0.002% 
(       3,       4 ]     1798   0.003%   0.005% 
(       4,       6 ]     2770   0.004%   0.010% 
(       6,      10 ]     3104   0.005%   0.014% 
(      10,      15 ]    89465   0.140%   0.154% 
(      15,      22 ]  2167513   3.387%   3.541% #
(      22,      34 ]  3800713   5.939%   9.480% #
(      34,      51 ]   511456   0.799%  10.279% 
(      51,      76 ]   571740   0.893%  11.172% 
(      76,     110 ]  3177239   4.964%  16.137% #
(     110,     170 ] 30304044  47.350%  63.487% #########
(     170,     250 ] 18867672  29.481%  92.967% ######
(     250,     380 ]  2269335   3.546%  96.513% #
(     380,     580 ]  1401052   2.189%  98.702% 
(     580,     870 ]   605107   0.945%  99.648% 
(     870,    1300 ]    71873   0.112%  99.760% 
(    1300,    1900 ]    49321   0.077%  99.837% 
(    1900,    2900 ]    58588   0.092%  99.929% 
(    2900,    4400 ]    28772   0.045%  99.974% 
(    4400,    6600 ]     7450   0.012%  99.985% 
(    6600,    9900 ]     2654   0.004%  99.989% 
(    9900,   14000 ]     1023   0.002%  99.991% 
(   14000,   22000 ]      614   0.001%  99.992% 
(   22000,   33000 ]      114   0.000%  99.992% 
(   33000,   50000 ]     1041   0.002%  99.994% 
(   50000,   75000 ]     1981   0.003%  99.997% 
(   75000,  110000 ]     1386   0.002%  99.999% 
(  110000,  170000 ]      508   0.001% 100.000% 
(  170000,  250000 ]       68   0.000% 100.000% 
(  250000,  380000 ]       36   0.000% 100.000% 

2020/01/07-16:00:21  ... thread 3: (1000000,1000000) ops and (6944.4,6944.4) ops/second in (144.001749,144.001749) seconds


2020/01/07-16:00:21  ... thread 1: (1000000,1000000) ops and (6855.9,6855.9) ops/second in (145.859428,145.859428) seconds


2020/01/07-16:00:21  ... thread 2: (1000000,1000000) ops and (6919.7,6919.7) ops/second in (144.515589,144.515589) seconds


2020/01/07-16:00:21  ... thread 5: (1000000,1000000) ops and (6918.1,6918.1) ops/second in (144.548916,144.548916) seconds


2020/01/07-16:00:21  ... thread 4: (1000000,1000000) ops and (6927.4,6927.4) ops/second in (144.354363,144.354363) seconds


2020/01/07-16:00:22  ... thread 7: (1000000,1000000) ops and (6877.4,6877.4) ops/second in (145.404507,145.404507) seconds


2020/01/07-16:00:23  ... thread 0: (1000000,1000000) ops and (6874.3,6874.3) ops/second in (145.470381,145.470381) seconds


2020/01/07-16:00:23  ... thread 6: (1000000,1000000) ops and (6869.2,6869.2) ops/second in (145.577996,145.577996) seconds


2020/01/07-16:02:44  ... thread 5: (1000000,2000000) ops and (6990.5,6954.1) ops/second in (143.051680,287.600596) seconds


2020/01/07-16:02:45  ... thread 3: (1000000,2000000) ops and (6973.2,6958.8) ops/second in (143.405511,287.407260) seconds


2020/01/07-16:02:45  ... thread 2: (1000000,2000000) ops and (6980.8,6950.1) ops/second in (143.250052,287.765641) seconds


2020/01/07-16:02:45  ... thread 1: (1000000,2000000) ops and (6970.2,6912.6) ops/second in (143.468655,289.328083) seconds


2020/01/07-16:02:45  ... thread 4: (1000000,2000000) ops and (6965.0,6946.2) ops/second in (143.574165,287.928528) seconds


2020/01/07-16:02:46  ... thread 6: (1000000,2000000) ops and (6997.1,6932.5) ops/second in (142.917296,288.495292) seconds


2020/01/07-16:02:46  ... thread 7: (1000000,2000000) ops and (6985.0,6930.8) ops/second in (143.163642,288.568149) seconds


2020/01/07-16:02:46  ... thread 0: (1000000,2000000) ops and (6952.5,6913.1) ops/second in (143.834176,289.304557) seconds


2020/01/07-16:05:08  ... thread 2: (1000000,3000000) ops and (6960.8,6953.7) ops/second in (143.661221,431.426862) seconds


2020/01/07-16:05:08  ... thread 5: (1000000,3000000) ops and (6938.0,6948.7) ops/second in (144.133683,431.734279) seconds


2020/01/07-16:05:09  ... thread 1: (1000000,3000000) ops and (6946.9,6924.0) ops/second in (143.949476,433.277559) seconds


2020/01/07-16:05:09  ... thread 3: (1000000,3000000) ops and (6936.2,6951.2) ops/second in (144.171625,431.578885) seconds


2020/01/07-16:05:09  ... thread 4: (1000000,3000000) ops and (6937.7,6943.3) ops/second in (144.139622,432.068150) seconds


2020/01/07-16:05:10  ... thread 6: (1000000,3000000) ops and (6928.7,6931.2) ops/second in (144.328225,432.823517) seconds


2020/01/07-16:05:10  ... thread 7: (1000000,3000000) ops and (6923.0,6928.2) ops/second in (144.446835,433.014984) seconds


2020/01/07-16:05:11  ... thread 0: (1000000,3000000) ops and (6921.3,6915.8) ops/second in (144.482466,433.787023) seconds


2020/01/07-16:07:31  ... thread 2: (1000000,4000000) ops and (7010.2,6967.7) ops/second in (142.650255,574.077117) seconds


2020/01/07-16:07:31  ... thread 5: (1000000,4000000) ops and (7013.0,6964.7) ops/second in (142.592195,574.326474) seconds


2020/01/07-16:07:32  ... thread 1: (1000000,4000000) ops and (6989.2,6940.2) ops/second in (143.077899,576.355458) seconds


2020/01/07-16:07:32  ... thread 3: (1000000,4000000) ops and (6985.7,6959.8) ops/second in (143.149589,574.728474) seconds


2020/01/07-16:07:33  ... thread 4: (1000000,4000000) ops and (6951.0,6945.3) ops/second in (143.864356,575.932506) seconds


2020/01/07-16:07:34  ... thread 7: (1000000,4000000) ops and (6959.7,6936.0) ops/second in (143.683479,576.698463) seconds


2020/01/07-16:07:34  ... thread 6: (1000000,4000000) ops and (6941.8,6933.9) ops/second in (144.054050,576.877567) seconds


2020/01/07-16:07:35  ... thread 0: (1000000,4000000) ops and (6957.7,6926.3) ops/second in (143.725964,577.512987) seconds


2020/01/07-16:09:58  ... thread 2: (1000000,5000000) ops and (6781.1,6929.6) ops/second in (147.468905,721.546022) seconds


2020/01/07-16:09:58  ... thread 5: (1000000,5000000) ops and (6790.8,6929.2) ops/second in (147.257354,721.583828) seconds


2020/01/07-16:09:59  ... thread 3: (1000000,5000000) ops and (6799.2,6927.1) ops/second in (147.077161,721.805635) seconds


2020/01/07-16:09:59  ... thread 1: (1000000,5000000) ops and (6788.6,6909.3) ops/second in (147.305590,723.661048) seconds


2020/01/07-16:10:00  ... thread 4: (1000000,5000000) ops and (6810.2,6917.8) ops/second in (146.837647,722.770153) seconds


2020/01/07-16:10:01  ... thread 7: (1000000,5000000) ops and (6789.3,6906.2) ops/second in (147.289528,723.987991) seconds


2020/01/07-16:10:02  ... thread 6: (1000000,5000000) ops and (6771.3,6900.7) ops/second in (147.682646,724.560213) seconds


2020/01/07-16:10:02  ... thread 0: (1000000,5000000) ops and (6778.0,6896.1) ops/second in (147.536987,725.049974) seconds


2020/01/07-16:12:20  ... thread 5: (1000000,6000000) ops and (7038.7,6947.2) ops/second in (142.071628,863.655456) seconds


2020/01/07-16:12:21  ... thread 2: (1000000,6000000) ops and (7007.5,6942.4) ops/second in (142.703762,864.249784) seconds


2020/01/07-16:12:21  ... thread 3: (1000000,6000000) ops and (7018.8,6942.2) ops/second in (142.474407,864.280042) seconds


2020/01/07-16:12:22  ... thread 1: (1000000,6000000) ops and (6988.1,6922.3) ops/second in (143.101271,866.762319) seconds


2020/01/07-16:12:22  ... thread 4: (1000000,6000000) ops and (7026.2,6935.7) ops/second in (142.325007,865.095160) seconds


2020/01/07-16:12:23  ... thread 7: (1000000,6000000) ops and (7026.4,6925.9) ops/second in (142.319688,866.307679) seconds


2020/01/07-16:12:25  ... thread 6: (1000000,6000000) ops and (6998.4,6916.8) ops/second in (142.890393,867.450606) seconds


2020/01/07-16:12:25  ... thread 0: (1000000,6000000) ops and (6989.9,6911.5) ops/second in (143.063451,868.113425) seconds


2020/01/07-16:14:45  ... thread 5: (1000000,7000000) ops and (6903.6,6940.9) ops/second in (144.852896,1008.508352) seconds


2020/01/07-16:14:46  ... thread 2: (1000000,7000000) ops and (6881.3,6933.6) ops/second in (145.321328,1009.571112) seconds


2020/01/07-16:14:46  ... thread 4: (1000000,7000000) ops and (6927.8,6934.5) ops/second in (144.345566,1009.440726) seconds


2020/01/07-16:14:47  ... thread 1: (1000000,7000000) ops and (6916.7,6921.5) ops/second in (144.577149,1011.339468) seconds


2020/01/07-16:14:47  ... thread 3: (1000000,7000000) ops and (6871.7,6932.0) ops/second in (145.524462,1009.804504) seconds


2020/01/07-16:14:49  ... thread 7: (1000000,7000000) ops and (6884.7,6920.0) ops/second in (145.249242,1011.556921) seconds


2020/01/07-16:14:50  ... thread 6: (1000000,7000000) ops and (6891.9,6913.2) ops/second in (145.098579,1012.549185) seconds


2020/01/07-16:14:50  ... thread 0: (1000000,7000000) ops and (6890.6,6908.5) ops/second in (145.125472,1013.238897) seconds


2020/01/07-16:17:07  ... thread 5: (1000000,8000000) ops and (7031.7,6952.2) ops/second in (142.212206,1150.720558) seconds


2020/01/07-16:17:09  ... thread 4: (1000000,8000000) ops and (7016.9,6944.7) ops/second in (142.513429,1151.954155) seconds


2020/01/07-16:17:09  ... thread 1: (1000000,8000000) ops and (7008.7,6932.3) ops/second in (142.680321,1154.019789) seconds


2020/01/07-16:17:09  ... thread 2: (1000000,8000000) ops and (6989.2,6940.5) ops/second in (143.077410,1152.648522) seconds


2020/01/07-16:17:09  ... thread 3: (1000000,8000000) ops and (7015.4,6942.3) ops/second in (142.543365,1152.347869) seconds


2020/01/07-16:17:11  ... thread 7: (1000000,8000000) ops and (7000.1,6929.9) ops/second in (142.854179,1154.411100) seconds


2020/01/07-16:17:12  ... thread 6: (1000000,8000000) ops and (7011.0,6925.3) ops/second in (142.633606,1155.182791) seconds


2020/01/07-16:17:13  ... thread 0: (1000000,8000000) ops and (7017.8,6922.0) ops/second in (142.495578,1155.734475) seconds


ycsbd        :      18.087 micros/op 55286 ops/sec;    6.1 MB/s (7588872 of 8000000 found)
Microseconds per op:
Count: 64000000 Average: 144.1722  StdDev: 57.70
Min: 1  Median: 139.3482  Max: 202789
Percentiles: P50: 139.35 P75: 163.75 P99: 603.71 P99.9: 868.73 P99.99: 2698.49
------------------------------------------------------
[       0,       1 ]      146   0.000%   0.000% 
(       1,       2 ]     4692   0.007%   0.008% 
(       2,       3 ]    21729   0.034%   0.042% 
(       3,       4 ]    60519   0.095%   0.136% 
(       4,       6 ]   411598   0.643%   0.779% 
(       6,      10 ]   922755   1.442%   2.221% 
(      10,      15 ]   300859   0.470%   2.691% 
(      15,      22 ]  3065540   4.790%   7.481% #
(      22,      34 ]  3544322   5.538%  13.019% #
(      34,      51 ]   406720   0.636%  13.655% 
(      51,      76 ]  1764477   2.757%  16.411% #
(      76,     110 ]  2256384   3.526%  19.937% #
(     110,     170 ] 39335085  61.461%  81.398% ############
(     170,     250 ]  8951527  13.987%  95.385% ###
(     250,     380 ]  1079366   1.687%  97.071% 
(     380,     580 ]  1182747   1.848%  98.919% 
(     580,     870 ]   630299   0.985%  99.904% 
(     870,    1300 ]    38573   0.060%  99.965% 
(    1300,    1900 ]     9795   0.015%  99.980% 
(    1900,    2900 ]     8099   0.013%  99.993% 
(    2900,    4400 ]     3180   0.005%  99.998% 
(    4400,    6600 ]      670   0.001%  99.999% 
(    6600,    9900 ]      182   0.000%  99.999% 
(    9900,   14000 ]       71   0.000%  99.999% 
(   14000,   22000 ]       74   0.000%  99.999% 
(   22000,   33000 ]       31   0.000%  99.999% 
(   33000,   50000 ]       89   0.000%  99.999% 
(   50000,   75000 ]      191   0.000% 100.000% 
(   75000,  110000 ]      216   0.000% 100.000% 
(  110000,  170000 ]       56   0.000% 100.000% 
(  170000,  250000 ]        8   0.000% 100.000% 

2020/01/07-16:29:20  ... thread 2: (1000000,1000000) ops and (1551.5,1551.5) ops/second in (644.521114,644.521114) seconds


2020/01/07-16:29:21  ... thread 5: (1000000,1000000) ops and (1547.4,1547.4) ops/second in (646.245357,646.245357) seconds


2020/01/07-16:29:21  ... thread 3: (1000000,1000000) ops and (1544.3,1544.3) ops/second in (647.548514,647.548514) seconds


2020/01/07-16:29:21  ... thread 0: (1000000,1000000) ops and (1548.6,1548.6) ops/second in (645.734925,645.734925) seconds


2020/01/07-16:29:24  ... thread 1: (1000000,1000000) ops and (1543.3,1543.3) ops/second in (647.965197,647.965197) seconds


2020/01/07-16:29:24  ... thread 6: (1000000,1000000) ops and (1542.2,1542.2) ops/second in (648.436194,648.436194) seconds


2020/01/07-16:29:24  ... thread 7: (1000000,1000000) ops and (1538.1,1538.1) ops/second in (650.147485,650.147485) seconds


2020/01/07-16:29:24  ... thread 4: (1000000,1000000) ops and (1542.2,1542.2) ops/second in (648.412011,648.412011) seconds


2020/01/07-16:41:03  ... thread 2: (1000000,2000000) ops and (1422.2,1484.0) ops/second in (703.144523,1347.665637) seconds


2020/01/07-16:41:07  ... thread 3: (1000000,2000000) ops and (1416.3,1477.5) ops/second in (706.046525,1353.595039) seconds


2020/01/07-16:41:07  ... thread 5: (1000000,2000000) ops and (1415.6,1478.6) ops/second in (706.402641,1352.647998) seconds


2020/01/07-16:41:08  ... thread 0: (1000000,2000000) ops and (1415.5,1479.1) ops/second in (706.453092,1352.188017) seconds


2020/01/07-16:41:12  ... thread 1: (1000000,2000000) ops and (1410.8,1474.1) ops/second in (708.834958,1356.800155) seconds


2020/01/07-16:41:13  ... thread 4: (1000000,2000000) ops and (1410.9,1473.6) ops/second in (708.782844,1357.194855) seconds


2020/01/07-16:41:13  ... thread 6: (1000000,2000000) ops and (1410.1,1473.2) ops/second in (709.162157,1357.598351) seconds


2020/01/07-16:41:14  ... thread 7: (1000000,2000000) ops and (1408.9,1470.7) ops/second in (709.789421,1359.936906) seconds


ycsbe        :      85.008 micros/op 11763 ops/sec;  123.7 MB/s (1897300 of 2000000 found)
Microseconds per op:
Count: 16000000 Average: 677.3517  StdDev: 109.77
Min: 2  Median: 600.1682  Max: 2748980
Percentiles: P50: 600.17 P75: 828.29 P99: 3008.58 P99.9: 8058.86 P99.99: 13992.64
------------------------------------------------------
(       1,       2 ]      142   0.001%   0.001% 
(       2,       3 ]     1211   0.008%   0.008% 
(       3,       4 ]     3922   0.025%   0.033% 
(       4,       6 ]    27645   0.173%   0.206% 
(       6,      10 ]   285234   1.783%   1.988% 
(      10,      15 ]   152155   0.951%   2.939% 
(      15,      22 ]    21073   0.132%   3.071% 
(      22,      34 ]    21143   0.132%   3.203% 
(      34,      51 ]     3786   0.024%   3.227% 
(      51,      76 ]   312495   1.953%   5.180% 
(      76,     110 ]   233652   1.460%   6.640% 
(     110,     170 ]   181725   1.136%   7.776% 
(     170,     250 ]   488962   3.056%  10.832% #
(     250,     380 ]  1610094  10.063%  20.895% ##
(     380,     580 ]  4303129  26.895%  47.790% #####
(     580,     870 ]  5084903  31.781%  79.570% ######
(     870,    1300 ]  2431145  15.195%  94.765% ###
(    1300,    1900 ]   536051   3.350%  98.115% #
(    1900,    2900 ]   133464   0.834%  98.950% 
(    2900,    4400 ]   111470   0.697%  99.646% 
(    4400,    6600 ]    32272   0.202%  99.848% 
(    6600,    9900 ]    18836   0.118%  99.966% 
(    9900,   14000 ]     3898   0.024%  99.990% 
(   14000,   22000 ]     1128   0.007%  99.997% 
(   22000,   33000 ]      183   0.001%  99.998% 
(   33000,   50000 ]       16   0.000%  99.998% 
(   50000,   75000 ]      126   0.001%  99.999% 
(   75000,  110000 ]       36   0.000%  99.999% 
(  110000,  170000 ]       63   0.000% 100.000% 
(  170000,  250000 ]       26   0.000% 100.000% 
(  250000,  380000 ]        7   0.000% 100.000% 
( 1900000, 2900000 ]        8   0.000% 100.000% 


                               Compactions
Level  Files Size(MB) Time(sec) Read(MB) Write(MB)
--------------------------------------------------
  0        0        0        79        0      8125
  1        0        0        93    11793     11696
  2        0        0        98    12424     12379
  3        0        0       159    19257     19147
  4     2208       47       269    32211     31920
  5    17645     3916       491    55032     53876
  6    80195   136110       937    94992     93016
WriteAmplification: 28.3270

-------------------------- Timer information ----------------------

-------------------------------------------------------------------
-------------------------- Individual static timer information 0 --------------------

-------------------------------------------------------------------
-------------------------- Individual static timer information 1 --------------------

-------------------------------------------------------------------
-------------------------- Individual static timer information 2 --------------------

-------------------------------------------------------------------
-------------------------- Individual static timer information 3 --------------------

-------------------------------------------------------------------
-------------------------- Cumulative static timer information --------------------

-------------------------------------------------------------------
