./kv/release/tests/db/kv_bench --report_interval=20 --writes=200000000 --rwdelay=5 --db=/mnt/nvm/kv1B --logpath=/mnt/ssd --threads=3 --open_files=20000 --range=1000000000 --num=1000000000 --reads=1000000 --bloom_bits=10 --low_pool=2 --high_pool=2 --stats_interval=1000000 --value_size=100 --benchmarks=readexpwhilewriting,stats --ycsb_ops_num=150000000 --use_existing_db=true --histogram=true --log=false --write_buffer_size=2097152 --skiplistrep=false --sleep=600 --print_wa=false --log_dio=true --hugepage=true 
Bench num: 1000000000, range: 1000000000
Keys:       16 bytes each
Values:     100 bytes each (50 bytes after compression)
Entries:    1000000000
RawSize:    110626.2 MB (estimated)
FileSize:   62942.5 MB (estimated)
WARNING: Snappy compression is not enabled
------------------------------------------------
Write buffer: 2048.00 KB. Compression: 0. 
Restore 121 pivots
Recover seq# 1010000000, log# 2, min log#0, file# 76401
using restored pivots
Log_Recover_Time, 0.0000, BucketCount, 121 , Log_size, 0.0 ,MB
2019/09/26-03:12:28  ... thread 2: (1,1) ops and (189.5,189.5) ops/second in (0.005277,0.005277) seconds
2019/09/26-03:12:28  ... thread 3: (1,1) ops and (67.7,67.7) ops/second in (0.014775,0.014775) seconds
2019/09/26-03:12:28  ... thread 1: (1,1) ops and (42.3,42.3) ops/second in (0.023659,0.023659) seconds
2019/09/26-03:12:48  ... thread 3: (61709,61710) ops and (3087.7,3085.5) ops/second in (19.985271,20.000046) seconds
2019/09/26-03:12:48  ... thread 1: (60972,60973) ops and (3052.2,3048.6) ops/second in (19.976485,20.000144) seconds
2019/09/26-03:12:48  ... thread 2: (61248,61249) ops and (3063.2,3062.4) ops/second in (19.994968,20.000245) seconds
2019/09/26-03:13:08  ... thread 3: (271529,333239) ops and (13576.4,8330.9) ops/second in (20.000095,40.000141) seconds
2019/09/26-03:13:08  ... thread 1: (281196,342169) ops and (14059.6,8554.1) ops/second in (20.000228,40.000372) seconds
2019/09/26-03:13:08  ... thread 2: (264936,326185) ops and (13246.5,8154.5) ops/second in (20.000412,40.000657) seconds
2019/09/26-03:13:28  ... thread 3: (791014,1124253) ops and (39551.0,18737.5) ops/second in (19.999866,60.000007) seconds
2019/09/26-03:13:28  ... thread 1: (830318,1172487) ops and (41516.6,19541.4) ops/second in (19.999639,60.000011) seconds
2019/09/26-03:13:28  ... thread 2: (818794,1144979) ops and (40940.9,19083.0) ops/second in (19.999408,60.000065) seconds
2019/09/26-03:13:48  ... thread 3: (988751,2113004) ops and (49437.6,26412.5) ops/second in (19.999994,80.000001) seconds
2019/09/26-03:13:48  ... thread 2: (1226695,2371674) ops and (61334.9,29645.9) ops/second in (19.999948,80.000013) seconds
2019/09/26-03:13:48  ... thread 1: (1234710,2407197) ops and (61735.5,30090.0) ops/second in (19.999993,80.000004) seconds
2019/09/26-03:14:08  ... thread 2: (1246225,3617899) ops and (62311.3,36179.0) ops/second in (19.999988,100.000001) seconds
2019/09/26-03:14:08  ... thread 1: (1255036,3662233) ops and (62751.8,36622.3) ops/second in (20.000004,100.000008) seconds
2019/09/26-03:14:08  ... thread 3: (1072295,3185299) ops and (53614.7,31853.0) ops/second in (20.000008,100.000009) seconds
2019/09/26-03:14:28  ... thread 2: (1400310,5018209) ops and (70015.5,41818.4) ops/second in (20.000000,120.000001) seconds
2019/09/26-03:14:28  ... thread 3: (1131331,4316630) ops and (56566.5,35971.9) ops/second in (20.000013,120.000022) seconds
2019/09/26-03:14:28  ... thread 1: (1416138,5078371) ops and (70806.9,42319.8) ops/second in (19.999997,120.000005) seconds
2019/09/26-03:14:48  ... thread 1: (1453685,6532056) ops and (72684.2,46657.5) ops/second in (20.000002,140.000007) seconds
2019/09/26-03:14:48  ... thread 3: (1157510,5474140) ops and (57875.5,39101.0) ops/second in (19.999989,140.000011) seconds
2019/09/26-03:14:48  ... thread 2: (1436549,6454758) ops and (71827.4,46105.4) ops/second in (20.000007,140.000008) seconds
2019/09/26-03:15:08  ... thread 2: (1475297,7930055) ops and (73764.8,49562.8) ops/second in (20.000001,160.000009) seconds
2019/09/26-03:15:08  ... thread 1: (1453537,7985593) ops and (72676.9,49910.0) ops/second in (19.999997,160.000004) seconds
2019/09/26-03:15:08  ... thread 3: (1160060,6634200) ops and (58003.0,41463.7) ops/second in (19.999999,160.000010) seconds
2019/09/26-03:15:28  ... thread 3: (1179267,7813467) ops and (58963.4,43408.1) ops/second in (19.999996,180.000006) seconds
2019/09/26-03:15:28  ... thread 1: (1486509,9472102) ops and (74325.4,52622.8) ops/second in (20.000011,180.000015) seconds
2019/09/26-03:15:28  ... thread 2: (1504220,9434275) ops and (75210.6,52412.6) ops/second in (20.000119,180.000128) seconds
2019/09/26-03:15:48  ... thread 1: (1519765,10991867) ops and (75988.3,54959.3) ops/second in (19.999992,200.000007) seconds
2019/09/26-03:15:48  ... thread 3: (1180422,8993889) ops and (59021.1,44969.4) ops/second in (20.000012,200.000018) seconds
2019/09/26-03:15:48  ... thread 2: (1531736,10966011) ops and (76587.2,54830.0) ops/second in (19.999891,200.000019) seconds
2019/09/26-03:16:08  ... thread 3: (1183303,10177192) ops and (59165.2,46260.0) ops/second in (19.999985,220.000003) seconds
2019/09/26-03:16:08  ... thread 2: (1512126,12478137) ops and (75606.3,56718.8) ops/second in (19.999987,220.000006) seconds
2019/09/26-03:16:08  ... thread 1: (1516818,12508685) ops and (75840.9,56857.7) ops/second in (20.000012,220.000019) seconds
2019/09/26-03:16:28  ... thread 2: (1488814,13966951) ops and (74440.7,58195.6) ops/second in (19.999999,240.000005) seconds
2019/09/26-03:16:28  ... thread 1: (1491257,13999942) ops and (74562.9,58333.1) ops/second in (19.999991,240.000010) seconds
2019/09/26-03:16:28  ... thread 3: (1200765,11377957) ops and (60038.2,47408.1) ops/second in (20.000032,240.000035) seconds
2019/09/26-03:16:48  ... thread 2: (1543989,15510940) ops and (77199.4,59657.5) ops/second in (20.000002,260.000007) seconds
2019/09/26-03:16:48  ... thread 1: (1524124,15524066) ops and (76206.2,59707.9) ops/second in (19.999995,260.000005) seconds
2019/09/26-03:16:48  ... thread 3: (1196591,12574548) ops and (59829.6,48363.6) ops/second in (19.999976,260.000011) seconds
2019/09/26-03:17:08  ... thread 2: (1479536,16990476) ops and (73976.8,60680.3) ops/second in (20.000000,280.000007) seconds
2019/09/26-03:17:08  ... thread 1: (1513575,17037641) ops and (75678.7,60848.7) ops/second in (20.000002,280.000007) seconds
2019/09/26-03:17:08  ... thread 3: (1274169,13848717) ops and (63708.5,49459.7) ops/second in (19.999999,280.000010) seconds
2019/09/26-03:17:28  ... thread 3: (1202882,15051599) ops and (60144.1,50172.0) ops/second in (20.000000,300.000010) seconds
2019/09/26-03:17:28  ... thread 1: (1549067,18586708) ops and (77453.4,61955.7) ops/second in (19.999999,300.000006) seconds
2019/09/26-03:17:28  ... thread 2: (1548381,18538857) ops and (77419.0,61796.2) ops/second in (20.000004,300.000011) seconds
2019/09/26-03:17:48  ... thread 3: (1208952,16260551) ops and (60447.6,50814.2) ops/second in (19.999992,320.000002) seconds
2019/09/26-03:17:48  ... thread 1: (1546232,20132940) ops and (77311.6,62915.4) ops/second in (20.000001,320.000007) seconds
2019/09/26-03:17:48  ... thread 2: (1545228,20084085) ops and (77261.4,62762.8) ops/second in (19.999992,320.000003) seconds
2019/09/26-03:18:08  ... thread 2: (1558330,21642415) ops and (77916.5,63654.2) ops/second in (20.000004,340.000007) seconds
2019/09/26-03:18:08  ... thread 1: (1559801,21692741) ops and (77990.0,63802.2) ops/second in (20.000007,340.000014) seconds
2019/09/26-03:18:08  ... thread 3: (1200724,17461275) ops and (60036.2,51356.7) ops/second in (20.000011,340.000013) seconds
2019/09/26-03:18:28  ... thread 3: (1204002,18665277) ops and (60200.1,51848.0) ops/second in (19.999990,360.000003) seconds
2019/09/26-03:18:28  ... thread 2: (1562035,23204450) ops and (78101.8,64456.8) ops/second in (19.999998,360.000005) seconds
2019/09/26-03:18:28  ... thread 1: (1560964,23253705) ops and (78047.1,64593.6) ops/second in (20.000273,360.000287) seconds
2019/09/26-03:18:48  ... thread 2: (1551922,24756372) ops and (77596.1,65148.3) ops/second in (19.999997,380.000002) seconds
2019/09/26-03:18:48  ... thread 1: (1553871,24807576) ops and (77694.6,65283.1) ops/second in (19.999719,380.000006) seconds
2019/09/26-03:18:48  ... thread 3: (1218002,19883279) ops and (60900.1,52324.4) ops/second in (20.000003,380.000006) seconds
2019/09/26-03:19:08  ... thread 2: (1571300,26327672) ops and (78565.0,65819.2) ops/second in (20.000001,400.000003) seconds
2019/09/26-03:19:08  ... thread 1: (1572155,26379731) ops and (78607.8,65949.3) ops/second in (19.999996,400.000002) seconds
2019/09/26-03:19:08  ... thread 3: (1214285,21097564) ops and (60714.2,52743.9) ops/second in (20.000001,400.000007) seconds
2019/09/26-03:19:28  ... thread 2: (1553889,27881561) ops and (77694.5,66384.7) ops/second in (19.999999,420.000002) seconds
2019/09/26-03:19:28  ... thread 1: (1558080,27937811) ops and (77903.9,66518.6) ops/second in (20.000021,420.000023) seconds
2019/09/26-03:19:28  ... thread 3: (1218047,22315611) ops and (60902.3,53132.4) ops/second in (20.000018,420.000025) seconds
2019/09/26-03:19:48  ... thread 1: (1547885,29485696) ops and (77394.3,67012.9) ops/second in (19.999978,440.000001) seconds
2019/09/26-03:19:48  ... thread 3: (1228587,23544198) ops and (61429.4,53509.5) ops/second in (19.999988,440.000013) seconds
2019/09/26-03:19:48  ... thread 2: (1546960,29428521) ops and (77348.0,66883.0) ops/second in (20.000008,440.000010) seconds
2019/09/26-03:20:08  ... thread 2: (1582956,31011477) ops and (79147.8,67416.3) ops/second in (19.999994,460.000004) seconds
2019/09/26-03:20:08  ... thread 1: (1569743,31055439) ops and (78487.1,67511.8) ops/second in (20.000009,460.000010) seconds
2019/09/26-03:20:08  ... thread 3: (1234914,24779112) ops and (61745.6,53867.6) ops/second in (20.000025,460.000038) seconds
2019/09/26-03:20:28  ... thread 3: (1251452,26030564) ops and (62572.7,54230.3) ops/second in (19.999970,480.000008) seconds
2019/09/26-03:20:28  ... thread 1: (1524195,32579634) ops and (76209.8,67874.2) ops/second in (19.999993,480.000003) seconds
2019/09/26-03:20:28  ... thread 2: (1527549,32539026) ops and (76377.4,67789.6) ops/second in (20.000009,480.000013) seconds
2019/09/26-03:20:48  ... thread 1: (1569669,34149303) ops and (78483.5,68298.6) ops/second in (19.999999,500.000002) seconds
2019/09/26-03:20:48  ... thread 2: (1576854,34115880) ops and (78842.7,68231.8) ops/second in (20.000011,500.000024) seconds
2019/09/26-03:20:48  ... thread 3: (1214380,27244944) ops and (60719.0,54489.9) ops/second in (20.000008,500.000016) seconds
2019/09/26-03:21:08  ... thread 3: (1215166,28460110) ops and (60758.3,54731.0) ops/second in (19.999989,520.000005) seconds
2019/09/26-03:21:08  ... thread 2: (1550843,35666723) ops and (77542.2,68589.9) ops/second in (19.999982,520.000006) seconds
2019/09/26-03:21:08  ... thread 1: (1543506,35692809) ops and (77175.3,68640.0) ops/second in (20.000002,520.000004) seconds
2019/09/26-03:21:28  ... thread 3: (1549171,30009281) ops and (77458.6,55572.7) ops/second in (20.000000,540.000005) seconds
2019/09/26-03:21:28  ... thread 1: (1190696,36883505) ops and (59534.8,68302.8) ops/second in (20.000005,540.000009) seconds
2019/09/26-03:21:28  ... thread 2: (1523233,37189956) ops and (76161.7,68870.3) ops/second in (19.999997,540.000003) seconds
2019/09/26-03:21:48  ... thread 2: (1548142,38738098) ops and (77407.1,69175.2) ops/second in (20.000006,560.000009) seconds
2019/09/26-03:21:48  ... thread 3: (1571898,31581179) ops and (78594.8,56395.0) ops/second in (20.000022,560.000027) seconds
2019/09/26-03:21:48  ... thread 1: (1222718,38106223) ops and (61135.9,68046.8) ops/second in (19.999997,560.000006) seconds
2019/09/26-03:22:08  ... thread 3: (1585863,33167042) ops and (79293.2,57184.6) ops/second in (19.999977,580.000004) seconds
2019/09/26-03:22:08  ... thread 2: (1560224,40298322) ops and (78011.2,69479.9) ops/second in (20.000000,580.000009) seconds
2019/09/26-03:22:08  ... thread 1: (1209311,39315534) ops and (60465.5,67785.4) ops/second in (20.000011,580.000017) seconds
2019/09/26-03:22:28  ... thread 2: (1530706,41829028) ops and (76535.3,69715.0) ops/second in (19.999994,600.000003) seconds
2019/09/26-03:22:28  ... thread 1: (1186658,40502192) ops and (59332.9,67503.7) ops/second in (19.999990,600.000007) seconds
2019/09/26-03:22:28  ... thread 3: (1540260,34707302) ops and (77013.0,57845.5) ops/second in (20.000009,600.000013) seconds
2019/09/26-03:22:48  ... thread 2: (1468333,43297361) ops and (73416.7,69834.5) ops/second in (19.999998,620.000001) seconds
2019/09/26-03:22:48  ... thread 1: (1327548,41829740) ops and (66377.4,67467.3) ops/second in (20.000000,620.000007) seconds
2019/09/26-03:22:48  ... thread 0: (3037714,3037745) ops and (151928.4,4899.6) ops/second in (19.994381,620.000001) seconds
2019/09/26-03:22:48  ... thread 3: (1489923,36197225) ops and (74496.2,58382.6) ops/second in (19.999993,620.000006) seconds
2019/09/26-03:23:08  ... thread 1: (1413165,43242905) ops and (70651.6,67566.8) ops/second in (20.001869,640.001876) seconds
2019/09/26-03:23:08  ... thread 3: (1458998,37656223) ops and (72942.9,58837.7) ops/second in (20.001910,640.001916) seconds
2019/09/26-03:23:08  ... thread 0: (3095041,6132786) ops and (154736.9,9582.4) ops/second in (20.001961,640.001962) seconds
2019/09/26-03:23:08  ... thread 2: (1127052,44424413) ops and (56347.1,69412.9) ops/second in (20.001945,640.001946) seconds
2019/09/26-03:23:28  ... thread 3: (1499022,39155245) ops and (74958.3,59326.1) ops/second in (19.998088,660.000004) seconds
2019/09/26-03:23:28  ... thread 0: (3070286,9203072) ops and (153529.3,13944.0) ops/second in (19.998044,660.000006) seconds
2019/09/26-03:23:28  ... thread 2: (1235909,45660322) ops and (61801.4,69182.3) ops/second in (19.998075,660.000021) seconds
2019/09/26-03:23:28  ... thread 1: (1465792,44708697) ops and (73296.1,67740.4) ops/second in (19.998217,660.000093) seconds
2019/09/26-03:23:48  ... thread 0: (3061451,12264523) ops and (153072.6,18036.1) ops/second in (19.999997,680.000003) seconds
2019/09/26-03:23:48  ... thread 2: (1140639,46800961) ops and (57031.9,68824.9) ops/second in (20.000012,680.000033) seconds
2019/09/26-03:23:48  ... thread 1: (1369341,46078038) ops and (68467.2,67761.8) ops/second in (19.999952,680.000045) seconds
2019/09/26-03:23:48  ... thread 3: (1385152,40540397) ops and (69257.1,59618.2) ops/second in (20.000139,680.000143) seconds
2019/09/26-03:24:08  ... thread 2: (1418351,48219312) ops and (70917.7,68884.7) ops/second in (19.999970,700.000003) seconds
2019/09/26-03:24:08  ... thread 0: (3047799,15312322) ops and (152390.0,21874.7) ops/second in (19.999999,700.000002) seconds
2019/09/26-03:24:08  ... thread 3: (1382331,41922728) ops and (69117.0,59889.6) ops/second in (19.999866,700.000009) seconds
2019/09/26-03:24:08  ... thread 1: (1360765,47438803) ops and (68038.4,67769.7) ops/second in (19.999960,700.000005) seconds
2019/09/26-03:24:28  ... thread 0: (3101911,18414233) ops and (155095.5,25575.3) ops/second in (20.000001,720.000003) seconds
2019/09/26-03:24:28  ... thread 2: (1359975,49579287) ops and (67998.7,68860.1) ops/second in (20.000011,720.000014) seconds
2019/09/26-03:24:28  ... thread 1: (1125811,48564614) ops and (56290.5,67450.9) ops/second in (20.000012,720.000017) seconds
2019/09/26-03:24:28  ... thread 3: (1395107,43317835) ops and (69755.4,60163.7) ops/second in (19.999996,720.000005) seconds
2019/09/26-03:24:48  ... thread 3: (1349343,44667178) ops and (67467.2,60361.1) ops/second in (19.999998,740.000003) seconds
2019/09/26-03:24:48  ... thread 2: (1350981,50930268) ops and (67549.1,68824.7) ops/second in (19.999991,740.000005) seconds
2019/09/26-03:24:48  ... thread 0: (3095730,21509963) ops and (154786.5,29067.5) ops/second in (19.999998,740.000001) seconds
2019/09/26-03:24:48  ... thread 1: (1108629,49673243) ops and (55431.5,67126.0) ops/second in (19.999990,740.000007) seconds
2019/09/26-03:25:08  ... thread 0: (3050622,24560585) ops and (152531.1,32316.6) ops/second in (20.000001,760.000002) seconds
2019/09/26-03:25:08  ... thread 3: (1371053,46038231) ops and (68552.6,60576.6) ops/second in (20.000004,760.000007) seconds
2019/09/26-03:25:08  ... thread 1: (1301317,50974560) ops and (65065.8,67071.8) ops/second in (20.000003,760.000010) seconds
2019/09/26-03:25:08  ... thread 2: (1342845,52273113) ops and (67142.3,68780.4) ops/second in (19.999999,760.000004) seconds
2019/09/26-03:25:28  ... thread 0: (3059128,27619713) ops and (152956.4,35409.9) ops/second in (19.999999,780.000001) seconds
2019/09/26-03:25:28  ... thread 3: (1337337,47375568) ops and (66866.8,60737.9) ops/second in (20.000007,780.000014) seconds
2019/09/26-03:25:28  ... thread 2: (1153402,53426515) ops and (57670.1,68495.5) ops/second in (20.000002,780.000006) seconds
2019/09/26-03:25:28  ... thread 1: (1330165,52304725) ops and (66508.2,67057.3) ops/second in (20.000007,780.000017) seconds
2019/09/26-03:25:48  ... thread 2: (1296919,54723434) ops and (64845.9,68404.3) ops/second in (20.000001,800.000007) seconds
2019/09/26-03:25:48  ... thread 0: (3040053,30659766) ops and (152002.6,38324.7) ops/second in (20.000004,800.000005) seconds
2019/09/26-03:25:48  ... thread 3: (1392240,48767808) ops and (69612.0,60959.8) ops/second in (19.999994,800.000008) seconds
2019/09/26-03:25:48  ... thread 1: (1383479,53688204) ops and (69166.8,67110.1) ops/second in (20.002069,800.002086) seconds
2019/09/26-03:26:08  ... thread 0: (3079642,33739408) ops and (153982.1,41145.6) ops/second in (19.999999,820.000004) seconds
2019/09/26-03:26:08  ... thread 2: (1092224,55815658) ops and (54611.2,68067.9) ops/second in (20.000011,820.000018) seconds
2019/09/26-03:26:08  ... thread 3: (1276765,50044573) ops and (63838.2,61030.0) ops/second in (20.000003,820.000011) seconds
2019/09/26-03:26:08  ... thread 1: (1279176,54967380) ops and (63965.5,67033.4) ops/second in (19.997920,820.000006) seconds
2019/09/26-03:26:28  ... thread 2: (1233055,57048713) ops and (61652.8,67915.1) ops/second in (19.999985,840.000003) seconds
2019/09/26-03:26:28  ... thread 0: (3072806,36812214) ops and (153640.3,43824.1) ops/second in (20.000003,840.000007) seconds
2019/09/26-03:26:28  ... thread 3: (1338894,51383467) ops and (66944.7,61170.8) ops/second in (19.999998,840.000009) seconds
2019/09/26-03:26:28  ... thread 1: (1231222,56198602) ops and (61561.1,66903.1) ops/second in (20.000005,840.000011) seconds
2019/09/26-03:26:48  ... thread 0: (3094331,39906545) ops and (154716.6,46403.0) ops/second in (19.999999,860.000006) seconds
2019/09/26-03:26:48  ... thread 3: (1286294,52669761) ops and (64314.7,61243.9) ops/second in (20.000000,860.000009) seconds
2019/09/26-03:26:48  ... thread 2: (1277564,58326277) ops and (63878.2,67821.3) ops/second in (20.000010,860.000013) seconds
2019/09/26-03:26:48  ... thread 1: (1065131,57263733) ops and (53256.5,66585.7) ops/second in (20.000004,860.000015) seconds
2019/09/26-03:27:08  ... thread 0: (3090591,42997136) ops and (154529.6,48860.4) ops/second in (19.999997,880.000003) seconds
2019/09/26-03:27:08  ... thread 1: (1044092,58307825) ops and (52204.6,66258.9) ops/second in (19.999987,880.000002) seconds
2019/09/26-03:27:08  ... thread 3: (1277291,53947052) ops and (63864.6,61303.5) ops/second in (19.999999,880.000008) seconds
2019/09/26-03:27:08  ... thread 2: (1264037,59590314) ops and (63201.8,67716.3) ops/second in (20.000001,880.000014) seconds
2019/09/26-03:27:28  ... thread 0: (3063622,46060758) ops and (153181.1,51178.6) ops/second in (20.000001,900.000004) seconds
2019/09/26-03:27:28  ... thread 1: (1251555,59559380) ops and (62550.5,66176.4) ops/second in (20.008727,900.008729) seconds
2019/09/26-03:27:28  ... thread 3: (1273401,55220453) ops and (63633.3,61355.3) ops/second in (20.011558,900.011566) seconds
2019/09/26-03:27:28  ... thread 2: (1275974,60866288) ops and (63742.3,67627.9) ops/second in (20.017711,900.017725) seconds
2019/09/26-03:27:48  ... thread 1: (1175603,60734983) ops and (58805.8,66016.3) ops/second in (19.991272,920.000001) seconds
2019/09/26-03:27:48  ... thread 2: (1181545,62047833) ops and (59129.6,67443.3) ops/second in (19.982282,920.000007) seconds
2019/09/26-03:27:48  ... thread 3: (1106573,56327026) ops and (55360.6,61225.0) ops/second in (19.988441,920.000007) seconds
2019/09/26-03:27:48  ... thread 0: (3047302,49108060) ops and (152365.1,53378.3) ops/second in (20.000004,920.000008) seconds
2019/09/26-03:28:08  ... thread 3: (1094010,57421036) ops and (54700.5,61086.2) ops/second in (19.999996,940.000003) seconds
2019/09/26-03:28:08  ... thread 0: (3057776,52165836) ops and (152888.8,55495.6) ops/second in (19.999999,940.000007) seconds
2019/09/26-03:28:08  ... thread 1: (1172437,61907420) ops and (58621.8,65859.0) ops/second in (20.000000,940.000001) seconds
2019/09/26-03:28:08  ... thread 2: (1170589,63218422) ops and (58529.2,67253.6) ops/second in (20.000089,940.000096) seconds
2019/09/26-03:28:28  ... thread 0: (3098758,55264594) ops and (154937.9,57567.3) ops/second in (19.999996,960.000003) seconds
2019/09/26-03:28:28  ... thread 3: (1137632,58558668) ops and (56881.6,60998.6) ops/second in (20.000008,960.000011) seconds
2019/09/26-03:28:28  ... thread 2: (1133411,64351833) ops and (56670.8,67033.2) ops/second in (19.999914,960.000010) seconds
2019/09/26-03:28:28  ... thread 1: (1194436,63101856) ops and (59721.8,65731.1) ops/second in (20.000002,960.000003) seconds
2019/09/26-03:28:48  ... thread 0: (3105396,58369990) ops and (155269.8,59561.2) ops/second in (20.000001,980.000004) seconds
2019/09/26-03:28:48  ... thread 1: (1283148,64385004) ops and (64157.4,65699.0) ops/second in (20.000000,980.000003) seconds
2019/09/26-03:28:48  ... thread 2: (1176683,65528516) ops and (58834.2,66865.8) ops/second in (20.000000,980.000010) seconds
2019/09/26-03:28:48  ... thread 3: (1238782,59797450) ops and (61939.1,61017.8) ops/second in (20.000013,980.000024) seconds
2019/09/26-03:29:08  ... thread 3: (1260504,61057954) ops and (63025.3,61058.0) ops/second in (19.999980,1000.000004) seconds
2019/09/26-03:29:08  ... thread 0: (3101133,61471123) ops and (155056.6,61471.1) ops/second in (20.000002,1000.000006) seconds
2019/09/26-03:29:08  ... thread 2: (1295391,66823907) ops and (64769.6,66823.9) ops/second in (19.999994,1000.000004) seconds
2019/09/26-03:29:08  ... thread 1: (1265370,65650374) ops and (63268.5,65650.4) ops/second in (20.000004,1000.000007) seconds
2019/09/26-03:29:28  ... thread 3: (1346598,62404552) ops and (67329.9,61180.9) ops/second in (19.999999,1020.000003) seconds
2019/09/26-03:29:28  ... thread 2: (1501620,68325527) ops and (75081.0,66985.8) ops/second in (20.000006,1020.000010) seconds
2019/09/26-03:29:28  ... thread 0: (3059116,64530239) ops and (152955.8,63264.9) ops/second in (20.000000,1020.000006) seconds
2019/09/26-03:29:28  ... thread 1: (1494028,67144402) ops and (74701.4,65827.8) ops/second in (20.000003,1020.000010) seconds
2019/09/26-03:29:48  ... thread 3: (1603991,64008543) ops and (80199.5,61546.7) ops/second in (20.000001,1040.000004) seconds
2019/09/26-03:29:48  ... thread 0: (3002979,67533218) ops and (150149.0,64935.8) ops/second in (20.000000,1040.000006) seconds
2019/09/26-03:29:48  ... thread 1: (1719121,68863523) ops and (85955.7,66214.9) ops/second in (20.000089,1040.000099) seconds
2019/09/26-03:29:48  ... thread 2: (1696432,70021959) ops and (84820.6,67328.8) ops/second in (20.000247,1040.000257) seconds
2019/09/26-03:30:08  ... thread 2: (1841282,71863241) ops and (92065.3,67795.5) ops/second in (19.999745,1060.000002) seconds
2019/09/26-03:30:08  ... thread 3: (1667312,65675855) ops and (83365.6,61958.4) ops/second in (20.000005,1060.000009) seconds
2019/09/26-03:30:08  ... thread 1: (1835602,70699125) ops and (91780.5,66697.3) ops/second in (19.999903,1060.000002) seconds
2019/09/26-03:30:08  ... thread 0: (3034586,70567804) ops and (151729.3,66573.4) ops/second in (19.999998,1060.000004) seconds
2019/09/26-03:30:28  ... thread 3: (1539723,67215578) ops and (76986.2,62236.6) ops/second in (19.999994,1080.000003) seconds
2019/09/26-03:30:28  ... thread 1: (1705620,72404745) ops and (85281.0,67041.4) ops/second in (20.000007,1080.000009) seconds
2019/09/26-03:30:28  ... thread 2: (1705747,73568988) ops and (85287.3,68119.4) ops/second in (20.000007,1080.000009) seconds
2019/09/26-03:30:28  ... thread 0: (3045527,73613331) ops and (152276.3,68160.5) ops/second in (20.000004,1080.000008) seconds
2019/09/26-03:30:48  ... thread 0: (3055648,76668979) ops and (152782.4,69699.1) ops/second in (19.999996,1100.000004) seconds
2019/09/26-03:30:48  ... thread 2: (1555668,75124656) ops and (77783.4,68295.1) ops/second in (20.000006,1100.000015) seconds
2019/09/26-03:30:48  ... thread 3: (1511571,68727149) ops and (75578.5,62479.2) ops/second in (20.000007,1100.000010) seconds
2019/09/26-03:30:48  ... thread 1: (1525527,73930272) ops and (76276.3,67209.3) ops/second in (20.000002,1100.000011) seconds
2019/09/26-03:31:08  ... thread 0: (3052265,79721244) ops and (152613.3,71179.7) ops/second in (19.999999,1120.000003) seconds
2019/09/26-03:31:08  ... thread 1: (1629368,75559640) ops and (81468.4,67464.0) ops/second in (19.999990,1120.000001) seconds
2019/09/26-03:31:08  ... thread 3: (1496085,70223234) ops and (74804.2,62699.3) ops/second in (20.000001,1120.000011) seconds
2019/09/26-03:31:08  ... thread 2: (1636486,76761142) ops and (81824.3,68536.7) ops/second in (19.999992,1120.000007) seconds
2019/09/26-03:31:28  ... thread 0: (3055394,82776638) ops and (152769.7,72611.1) ops/second in (19.999998,1140.000001) seconds
2019/09/26-03:31:28  ... thread 3: (1407271,71630505) ops and (70363.6,62833.8) ops/second in (19.999992,1140.000003) seconds
2019/09/26-03:31:28  ... thread 2: (1531956,78293098) ops and (76597.8,68678.2) ops/second in (19.999996,1140.000003) seconds
2019/09/26-03:31:28  ... thread 1: (1554700,77114340) ops and (77735.0,67644.2) ops/second in (20.000003,1140.000004) seconds
2019/09/26-03:31:48  ... thread 2: (1616203,79909301) ops and (80810.2,68887.3) ops/second in (19.999999,1160.000002) seconds
2019/09/26-03:31:48  ... thread 3: (1413361,73043866) ops and (70668.0,62968.8) ops/second in (20.000001,1160.000004) seconds
2019/09/26-03:31:48  ... thread 1: (1622704,78737044) ops and (81135.2,67876.8) ops/second in (20.000006,1160.000010) seconds
2019/09/26-03:31:48  ... thread 0: (3056704,85833342) ops and (152835.2,73994.3) ops/second in (20.000000,1160.000001) seconds
2019/09/26-03:32:08  ... thread 3: (1386972,74430838) ops and (69348.6,63077.0) ops/second in (20.000000,1180.000004) seconds
2019/09/26-03:32:08  ... thread 1: (1574478,80311522) ops and (78723.9,68060.6) ops/second in (19.999994,1180.000004) seconds
2019/09/26-03:32:08  ... thread 0: (3059402,88892744) ops and (152970.1,75332.8) ops/second in (20.000005,1180.000006) seconds
2019/09/26-03:32:08  ... thread 2: (1577477,81486778) ops and (78872.9,69056.6) ops/second in (20.000234,1180.000236) seconds
2019/09/26-03:32:28  ... thread 2: (1551413,83038191) ops and (77571.6,69198.5) ops/second in (19.999767,1200.000003) seconds
2019/09/26-03:32:28  ... thread 0: (3077647,91970391) ops and (153882.4,76642.0) ops/second in (19.999995,1200.000001) seconds
2019/09/26-03:32:28  ... thread 3: (1398674,75829512) ops and (69933.6,63191.3) ops/second in (20.000027,1200.000031) seconds
2019/09/26-03:32:28  ... thread 1: (1552708,81864230) ops and (77635.0,68220.2) ops/second in (20.000102,1200.000106) seconds
2019/09/26-03:32:48  ... thread 0: (3055167,95025558) ops and (152758.3,77889.8) ops/second in (20.000004,1220.000005) seconds
2019/09/26-03:32:48  ... thread 3: (1460655,77290167) ops and (73032.8,63352.6) ops/second in (19.999977,1220.000008) seconds
2019/09/26-03:32:48  ... thread 2: (1471224,84509415) ops and (73561.2,69270.0) ops/second in (20.000004,1220.000007) seconds
2019/09/26-03:32:48  ... thread 1: (1432602,83296832) ops and (71630.4,68276.1) ops/second in (19.999904,1220.000010) seconds
2019/09/26-03:33:08  ... thread 3: (1359221,78649388) ops and (67961.1,63426.9) ops/second in (19.999996,1240.000004) seconds
2019/09/26-03:33:08  ... thread 1: (1496130,84792962) ops and (74806.5,68381.4) ops/second in (19.999992,1240.000002) seconds
2019/09/26-03:33:08  ... thread 0: (3060348,98085906) ops and (153017.4,79101.5) ops/second in (19.999998,1240.000003) seconds
2019/09/26-03:33:08  ... thread 2: (1503943,86013358) ops and (75197.1,69365.6) ops/second in (20.000005,1240.000012) seconds
2019/09/26-03:33:28  ... thread 2: (1471804,87485162) ops and (73590.2,69432.7) ops/second in (19.999991,1260.000003) seconds
2019/09/26-03:33:28  ... thread 3: (1305982,79955370) ops and (65299.1,63456.6) ops/second in (20.000004,1260.000008) seconds
2019/09/26-03:33:28  ... thread 1: (1458009,86250971) ops and (72900.4,68453.2) ops/second in (20.000007,1260.000009) seconds
2019/09/26-03:33:28  ... thread 0: (3080199,101166105) ops and (154010.0,80290.6) ops/second in (20.000000,1260.000003) seconds
2019/09/26-03:33:48  ... thread 2: (1545744,89030906) ops and (77287.2,69555.4) ops/second in (20.000001,1280.000004) seconds
2019/09/26-03:33:48  ... thread 3: (1374566,81329936) ops and (68728.3,63539.0) ops/second in (19.999997,1280.000005) seconds
2019/09/26-03:33:48  ... thread 1: (1532592,87783563) ops and (76629.6,68580.9) ops/second in (19.999998,1280.000007) seconds
2019/09/26-03:33:48  ... thread 0: (3054275,104220380) ops and (152713.8,81422.2) ops/second in (20.000000,1280.000003) seconds
2019/09/26-03:34:08  ... thread 0: (3051207,107271587) ops and (152560.3,82516.6) ops/second in (20.000002,1300.000005) seconds
2019/09/26-03:34:08  ... thread 2: (1486747,90517653) ops and (74337.3,69629.0) ops/second in (20.000002,1300.000006) seconds
2019/09/26-03:34:08  ... thread 3: (1445052,82774988) ops and (72252.6,63673.1) ops/second in (19.999999,1300.000004) seconds
2019/09/26-03:34:08  ... thread 1: (1419938,89203501) ops and (70996.9,68618.1) ops/second in (20.000001,1300.000008) seconds
2019/09/26-03:34:28  ... thread 2: (1263662,91781315) ops and (63183.1,69531.3) ops/second in (20.000001,1320.000007) seconds
2019/09/26-03:34:28  ... thread 3: (1304877,84079865) ops and (65243.8,63696.9) ops/second in (20.000008,1320.000012) seconds
2019/09/26-03:34:28  ... thread 0: (3006876,110278463) ops and (150343.8,83544.3) ops/second in (20.000001,1320.000006) seconds
2019/09/26-03:34:28  ... thread 1: (1292300,90495801) ops and (64615.0,68557.4) ops/second in (19.999996,1320.000004) seconds
2019/09/26-03:34:48  ... thread 0: (3075607,113354070) ops and (153780.4,84592.6) ops/second in (19.999996,1340.000002) seconds
2019/09/26-03:34:48  ... thread 2: (1293215,93074530) ops and (64596.8,69457.6) ops/second in (20.019795,1340.019802) seconds
2019/09/26-03:34:48  ... thread 3: (1355065,85434930) ops and (67683.8,63756.4) ops/second in (20.020518,1340.020530) seconds
2019/09/26-03:34:48  ... thread 1: (1350202,91846003) ops and (67435.7,68540.7) ops/second in (20.022055,1340.022059) seconds
2019/09/26-03:35:08  ... thread 3: (1261963,86696893) ops and (63163.0,63747.7) ops/second in (19.979477,1360.000007) seconds
2019/09/26-03:35:08  ... thread 1: (1309003,93155006) ops and (65522.4,68496.3) ops/second in (19.977954,1360.000013) seconds
2019/09/26-03:35:08  ... thread 0: (3068898,116422968) ops and (153444.9,85605.1) ops/second in (20.000003,1360.000005) seconds
2019/09/26-03:35:08  ... thread 2: (1338983,94413513) ops and (67015.5,69421.7) ops/second in (19.980213,1360.000015) seconds
2019/09/26-03:35:28  ... thread 3: (1319126,88016019) ops and (65956.3,63779.7) ops/second in (19.999994,1380.000001) seconds
2019/09/26-03:35:28  ... thread 2: (1427276,95840789) ops and (71363.8,69449.8) ops/second in (20.000001,1380.000016) seconds
2019/09/26-03:35:28  ... thread 0: (3064651,119487619) ops and (153232.5,86585.2) ops/second in (20.000000,1380.000005) seconds
2019/09/26-03:35:28  ... thread 1: (1425135,94580141) ops and (71256.8,68536.3) ops/second in (19.999989,1380.000002) seconds
2019/09/26-03:35:48  ... thread 3: (1293043,89309062) ops and (64652.2,63792.2) ops/second in (20.000000,1400.000001) seconds
2019/09/26-03:35:48  ... thread 0: (3067006,122554625) ops and (153350.3,87539.0) ops/second in (19.999996,1400.000001) seconds
2019/09/26-03:35:48  ... thread 2: (1425563,97266352) ops and (71278.2,69476.0) ops/second in (19.999998,1400.000014) seconds
2019/09/26-03:35:48  ... thread 1: (1418635,95998776) ops and (70931.7,68570.6) ops/second in (20.000004,1400.000006) seconds
2019/09/26-03:36:08  ... thread 2: (1328294,98594646) ops and (66414.7,69432.8) ops/second in (19.999990,1420.000004) seconds
2019/09/26-03:36:08  ... thread 3: (1246781,90555843) ops and (62339.0,63771.7) ops/second in (20.000006,1420.000007) seconds
2019/09/26-03:36:08  ... thread 0: (3085480,125640105) ops and (154274.0,88478.9) ops/second in (20.000002,1420.000003) seconds
2019/09/26-03:36:08  ... thread 1: (1310171,97308947) ops and (65508.5,68527.4) ops/second in (20.000003,1420.000009) seconds
2019/09/26-03:36:28  ... thread 2: (1250423,99845069) ops and (62521.2,69336.9) ops/second in (19.999997,1440.000001) seconds
2019/09/26-03:36:28  ... thread 3: (1363519,91919362) ops and (68175.9,63832.9) ops/second in (20.000000,1440.000007) seconds
2019/09/26-03:36:28  ... thread 0: (3116344,128756449) ops and (155817.2,89414.2) ops/second in (19.999999,1440.000002) seconds
2019/09/26-03:36:28  ... thread 1: (1361746,98670693) ops and (68087.2,68521.3) ops/second in (20.000036,1440.000045) seconds
2019/09/26-03:36:48  ... thread 2: (1258783,101103852) ops and (62939.1,69249.2) ops/second in (20.000002,1460.000003) seconds
2019/09/26-03:36:48  ... thread 0: (3108592,131865041) ops and (155429.6,90318.5) ops/second in (20.000004,1460.000006) seconds
2019/09/26-03:36:48  ... thread 1: (1364063,100034756) ops and (68203.3,68517.0) ops/second in (19.999969,1460.000014) seconds
2019/09/26-03:36:48  ... thread 3: (1367639,93287001) ops and (68381.9,63895.2) ops/second in (20.000010,1460.000017) seconds
2019/09/26-03:37:08  ... thread 3: (1282828,94569829) ops and (64141.4,63898.5) ops/second in (19.999988,1480.000005) seconds
2019/09/26-03:37:08  ... thread 2: (1165009,102268861) ops and (58250.4,69100.6) ops/second in (20.000012,1480.000015) seconds
2019/09/26-03:37:08  ... thread 0: (3097555,134962596) ops and (154877.8,91190.9) ops/second in (19.999999,1480.000005) seconds
2019/09/26-03:37:08  ... thread 1: (1272732,101307488) ops and (63636.6,68451.0) ops/second in (20.000000,1480.000014) seconds
2019/09/26-03:37:28  ... thread 3: (1347341,95917170) ops and (67367.1,63944.8) ops/second in (19.999996,1500.000001) seconds
2019/09/26-03:37:28  ... thread 2: (1211885,103480746) ops and (60594.2,68987.2) ops/second in (20.000001,1500.000016) seconds
2019/09/26-03:37:28  ... thread 1: (1330726,102638214) ops and (66536.3,68425.5) ops/second in (19.999997,1500.000011) seconds
2019/09/26-03:37:28  ... thread 0: (3105119,138067715) ops and (155256.0,92045.1) ops/second in (19.999997,1500.000002) seconds
2019/09/26-03:37:48  ... thread 3: (1346549,97263719) ops and (67327.4,63989.3) ops/second in (20.000004,1520.000005) seconds
2019/09/26-03:37:48  ... thread 1: (1323399,103961613) ops and (66170.0,68395.8) ops/second in (19.999994,1520.000005) seconds
2019/09/26-03:37:48  ... thread 0: (3106562,141174277) ops and (155328.1,92877.8) ops/second in (20.000002,1520.000004) seconds
2019/09/26-03:37:48  ... thread 2: (1211918,104692664) ops and (60595.6,68876.7) ops/second in (20.000096,1520.000112) seconds
2019/09/26-03:38:08  ... thread 0: (3119518,144293795) ops and (155975.9,93697.3) ops/second in (20.000003,1540.000007) seconds
2019/09/26-03:38:08  ... thread 3: (1222038,98485757) ops and (61101.9,63951.8) ops/second in (20.000005,1540.000010) seconds
2019/09/26-03:38:08  ... thread 2: (1175383,105868047) ops and (58769.4,68745.5) ops/second in (19.999901,1540.000013) seconds
2019/09/26-03:38:08  ... thread 1: (1254573,105216186) ops and (62728.7,68322.2) ops/second in (19.999998,1540.000003) seconds
2019/09/26-03:38:28  ... thread 0: (3079013,147372808) ops and (153950.7,94469.7) ops/second in (19.999996,1560.000003) seconds
2019/09/26-03:38:28  ... thread 2: (1202468,107070515) ops and (60123.4,68634.9) ops/second in (19.999999,1560.000012) seconds
2019/09/26-03:38:28  ... thread 3: (1301475,99787232) ops and (65073.8,63966.2) ops/second in (19.999998,1560.000008) seconds
2019/09/26-03:38:28  ... thread 1: (1306444,106522630) ops and (65322.2,68283.7) ops/second in (20.000008,1560.000011) seconds
2019/09/26-03:38:48  ... thread 0: (3102577,150475385) ops and (155128.9,95237.6) ops/second in (19.999999,1580.000002) seconds
2019/09/26-03:38:48  ... thread 2: (1131964,108202479) ops and (56598.2,68482.6) ops/second in (20.000003,1580.000015) seconds
2019/09/26-03:38:48  ... thread 1: (1164796,107687426) ops and (58239.8,68156.6) ops/second in (19.999990,1580.000001) seconds
2019/09/26-03:38:48  ... thread 3: (1155777,100943009) ops and (57788.8,63888.0) ops/second in (20.000002,1580.000010) seconds
2019/09/26-03:39:08  ... thread 0: (3111368,153586753) ops and (155568.4,95991.7) ops/second in (20.000002,1600.000004) seconds
2019/09/26-03:39:08  ... thread 3: (1277230,102220239) ops and (63861.5,63887.6) ops/second in (20.000002,1600.000012) seconds
2019/09/26-03:39:08  ... thread 1: (1167069,108854495) ops and (58352.4,68034.0) ops/second in (20.000374,1600.000375) seconds
2019/09/26-03:39:08  ... thread 2: (1271968,109474447) ops and (63578.0,68421.3) ops/second in (20.006421,1600.006436) seconds
2019/09/26-03:39:28  ... thread 3: (1176697,103396936) ops and (58834.9,63825.3) ops/second in (19.999993,1620.000005) seconds
2019/09/26-03:39:28  ... thread 2: (1171198,110645645) ops and (58578.7,68299.8) ops/second in (19.993573,1620.000009) seconds
2019/09/26-03:39:28  ... thread 0: (3106182,156692935) ops and (155309.1,96724.0) ops/second in (20.000000,1620.000004) seconds
2019/09/26-03:39:28  ... thread 1: (1118145,109972640) ops and (55905.9,67884.3) ops/second in (20.000481,1620.000856) seconds
2019/09/26-03:39:48  ... thread 2: (1091794,111737439) ops and (54589.7,68132.6) ops/second in (19.999995,1640.000004) seconds
2019/09/26-03:39:48  ... thread 1: (1055199,111027839) ops and (52762.2,67699.9) ops/second in (19.999148,1640.000004) seconds
2019/09/26-03:39:48  ... thread 0: (3068303,159761238) ops and (153415.1,97415.4) ops/second in (20.000002,1640.000006) seconds
2019/09/26-03:39:48  ... thread 3: (1095294,104492230) ops and (54764.4,63714.8) ops/second in (20.000100,1640.000105) seconds
2019/09/26-03:40:08  ... thread 2: (945844,112683283) ops and (47292.2,67881.5) ops/second in (20.000000,1660.000004) seconds
2019/09/26-03:40:08  ... thread 0: (3078987,162840225) ops and (153949.3,98096.5) ops/second in (20.000001,1660.000007) seconds
2019/09/26-03:40:08  ... thread 3: (954686,105446916) ops and (47728.4,63522.1) ops/second in (20.002478,1660.002583) seconds
2019/09/26-03:40:08  ... thread 1: (974018,112001857) ops and (48694.0,67470.9) ops/second in (20.002823,1660.002827) seconds
2019/09/26-03:40:28  ... thread 0: (3102930,165943155) ops and (155146.5,98775.7) ops/second in (19.999998,1680.000005) seconds
2019/09/26-03:40:28  ... thread 1: (1146313,113148170) ops and (57323.7,67350.1) ops/second in (19.997206,1680.000033) seconds
2019/09/26-03:40:28  ... thread 2: (1049207,113732490) ops and (52460.2,67697.9) ops/second in (20.000040,1680.000044) seconds
2019/09/26-03:40:28  ... thread 3: (1155034,106601950) ops and (57758.8,63453.5) ops/second in (19.997534,1680.000117) seconds
2019/09/26-03:40:48  ... thread 0: (3091588,169034743) ops and (154579.4,99432.2) ops/second in (19.999997,1700.000002) seconds
2019/09/26-03:40:48  ... thread 3: (1151623,107753573) ops and (57581.5,63384.5) ops/second in (19.999890,1700.000007) seconds
2019/09/26-03:40:48  ... thread 2: (1041684,114774174) ops and (52084.1,67514.2) ops/second in (20.000020,1700.000064) seconds
2019/09/26-03:40:48  ... thread 1: (1144007,114292177) ops and (57200.1,67230.7) ops/second in (20.000082,1700.000115) seconds
2019/09/26-03:41:08  ... thread 2: (865457,115639631) ops and (43273.0,67232.3) ops/second in (19.999939,1720.000003) seconds
2019/09/26-03:41:08  ... thread 1: (905785,115197962) ops and (45289.5,66975.6) ops/second in (19.999894,1720.000009) seconds
2019/09/26-03:41:08  ... thread 0: (3139970,172174713) ops and (156998.5,100101.6) ops/second in (20.000002,1720.000004) seconds
2019/09/26-03:41:08  ... thread 3: (900886,108654459) ops and (45044.3,63171.2) ops/second in (20.000005,1720.000012) seconds
2019/09/26-03:41:28  ... thread 0: (3100505,175275218) ops and (155025.3,100732.9) ops/second in (19.999998,1740.000002) seconds
2019/09/26-03:41:28  ... thread 3: (1107465,109761924) ops and (55373.3,63081.6) ops/second in (19.999993,1740.000005) seconds
2019/09/26-03:41:28  ... thread 2: (1055309,116694940) ops and (52765.4,67066.1) ops/second in (20.000005,1740.000008) seconds
2019/09/26-03:41:28  ... thread 1: (1091403,116289365) ops and (54570.2,66833.0) ops/second in (19.999996,1740.000005) seconds
2019/09/26-03:41:48  ... thread 0: (3117591,178392809) ops and (155879.5,101359.6) ops/second in (20.000000,1760.000002) seconds
2019/09/26-03:41:48  ... thread 3: (1052776,110814700) ops and (52638.8,62962.9) ops/second in (20.000003,1760.000008) seconds
2019/09/26-03:41:48  ... thread 2: (1040639,117735579) ops and (52032.0,66895.2) ops/second in (19.999999,1760.000007) seconds
2019/09/26-03:41:48  ... thread 1: (986291,117275656) ops and (49314.6,66633.9) ops/second in (19.999997,1760.000002) seconds
2019/09/26-03:42:08  ... thread 0: (3073549,181466358) ops and (153677.5,101947.4) ops/second in (19.999999,1780.000001) seconds
2019/09/26-03:42:08  ... thread 3: (1103661,111918361) ops and (55183.0,62875.5) ops/second in (20.000012,1780.000020) seconds
2019/09/26-03:42:08  ... thread 1: (1015892,118291548) ops and (50794.6,66455.9) ops/second in (20.000005,1780.000007) seconds
2019/09/26-03:42:08  ... thread 2: (1089291,118824870) ops and (54464.5,66755.5) ops/second in (20.000008,1780.000015) seconds
2019/09/26-03:42:28  ... thread 0: (3119155,184585513) ops and (155957.7,102547.5) ops/second in (20.000004,1800.000005) seconds
2019/09/26-03:42:28  ... thread 1: (1004785,119296333) ops and (50239.2,66275.7) ops/second in (20.000006,1800.000013) seconds
2019/09/26-03:42:28  ... thread 2: (1058538,119883408) ops and (52926.9,66601.9) ops/second in (19.999997,1800.000012) seconds
2019/09/26-03:42:28  ... thread 3: (1033754,112952115) ops and (51687.4,62751.2) ops/second in (20.000125,1800.000145) seconds
2019/09/26-03:42:48  ... thread 3: (1028782,113980897) ops and (51439.5,62626.9) ops/second in (19.999857,1820.000002) seconds
2019/09/26-03:42:48  ... thread 1: (1000710,120297043) ops and (50035.5,66097.3) ops/second in (20.000000,1820.000013) seconds
2019/09/26-03:42:48  ... thread 0: (3131747,187717260) ops and (156587.4,103141.4) ops/second in (19.999999,1820.000004) seconds
2019/09/26-03:42:48  ... thread 2: (1053746,120937154) ops and (52687.3,66449.0) ops/second in (19.999992,1820.000004) seconds
2019/09/26-03:43:08  ... thread 0: (3104434,190821694) ops and (155221.7,103707.4) ops/second in (20.000001,1840.000005) seconds
2019/09/26-03:43:08  ... thread 2: (1112244,122049398) ops and (55612.2,66331.2) ops/second in (20.000011,1840.000015) seconds
2019/09/26-03:43:08  ... thread 1: (1025598,121322641) ops and (51279.9,65936.2) ops/second in (20.000004,1840.000017) seconds
2019/09/26-03:43:08  ... thread 3: (1115159,115096056) ops and (55757.9,62552.2) ops/second in (20.000007,1840.000009) seconds
2019/09/26-03:43:28  ... thread 0: (3108775,193930469) ops and (155438.8,104263.7) ops/second in (19.999996,1860.000001) seconds
2019/09/26-03:43:28  ... thread 2: (1136308,123185706) ops and (56815.4,66228.9) ops/second in (19.999996,1860.000011) seconds
2019/09/26-03:43:28  ... thread 3: (1136928,116232984) ops and (56846.4,62490.9) ops/second in (19.999997,1860.000006) seconds
2019/09/26-03:43:28  ... thread 1: (1040321,122362962) ops and (52015.7,65786.5) ops/second in (20.000124,1860.000141) seconds
2019/09/26-03:43:48  ... thread 0: (3106158,197036627) ops and (155307.9,104806.7) ops/second in (20.000001,1880.000002) seconds
2019/09/26-03:43:48  ... thread 3: (1126816,117359800) ops and (56340.8,62425.4) ops/second in (20.000002,1880.000008) seconds
2019/09/26-03:43:48  ... thread 1: (1019263,123382225) ops and (50963.5,65628.8) ops/second in (19.999876,1880.000017) seconds
2019/09/26-03:43:48  ... thread 2: (1118748,124304454) ops and (55937.4,66119.4) ops/second in (19.999995,1880.000006) seconds
2019/09/26-03:44:08  ... thread 2: (1128957,125433411) ops and (56447.8,66017.6) ops/second in (20.000000,1900.000006) seconds
2019/09/26-03:44:08  ... thread 3: (1124231,118484031) ops and (56211.5,62360.0) ops/second in (20.000010,1900.000018) seconds
2019/09/26-03:44:08  ... thread 1: (1013852,124396077) ops and (50692.6,65471.6) ops/second in (19.999985,1900.000002) seconds
2019/09/26-03:44:28  ... thread 3: (1175644,119659675) ops and (58782.2,62322.7) ops/second in (19.999993,1920.000011) seconds
2019/09/26-03:44:28  ... thread 1: (1079377,125475454) ops and (53968.8,65351.8) ops/second in (20.000021,1920.000023) seconds
2019/09/26-03:44:28  ... thread 2: (1149983,126583394) ops and (57498.9,65928.8) ops/second in (20.000100,1920.000106) seconds
2019/09/26-03:44:48  ... thread 3: (1178465,120838140) ops and (58923.3,62287.7) ops/second in (19.999990,1940.000001) seconds
2019/09/26-03:44:48  ... thread 1: (1048027,126523481) ops and (52401.4,65218.3) ops/second in (19.999987,1940.000010) seconds
2019/09/26-03:44:48  ... thread 2: (1160577,127743971) ops and (58029.1,65847.4) ops/second in (19.999913,1940.000019) seconds
2019/09/26-03:45:08  ... thread 2: (1193544,128937515) ops and (59677.2,65784.4) ops/second in (19.999987,1960.000006) seconds
2019/09/26-03:45:08  ... thread 3: (1215052,122053192) ops and (60752.6,62272.0) ops/second in (20.000007,1960.000008) seconds
2019/09/26-03:45:08  ... thread 1: (1060114,127583595) ops and (53005.7,65093.7) ops/second in (19.999992,1960.000002) seconds
2019/09/26-03:45:28  ... thread 3: (1241515,123294707) ops and (62075.8,62270.1) ops/second in (19.999993,1980.000001) seconds
2019/09/26-03:45:28  ... thread 1: (1092937,128676532) ops and (54646.7,64988.1) ops/second in (20.000043,1980.000045) seconds
2019/09/26-03:45:28  ... thread 2: (1224511,130162026) ops and (61225.2,65738.4) ops/second in (20.000112,1980.000118) seconds
2019/09/26-03:45:48  ... thread 3: (1233168,124527875) ops and (61658.4,62263.9) ops/second in (20.000001,2000.000002) seconds
2019/09/26-03:45:48  ... thread 1: (1097802,129774334) ops and (54890.2,64887.2) ops/second in (19.999966,2000.000011) seconds
2019/09/26-03:45:48  ... thread 2: (1235797,131397823) ops and (61790.1,65698.9) ops/second in (19.999906,2000.000024) seconds
2019/09/26-03:46:08  ... thread 3: (1021062,125548937) ops and (51053.1,62152.9) ops/second in (20.000000,2020.000002) seconds
2019/09/26-03:46:08  ... thread 2: (1051744,132449567) ops and (52587.2,65569.1) ops/second in (19.999988,2020.000012) seconds
2019/09/26-03:46:08  ... thread 1: (1054016,130828350) ops and (52700.8,64766.5) ops/second in (19.999991,2020.000002) seconds
2019/09/26-03:46:28  ... thread 2: (1119858,133569425) ops and (55992.9,65475.2) ops/second in (19.999989,2040.000001) seconds
2019/09/26-03:46:28  ... thread 1: (1217518,132045868) ops and (60875.9,64728.4) ops/second in (20.000006,2040.000008) seconds
2019/09/26-03:46:28  ... thread 3: (1221683,126770620) ops and (61084.1,62142.5) ops/second in (20.000009,2040.000011) seconds
2019/09/26-03:46:48  ... thread 2: (1098891,134668316) ops and (54944.5,65373.0) ops/second in (20.000001,2060.000002) seconds
2019/09/26-03:46:48  ... thread 1: (1224137,133270005) ops and (61206.8,64694.2) ops/second in (20.000008,2060.000016) seconds
2019/09/26-03:46:48  ... thread 3: (1239144,128009764) ops and (61957.2,62140.7) ops/second in (20.000002,2060.000013) seconds
2019/09/26-03:47:08  ... thread 3: (1239545,129249309) ops and (61977.3,62139.1) ops/second in (19.999989,2080.000002) seconds
2019/09/26-03:47:08  ... thread 1: (1239648,134509653) ops and (61982.4,64668.1) ops/second in (19.999986,2080.000002) seconds
2019/09/26-03:47:08  ... thread 2: (1094824,135763140) ops and (54741.2,65270.7) ops/second in (20.000006,2080.000008) seconds
2019/09/26-03:47:28  ... thread 3: (1252690,130501999) ops and (62634.5,62143.8) ops/second in (20.000001,2100.000003) seconds
2019/09/26-03:47:28  ... thread 2: (1116407,136879547) ops and (55820.4,65180.7) ops/second in (19.999997,2100.000005) seconds
2019/09/26-03:47:28  ... thread 1: (1254527,135764180) ops and (62725.9,64649.6) ops/second in (20.000141,2100.000143) seconds
2019/09/26-03:47:48  ... thread 3: (1254623,131756622) ops and (62731.1,62149.3) ops/second in (20.000011,2120.000014) seconds
2019/09/26-03:47:48  ... thread 2: (1124912,138004459) ops and (56245.6,65096.4) ops/second in (20.000012,2120.000017) seconds
2019/09/26-03:47:48  ... thread 1: (1254355,137018535) ops and (62718.2,64631.4) ops/second in (19.999868,2120.000011) seconds
2019/09/26-03:48:08  ... thread 2: (1110649,139115108) ops and (55532.5,65007.1) ops/second in (19.999992,2140.000009) seconds
2019/09/26-03:48:08  ... thread 1: (1256156,138274691) ops and (62807.8,64614.3) ops/second in (20.000003,2140.000014) seconds
2019/09/26-03:48:08  ... thread 3: (1249139,133005761) ops and (62457.0,62152.2) ops/second in (19.999995,2140.000009) seconds
2019/09/26-03:48:28  ... thread 3: (1258968,134264729) ops and (62948.4,62159.6) ops/second in (19.999994,2160.000003) seconds
2019/09/26-03:48:28  ... thread 1: (1268297,139542988) ops and (63414.9,64603.2) ops/second in (19.999993,2160.000007) seconds
2019/09/26-03:48:28  ... thread 2: (1112865,140227973) ops and (55643.3,64920.4) ops/second in (19.999997,2160.000006) seconds
2019/09/26-03:48:48  ... thread 3: (1277767,135542496) ops and (63888.3,62175.5) ops/second in (20.000002,2180.000005) seconds
2019/09/26-03:48:48  ... thread 2: (1106624,141334597) ops and (55331.0,64832.4) ops/second in (20.000057,2180.000063) seconds
2019/09/26-03:48:48  ... thread 1: (1270035,140813023) ops and (63501.5,64593.1) ops/second in (20.000090,2180.000097) seconds
2019/09/26-03:49:08  ... thread 3: (1002727,136545223) ops and (50136.3,62066.0) ops/second in (20.000007,2200.000012) seconds
2019/09/26-03:49:08  ... thread 2: (1030030,142364627) ops and (51501.6,64711.2) ops/second in (19.999952,2200.000015) seconds
2019/09/26-03:49:08  ... thread 1: (1046776,141859799) ops and (52339.0,64481.7) ops/second in (19.999925,2200.000022) seconds
2019/09/26-03:49:28  ... thread 3: (1100103,137645326) ops and (55005.2,62002.4) ops/second in (19.999995,2220.000007) seconds
2019/09/26-03:49:28  ... thread 1: (1171181,143030980) ops and (58559.1,64428.4) ops/second in (19.999982,2220.000004) seconds
2019/09/26-03:49:28  ... thread 2: (1164400,143529027) ops and (58219.8,64652.7) ops/second in (20.000084,2220.000099) seconds
2019/09/26-03:49:48  ... thread 2: (1200118,144729145) ops and (60006.2,64611.2) ops/second in (19.999915,2240.000014) seconds
2019/09/26-03:49:48  ... thread 1: (1219607,144250587) ops and (60980.3,64397.6) ops/second in (20.000008,2240.000012) seconds
2019/09/26-03:49:48  ... thread 3: (1146164,138791490) ops and (57308.2,61960.5) ops/second in (20.000008,2240.000015) seconds
2019/09/26-03:50:08  ... thread 2: (1182541,145911686) ops and (59127.1,64562.7) ops/second in (19.999996,2260.000010) seconds
2019/09/26-03:50:08  ... thread 1: (1122313,145372900) ops and (56115.6,64324.3) ops/second in (20.000002,2260.000014) seconds
2019/09/26-03:50:08  ... thread 3: (1159467,139950957) ops and (57973.4,61925.2) ops/second in (19.999996,2260.000011) seconds
2019/09/26-03:50:28  ... thread 3: (1242118,141193075) ops and (62105.9,61926.8) ops/second in (19.999992,2280.000003) seconds
2019/09/26-03:50:28  ... thread 1: (1093052,146465952) ops and (54652.6,64239.5) ops/second in (19.999990,2280.000004) seconds
2019/09/26-03:50:28  ... thread 2: (1232711,147144397) ops and (61635.4,64537.0) ops/second in (20.000040,2280.000050) seconds
2019/09/26-03:50:48  ... thread 3: (1248333,142441408) ops and (62416.7,61931.0) ops/second in (19.999999,2300.000002) seconds
2019/09/26-03:50:48  ... thread 1: (1075317,147541269) ops and (53765.8,64148.4) ops/second in (20.000010,2300.000014) seconds
2019/09/26-03:50:48  ... thread 2: (1238211,148382608) ops and (61910.7,64514.2) ops/second in (19.999959,2300.000009) seconds
2019/09/26-03:51:08  ... thread 2: (1253602,149636210) ops and (62680.1,64498.4) ops/second in (19.999993,2320.000002) seconds
2019/09/26-03:51:08  ... thread 1: (1092721,148633990) ops and (54636.1,64066.4) ops/second in (19.999992,2320.000006) seconds
2019/09/26-03:51:08  ... thread 3: (1262293,143703701) ops and (63114.6,61941.3) ops/second in (20.000002,2320.000004) seconds
thread 2 : (149992854 of 150000000 found)
2019/09/26-03:51:28  ... thread 3: (1261616,144965317) ops and (63080.8,61951.0) ops/second in (20.000008,2340.000012) seconds
2019/09/26-03:51:28  ... thread 1: (1168823,149802813) ops and (58441.1,64018.3) ops/second in (20.000009,2340.000015) seconds
thread 1 : (149992930 of 150000000 found)
2019/09/26-03:51:48  ... thread 3: (1490158,146455475) ops and (74507.9,62057.4) ops/second in (19.999992,2360.000004) seconds
2019/09/26-03:52:08  ... thread 3: (1601861,148057336) ops and (80093.0,62209.0) ops/second in (20.000004,2380.000008) seconds
2019/09/26-03:52:28  ... thread 3: (1609127,149666463) ops and (80456.3,62361.0) ops/second in (20.000003,2400.000011) seconds
thread 3 : (149993090 of 150000000 found)
readexpwhilewriting :       5.343 micros/op 187176 ops/sec; (149992930 of 150000000 found)
Microseconds per op:
Count: 450000000 Average: 15.7185  StdDev: 7.19
Min: 0  Median: 12.7641  Max: 148032
Percentiles: P50: 12.76 P75: 16.93 P99: 40.82 P99.9: 358.20 P99.99: 1185.21
------------------------------------------------------
[       0,       1 ]   761590   0.169%   0.169% 
(       1,       2 ]   695887   0.155%   0.324% 
(       2,       3 ]   415175   0.092%   0.416% 
(       3,       4 ]  1743638   0.387%   0.804% 
(       4,       6 ] 16784131   3.730%   4.533% #
(       6,      10 ] 103753605  23.056%  27.590% #####
(      10,      15 ] 182422830  40.538%  68.128% ########
(      15,      22 ] 112349349  24.967%  93.095% #####
(      22,      34 ] 25637197   5.697%  98.792% #
(      34,      51 ]  2334638   0.519%  99.311% 
(      51,      76 ]   234502   0.052%  99.363% 
(      76,     110 ]   258695   0.057%  99.420% 
(     110,     170 ]  1534811   0.341%  99.761% 
(     170,     250 ]   355887   0.079%  99.840% 
(     250,     380 ]   322066   0.072%  99.912% 
(     380,     580 ]   294710   0.065%  99.977% 
(     580,     870 ]    45314   0.010%  99.988% 
(     870,    1300 ]    14972   0.003%  99.991% 
(    1300,    1900 ]     7310   0.002%  99.993% 
(    1900,    2900 ]     9752   0.002%  99.995% 
(    2900,    4400 ]     8135   0.002%  99.996% 
(    4400,    6600 ]     4061   0.001%  99.997% 
(    6600,    9900 ]     2413   0.001%  99.998% 
(    9900,   14000 ]     1682   0.000%  99.998% 
(   14000,   22000 ]     5234   0.001%  99.999% 
(   22000,   33000 ]     2087   0.000% 100.000% 
(   33000,   50000 ]      150   0.000% 100.000% 
(   50000,   75000 ]       54   0.000% 100.000% 
(   75000,  110000 ]      110   0.000% 100.000% 
(  110000,  170000 ]       15   0.000% 100.000% 


                               Compactions
Level Time(sec) Read(MB) Write(MB)
--------------------------------------------------
  0    153.64     0.00  22073.95
  1    119.92 20909.58  20505.82
  2    615.26 102952.65  96123.84
BucketCount: 611
WriteAmplification: 6.2836

seq# 1210000001, log# 4, min log#0, file# 92764
