./kv/release/tests/db/kv_bench --report_interval=20 --writes=10000000 --rwdelay=4 --db=/mnt/nvm/kv1B --logpath=/mnt/ssd --threads=4 --open_files=200000 --range=1000000000 --num=1000000000 --reads=1000000 --bloom_bits=16 --low_pool=2 --high_pool=2 --stats_interval=1000000 --value_size=100 --benchmarks=r100,r75,r50,r25,r0,stats --ycsb_ops_num=10000000 --use_existing_db=true --histogram=true --log=false --write_buffer_size=2097152 --skiplistrep=false --sleep=200 --print_wa=false --log_dio=true --hugepage=true 
Bench num: 1000000000, range: 1000000000
Keys:       16 bytes each
Values:     100 bytes each (50 bytes after compression)
Entries:    1000000000
RawSize:    110626.2 MB (estimated)
FileSize:   62942.5 MB (estimated)
WARNING: Snappy compression is not enabled
------------------------------------------------
Write buffer: 2048.00 KB. Compression: 0. 
Restore 177 pivots
Recover seq# 1210000000, log# 2, min log#0, file# 91340
using restored pivots
Log_Recover_Time, 0.0000, BucketCount, 177 , Log_size, 0.0 ,MB
FLAGS_range: 1000000000
FLAGS_range: 1000000000
FLAGS_range: 1000000000
FLAGS_range: 1000000000
2020/08/24-23:41:55  ... thread 3: (1000000,1000000) ops and (10767.7,10767.7) ops/second in (92.870355,92.870355) seconds
2020/08/24-23:41:55  ... thread 1: (1000000,1000000) ops and (10767.0,10767.0) ops/second in (92.876658,92.876658) seconds
2020/08/24-23:41:56  ... thread 0: (1000000,1000000) ops and (10753.9,10753.9) ops/second in (92.989742,92.989742) seconds
2020/08/24-23:41:56  ... thread 2: (1000000,1000000) ops and (10753.1,10753.1) ops/second in (92.996223,92.996223) seconds
2020/08/24-23:42:22  ... thread 1: (1000000,2000000) ops and (37341.7,16714.5) ops/second in (26.779727,119.656385) seconds
2020/08/24-23:42:22  ... thread 3: (1000000,2000000) ops and (37311.9,16712.4) ops/second in (26.801108,119.671463) seconds
2020/08/24-23:42:22  ... thread 2: (1000000,2000000) ops and (37120.8,16675.7) ops/second in (26.939073,119.935296) seconds
2020/08/24-23:42:24  ... thread 0: (1000000,2000000) ops and (34945.3,16446.6) ops/second in (28.616152,121.605894) seconds
2020/08/24-23:42:43  ... thread 1: (1000000,3000000) ops and (47897.5,21347.1) ops/second in (20.877913,140.534298) seconds
2020/08/24-23:42:43  ... thread 3: (1000000,3000000) ops and (47893.4,21344.5) ops/second in (20.879698,140.551161) seconds
2020/08/24-23:42:45  ... thread 2: (1000000,3000000) ops and (45444.4,21135.7) ops/second in (22.004927,141.940223) seconds
2020/08/24-23:42:46  ... thread 0: (1000000,3000000) ops and (46319.5,20950.4) ops/second in (21.589164,143.195058) seconds
2020/08/24-23:43:04  ... thread 1: (1000000,4000000) ops and (48557.6,24824.9) ops/second in (20.594112,161.128410) seconds
2020/08/24-23:43:04  ... thread 3: (1000000,4000000) ops and (48451.0,24815.3) ops/second in (20.639408,161.190569) seconds
2020/08/24-23:43:06  ... thread 2: (1000000,4000000) ops and (46812.5,24494.5) ops/second in (21.361815,163.302038) seconds
2020/08/24-23:43:07  ... thread 0: (1000000,4000000) ops and (47807.5,24373.6) ops/second in (20.917205,164.112263) seconds
2020/08/24-23:43:24  ... thread 3: (1000000,5000000) ops and (48509.8,27502.0) ops/second in (20.614400,181.804969) seconds
2020/08/24-23:43:24  ... thread 1: (1000000,5000000) ops and (48185.1,27490.4) ops/second in (20.753294,181.881704) seconds
2020/08/24-23:43:27  ... thread 2: (1000000,5000000) ops and (47918.5,27148.7) ops/second in (20.868749,184.170787) seconds
2020/08/24-23:43:28  ... thread 0: (1000000,5000000) ops and (47985.5,27034.1) ops/second in (20.839627,184.951890) seconds
2020/08/24-23:43:45  ... thread 3: (1000000,6000000) ops and (48085.5,29614.8) ops/second in (20.796274,202.601243) seconds
2020/08/24-23:43:45  ... thread 1: (1000000,6000000) ops and (48200.7,29610.9) ops/second in (20.746585,202.628289) seconds
2020/08/24-23:43:48  ... thread 2: (1000000,6000000) ops and (47677.6,29247.6) ops/second in (20.974189,205.144976) seconds
2020/08/24-23:43:48  ... thread 0: (1000000,6000000) ops and (47891.8,29149.9) ops/second in (20.880410,205.832300) seconds
2020/08/24-23:44:06  ... thread 1: (1000000,7000000) ops and (48259.3,31341.0) ops/second in (20.721387,223.349676) seconds
2020/08/24-23:44:06  ... thread 3: (1000000,7000000) ops and (47950.0,31326.0) ops/second in (20.855068,223.456311) seconds
2020/08/24-23:44:09  ... thread 2: (1000000,7000000) ops and (47695.0,30958.2) ops/second in (20.966561,226.111537) seconds
2020/08/24-23:44:09  ... thread 0: (1000000,7000000) ops and (48039.7,30884.8) ops/second in (20.816135,226.648435) seconds
2020/08/24-23:44:27  ... thread 1: (1000000,8000000) ops and (48286.8,32778.9) ops/second in (20.709577,244.059253) seconds
2020/08/24-23:44:27  ... thread 3: (1000000,8000000) ops and (48286.0,32764.6) ops/second in (20.709954,244.166265) seconds
2020/08/24-23:44:30  ... thread 2: (1000000,8000000) ops and (47957.8,32393.5) ops/second in (20.851666,246.963203) seconds
2020/08/24-23:44:30  ... thread 0: (1000000,8000000) ops and (48386.6,32347.4) ops/second in (20.666860,247.315295) seconds
2020/08/24-23:44:47  ... thread 3: (1000000,9000000) ops and (48509.3,33990.4) ops/second in (20.614613,264.780878) seconds
2020/08/24-23:44:47  ... thread 1: (1000000,9000000) ops and (48167.0,33985.3) ops/second in (20.761123,264.820376) seconds
2020/08/24-23:44:51  ... thread 0: (1000000,9000000) ops and (48117.8,33569.9) ops/second in (20.782348,268.097643) seconds
2020/08/24-23:44:51  ... thread 2: (1000000,9000000) ops and (47276.9,33567.7) ops/second in (21.151959,268.115162) seconds
2020/08/24-23:45:08  ... thread 3: (1000000,10000000) ops and (47940.6,35009.1) ops/second in (20.859166,285.640044) seconds
thread 3 : (9999807 of 10000000 found)
2020/08/24-23:45:08  ... thread 1: (1000000,10000000) ops and (47783.2,34995.8) ops/second in (20.927844,285.748220) seconds
thread 1 : (9999778 of 10000000 found)
2020/08/24-23:45:11  ... thread 0: (1000000,10000000) ops and (48869.4,34654.8) ops/second in (20.462702,288.560345) seconds
thread 0 : (9999810 of 10000000 found)
2020/08/24-23:45:11  ... thread 2: (1000000,10000000) ops and (48401.1,34628.9) ops/second in (20.660701,288.775863) seconds
thread 2 : (9999796 of 10000000 found)
r100         :       7.219 micros/op 138515 ops/sec; (9999810 of 10000000 found)
Microseconds per op:
Count: 40000000 Average: 28.7181  StdDev: 104.71
Min: 2  Median: 18.7720  Max: 142043
Percentiles: P50: 18.77 P75: 28.67 P99: 167.63 P99.9: 345.29 P99.99: 3906.39
------------------------------------------------------
(       1,       2 ]        4   0.000%   0.000% 
(       2,       3 ]       53   0.000%   0.000% 
(       3,       4 ]      224   0.001%   0.001% 
(       4,       6 ]    98199   0.245%   0.246% 
(       6,      10 ]  5510089  13.775%  14.021% ###
(      10,      15 ]  9574278  23.936%  37.957% #####
(      15,      22 ]  8939689  22.349%  60.306% ####
(      22,      34 ] 10568034  26.420%  86.726% #####
(      34,      51 ]  2709915   6.775%  93.501% #
(      51,      76 ]   191439   0.479%  93.980% 
(      76,     110 ]   319749   0.799%  94.779% 
(     110,     170 ]  1757849   4.395%  99.174% #
(     170,     250 ]   250702   0.627%  99.801% 
(     250,     380 ]    54267   0.136%  99.936% 
(     380,     580 ]    12466   0.031%  99.967% 
(     580,     870 ]     3242   0.008%  99.975% 
(     870,    1300 ]     1205   0.003%  99.979% 
(    1300,    1900 ]     1309   0.003%  99.982% 
(    1900,    2900 ]     2027   0.005%  99.987% 
(    2900,    4400 ]     1878   0.005%  99.992% 
(    4400,    6600 ]     1311   0.003%  99.995% 
(    6600,    9900 ]      712   0.002%  99.997% 
(    9900,   14000 ]      307   0.001%  99.997% 
(   14000,   22000 ]      809   0.002%  99.999% 
(   22000,   33000 ]      166   0.000% 100.000% 
(   33000,   50000 ]       36   0.000% 100.000% 
(   50000,   75000 ]       20   0.000% 100.000% 
(   75000,  110000 ]       20   0.000% 100.000% 
(  110000,  170000 ]        1   0.000% 100.000% 

2020/08/24-23:45:28  ... thread 1: (1000000,1000000) ops and (60710.5,60710.5) ops/second in (16.471622,16.471622) seconds
2020/08/24-23:45:28  ... thread 0: (1000000,1000000) ops and (60449.6,60449.6) ops/second in (16.542701,16.542701) seconds
2020/08/24-23:45:28  ... thread 2: (1000000,1000000) ops and (59986.5,59986.5) ops/second in (16.670412,16.670412) seconds
2020/08/24-23:45:28  ... thread 3: (1000000,1000000) ops and (59603.5,59603.5) ops/second in (16.777542,16.777542) seconds
2020/08/24-23:45:45  ... thread 0: (1000000,2000000) ops and (59067.2,59750.4) ops/second in (16.929857,33.472558) seconds
2020/08/24-23:45:45  ... thread 1: (1000000,2000000) ops and (58710.1,59693.5) ops/second in (17.032842,33.504464) seconds
2020/08/24-23:45:45  ... thread 3: (1000000,2000000) ops and (57978.9,58780.0) ops/second in (17.247652,34.025194) seconds
2020/08/24-23:45:46  ... thread 2: (1000000,2000000) ops and (55213.3,57501.0) ops/second in (18.111593,34.782005) seconds
2020/08/24-23:46:03  ... thread 1: (1000000,3000000) ops and (55939.5,58387.4) ops/second in (17.876456,51.380920) seconds
2020/08/24-23:46:03  ... thread 0: (1000000,3000000) ops and (55720.9,58344.0) ops/second in (17.946579,51.419137) seconds
2020/08/24-23:46:03  ... thread 3: (1000000,3000000) ops and (56212.4,57898.4) ops/second in (17.789673,51.814867) seconds
2020/08/24-23:46:04  ... thread 2: (1000000,3000000) ops and (56048.7,57008.6) ops/second in (17.841619,52.623624) seconds
2020/08/24-23:46:20  ... thread 1: (1000000,4000000) ops and (57825.3,58245.9) ops/second in (17.293455,68.674375) seconds
2020/08/24-23:46:20  ... thread 0: (1000000,4000000) ops and (57776.1,58201.0) ops/second in (17.308185,68.727322) seconds
2020/08/24-23:46:21  ... thread 3: (1000000,4000000) ops and (57228.2,57729.4) ops/second in (17.473901,69.288768) seconds
2020/08/24-23:46:22  ... thread 2: (1000000,4000000) ops and (56768.1,56948.3) ops/second in (17.615535,70.239159) seconds
2020/08/24-23:46:38  ... thread 0: (1000000,5000000) ops and (55939.4,57734.2) ops/second in (17.876473,86.603795) seconds
2020/08/24-23:46:38  ... thread 1: (1000000,5000000) ops and (55699.8,57718.2) ops/second in (17.953376,86.627751) seconds
2020/08/24-23:46:38  ... thread 3: (1000000,5000000) ops and (56159.0,57408.4) ops/second in (17.806576,87.095344) seconds
2020/08/24-23:46:40  ... thread 2: (1000000,5000000) ops and (55599.8,56673.4) ops/second in (17.985667,88.224826) seconds
2020/08/24-23:46:55  ... thread 1: (1000000,6000000) ops and (58117.3,57784.4) ops/second in (17.206568,103.834319) seconds
2020/08/24-23:46:55  ... thread 0: (1000000,6000000) ops and (57953.2,57770.6) ops/second in (17.255307,103.859102) seconds
2020/08/24-23:46:56  ... thread 3: (1000000,6000000) ops and (58297.3,57554.6) ops/second in (17.153457,104.248801) seconds
2020/08/24-23:46:57  ... thread 2: (1000000,6000000) ops and (56663.5,56671.7) ops/second in (17.648054,105.872880) seconds
2020/08/24-23:47:12  ... thread 0: (1000000,7000000) ops and (57904.2,57789.6) ops/second in (17.269893,121.128995) seconds
2020/08/24-23:47:13  ... thread 1: (1000000,7000000) ops and (57431.9,57733.8) ops/second in (17.411918,121.246237) seconds
2020/08/24-23:47:13  ... thread 3: (1000000,7000000) ops and (57573.0,57557.2) ops/second in (17.369255,121.618056) seconds
2020/08/24-23:47:15  ... thread 2: (1000000,7000000) ops and (56809.9,56691.4) ops/second in (17.602556,123.475436) seconds
2020/08/24-23:47:30  ... thread 0: (1000000,8000000) ops and (55771.2,57529.4) ops/second in (17.930388,139.059383) seconds
2020/08/24-23:47:31  ... thread 1: (1000000,8000000) ops and (55683.2,57469.2) ops/second in (17.958753,139.204990) seconds
2020/08/24-23:47:31  ... thread 3: (1000000,8000000) ops and (56255.4,57391.2) ops/second in (17.776079,139.394135) seconds
2020/08/24-23:47:33  ... thread 2: (1000000,8000000) ops and (55990.3,56602.8) ops/second in (17.860250,141.335686) seconds
2020/08/24-23:47:48  ... thread 0: (1000000,9000000) ops and (56959.5,57465.5) ops/second in (17.556333,156.615716) seconds
2020/08/24-23:47:48  ... thread 1: (1000000,9000000) ops and (56882.6,57403.4) ops/second in (17.580083,156.785073) seconds
2020/08/24-23:47:48  ... thread 3: (1000000,9000000) ops and (57090.2,57357.6) ops/second in (17.516130,156.910265) seconds
2020/08/24-23:47:51  ... thread 2: (1000000,9000000) ops and (56053.5,56541.3) ops/second in (17.840106,159.175792) seconds
2020/08/24-23:48:06  ... thread 0: (1000000,10000000) ops and (56873.1,57405.7) ops/second in (17.582993,174.198709) seconds
thread 0 : (7499854 of 10000000 found)
2020/08/24-23:48:06  ... thread 1: (1000000,10000000) ops and (56985.0,57361.3) ops/second in (17.548470,174.333543) seconds
thread 1 : (7499833 of 10000000 found)
2020/08/24-23:48:06  ... thread 3: (1000000,10000000) ops and (56788.3,57300.2) ops/second in (17.609267,174.519532) seconds
thread 3 : (7499860 of 10000000 found)
2020/08/24-23:48:07  ... thread 2: (1000000,10000000) ops and (59037.9,56781.4) ops/second in (16.938273,176.114065) seconds
thread 2 : (7499851 of 10000000 found)
r75          :       4.403 micros/op 227125 ops/sec; (7499854 of 10000000 found)
Microseconds per op:
Count: 40000000 Average: 17.4791  StdDev: 61.34
Min: 0  Median: 15.2389  Max: 109900
Percentiles: P50: 15.24 P75: 25.91 P99: 49.93 P99.9: 73.30 P99.99: 169.11
------------------------------------------------------
[       0,       1 ]   636230   1.591%   1.591% 
(       1,       2 ]  5014109  12.535%  14.126% ###
(       2,       3 ]  2526629   6.317%  20.442% #
(       3,       4 ]   970372   2.426%  22.868% 
(       4,       6 ]   630411   1.576%  24.444% 
(       6,      10 ]  2876113   7.190%  31.635% #
(      10,      15 ]  7105293  17.763%  49.398% ####
(      15,      22 ]  7056122  17.640%  67.038% ####
(      22,      34 ]  9784172  24.460%  91.499% #####
(      34,      51 ]  3202524   8.006%  99.505% ##
(      51,      76 ]   177133   0.443%  99.948% 
(      76,     110 ]    13628   0.034%  99.982% 
(     110,     170 ]     3313   0.008%  99.990% 
(     170,     250 ]      725   0.002%  99.992% 
(     250,     380 ]      489   0.001%  99.993% 
(     380,     580 ]      102   0.000%  99.993% 
(     580,     870 ]       91   0.000%  99.994% 
(     870,    1300 ]      135   0.000%  99.994% 
(    1300,    1900 ]      139   0.000%  99.994% 
(    1900,    2900 ]      480   0.001%  99.996% 
(    2900,    4400 ]     1436   0.004%  99.999% 
(    4400,    6600 ]      264   0.001% 100.000% 
(    6600,    9900 ]       30   0.000% 100.000% 
(    9900,   14000 ]       36   0.000% 100.000% 
(   14000,   22000 ]        8   0.000% 100.000% 
(   22000,   33000 ]        4   0.000% 100.000% 
(   33000,   50000 ]        4   0.000% 100.000% 
(   75000,  110000 ]        8   0.000% 100.000% 

2020/08/24-23:48:21  ... thread 1: (1000000,1000000) ops and (72339.7,72339.7) ops/second in (13.823660,13.823660) seconds
2020/08/24-23:48:21  ... thread 3: (1000000,1000000) ops and (72305.6,72305.6) ops/second in (13.830181,13.830181) seconds
2020/08/24-23:48:21  ... thread 0: (1000000,1000000) ops and (72294.9,72294.9) ops/second in (13.832236,13.832236) seconds
2020/08/24-23:48:21  ... thread 2: (1000000,1000000) ops and (71986.0,71986.0) ops/second in (13.891590,13.891590) seconds
2020/08/24-23:48:35  ... thread 3: (1000000,2000000) ops and (73655.9,72974.5) ops/second in (13.576643,27.406824) seconds
2020/08/24-23:48:35  ... thread 2: (1000000,2000000) ops and (73922.9,72941.6) ops/second in (13.527610,27.419200) seconds
2020/08/24-23:48:35  ... thread 1: (1000000,2000000) ops and (73013.7,72675.1) ops/second in (13.696067,27.519727) seconds
2020/08/24-23:48:35  ... thread 0: (1000000,2000000) ops and (72919.0,72605.6) ops/second in (13.713845,27.546081) seconds
2020/08/24-23:48:49  ... thread 3: (1000000,3000000) ops and (72234.3,72726.1) ops/second in (13.843848,41.250672) seconds
2020/08/24-23:48:49  ... thread 2: (1000000,3000000) ops and (72208.8,72695.7) ops/second in (13.848730,41.267930) seconds
2020/08/24-23:48:49  ... thread 0: (1000000,3000000) ops and (72127.6,72445.6) ops/second in (13.864321,41.410402) seconds
2020/08/24-23:48:49  ... thread 1: (1000000,3000000) ops and (71840.5,72394.8) ops/second in (13.919716,41.439443) seconds
2020/08/24-23:49:02  ... thread 2: (1000000,4000000) ops and (72884.1,72742.7) ops/second in (13.720410,54.988340) seconds
2020/08/24-23:49:03  ... thread 3: (1000000,4000000) ops and (72541.5,72679.9) ops/second in (13.785205,55.035877) seconds
2020/08/24-23:49:03  ... thread 0: (1000000,4000000) ops and (72807.6,72535.7) ops/second in (13.734827,55.145229) seconds
2020/08/24-23:49:03  ... thread 1: (1000000,4000000) ops and (72499.3,72420.9) ops/second in (13.793233,55.232676) seconds
2020/08/24-23:49:16  ... thread 2: (1000000,5000000) ops and (72387.4,72671.4) ops/second in (13.814558,68.802898) seconds
2020/08/24-23:49:16  ... thread 3: (1000000,5000000) ops and (72219.0,72587.2) ops/second in (13.846768,68.882645) seconds
2020/08/24-23:49:16  ... thread 0: (1000000,5000000) ops and (72769.1,72582.3) ops/second in (13.742097,68.887326) seconds
2020/08/24-23:49:16  ... thread 1: (1000000,5000000) ops and (72508.0,72438.3) ops/second in (13.791586,69.024262) seconds
2020/08/24-23:49:29  ... thread 2: (1000000,6000000) ops and (76558.7,73291.6) ops/second in (13.061877,81.864775) seconds
2020/08/24-23:49:29  ... thread 3: (1000000,6000000) ops and (76092.1,73148.8) ops/second in (13.141964,82.024609) seconds
2020/08/24-23:49:30  ... thread 1: (1000000,6000000) ops and (76557.3,73093.7) ops/second in (13.062108,82.086370) seconds
2020/08/24-23:49:30  ... thread 0: (1000000,6000000) ops and (74998.6,72974.1) ops/second in (13.333577,82.220903) seconds
2020/08/24-23:49:43  ... thread 2: (1000000,7000000) ops and (75215.8,73560.4) ops/second in (13.295084,95.159859) seconds
2020/08/24-23:49:43  ... thread 0: (1000000,7000000) ops and (77200.3,73549.3) ops/second in (12.953316,95.174219) seconds
2020/08/24-23:49:43  ... thread 3: (1000000,7000000) ops and (75973.4,73539.4) ops/second in (13.162499,95.187108) seconds
2020/08/24-23:49:43  ... thread 1: (1000000,7000000) ops and (75737.5,73460.1) ops/second in (13.203495,95.289865) seconds
2020/08/24-23:49:56  ... thread 2: (1000000,8000000) ops and (76022.1,73859.4) ops/second in (13.154075,108.313934) seconds
2020/08/24-23:49:56  ... thread 0: (1000000,8000000) ops and (75974.1,73843.9) ops/second in (13.162380,108.336599) seconds
2020/08/24-23:49:56  ... thread 1: (1000000,8000000) ops and (76062.9,73775.6) ops/second in (13.147020,108.436885) seconds
2020/08/24-23:49:56  ... thread 3: (1000000,8000000) ops and (74551.2,73664.3) ops/second in (13.413608,108.600716) seconds
2020/08/24-23:50:08  ... thread 2: (1000000,9000000) ops and (79647.0,74460.6) ops/second in (12.555403,120.869337) seconds
2020/08/24-23:50:08  ... thread 0: (1000000,9000000) ops and (78834.3,74367.0) ops/second in (12.684832,121.021431) seconds
2020/08/24-23:50:09  ... thread 1: (1000000,9000000) ops and (78710.4,74293.2) ops/second in (12.704798,121.141683) seconds
2020/08/24-23:50:09  ... thread 3: (1000000,9000000) ops and (79653.2,74284.9) ops/second in (12.554424,121.155140) seconds
2020/08/24-23:50:21  ... thread 2: (1000000,10000000) ops and (82223.6,75170.3) ops/second in (12.161959,133.031296) seconds
thread 2 : (4999901 of 10000000 found)
2020/08/24-23:50:21  ... thread 3: (1000000,10000000) ops and (81962.9,74987.4) ops/second in (12.200649,133.355789) seconds
thread 3 : (4999913 of 10000000 found)
2020/08/24-23:50:21  ... thread 0: (1000000,10000000) ops and (80013.6,74895.5) ops/second in (12.497873,133.519304) seconds
thread 0 : (4999899 of 10000000 found)
2020/08/24-23:50:21  ... thread 1: (1000000,10000000) ops and (80500.6,74870.5) ops/second in (12.422271,133.563954) seconds
thread 1 : (4999890 of 10000000 found)
r50          :       3.339 micros/op 299481 ops/sec; (4999899 of 10000000 found)
Microseconds per op:
Count: 40000000 Average: 13.3368  StdDev: 102.61
Min: 0  Median: 8.0940  Max: 127397
Percentiles: P50: 8.09 P75: 19.99 P99: 49.55 P99.9: 73.08 P99.99: 2967.66
------------------------------------------------------
[       0,       1 ]  1502894   3.757%   3.757% #
(       1,       2 ]  8565902  21.415%  25.172% ####
(       2,       3 ]  4534930  11.337%  36.509% ##
(       3,       4 ]  2093725   5.234%  41.744% #
(       4,       6 ]  2219807   5.550%  47.293% #
(       6,      10 ]  2068321   5.171%  52.464% #
(      10,      15 ]  5399668  13.499%  65.963% ###
(      15,      22 ]  5075194  12.688%  78.651% ###
(      22,      34 ]  5798123  14.495%  93.146% ###
(      34,      51 ]  2559537   6.399%  99.545% #
(      51,      76 ]   160656   0.402%  99.947% 
(      76,     110 ]    12042   0.030%  99.977% 
(     110,     170 ]     2619   0.007%  99.984% 
(     170,     250 ]      449   0.001%  99.985% 
(     250,     380 ]      255   0.001%  99.985% 
(     380,     580 ]      107   0.000%  99.986% 
(     580,     870 ]      149   0.000%  99.986% 
(     870,    1300 ]      197   0.000%  99.986% 
(    1300,    1900 ]      227   0.001%  99.987% 
(    1900,    2900 ]     1034   0.003%  99.990% 
(    2900,    4400 ]     3636   0.009%  99.999% 
(    4400,    6600 ]      418   0.001% 100.000% 
(    6600,    9900 ]       25   0.000% 100.000% 
(    9900,   14000 ]       41   0.000% 100.000% 
(   14000,   22000 ]        8   0.000% 100.000% 
(   22000,   33000 ]        4   0.000% 100.000% 
(   33000,   50000 ]        8   0.000% 100.000% 
(   75000,  110000 ]        4   0.000% 100.000% 
(  110000,  170000 ]       20   0.000% 100.000% 

2020/08/24-23:50:30  ... thread 0: (1000000,1000000) ops and (109448.5,109448.5) ops/second in (9.136717,9.136717) seconds
2020/08/24-23:50:30  ... thread 2: (1000000,1000000) ops and (108469.0,108469.0) ops/second in (9.219220,9.219220) seconds
2020/08/24-23:50:30  ... thread 1: (1000000,1000000) ops and (108334.2,108334.2) ops/second in (9.230698,9.230698) seconds
2020/08/24-23:50:30  ... thread 3: (1000000,1000000) ops and (107715.9,107715.9) ops/second in (9.283684,9.283684) seconds
2020/08/24-23:50:39  ... thread 0: (1000000,2000000) ops and (107613.8,108523.4) ops/second in (9.292486,18.429203) seconds
2020/08/24-23:50:40  ... thread 3: (1000000,2000000) ops and (108601.5,108156.9) ops/second in (9.207976,18.491660) seconds
2020/08/24-23:50:40  ... thread 2: (1000000,2000000) ops and (107726.3,108096.4) ops/second in (9.282787,18.502007) seconds
2020/08/24-23:50:40  ... thread 1: (1000000,2000000) ops and (104381.0,106320.9) ops/second in (9.580287,18.810985) seconds
2020/08/24-23:50:49  ... thread 3: (1000000,3000000) ops and (109302.8,108536.2) ops/second in (9.148897,27.640557) seconds
2020/08/24-23:50:49  ... thread 2: (1000000,3000000) ops and (109084.8,108423.9) ops/second in (9.167180,27.669187) seconds
2020/08/24-23:50:49  ... thread 0: (1000000,3000000) ops and (107508.6,108183.0) ops/second in (9.301585,27.730788) seconds
2020/08/24-23:50:49  ... thread 1: (1000000,3000000) ops and (105919.5,106186.7) ops/second in (9.441130,28.252115) seconds
2020/08/24-23:50:58  ... thread 3: (1000000,4000000) ops and (113318.9,109693.6) ops/second in (8.824652,36.465209) seconds
2020/08/24-23:50:58  ... thread 0: (1000000,4000000) ops and (112680.2,109273.3) ops/second in (8.874672,36.605460) seconds
2020/08/24-23:50:58  ... thread 2: (1000000,4000000) ops and (110893.8,109031.0) ops/second in (9.017638,36.686825) seconds
2020/08/24-23:50:58  ... thread 1: (1000000,4000000) ops and (112684.4,107739.9) ops/second in (8.874345,37.126460) seconds
2020/08/24-23:51:07  ... thread 3: (1000000,5000000) ops and (111175.2,109986.7) ops/second in (8.994814,45.460023) seconds
2020/08/24-23:51:07  ... thread 0: (1000000,5000000) ops and (109813.5,109380.9) ops/second in (9.106346,45.711806) seconds
2020/08/24-23:51:07  ... thread 2: (1000000,5000000) ops and (108050.4,108833.4) ops/second in (9.254941,45.941766) seconds
2020/08/24-23:51:07  ... thread 1: (1000000,5000000) ops and (109616.5,108110.0) ops/second in (9.122718,46.249178) seconds
2020/08/24-23:51:16  ... thread 3: (1000000,6000000) ops and (111105.6,110171.7) ops/second in (9.000448,54.460471) seconds
2020/08/24-23:51:16  ... thread 0: (1000000,6000000) ops and (111213.0,109682.1) ops/second in (8.991756,54.703562) seconds
2020/08/24-23:51:16  ... thread 2: (1000000,6000000) ops and (112319.7,109399.4) ops/second in (8.903155,54.844921) seconds
2020/08/24-23:51:16  ... thread 1: (1000000,6000000) ops and (109305.4,108307.4) ops/second in (9.148678,55.397856) seconds
2020/08/24-23:51:24  ... thread 3: (1000000,7000000) ops and (115059.8,110844.4) ops/second in (8.691134,63.151605) seconds
2020/08/24-23:51:25  ... thread 0: (1000000,7000000) ops and (114301.4,110319.0) ops/second in (8.748797,63.452359) seconds
2020/08/24-23:51:25  ... thread 2: (1000000,7000000) ops and (114407.0,110087.7) ops/second in (8.740721,63.585642) seconds
2020/08/24-23:51:25  ... thread 1: (1000000,7000000) ops and (112940.8,108945.9) ops/second in (8.854199,64.252055) seconds
2020/08/24-23:51:33  ... thread 3: (1000000,8000000) ops and (112148.5,111005.7) ops/second in (8.916745,72.068350) seconds
2020/08/24-23:51:33  ... thread 0: (1000000,8000000) ops and (111876.0,110511.2) ops/second in (8.938470,72.390829) seconds
2020/08/24-23:51:34  ... thread 2: (1000000,8000000) ops and (112287.1,110357.9) ops/second in (8.905745,72.491387) seconds
2020/08/24-23:51:35  ... thread 1: (1000000,8000000) ops and (108577.0,108899.7) ops/second in (9.210057,73.462112) seconds
2020/08/24-23:51:42  ... thread 3: (1000000,9000000) ops and (111581.6,111069.4) ops/second in (8.962050,81.030400) seconds
2020/08/24-23:51:42  ... thread 2: (1000000,9000000) ops and (112042.7,110542.6) ops/second in (8.925165,81.416552) seconds
2020/08/24-23:51:42  ... thread 0: (1000000,9000000) ops and (110395.4,110498.4) ops/second in (9.058350,81.449179) seconds
2020/08/24-23:51:44  ... thread 1: (1000000,9000000) ops and (110148.4,109037.0) ops/second in (9.078662,82.540774) seconds
2020/08/24-23:51:51  ... thread 3: (1000000,10000000) ops and (111332.4,111095.7) ops/second in (8.982110,90.012510) seconds
thread 3 : (1999963 of 10000000 found)
2020/08/24-23:51:51  ... thread 0: (1000000,10000000) ops and (113362.7,110778.3) ops/second in (8.821242,90.270421) seconds
thread 0 : (1999970 of 10000000 found)
2020/08/24-23:51:51  ... thread 2: (1000000,10000000) ops and (112730.7,110757.6) ops/second in (8.870695,90.287247) seconds
thread 2 : (1999966 of 10000000 found)
2020/08/24-23:51:52  ... thread 1: (1000000,10000000) ops and (122129.5,110218.6) ops/second in (8.188033,90.728807) seconds
thread 1 : (1999951 of 10000000 found)
r25          :       2.268 micros/op 440873 ops/sec; (1999970 of 10000000 found)
Microseconds per op:
Count: 40000000 Average: 9.0325  StdDev: 79.87
Min: 0  Median: 5.3258  Max: 153428
Percentiles: P50: 5.33 P75: 9.27 P99: 41.97 P99.9: 65.61 P99.99: 3612.11
------------------------------------------------------
[       0,       1 ]  1771598   4.429%   4.429% #
(       1,       2 ]  5051576  12.629%  17.058% ###
(       2,       3 ]  3839411   9.599%  26.656% ##
(       3,       4 ]  3723727   9.309%  35.966% ##
(       4,       6 ]  8468110  21.170%  57.136% ####
(       6,      10 ]  8750951  21.877%  79.013% ####
(      10,      15 ]  3130674   7.827%  86.840% ##
(      15,      22 ]  3038398   7.596%  94.436% ##
(      22,      34 ]  1533830   3.835%  98.271% #
(      34,      51 ]   621968   1.555%  99.826% 
(      51,      76 ]    50923   0.127%  99.953% 
(      76,     110 ]     5658   0.014%  99.967% 
(     110,     170 ]     1999   0.005%  99.972% 
(     170,     250 ]      841   0.002%  99.974% 
(     250,     380 ]      527   0.001%  99.975% 
(     380,     580 ]      247   0.001%  99.976% 
(     580,     870 ]      289   0.001%  99.977% 
(     870,    1300 ]      371   0.001%  99.978% 
(    1300,    1900 ]      396   0.001%  99.979% 
(    1900,    2900 ]     1565   0.004%  99.983% 
(    2900,    4400 ]     6195   0.015%  99.998% 
(    4400,    6600 ]      431   0.001%  99.999% 
(    6600,    9900 ]       71   0.000%  99.999% 
(    9900,   14000 ]       57   0.000% 100.000% 
(   14000,   22000 ]       97   0.000% 100.000% 
(   22000,   33000 ]       14   0.000% 100.000% 
(   33000,   50000 ]       24   0.000% 100.000% 
(   50000,   75000 ]       24   0.000% 100.000% 
(   75000,  110000 ]        4   0.000% 100.000% 
(  110000,  170000 ]       24   0.000% 100.000% 

2020/08/24-23:51:56  ... thread 1: (1000000,1000000) ops and (236400.0,236400.0) ops/second in (4.230118,4.230118) seconds
2020/08/24-23:51:56  ... thread 3: (1000000,1000000) ops and (236308.7,236308.7) ops/second in (4.231752,4.231752) seconds
2020/08/24-23:51:56  ... thread 0: (1000000,1000000) ops and (236218.3,236218.3) ops/second in (4.233372,4.233372) seconds
2020/08/24-23:51:56  ... thread 2: (1000000,1000000) ops and (235777.8,235777.8) ops/second in (4.241282,4.241282) seconds
2020/08/24-23:52:00  ... thread 3: (1000000,2000000) ops and (227958.6,232058.6) ops/second in (4.386762,8.618514) seconds
2020/08/24-23:52:00  ... thread 0: (1000000,2000000) ops and (227955.8,232013.5) ops/second in (4.386816,8.620188) seconds
2020/08/24-23:52:00  ... thread 1: (1000000,2000000) ops and (227784.7,232012.4) ops/second in (4.390111,8.620229) seconds
2020/08/24-23:52:00  ... thread 2: (1000000,2000000) ops and (227943.8,231794.6) ops/second in (4.387047,8.628329) seconds
2020/08/24-23:52:05  ... thread 3: (1000000,3000000) ops and (234264.0,232789.1) ops/second in (4.268688,12.887202) seconds
2020/08/24-23:52:05  ... thread 0: (1000000,3000000) ops and (234180.1,232731.2) ops/second in (4.270217,12.890405) seconds
2020/08/24-23:52:05  ... thread 1: (1000000,3000000) ops and (233978.9,232664.2) ops/second in (4.273890,12.894119) seconds
2020/08/24-23:52:05  ... thread 2: (1000000,3000000) ops and (234249.5,232607.2) ops/second in (4.268952,12.897281) seconds
2020/08/24-23:52:09  ... thread 0: (1000000,4000000) ops and (228143.2,231567.0) ops/second in (4.383212,17.273617) seconds
2020/08/24-23:52:09  ... thread 1: (1000000,4000000) ops and (227954.6,231468.7) ops/second in (4.386838,17.280957) seconds
2020/08/24-23:52:09  ... thread 3: (1000000,4000000) ops and (227520.4,231449.2) ops/second in (4.395211,17.282413) seconds
2020/08/24-23:52:09  ... thread 2: (1000000,4000000) ops and (227414.8,231287.0) ops/second in (4.397252,17.294533) seconds
2020/08/24-23:52:13  ... thread 1: (1000000,5000000) ops and (230636.2,231301.7) ops/second in (4.335832,21.616789) seconds
2020/08/24-23:52:13  ... thread 0: (1000000,5000000) ops and (230159.3,231284.1) ops/second in (4.344817,21.618434) seconds
2020/08/24-23:52:13  ... thread 2: (1000000,5000000) ops and (230751.2,231179.6) ops/second in (4.333672,21.628205) seconds
2020/08/24-23:52:13  ... thread 3: (1000000,5000000) ops and (230018.9,231161.7) ops/second in (4.347468,21.629881) seconds
2020/08/24-23:52:18  ... thread 1: (1000000,6000000) ops and (238459.0,232464.6) ops/second in (4.193593,25.810382) seconds
2020/08/24-23:52:18  ... thread 0: (1000000,6000000) ops and (238475.2,232452.3) ops/second in (4.193309,25.811743) seconds
2020/08/24-23:52:18  ... thread 2: (1000000,6000000) ops and (238200.6,232320.9) ops/second in (4.198143,25.826348) seconds
2020/08/24-23:52:18  ... thread 3: (1000000,6000000) ops and (238054.3,232282.6) ops/second in (4.200723,25.830604) seconds
2020/08/24-23:52:22  ... thread 1: (1000000,7000000) ops and (250721.8,234908.3) ops/second in (3.988484,29.798866) seconds
2020/08/24-23:52:22  ... thread 0: (1000000,7000000) ops and (250463.9,234865.2) ops/second in (3.992592,29.804335) seconds
2020/08/24-23:52:22  ... thread 2: (1000000,7000000) ops and (249917.5,234681.4) ops/second in (4.001320,29.827668) seconds
2020/08/24-23:52:22  ... thread 3: (1000000,7000000) ops and (249917.7,234648.0) ops/second in (4.001318,29.831922) seconds
2020/08/24-23:52:26  ... thread 1: (1000000,8000000) ops and (233772.5,234765.7) ops/second in (4.277664,34.076530) seconds
2020/08/24-23:52:26  ... thread 0: (1000000,8000000) ops and (233995.8,234756.1) ops/second in (4.273581,34.077916) seconds
2020/08/24-23:52:26  ... thread 3: (1000000,8000000) ops and (233351.1,234485.1) ops/second in (4.285388,34.117310) seconds
2020/08/24-23:52:26  ... thread 2: (1000000,8000000) ops and (233022.9,234472.8) ops/second in (4.291423,34.119091) seconds
2020/08/24-23:52:30  ... thread 1: (1000000,9000000) ops and (245376.9,235899.2) ops/second in (4.075364,38.151894) seconds
2020/08/24-23:52:30  ... thread 0: (1000000,9000000) ops and (245350.2,235887.9) ops/second in (4.075806,38.153722) seconds
2020/08/24-23:52:30  ... thread 3: (1000000,9000000) ops and (245574.9,235667.6) ops/second in (4.072078,38.189388) seconds
2020/08/24-23:52:30  ... thread 2: (1000000,9000000) ops and (245411.5,235639.9) ops/second in (4.074788,38.193879) seconds
2020/08/24-23:52:34  ... thread 1: (1000000,10000000) ops and (240828.8,236383.0) ops/second in (4.152327,42.304221) seconds
2020/08/24-23:52:34  ... thread 0: (1000000,10000000) ops and (240835.9,236373.5) ops/second in (4.152205,42.305927) seconds
2020/08/24-23:52:34  ... thread 3: (1000000,10000000) ops and (241417.9,236230.2) ops/second in (4.142195,42.331583) seconds
2020/08/24-23:52:34  ... thread 2: (1000000,10000000) ops and (241309.8,236194.8) ops/second in (4.144050,42.337929) seconds
r0           :       1.058 micros/op 944761 ops/sec;  104.5 MB/s (10000000 ops)
Microseconds per op:
Count: 40000000 Average: 4.2320  StdDev: 26.82
Min: 0  Median: 0.5008  Max: 78713
Percentiles: P50: 0.50 P75: 0.75 P99: 0.99 P99.9: 1352.17 P99.99: 7521.40
------------------------------------------------------
[       0,       1 ] 39939799  99.849%  99.849% ####################
(       1,       2 ]     7893   0.020%  99.869% 
(       2,       3 ]     1293   0.003%  99.872% 
(       3,       4 ]      613   0.002%  99.874% 
(       4,       6 ]     1364   0.003%  99.877% 
(       6,      10 ]     3648   0.009%  99.887% 
(      10,      15 ]     5021   0.013%  99.899% 
(      15,      22 ]      212   0.001%  99.900% 
(      22,      34 ]       64   0.000%  99.900% 
(      34,      51 ]       24   0.000%  99.900% 
(      51,      76 ]       18   0.000%  99.900% 
(      76,     110 ]       21   0.000%  99.900% 
(     110,     170 ]       14   0.000%  99.900% 
(     170,     250 ]       10   0.000%  99.900% 
(     250,     380 ]        2   0.000%  99.900% 
(     580,     870 ]        1   0.000%  99.900% 
(     870,    1300 ]        1   0.000%  99.900% 
(    1300,    1900 ]       23   0.000%  99.900% 
(    1900,    2900 ]    15713   0.039%  99.939% 
(    2900,    4400 ]    14631   0.037%  99.976% 
(    4400,    6600 ]     4488   0.011%  99.987% 
(    6600,    9900 ]     4108   0.010%  99.997% 
(    9900,   14000 ]      842   0.002% 100.000% 
(   14000,   22000 ]      103   0.000% 100.000% 
(   22000,   33000 ]       48   0.000% 100.000% 
(   33000,   50000 ]       18   0.000% 100.000% 
(   50000,   75000 ]       24   0.000% 100.000% 
(   75000,  110000 ]        4   0.000% 100.000% 


                               Compactions
Level Time(sec) Read(MB) Write(MB)
--------------------------------------------------
  0     90.82     0.00  11305.08
  1     64.52  9653.17   8944.52
  2    301.81 46356.12  44161.12
BucketCount: 366
WriteAmplification: 5.6975
TotalSize(MB): 144056.03

seq# 1259066768, log# 4, min log#0, file# 99112
