./leveldb/release/db_bench --report_interval=20 --writes=10000000 --rwdelay=4 --db=/mnt/nvm/level1B --logpath=/mnt/ssd --threads=4 --open_files=200000 --range=1000000000 --num=1000000000 --reads=1000000 --bloom_bits=16 --stats_interval=1000000 --value_size=100 --benchmarks=r100,r75,r50,r25,r0,stats --ycsb_ops_num=10000000 --use_existing_db=1 --histogram=1 --log=false --max_file_size=67108864 --write_buffer_size=67108864 --sleep=200 --print_wa=true 
Keys:       16 bytes each
Values:     100 bytes each (50 bytes after compression)
Entries:    1000000000
RawSize:    110626.2 MB (estimated)
FileSize:   62942.5 MB (estimated)
WARNING: Snappy compression is not enabled
------------------------------------------------
FLAGS_num 1000000000, num_ 1000000000
num after by threads 250000000
FLAGS_range: 1000000000
FLAGS_range: 1000000000
FLAGS_range: 1000000000
FLAGS_range: 1000000000
2020/08/25-00:51:10  ... thread 0: (1000000,1000000) ops and (9480.5,9480.5) ops/second in (105.480033,105.480033) seconds
2020/08/25-00:51:10  ... thread 2: (1000000,1000000) ops and (9479.0,9479.0) ops/second in (105.495989,105.495989) seconds
2020/08/25-00:51:10  ... thread 3: (1000000,1000000) ops and (9474.1,9474.1) ops/second in (105.550692,105.550692) seconds
2020/08/25-00:51:11  ... thread 1: (1000000,1000000) ops and (9446.0,9446.0) ops/second in (105.864933,105.864933) seconds
2020/08/25-00:51:40  ... thread 3: (1000000,2000000) ops and (33253.7,14746.8) ops/second in (30.071850,135.622542) seconds
2020/08/25-00:51:40  ... thread 0: (1000000,2000000) ops and (33137.8,14743.1) ops/second in (30.176999,135.657032) seconds
2020/08/25-00:51:41  ... thread 2: (1000000,2000000) ops and (32987.1,14726.4) ops/second in (30.314855,135.810844) seconds
2020/08/25-00:51:41  ... thread 1: (1000000,2000000) ops and (33194.6,14706.9) ops/second in (30.125365,135.990298) seconds
2020/08/25-00:51:58  ... thread 3: (1000000,3000000) ops and (57350.4,19600.3) ops/second in (17.436664,153.059206) seconds
2020/08/25-00:51:58  ... thread 0: (1000000,3000000) ops and (56971.6,19581.0) ops/second in (17.552605,153.209637) seconds
2020/08/25-00:51:58  ... thread 1: (1000000,3000000) ops and (57815.3,19571.2) ops/second in (17.296472,153.286770) seconds
2020/08/25-00:51:59  ... thread 2: (1000000,3000000) ops and (54387.1,19455.6) ops/second in (18.386707,154.197551) seconds
2020/08/25-00:52:13  ... thread 0: (1000000,4000000) ops and (64409.1,23705.8) ops/second in (15.525764,168.735401) seconds
2020/08/25-00:52:14  ... thread 3: (1000000,4000000) ops and (63440.1,23693.6) ops/second in (15.762889,168.822095) seconds
2020/08/25-00:52:14  ... thread 1: (1000000,4000000) ops and (63773.4,23673.2) ops/second in (15.680517,168.967287) seconds
2020/08/25-00:52:15  ... thread 2: (1000000,4000000) ops and (60992.4,23447.6) ops/second in (16.395479,170.593030) seconds
2020/08/25-00:52:28  ... thread 0: (1000000,5000000) ops and (70556.7,27336.1) ops/second in (14.173008,182.908409) seconds
2020/08/25-00:52:28  ... thread 3: (1000000,5000000) ops and (68965.8,27274.4) ops/second in (14.499941,183.322036) seconds
2020/08/25-00:52:29  ... thread 1: (1000000,5000000) ops and (66278.9,27165.8) ops/second in (15.087758,184.055045) seconds
2020/08/25-00:52:30  ... thread 2: (1000000,5000000) ops and (66042.2,26920.1) ops/second in (15.141827,185.734857) seconds
2020/08/25-00:52:43  ... thread 0: (1000000,6000000) ops and (67175.9,30334.5) ops/second in (14.886300,197.794709) seconds
2020/08/25-00:52:43  ... thread 3: (1000000,6000000) ops and (66429.4,30245.7) ops/second in (15.053581,198.375617) seconds
2020/08/25-00:52:44  ... thread 1: (1000000,6000000) ops and (65303.7,30095.1) ops/second in (15.313077,199.368122) seconds
2020/08/25-00:52:46  ... thread 2: (1000000,6000000) ops and (64714.5,29822.9) ops/second in (15.452495,201.187352) seconds
2020/08/25-00:52:57  ... thread 0: (1000000,7000000) ops and (69240.6,32982.0) ops/second in (14.442395,212.237104) seconds
2020/08/25-00:52:58  ... thread 3: (1000000,7000000) ops and (68766.4,32876.6) ops/second in (14.541986,212.917603) seconds
2020/08/25-00:53:00  ... thread 1: (1000000,7000000) ops and (64180.5,32565.8) ops/second in (15.581049,214.949171) seconds
2020/08/25-00:53:01  ... thread 2: (1000000,7000000) ops and (65878.0,32352.4) ops/second in (15.179576,216.366928) seconds
2020/08/25-00:53:12  ... thread 0: (1000000,8000000) ops and (67219.3,35224.6) ops/second in (14.876674,227.113778) seconds
2020/08/25-00:53:13  ... thread 3: (1000000,8000000) ops and (66572.9,35097.2) ops/second in (15.021131,227.938734) seconds
2020/08/25-00:53:15  ... thread 1: (1000000,8000000) ops and (66217.5,34774.9) ops/second in (15.101748,230.050919) seconds
2020/08/25-00:53:16  ... thread 2: (1000000,8000000) ops and (66885.1,34584.4) ops/second in (14.951015,231.317943) seconds
2020/08/25-00:53:27  ... thread 0: (1000000,9000000) ops and (67491.6,37200.8) ops/second in (14.816660,241.930438) seconds
2020/08/25-00:53:27  ... thread 3: (1000000,9000000) ops and (67484.4,37074.1) ops/second in (14.818229,242.756963) seconds
2020/08/25-00:53:29  ... thread 1: (1000000,9000000) ops and (67954.8,36769.7) ops/second in (14.715664,244.766583) seconds
2020/08/25-00:53:31  ... thread 2: (1000000,9000000) ops and (67632.5,36569.9) ops/second in (14.785786,246.103729) seconds
2020/08/25-00:53:41  ... thread 0: (1000000,10000000) ops and (67590.5,38952.1) ops/second in (14.794987,256.725425) seconds
thread 0 : (10000000 of 10000000 found)
2020/08/25-00:53:42  ... thread 3: (1000000,10000000) ops and (66785.9,38800.3) ops/second in (14.973227,257.730190) seconds
thread 3 : (10000000 of 10000000 found)
2020/08/25-00:53:45  ... thread 1: (1000000,10000000) ops and (66279.1,38483.1) ops/second in (15.087710,259.854293) seconds
thread 1 : (10000000 of 10000000 found)
2020/08/25-00:53:45  ... thread 2: (1000000,10000000) ops and (68381.2,38354.2) ops/second in (14.623910,260.727639) seconds
thread 2 : (10000000 of 10000000 found)
r100         :       6.518 micros/op 153416 ops/sec; (10000000 of 10000000 found)
Microseconds per op:
Count: 40000000 Average: 25.8759  StdDev: 72.46
Min: 2  Median: 13.4969  Max: 404839
Percentiles: P50: 13.50 P75: 17.60 P99: 169.38 P99.9: 339.65 P99.99: 15213.40
------------------------------------------------------
(       1,       2 ]        4   0.000%   0.000% 
(       2,       3 ]       18   0.000%   0.000% 
(       3,       4 ]      205   0.001%   0.001% 
(       4,       6 ]    26131   0.065%   0.066% 
(       6,      10 ]  5199780  12.999%  13.065% ###
(      10,      15 ] 21124002  52.810%  65.875% ###########
(      15,      22 ]  9834831  24.587%  90.462% #####
(      22,      34 ]  1180058   2.950%  93.413% #
(      34,      51 ]    45467   0.114%  93.526% 
(      51,      76 ]     6436   0.016%  93.542% 
(      76,     110 ]   361864   0.905%  94.447% 
(     110,     170 ]  1840073   4.600%  99.047% #
(     170,     250 ]   302304   0.756%  99.803% 
(     250,     380 ]    56305   0.141%  99.944% 
(     380,     580 ]     9023   0.023%  99.966% 
(     580,     870 ]      773   0.002%  99.968% 
(     870,    1300 ]     1013   0.003%  99.971% 
(    1300,    1900 ]     1113   0.003%  99.974% 
(    1900,    2900 ]     1118   0.003%  99.976% 
(    2900,    4400 ]     1368   0.003%  99.980% 
(    4400,    6600 ]     1115   0.003%  99.983% 
(    6600,    9900 ]     1190   0.003%  99.985% 
(    9900,   14000 ]     1261   0.003%  99.989% 
(   14000,   22000 ]     3613   0.009%  99.998% 
(   22000,   33000 ]      737   0.002% 100.000% 
(   33000,   50000 ]      120   0.000% 100.000% 
(   50000,   75000 ]       30   0.000% 100.000% 
(   75000,  110000 ]       17   0.000% 100.000% 
(  110000,  170000 ]       17   0.000% 100.000% 
(  170000,  250000 ]        9   0.000% 100.000% 
(  250000,  380000 ]        3   0.000% 100.000% 
(  380000,  570000 ]        2   0.000% 100.000% 

FLAGS_num 1000000000, num_ 10000000
num after by threads 250000000
2020/08/25-00:54:01  ... thread 1: (1000000,1000000) ops and (65481.8,65481.8) ops/second in (15.271416,15.271416) seconds
2020/08/25-00:54:01  ... thread 2: (1000000,1000000) ops and (65291.7,65291.7) ops/second in (15.315886,15.315886) seconds
2020/08/25-00:54:01  ... thread 0: (1000000,1000000) ops and (64480.1,64480.1) ops/second in (15.508663,15.508663) seconds
2020/08/25-00:54:01  ... thread 3: (1000000,1000000) ops and (63641.1,63641.1) ops/second in (15.713116,15.713116) seconds
2020/08/25-00:54:19  ... thread 2: (1000000,2000000) ops and (55783.3,60164.2) ops/second in (17.926501,33.242387) seconds
2020/08/25-00:54:19  ... thread 1: (1000000,2000000) ops and (55570.0,60120.1) ops/second in (17.995309,33.266725) seconds
2020/08/25-00:54:19  ... thread 0: (1000000,2000000) ops and (55040.7,59387.7) ops/second in (18.168367,33.677030) seconds
2020/08/25-00:54:20  ... thread 3: (1000000,2000000) ops and (53358.7,58048.0) ops/second in (18.741100,34.454216) seconds
2020/08/25-00:54:40  ... thread 1: (1000000,3000000) ops and (47794.4,55361.1) ops/second in (20.922957,54.189682) seconds
2020/08/25-00:54:40  ... thread 2: (1000000,3000000) ops and (47500.0,55253.7) ops/second in (21.052617,54.295004) seconds
2020/08/25-00:54:40  ... thread 0: (1000000,3000000) ops and (47041.8,54610.3) ops/second in (21.257681,54.934711) seconds
2020/08/25-00:54:42  ... thread 3: (1000000,3000000) ops and (44703.1,52794.5) ops/second in (22.369835,56.824051) seconds
2020/08/25-00:54:59  ... thread 1: (1000000,4000000) ops and (51360.8,54303.7) ops/second in (19.470091,73.659773) seconds
2020/08/25-00:54:59  ... thread 2: (1000000,4000000) ops and (51421.2,54243.0) ops/second in (19.447236,73.742240) seconds
2020/08/25-00:55:00  ... thread 0: (1000000,4000000) ops and (50977.2,53654.3) ops/second in (19.616618,74.551329) seconds
2020/08/25-00:55:01  ... thread 3: (1000000,4000000) ops and (53120.7,52875.7) ops/second in (18.825038,75.649089) seconds
2020/08/25-00:55:17  ... thread 1: (1000000,5000000) ops and (57396.7,54895.4) ops/second in (17.422594,91.082367) seconds
2020/08/25-00:55:17  ... thread 2: (1000000,5000000) ops and (56950.3,54763.7) ops/second in (17.559161,91.301401) seconds
2020/08/25-00:55:18  ... thread 0: (1000000,5000000) ops and (54598.2,53840.5) ops/second in (18.315631,92.866960) seconds
2020/08/25-00:55:19  ... thread 3: (1000000,5000000) ops and (54435.7,53180.5) ops/second in (18.370291,94.019380) seconds
2020/08/25-00:55:37  ... thread 1: (1000000,6000000) ops and (48511.5,53717.2) ops/second in (20.613667,111.696034) seconds
2020/08/25-00:55:37  ... thread 2: (1000000,6000000) ops and (48411.4,53591.7) ops/second in (20.656313,111.957714) seconds
2020/08/25-00:55:40  ... thread 0: (1000000,6000000) ops and (46632.3,52488.2) ops/second in (21.444346,114.311306) seconds
2020/08/25-00:55:41  ... thread 3: (1000000,6000000) ops and (47391.4,52119.4) ops/second in (21.100856,115.120236) seconds
2020/08/25-00:55:56  ... thread 1: (1000000,7000000) ops and (53661.4,53709.2) ops/second in (18.635356,130.331390) seconds
2020/08/25-00:55:56  ... thread 2: (1000000,7000000) ops and (53746.3,53613.7) ops/second in (18.605919,130.563633) seconds
2020/08/25-00:55:58  ... thread 0: (1000000,7000000) ops and (54659.0,52787.7) ops/second in (18.295255,132.606561) seconds
2020/08/25-00:55:59  ... thread 3: (1000000,7000000) ops and (55253.8,52545.2) ops/second in (18.098297,133.218533) seconds
2020/08/25-00:56:11  ... thread 1: (1000000,8000000) ops and (66353.3,55019.8) ops/second in (15.070846,145.402236) seconds
2020/08/25-00:56:11  ... thread 2: (1000000,8000000) ops and (66105.3,54910.7) ops/second in (15.127373,145.691006) seconds
2020/08/25-00:56:14  ... thread 0: (1000000,8000000) ops and (64487.4,54012.6) ops/second in (15.506916,148.113477) seconds
2020/08/25-00:56:14  ... thread 3: (1000000,8000000) ops and (64287.9,53773.0) ops/second in (15.555036,148.773569) seconds
2020/08/25-00:56:26  ... thread 1: (1000000,9000000) ops and (66508.3,56096.5) ops/second in (15.035722,160.437958) seconds
2020/08/25-00:56:26  ... thread 2: (1000000,9000000) ops and (66566.6,56000.3) ops/second in (15.022554,160.713560) seconds
2020/08/25-00:56:29  ... thread 0: (1000000,9000000) ops and (65771.6,55107.3) ops/second in (15.204127,163.317604) seconds
2020/08/25-00:56:29  ... thread 3: (1000000,9000000) ops and (66244.9,54921.9) ops/second in (15.095492,163.869061) seconds
2020/08/25-00:56:40  ... thread 1: (1000000,10000000) ops and (69989.1,57232.5) ops/second in (14.287945,174.725903) seconds
thread 1 : (7500000 of 10000000 found)
2020/08/25-00:56:40  ... thread 2: (1000000,10000000) ops and (70066.7,57147.5) ops/second in (14.272108,174.985668) seconds
thread 2 : (7500000 of 10000000 found)
2020/08/25-00:56:43  ... thread 0: (1000000,10000000) ops and (69011.6,56240.5) ops/second in (14.490314,177.807918) seconds
thread 0 : (7500000 of 10000000 found)
2020/08/25-00:56:44  ... thread 3: (1000000,10000000) ops and (70404.2,56156.8) ops/second in (14.203705,178.072766) seconds
thread 3 : (7500000 of 10000000 found)
r75          :       4.452 micros/op 224627 ops/sec; (7500000 of 10000000 found)
Microseconds per op:
Count: 40000000 Average: 17.6398  StdDev: 11.93
Min: 0  Median: 17.0418  Max: 76188
Percentiles: P50: 17.04 P75: 21.64 P99: 44.99 P99.9: 62.55 P99.99: 1184.73
------------------------------------------------------
[       0,       1 ]    61297   0.153%   0.153% 
(       1,       2 ]   828987   2.072%   2.226% 
(       2,       3 ]  1890777   4.727%   6.953% #
(       3,       4 ]  1972034   4.930%  11.883% #
(       4,       6 ]  2393482   5.984%  17.866% #
(       6,      10 ]  1647349   4.118%  21.985% #
(      10,      15 ]  6763111  16.908%  38.893% ###
(      15,      22 ] 15232191  38.080%  76.973% ########
(      22,      34 ]  8185825  20.465%  97.438% ####
(      34,      51 ]   966438   2.416%  99.854% 
(      51,      76 ]    40062   0.100%  99.954% 
(      76,     110 ]     4538   0.011%  99.965% 
(     110,     170 ]     1664   0.004%  99.969% 
(     170,     250 ]      717   0.002%  99.971% 
(     250,     380 ]      194   0.000%  99.972% 
(     380,     580 ]       75   0.000%  99.972% 
(     580,     870 ]       40   0.000%  99.972% 
(     870,    1300 ]     9863   0.025%  99.997% 
(    1300,    1900 ]       64   0.000%  99.997% 
(    1900,    2900 ]      200   0.001%  99.997% 
(    2900,    4400 ]      419   0.001%  99.998% 
(    4400,    6600 ]      136   0.000%  99.999% 
(    6600,    9900 ]       21   0.000%  99.999% 
(    9900,   14000 ]       26   0.000%  99.999% 
(   14000,   22000 ]      107   0.000%  99.999% 
(   22000,   33000 ]      323   0.001% 100.000% 
(   33000,   50000 ]       42   0.000% 100.000% 
(   50000,   75000 ]       14   0.000% 100.000% 
(   75000,  110000 ]        4   0.000% 100.000% 

FLAGS_num 1000000000, num_ 10000000
num after by threads 250000000
2020/08/25-00:56:59  ... thread 2: (1000000,1000000) ops and (65509.7,65509.7) ops/second in (15.264906,15.264906) seconds
2020/08/25-00:56:59  ... thread 1: (1000000,1000000) ops and (65495.6,65495.6) ops/second in (15.268204,15.268204) seconds
2020/08/25-00:56:59  ... thread 3: (1000000,1000000) ops and (64538.3,64538.3) ops/second in (15.494687,15.494687) seconds
2020/08/25-00:56:59  ... thread 0: (1000000,1000000) ops and (64468.1,64468.1) ops/second in (15.511546,15.511546) seconds
2020/08/25-00:57:15  ... thread 2: (1000000,2000000) ops and (62959.2,64209.1) ops/second in (15.883314,31.148220) seconds
2020/08/25-00:57:15  ... thread 1: (1000000,2000000) ops and (62687.1,64060.6) ops/second in (15.952247,31.220451) seconds
2020/08/25-00:57:15  ... thread 3: (1000000,2000000) ops and (61463.6,62963.4) ops/second in (16.269798,31.764485) seconds
2020/08/25-00:57:15  ... thread 0: (1000000,2000000) ops and (61105.7,62741.9) ops/second in (16.365083,31.876629) seconds
2020/08/25-00:57:31  ... thread 2: (1000000,3000000) ops and (59941.2,62720.5) ops/second in (16.683017,47.831237) seconds
2020/08/25-00:57:31  ... thread 1: (1000000,3000000) ops and (59744.6,62554.3) ops/second in (16.737912,47.958363) seconds
2020/08/25-00:57:32  ... thread 0: (1000000,3000000) ops and (58933.1,61418.7) ops/second in (16.968401,48.845030) seconds
2020/08/25-00:57:32  ... thread 3: (1000000,3000000) ops and (58359.9,61350.3) ops/second in (17.135057,48.899542) seconds
2020/08/25-00:57:48  ... thread 2: (1000000,4000000) ops and (61297.8,62358.7) ops/second in (16.313812,64.145049) seconds
2020/08/25-00:57:48  ... thread 1: (1000000,4000000) ops and (60999.4,62158.2) ops/second in (16.393598,64.351961) seconds
2020/08/25-00:57:49  ... thread 0: (1000000,4000000) ops and (59922.4,61037.7) ops/second in (16.688255,65.533285) seconds
2020/08/25-00:57:49  ... thread 3: (1000000,4000000) ops and (59510.6,60879.8) ops/second in (16.803738,65.703280) seconds
2020/08/25-00:58:04  ... thread 2: (1000000,5000000) ops and (61896.0,62265.6) ops/second in (16.156135,80.301184) seconds
2020/08/25-00:58:04  ... thread 1: (1000000,5000000) ops and (61748.4,62075.8) ops/second in (16.194754,80.546715) seconds
2020/08/25-00:58:05  ... thread 0: (1000000,5000000) ops and (61666.6,61162.4) ops/second in (16.216232,81.749517) seconds
2020/08/25-00:58:05  ... thread 3: (1000000,5000000) ops and (61677.6,61037.7) ops/second in (16.213343,81.916623) seconds
2020/08/25-00:58:21  ... thread 2: (1000000,6000000) ops and (58332.7,61573.7) ops/second in (17.143034,97.444218) seconds
2020/08/25-00:58:21  ... thread 1: (1000000,6000000) ops and (58336.7,61419.7) ops/second in (17.141860,97.688575) seconds
2020/08/25-00:58:22  ... thread 0: (1000000,6000000) ops and (58537.5,60708.7) ops/second in (17.083078,98.832595) seconds
2020/08/25-00:58:23  ... thread 3: (1000000,6000000) ops and (58368.4,60576.0) ops/second in (17.132548,99.049171) seconds
2020/08/25-00:58:37  ... thread 2: (1000000,7000000) ops and (61498.4,61562.9) ops/second in (16.260598,113.704816) seconds
2020/08/25-00:58:37  ... thread 1: (1000000,7000000) ops and (61461.5,61425.6) ops/second in (16.270354,113.958929) seconds
2020/08/25-00:58:39  ... thread 0: (1000000,7000000) ops and (60625.4,60696.8) ops/second in (16.494726,115.327321) seconds
2020/08/25-00:58:39  ... thread 3: (1000000,7000000) ops and (60083.4,60505.1) ops/second in (16.643522,115.692693) seconds
2020/08/25-00:58:54  ... thread 2: (1000000,8000000) ops and (60808.5,61467.6) ops/second in (16.445066,130.149882) seconds
2020/08/25-00:58:54  ... thread 1: (1000000,8000000) ops and (61073.3,61381.4) ops/second in (16.373762,130.332691) seconds
2020/08/25-00:58:55  ... thread 0: (1000000,8000000) ops and (61030.9,60738.4) ops/second in (16.385144,131.712465) seconds
2020/08/25-00:58:56  ... thread 3: (1000000,8000000) ops and (60711.4,60530.8) ops/second in (16.471376,132.164069) seconds
2020/08/25-00:59:10  ... thread 2: (1000000,9000000) ops and (61287.7,61447.6) ops/second in (16.316482,146.466364) seconds
2020/08/25-00:59:10  ... thread 1: (1000000,9000000) ops and (60580.1,61291.3) ops/second in (16.507070,146.839761) seconds
2020/08/25-00:59:12  ... thread 0: (1000000,9000000) ops and (60792.6,60744.4) ops/second in (16.449384,148.161849) seconds
2020/08/25-00:59:12  ... thread 3: (1000000,9000000) ops and (60730.2,60552.9) ops/second in (16.466266,148.630335) seconds
2020/08/25-00:59:26  ... thread 2: (1000000,10000000) ops and (63153.5,61614.0) ops/second in (15.834445,162.300809) seconds
thread 2 : (5000000 of 10000000 found)
2020/08/25-00:59:26  ... thread 1: (1000000,10000000) ops and (63653.6,61519.6) ops/second in (15.710026,162.549787) seconds
thread 1 : (5000000 of 10000000 found)
2020/08/25-00:59:28  ... thread 0: (1000000,10000000) ops and (63064.6,60968.7) ops/second in (15.856764,164.018613) seconds
thread 0 : (5000000 of 10000000 found)
2020/08/25-00:59:28  ... thread 3: (1000000,10000000) ops and (63267.4,60813.8) ops/second in (15.805921,164.436256) seconds
thread 3 : (5000000 of 10000000 found)
r50          :       4.111 micros/op 243255 ops/sec; (5000000 of 10000000 found)
Microseconds per op:
Count: 40000000 Average: 16.3326  StdDev: 20.69
Min: 0  Median: 16.4260  Max: 93385
Percentiles: P50: 16.43 P75: 21.63 P99: 41.29 P99.9: 51.00 P99.99: 158.75
------------------------------------------------------
[       0,       1 ]   103897   0.260%   0.260% 
(       1,       2 ]  1224034   3.060%   3.320% #
(       2,       3 ]  2425015   6.063%   9.382% #
(       3,       4 ]  2193720   5.484%  14.867% #
(       4,       6 ]  3261330   8.153%  23.020% ##
(       6,      10 ]  3593274   8.983%  32.003% ##
(      10,      15 ]  4457519  11.144%  43.147% ##
(      15,      22 ] 13456399  33.641%  76.788% #######
(      22,      34 ]  8614259  21.536%  98.324% ####
(      34,      51 ]   630702   1.577%  99.900% 
(      51,      76 ]    31620   0.079%  99.979% 
(      76,     110 ]     3269   0.008%  99.988% 
(     110,     170 ]     1184   0.003%  99.991% 
(     170,     250 ]     1768   0.004%  99.995% 
(     250,     380 ]      335   0.001%  99.996% 
(     380,     580 ]       61   0.000%  99.996% 
(     580,     870 ]       14   0.000%  99.996% 
(     870,    1300 ]       24   0.000%  99.996% 
(    1300,    1900 ]       68   0.000%  99.996% 
(    1900,    2900 ]      250   0.001%  99.997% 
(    2900,    4400 ]      719   0.002%  99.999% 
(    4400,    6600 ]       40   0.000%  99.999% 
(    6600,    9900 ]       18   0.000%  99.999% 
(    9900,   14000 ]       52   0.000%  99.999% 
(   14000,   22000 ]       81   0.000%  99.999% 
(   22000,   33000 ]      254   0.001% 100.000% 
(   33000,   50000 ]       58   0.000% 100.000% 
(   50000,   75000 ]       32   0.000% 100.000% 
(   75000,  110000 ]        4   0.000% 100.000% 

FLAGS_num 1000000000, num_ 10000000
num after by threads 250000000
2020/08/25-00:59:47  ... thread 1: (1000000,1000000) ops and (52375.1,52375.1) ops/second in (19.093042,19.093042) seconds
2020/08/25-00:59:47  ... thread 3: (1000000,1000000) ops and (52162.9,52162.9) ops/second in (19.170729,19.170729) seconds
2020/08/25-00:59:47  ... thread 0: (1000000,1000000) ops and (52091.9,52091.9) ops/second in (19.196851,19.196851) seconds
2020/08/25-00:59:47  ... thread 2: (1000000,1000000) ops and (52056.3,52056.3) ops/second in (19.209979,19.209979) seconds
2020/08/25-01:00:06  ... thread 1: (1000000,2000000) ops and (52050.5,52212.3) ops/second in (19.212096,38.305138) seconds
2020/08/25-01:00:07  ... thread 0: (1000000,2000000) ops and (51693.8,51892.1) ops/second in (19.344683,38.541534) seconds
2020/08/25-01:00:07  ... thread 3: (1000000,2000000) ops and (51522.8,51840.9) ops/second in (19.408865,38.579594) seconds
2020/08/25-01:00:07  ... thread 2: (1000000,2000000) ops and (50789.1,51414.9) ops/second in (19.689269,38.899248) seconds
2020/08/25-01:00:29  ... thread 1: (1000000,3000000) ops and (44334.8,49292.8) ops/second in (22.555642,60.860780) seconds
2020/08/25-01:00:29  ... thread 0: (1000000,3000000) ops and (44260.7,49071.8) ops/second in (22.593432,61.134966) seconds
2020/08/25-01:00:29  ... thread 3: (1000000,3000000) ops and (43869.4,48880.2) ops/second in (22.794909,61.374503) seconds
2020/08/25-01:00:30  ... thread 2: (1000000,3000000) ops and (43491.5,48471.3) ops/second in (22.993025,61.892273) seconds
2020/08/25-01:00:51  ... thread 1: (1000000,4000000) ops and (46155.2,48469.1) ops/second in (21.666017,82.526797) seconds
2020/08/25-01:00:51  ... thread 0: (1000000,4000000) ops and (46285.2,48344.1) ops/second in (21.605160,82.740126) seconds
2020/08/25-01:00:51  ... thread 3: (1000000,4000000) ops and (45616.5,48021.3) ops/second in (21.921878,83.296381) seconds
2020/08/25-01:00:52  ... thread 2: (1000000,4000000) ops and (45107.5,47584.2) ops/second in (22.169260,84.061533) seconds
2020/08/25-01:01:17  ... thread 1: (1000000,5000000) ops and (37404.8,45761.8) ops/second in (26.734567,109.261364) seconds
2020/08/25-01:01:18  ... thread 0: (1000000,5000000) ops and (37146.6,45595.3) ops/second in (26.920395,109.660521) seconds
2020/08/25-01:01:18  ... thread 3: (1000000,5000000) ops and (36929.2,45300.0) ops/second in (27.078843,110.375224) seconds
2020/08/25-01:01:19  ... thread 2: (1000000,5000000) ops and (36917.0,44984.5) ops/second in (27.087792,111.149325) seconds
2020/08/25-01:01:45  ... thread 1: (1000000,6000000) ops and (35946.4,43769.9) ops/second in (27.819164,137.080528) seconds
2020/08/25-01:01:45  ... thread 0: (1000000,6000000) ops and (36116.5,43684.4) ops/second in (27.688159,137.348680) seconds
2020/08/25-01:01:46  ... thread 3: (1000000,6000000) ops and (35945.3,43416.8) ops/second in (27.820083,138.195307) seconds
2020/08/25-01:01:47  ... thread 2: (1000000,6000000) ops and (35839.0,43149.4) ops/second in (27.902593,139.051918) seconds
2020/08/25-01:02:04  ... thread 1: (1000000,7000000) ops and (53142.9,44901.2) ops/second in (18.817200,155.897728) seconds
2020/08/25-01:02:04  ... thread 0: (1000000,7000000) ops and (52963.5,44805.9) ops/second in (18.880919,156.229599) seconds
2020/08/25-01:02:05  ... thread 3: (1000000,7000000) ops and (52948.5,44562.8) ops/second in (18.886292,157.081599) seconds
2020/08/25-01:02:18  ... thread 2: (1000000,7000000) ops and (31871.2,41073.0) ops/second in (31.376249,170.428167) seconds
2020/08/25-01:02:35  ... thread 1: (1000000,8000000) ops and (31856.6,42714.9) ops/second in (31.390652,187.288380) seconds
2020/08/25-01:02:36  ... thread 0: (1000000,8000000) ops and (31862.7,42640.7) ops/second in (31.384637,187.614236) seconds
2020/08/25-01:02:36  ... thread 3: (1000000,8000000) ops and (31973.0,42472.3) ops/second in (31.276411,188.358010) seconds
2020/08/25-01:02:38  ... thread 2: (1000000,8000000) ops and (51911.8,42173.7) ops/second in (19.263434,189.691601) seconds
2020/08/25-01:02:58  ... thread 1: (1000000,9000000) ops and (43819.8,42834.9) ops/second in (22.820728,210.109108) seconds
2020/08/25-01:02:58  ... thread 0: (1000000,9000000) ops and (44200.6,42808.6) ops/second in (22.624115,210.238351) seconds
2020/08/25-01:02:59  ... thread 3: (1000000,9000000) ops and (44581.9,42696.8) ops/second in (22.430616,210.788626) seconds
2020/08/25-01:03:01  ... thread 2: (1000000,9000000) ops and (43622.6,42329.9) ops/second in (22.923914,212.615515) seconds
2020/08/25-01:03:23  ... thread 1: (1000000,10000000) ops and (39808.8,42511.7) ops/second in (25.120061,235.229169) seconds
thread 1 : (2000000 of 10000000 found)
2020/08/25-01:03:23  ... thread 0: (1000000,10000000) ops and (39972.5,42507.0) ops/second in (25.017203,235.255554) seconds
thread 0 : (2000000 of 10000000 found)
2020/08/25-01:03:23  ... thread 3: (1000000,10000000) ops and (40540.8,42470.9) ops/second in (24.666495,235.455121) seconds
thread 3 : (2000000 of 10000000 found)
2020/08/25-01:03:24  ... thread 2: (1000000,10000000) ops and (42489.8,42345.9) ops/second in (23.535086,236.150601) seconds
thread 2 : (2000000 of 10000000 found)
r25          :       5.904 micros/op 169383 ops/sec; (2000000 of 10000000 found)
Microseconds per op:
Count: 40000000 Average: 23.5523  StdDev: 68.23
Min: 0  Median: 18.4379  Max: 88362
Percentiles: P50: 18.44 P75: 26.07 P99: 49.87 P99.9: 1201.50 P99.99: 1294.69
------------------------------------------------------
[       0,       1 ]   181745   0.454%   0.454% 
(       1,       2 ]  1108700   2.772%   3.226% #
(       2,       3 ]  1445099   3.613%   6.839% #
(       3,       4 ]  1140438   2.851%   9.690% #
(       4,       6 ]  2382425   5.956%  15.646% #
(       6,      10 ]  3068493   7.671%  23.317% ##
(      10,      15 ]  4959722  12.399%  35.717% ##
(      15,      22 ] 11633058  29.083%  64.799% ######
(      22,      34 ] 12031268  30.078%  94.877% ######
(      34,      51 ]  1766624   4.417%  99.294% #
(      51,      76 ]    96477   0.241%  99.535% 
(      76,     110 ]    11223   0.028%  99.563% 
(     110,     170 ]     3816   0.010%  99.573% 
(     170,     250 ]     2191   0.005%  99.578% 
(     250,     380 ]      340   0.001%  99.579% 
(     380,     580 ]      147   0.000%  99.579% 
(     580,     870 ]      173   0.000%  99.580% 
(     870,    1300 ]   166113   0.415%  99.995% 
(    1300,    1900 ]      141   0.000%  99.995% 
(    1900,    2900 ]      395   0.001%  99.996% 
(    2900,    4400 ]      764   0.002%  99.998% 
(    4400,    6600 ]      131   0.000%  99.999% 
(    6600,    9900 ]       12   0.000%  99.999% 
(    9900,   14000 ]       34   0.000%  99.999% 
(   14000,   22000 ]       78   0.000%  99.999% 
(   22000,   33000 ]      116   0.000%  99.999% 
(   33000,   50000 ]      161   0.000% 100.000% 
(   50000,   75000 ]      104   0.000% 100.000% 
(   75000,  110000 ]       12   0.000% 100.000% 

FLAGS_num 1000000000, num_ 10000000
num after by threads 250000000
2020/08/25-01:03:51  ... thread 3: (1000000,1000000) ops and (37589.6,37589.6) ops/second in (26.603094,26.603094) seconds

                               Compactions
Level  Files Size(MB) Time(sec) Read(MB) Write(MB)
--------------------------------------------------
  0        4      206        40        0      6762
  1        0        0        41     6623      7296
  2        4      212        60    11669     11645
  3       41     2183       171    35728     34145
  4      407    17912       217    44000     43064
  5     1838   119607       318    64208     64104
WriteAmplification: 24.6974

2020/08/25-01:03:51  ... thread 2: (1000000,1000000) ops and (37423.9,37423.9) ops/second in (26.720919,26.720919) seconds

                               Compactions
Level  Files Size(MB) Time(sec) Read(MB) Write(MB)
--------------------------------------------------
  0        5      258        40        0      6814
  1        0        0        41     6623      7296
  2        4      212        60    11669     11645
  3       41     2183       171    35728     34145
  4      407    17912       217    44000     43064
  5     1838   119607       318    64208     64104
WriteAmplification: 24.5178

2020/08/25-01:03:51  ... thread 0: (1000000,1000000) ops and (37405.4,37405.4) ops/second in (26.734134,26.734134) seconds

                               Compactions
Level  Files Size(MB) Time(sec) Read(MB) Write(MB)
--------------------------------------------------
  0        5      258        40        0      6814
  1        0        0        41     6623      7296
  2        4      212        60    11669     11645
  3       41     2183       171    35728     34145
  4      407    17912       217    44000     43064
  5     1838   119607       318    64208     64104
WriteAmplification: 24.5178

2020/08/25-01:03:51  ... thread 1: (1000000,1000000) ops and (37404.6,37404.6) ops/second in (26.734709,26.734709) seconds

                               Compactions
Level  Files Size(MB) Time(sec) Read(MB) Write(MB)
--------------------------------------------------
  0        5      258        40        0      6814
  1        0        0        41     6623      7296
  2        4      212        60    11669     11645
  3       41     2183       171    35728     34145
  4      407    17912       217    44000     43064
  5     1838   119607       318    64208     64104
WriteAmplification: 24.5178

2020/08/25-01:04:16  ... thread 3: (1000000,2000000) ops and (39250.9,38402.3) ops/second in (25.477124,52.080218) seconds

                               Compactions
Level  Files Size(MB) Time(sec) Read(MB) Write(MB)
--------------------------------------------------
  0        5      258        43        0      7227
  1        0        0        43     7036      7705
  2        3      151        62    12159     12134
  3       39     1811       178    37363     35692
  4      406    18182       225    45744     44454
  5     1840   119728       321    64850     64735
WriteAmplification: 23.7922

2020/08/25-01:04:16  ... thread 2: (1000000,2000000) ops and (39407.1,38389.9) ops/second in (25.376157,52.097076) seconds

                               Compactions
Level  Files Size(MB) Time(sec) Read(MB) Write(MB)
--------------------------------------------------
  0        5      258        43        0      7227
  1        0        0        43     7036      7705
  2        3      151        62    12159     12134
  3       39     1811       178    37363     35692
  4      406    18182       225    45744     44454
  5     1840   119728       321    64850     64735
WriteAmplification: 23.7922

2020/08/25-01:04:16  ... thread 1: (1000000,2000000) ops and (39227.5,38294.3) ops/second in (25.492349,52.227058) seconds

                               Compactions
Level  Files Size(MB) Time(sec) Read(MB) Write(MB)
--------------------------------------------------
  0        5      258        43        0      7227
  1        0        0        43     7036      7705
  2        3      151        62    12159     12134
  3       39     1811       178    37363     35692
  4      406    18182       225    45744     44454
  5     1840   119728       321    64850     64735
WriteAmplification: 23.7922

2020/08/25-01:04:17  ... thread 0: (1000000,2000000) ops and (38915.5,38145.5) ops/second in (25.696700,52.430834) seconds

                               Compactions
Level  Files Size(MB) Time(sec) Read(MB) Write(MB)
--------------------------------------------------
  0        5      258        43        0      7227
  1        0        0        43     7036      7705
  2        3      151        62    12159     12134
  3       39     1811       178    37363     35692
  4      406    18182       225    45744     44454
  5     1840   119728       321    64850     64735
WriteAmplification: 23.7922

2020/08/25-01:04:41  ... thread 3: (1000000,3000000) ops and (40076.7,38944.7) ops/second in (24.952171,77.032389) seconds

                               Compactions
Level  Files Size(MB) Time(sec) Read(MB) Write(MB)
--------------------------------------------------
  0        6      310        45        0      7692
  1        0        0        45     7449      8115
  2        3      147        65    12678     12653
  3       47     1881       187    39272     37587
  4      400    18102       227    46350     44915
  5     1844   119976       327    65997     65866
WriteAmplification: 22.9894

2020/08/25-01:04:41  ... thread 1: (1000000,3000000) ops and (40168.5,38899.3) ops/second in (24.895109,77.122167) seconds

                               Compactions
Level  Files Size(MB) Time(sec) Read(MB) Write(MB)
--------------------------------------------------
  0        6      310        45        0      7692
  1        0        0        45     7449      8115
  2        3      147        65    12678     12653
  3       47     1881       187    39272     37587
  4      400    18102       227    46350     44915
  5     1844   119976       327    65997     65866
WriteAmplification: 22.9894

2020/08/25-01:04:41  ... thread 2: (1000000,3000000) ops and (39922.5,38887.5) ops/second in (25.048551,77.145627) seconds

                               Compactions
Level  Files Size(MB) Time(sec) Read(MB) Write(MB)
--------------------------------------------------
  0        6      310        45        0      7692
  1        0        0        45     7449      8115
  2        3      147        65    12678     12653
  3       47     1881       187    39272     37587
  4      400    18102       227    46350     44915
  5     1844   119976       327    65997     65866
WriteAmplification: 22.9894

2020/08/25-01:04:42  ... thread 0: (1000000,3000000) ops and (39930.4,38722.5) ops/second in (25.043547,77.474381) seconds

                               Compactions
Level  Files Size(MB) Time(sec) Read(MB) Write(MB)
--------------------------------------------------
  0        6      310        45        0      7692
  1        0        0        45     7449      8115
  2        3      147        65    12678     12653
  3       47     1881       187    39272     37587
  4      400    18102       227    46350     44915
  5     1844   119976       327    65997     65866
WriteAmplification: 22.9894

2020/08/25-01:05:07  ... thread 3: (1000000,4000000) ops and (39128.3,38990.4) ops/second in (25.556971,102.589360) seconds

                               Compactions
Level  Files Size(MB) Time(sec) Read(MB) Write(MB)
--------------------------------------------------
  0        6      310        48        0      8105
  1        0        0        48     7862      8576
  2        4      198        69    13578     13551
  3       49     2117       193    40493     38791
  4      400    18157       236    48238     46703
  5     1844   119976       327    65997     65866
WriteAmplification: 22.4059

2020/08/25-01:05:07  ... thread 2: (1000000,4000000) ops and (39218.7,38969.8) ops/second in (25.498012,102.643639) seconds

                               Compactions
Level  Files Size(MB) Time(sec) Read(MB) Write(MB)
--------------------------------------------------
  0        6      310        48        0      8105
  1        0        0        48     7862      8576
  2        4      198        69    13578     13551
  3       49     2117       193    40493     38791
  4      400    18157       236    48238     46703
  5     1844   119976       327    65997     65866
WriteAmplification: 22.4059

2020/08/25-01:05:07  ... thread 1: (1000000,4000000) ops and (38966.9,38916.2) ops/second in (25.662819,102.784986) seconds

                               Compactions
Level  Files Size(MB) Time(sec) Read(MB) Write(MB)
--------------------------------------------------
  0        6      310        48        0      8105
  1        0        0        48     7862      8576
  2        4      198        69    13578     13551
  3       49     2117       193    40493     38791
  4      400    18157       236    48238     46703
  5     1844   119976       327    65997     65866
WriteAmplification: 22.4059

2020/08/25-01:05:07  ... thread 0: (1000000,4000000) ops and (39104.7,38817.3) ops/second in (25.572385,103.046766) seconds

                               Compactions
Level  Files Size(MB) Time(sec) Read(MB) Write(MB)
--------------------------------------------------
  0        6      310        48        0      8105
  1        0        0        48     7862      8576
  2        4      198        69    13578     13551
  3       49     2117       193    40493     38791
  4      400    18157       236    48238     46703
  5     1844   119976       327    65997     65866
WriteAmplification: 22.4059

2020/08/25-01:05:33  ... thread 2: (1000000,5000000) ops and (37938.0,38758.9) ops/second in (26.358826,129.002465) seconds

                               Compactions
Level  Files Size(MB) Time(sec) Read(MB) Write(MB)
--------------------------------------------------
  0        7      361        50        0      8569
  1        0        0        50     8275      8986
  2        4      209        72    14185     14156
  3       51     2237       201    42252     40500
  4      402    18226       247    50748     49054
  5     1844   119976       327    65997     65866
WriteAmplification: 21.8376

2020/08/25-01:05:33  ... thread 3: (1000000,5000000) ops and (37542.9,38692.0) ops/second in (26.636215,129.225575) seconds

                               Compactions
Level  Files Size(MB) Time(sec) Read(MB) Write(MB)
--------------------------------------------------
  0        7      361        50        0      8569
  1        0        0        50     8275      8986
  2        4      209        72    14185     14156
  3       51     2237       201    42252     40500
  4      402    18226       247    50748     49054
  5     1844   119976       327    65997     65866
WriteAmplification: 21.8376

2020/08/25-01:05:33  ... thread 1: (1000000,5000000) ops and (37731.0,38673.2) ops/second in (26.503402,129.288388) seconds

                               Compactions
Level  Files Size(MB) Time(sec) Read(MB) Write(MB)
--------------------------------------------------
  0        7      361        50        0      8569
  1        0        0        50     8275      8986
  2        4      209        72    14185     14156
  3       51     2237       201    42252     40500
  4      402    18226       247    50748     49054
  5     1844   119976       327    65997     65866
WriteAmplification: 21.8376

2020/08/25-01:05:34  ... thread 0: (1000000,5000000) ops and (37841.7,38618.2) ops/second in (26.425866,129.472632) seconds

                               Compactions
Level  Files Size(MB) Time(sec) Read(MB) Write(MB)
--------------------------------------------------
  0        7      361        50        0      8569
  1        0        0        50     8275      8986
  2        4      209        72    14185     14156
  3       51     2237       201    42252     40500
  4      402    18226       247    50748     49054
  5     1844   119976       327    65997     65866
WriteAmplification: 21.8376

2020/08/25-01:06:10  ... thread 2: (1000000,6000000) ops and (26779.6,36069.7) ops/second in (37.341922,166.344387) seconds

                               Compactions
Level  Files Size(MB) Time(sec) Read(MB) Write(MB)
--------------------------------------------------
  0        7      361        53        0      8982
  1        0        0        52     8688      9448
  2        4      184        76    15085     15055
  3       49     2378       213    44601     42842
  4      404    18308       262    54099     52151
  5     1844   119976       327    65997     65866
WriteAmplification: 21.6363

2020/08/25-01:06:11  ... thread 3: (1000000,6000000) ops and (26738.2,36009.0) ops/second in (37.399660,166.625235) seconds

                               Compactions
Level  Files Size(MB) Time(sec) Read(MB) Write(MB)
--------------------------------------------------
  0        7      361        53        0      8982
  1        0        0        52     8688      9448
  2        4      184        76    15085     15055
  3       49     2378       213    44601     42842
  4      404    18308       262    54099     52151
  5     1844   119976       327    65997     65866
WriteAmplification: 21.6363

2020/08/25-01:06:11  ... thread 1: (1000000,6000000) ops and (26733.7,35994.0) ops/second in (37.406027,166.694415) seconds

                               Compactions
Level  Files Size(MB) Time(sec) Read(MB) Write(MB)
--------------------------------------------------
  0        7      361        53        0      8982
  1        0        0        52     8688      9448
  2        4      184        76    15085     15055
  3       49     2378       213    44601     42842
  4      404    18308       262    54099     52151
  5     1844   119976       327    65997     65866
WriteAmplification: 21.6363

2020/08/25-01:06:11  ... thread 0: (1000000,6000000) ops and (26763.6,35963.3) ops/second in (37.364120,166.836752) seconds

                               Compactions
Level  Files Size(MB) Time(sec) Read(MB) Write(MB)
--------------------------------------------------
  0        7      361        53        0      8982
  1        0        0        52     8688      9448
  2        4      184        76    15085     15055
  3       48     2312       213    44601     42842
  4      404    18324       265    54653     52655
  5     1844   119976       327    65997     65866
WriteAmplification: 21.6925

2020/08/25-01:06:51  ... thread 2: (1000000,7000000) ops and (24900.8,33897.7) ops/second in (40.159286,206.503673) seconds

                               Compactions
Level  Files Size(MB) Time(sec) Read(MB) Write(MB)
--------------------------------------------------
  0        8      413        55        0      9447
  1        1       15        54     9101      9857
  2        4      183        79    15627     15596
  3       47     2081       218    45795     44007
  4      408    18465       289    60211     57756
  5     1844   119976       327    65997     65866
WriteAmplification: 21.4388

2020/08/25-01:06:56  ... thread 3: (1000000,7000000) ops and (22235.3,33081.5) ops/second in (44.973441,211.598676) seconds

                               Compactions
Level  Files Size(MB) Time(sec) Read(MB) Write(MB)
--------------------------------------------------
  0        0        0        55        0      9447
  1        7      425        57     9529     10282
  2        4      183        79    15627     15596
  3       45     1965       218    45795     44007
  4      408    18488       293    61051     58504
  5     1844   119976       327    65997     65866
WriteAmplification: 21.5629

2020/08/25-01:06:56  ... thread 1: (1000000,7000000) ops and (22173.9,33051.2) ops/second in (45.098044,211.792459) seconds

                               Compactions
Level  Files Size(MB) Time(sec) Read(MB) Write(MB)
--------------------------------------------------
  0        0        0        55        0      9447
  1        7      425        57     9529     10282
  2        4      183        79    15627     15596
  3       45     1965       218    45795     44007
  4      408    18488       293    61051     58504
  5     1844   119976       327    65997     65866
WriteAmplification: 21.5629

2020/08/25-01:06:56  ... thread 0: (1000000,7000000) ops and (22228.6,33046.3) ops/second in (44.987025,211.823777) seconds

                               Compactions
Level  Files Size(MB) Time(sec) Read(MB) Write(MB)
--------------------------------------------------
  0        0        0        55        0      9447
  1        7      425        57     9529     10282
  2        4      183        79    15627     15596
  3       45     1965       218    45795     44007
  4      408    18488       293    61051     58504
  5     1844   119976       327    65997     65866
WriteAmplification: 21.5629

2020/08/25-01:07:26  ... thread 2: (1000000,8000000) ops and (28460.7,33107.1) ops/second in (35.136205,241.639878) seconds

                               Compactions
Level  Files Size(MB) Time(sec) Read(MB) Write(MB)
--------------------------------------------------
  0        0        0        58        0      9860
  1        3      197        59     9941     10692
  2        7      409        81    16204     16172
  3       45     1992       228    47949     46152
  4      409    18552       304    63508     60651
  5     1844   119976       327    65997     65866
WriteAmplification: 21.2369

2020/08/25-01:07:26  ... thread 3: (1000000,8000000) ops and (33050.7,33077.6) ops/second in (30.256554,241.855230) seconds

                               Compactions
Level  Files Size(MB) Time(sec) Read(MB) Write(MB)
--------------------------------------------------
  0        0        0        58        0      9860
  1        3      197        59     9941     10692
  2        7      409        81    16204     16172
  3       45     1992       228    47949     46152
  4      409    18552       304    63508     60651
  5     1844   119976       327    65997     65866
WriteAmplification: 21.2369

2020/08/25-01:07:26  ... thread 1: (1000000,8000000) ops and (33188.0,33068.3) ops/second in (30.131328,241.923787) seconds

                               Compactions
Level  Files Size(MB) Time(sec) Read(MB) Write(MB)
--------------------------------------------------
  0        1       52        58        0      9911
  1        3      197        59     9941     10692
  2        7      409        81    16204     16172
  3       45     1992       228    47949     46152
  4      409    18552       304    63508     60651
  5     1844   119976       327    65997     65866
WriteAmplification: 21.1315

2020/08/25-01:07:26  ... thread 0: (1000000,8000000) ops and (32980.8,33038.1) ops/second in (30.320650,242.144427) seconds

                               Compactions
Level  Files Size(MB) Time(sec) Read(MB) Write(MB)
--------------------------------------------------
  0        1       52        58        0      9911
  1        3      197        59     9941     10692
  2        7      409        81    16204     16172
  3       45     1992       228    47949     46152
  4      409    18552       304    63508     60651
  5     1844   119976       327    65997     65866
WriteAmplification: 21.1315

2020/08/25-01:07:54  ... thread 2: (1000000,9000000) ops and (35190.7,33326.4) ops/second in (28.416573,270.056451) seconds

                               Compactions
Level  Files Size(MB) Time(sec) Read(MB) Write(MB)
--------------------------------------------------
  0        1       52        60        0     10324
  1        0        0        61    10354     11102
  2        8      493        85    17030     16996
  3       43     2019       235    49250     47449
  4      410    18632       317    66591     63324
  5     1844   119976       327    65997     65866
WriteAmplification: 20.8304

2020/08/25-01:07:55  ... thread 3: (1000000,9000000) ops and (34851.7,33265.8) ops/second in (28.692999,270.548229) seconds

                               Compactions
Level  Files Size(MB) Time(sec) Read(MB) Write(MB)
--------------------------------------------------
  0        1       52        60        0     10324
  1        0        0        61    10354     11102
  2        7      427        85    17030     16996
  3       44     2084       236    49479     47678
  4      410    18632       317    66591     63324
  5     1844   119976       327    65997     65866
WriteAmplification: 20.8525

2020/08/25-01:07:55  ... thread 1: (1000000,9000000) ops and (34925.4,33264.8) ops/second in (28.632496,270.556283) seconds

                               Compactions
Level  Files Size(MB) Time(sec) Read(MB) Write(MB)
--------------------------------------------------
  0        1       52        60        0     10324
  1        0        0        61    10354     11102
  2        7      427        85    17030     16996
  3       44     2084       236    49479     47678
  4      410    18632       317    66591     63324
  5     1844   119976       327    65997     65866
WriteAmplification: 20.8525

2020/08/25-01:07:55  ... thread 0: (1000000,9000000) ops and (34960.0,33241.2) ops/second in (28.604102,270.748529) seconds

                               Compactions
Level  Files Size(MB) Time(sec) Read(MB) Write(MB)
--------------------------------------------------
  0        1       52        60        0     10324
  1        0        0        61    10354     11102
  2        7      427        85    17030     16996
  3       44     2084       236    49479     47678
  4      410    18632       317    66591     63324
  5     1844   119976       327    65997     65866
WriteAmplification: 20.8525

2020/08/25-01:08:21  ... thread 2: (1000000,10000000) ops and (37120.1,33670.5) ops/second in (26.939601,296.996052) seconds

                               Compactions
Level  Files Size(MB) Time(sec) Read(MB) Write(MB)
--------------------------------------------------
  0        2      103        63        0     10789
  1        0        0        63    10767     11511
  2       10      606        89    17754     17718
  3       41     1924       242    50751     48944
  4      411    18674       327    68874     65264
  5     1844   119976       327    65997     65866
WriteAmplification: 20.3996

2020/08/25-01:08:21  ... thread 3: (1000000,10000000) ops and (37516.4,33647.0) ops/second in (26.655000,297.203229) seconds

                               Compactions
Level  Files Size(MB) Time(sec) Read(MB) Write(MB)
--------------------------------------------------
  0        2      103        63        0     10789
  1        0        0        63    10767     11511
  2       10      606        89    17754     17718
  3       41     1924       242    50751     48944
  4      411    18674       327    68874     65264
  5     1844   119976       327    65997     65866
WriteAmplification: 20.3996

2020/08/25-01:08:21  ... thread 1: (1000000,10000000) ops and (37383.5,33635.4) ops/second in (26.749761,297.306044) seconds

                               Compactions
Level  Files Size(MB) Time(sec) Read(MB) Write(MB)
--------------------------------------------------
  0        2      103        63        0     10789
  1        0        0        63    10767     11511
  2       10      606        89    17754     17718
  3       41     1924       242    50751     48944
  4      411    18674       327    68874     65264
  5     1844   119976       327    65997     65866
WriteAmplification: 20.3996

2020/08/25-01:08:21  ... thread 0: (1000000,10000000) ops and (37647.9,33634.9) ops/second in (26.561896,297.310425) seconds

                               Compactions
Level  Files Size(MB) Time(sec) Read(MB) Write(MB)
--------------------------------------------------
  0        2      103        63        0     10789
  1        0        0        63    10767     11511
  2       10      606        89    17754     17718
  3       41     1924       242    50751     48944
  4      411    18674       327    68874     65264
  5     1844   119976       327    65997     65866
WriteAmplification: 20.3996

r0           :       7.433 micros/op 134539 ops/sec;   14.9 MB/s (10000000 ops)
Microseconds per op:
Count: 40000000 Average: 29.7204  StdDev: 25.42
Min: 0  Median: 20.4449  Max: 81626
Percentiles: P50: 20.44 P75: 27.94 P99: 57.39 P99.9: 1245.61 P99.99: 1298.31
------------------------------------------------------
[       0,       1 ]    72542   0.181%   0.181% 
(       1,       2 ]   161483   0.404%   0.585% 
(       2,       3 ]   174413   0.436%   1.021% 
(       3,       4 ]   261616   0.654%   1.675% 
(       4,       6 ]  1899717   4.749%   6.424% #
(       6,      10 ]  2261881   5.655%  12.079% #
(      10,      15 ]  4679687  11.699%  23.778% ##
(      15,      22 ] 13484296  33.711%  57.489% #######
(      22,      34 ] 14152760  35.382%  92.871% #######
(      34,      51 ]  2423829   6.060%  98.931% #
(      51,      76 ]   108676   0.272%  99.202% 
(      76,     110 ]    11876   0.030%  99.232% 
(     110,     170 ]     5444   0.014%  99.246% 
(     170,     250 ]     4181   0.010%  99.256% 
(     250,     380 ]      646   0.002%  99.258% 
(     380,     580 ]      278   0.001%  99.258% 
(     580,     870 ]      118   0.000%  99.259% 
(     870,    1300 ]   293711   0.734%  99.993% 
(    1300,    1900 ]      253   0.001%  99.994% 
(    1900,    2900 ]      679   0.002%  99.995% 
(    2900,    4400 ]      897   0.002%  99.997% 
(    4400,    6600 ]      217   0.001%  99.998% 
(    6600,    9900 ]       31   0.000%  99.998% 
(    9900,   14000 ]       37   0.000%  99.998% 
(   14000,   22000 ]      195   0.000%  99.999% 
(   22000,   33000 ]      209   0.001%  99.999% 
(   33000,   50000 ]      220   0.001% 100.000% 
(   50000,   75000 ]       92   0.000% 100.000% 
(   75000,  110000 ]       16   0.000% 100.000% 

FLAGS_num 1000000000, num_ 10000000
num after by threads 250000000

                               Compactions
Level  Files Size(MB) Time(sec) Read(MB) Write(MB)
--------------------------------------------------
  0        2      103        63        0     10789
  1        0        0        63    10767     11511
  2       10      606        89    17754     17718
  3       41     1924       242    50751     48944
  4      411    18674       327    68874     65264
  5     1844   119976       327    65997     65866
WriteAmplification: 20.3996

