./pebblesdb/release/db_bench --report_interval=20 --writes=10000000 --rwdelay=2 --db=/mnt/nvm/peb1B --logpath=/mnt/ssd --threads=4 --open_files=200000 --range=1000000000 --num=1000000000 --reads=1000000 --bloom_bits=16 --bg_threads=3 --stats_interval=1000000 --value_size=100 --benchmarks=r100,r75,r50,r25,r0,stats --ycsb_ops_num=10000000 --use_existing_db=true --histogram=true --log=false --write_buffer_size=67108864 --sleep=200 
Keys:       16 bytes each
Values:     100 bytes each (50 bytes after compression)
Entries:    1000000000
RawSize:    110626.2 MB (estimated)
FileSize:   62942.5 MB (estimated)
WARNING: Snappy compression is not enabled
------------------------------------------------
Recover Time : 18446744073707675094
InitializeFileLevelBloomFilter Time: 405657026
InitializeTableCacheFileMetaData Time: 7443
PebblesDB Open Time: 408425695
 usWrite buffer: 65536.00 KB
FLAGS_range: 1000000000
FLAGS_range: 1000000000
FLAGS_range: 1000000000
FLAGS_range: 1000000000
2020/08/25-00:07:02  ... thread 1: (1000000,1000000) ops and (7995.2,7995.2) ops/second in (125.075577,125.075577) seconds


2020/08/25-00:07:02  ... thread 2: (1000000,1000000) ops and (7989.7,7989.7) ops/second in (125.160980,125.160980) seconds


2020/08/25-00:07:02  ... thread 3: (1000000,1000000) ops and (7989.1,7989.1) ops/second in (125.169844,125.169844) seconds


2020/08/25-00:07:02  ... thread 0: (1000000,1000000) ops and (7984.9,7984.9) ops/second in (125.237105,125.237105) seconds


2020/08/25-00:07:28  ... thread 1: (1000000,2000000) ops and (38365.1,13232.7) ops/second in (26.065335,151.140912) seconds


2020/08/25-00:07:28  ... thread 3: (1000000,2000000) ops and (38385.6,13225.7) ops/second in (26.051456,151.221300) seconds


2020/08/25-00:07:29  ... thread 2: (1000000,2000000) ops and (37917.3,13198.3) ops/second in (26.373168,151.534148) seconds


2020/08/25-00:07:29  ... thread 0: (1000000,2000000) ops and (37525.5,13167.8) ops/second in (26.648544,151.885649) seconds


2020/08/25-00:07:43  ... thread 3: (1000000,3000000) ops and (67690.9,18072.9) ops/second in (14.773039,165.994339) seconds


2020/08/25-00:07:43  ... thread 1: (1000000,3000000) ops and (67312.6,18072.6) ops/second in (14.856051,165.996963) seconds


2020/08/25-00:07:44  ... thread 2: (1000000,3000000) ops and (65956.9,17996.9) ops/second in (15.161418,166.695566) seconds


2020/08/25-00:07:44  ... thread 0: (1000000,3000000) ops and (65854.6,17956.5) ops/second in (15.184959,167.070608) seconds


2020/08/25-00:07:57  ... thread 3: (1000000,4000000) ops and (69956.7,22186.6) ops/second in (14.294564,180.288903) seconds


2020/08/25-00:07:57  ... thread 1: (1000000,4000000) ops and (69963.9,22186.5) ops/second in (14.293087,180.290050) seconds


2020/08/25-00:07:58  ... thread 2: (1000000,4000000) ops and (68271.2,22057.6) ops/second in (14.647459,181.343025) seconds


2020/08/25-00:07:59  ... thread 0: (1000000,4000000) ops and (67898.8,22002.4) ops/second in (14.727798,181.798406) seconds


2020/08/25-00:08:12  ... thread 1: (1000000,5000000) ops and (69673.2,25688.1) ops/second in (14.352715,194.642765) seconds


2020/08/25-00:08:12  ... thread 3: (1000000,5000000) ops and (69374.4,25680.1) ops/second in (14.414539,194.703442) seconds


2020/08/25-00:08:13  ... thread 2: (1000000,5000000) ops and (68986.0,25531.2) ops/second in (14.495704,195.838729) seconds


2020/08/25-00:08:13  ... thread 0: (1000000,5000000) ops and (68256.0,25451.9) ops/second in (14.650726,196.449132) seconds


2020/08/25-00:08:26  ... thread 1: (1000000,6000000) ops and (70083.2,28720.3) ops/second in (14.268758,208.911523) seconds


2020/08/25-00:08:26  ... thread 3: (1000000,6000000) ops and (69683.1,28700.7) ops/second in (14.350678,209.054120) seconds


2020/08/25-00:08:27  ... thread 2: (1000000,6000000) ops and (69532.9,28541.5) ops/second in (14.381691,210.220420) seconds


2020/08/25-00:08:28  ... thread 0: (1000000,6000000) ops and (69229.2,28450.3) ops/second in (14.444766,210.893898) seconds


2020/08/25-00:08:40  ... thread 1: (1000000,7000000) ops and (70317.3,31371.5) ops/second in (14.221246,223.132769) seconds


2020/08/25-00:08:40  ... thread 3: (1000000,7000000) ops and (69545.3,31329.3) ops/second in (14.379120,223.433240) seconds


2020/08/25-00:08:42  ... thread 2: (1000000,7000000) ops and (69794.1,31173.7) ops/second in (14.327863,224.548283) seconds


2020/08/25-00:08:42  ... thread 0: (1000000,7000000) ops and (68822.8,31052.6) ops/second in (14.530076,225.423974) seconds


2020/08/25-00:08:54  ... thread 1: (1000000,8000000) ops and (69909.2,33693.1) ops/second in (14.304268,237.437037) seconds


2020/08/25-00:08:55  ... thread 3: (1000000,8000000) ops and (69344.4,33634.1) ops/second in (14.420779,237.854019) seconds


2020/08/25-00:08:56  ... thread 2: (1000000,8000000) ops and (69067.4,33469.0) ops/second in (14.478617,239.026900) seconds


2020/08/25-00:08:57  ... thread 0: (1000000,8000000) ops and (69321.6,33354.2) ops/second in (14.425528,239.849502) seconds


2020/08/25-00:09:09  ... thread 1: (1000000,9000000) ops and (69727.4,35745.7) ops/second in (14.341564,251.778601) seconds


2020/08/25-00:09:09  ... thread 3: (1000000,9000000) ops and (69851.0,35690.2) ops/second in (14.316191,252.170210) seconds


2020/08/25-00:09:11  ... thread 2: (1000000,9000000) ops and (68898.5,35497.2) ops/second in (14.514106,253.541006) seconds


2020/08/25-00:09:11  ... thread 0: (1000000,9000000) ops and (68856.6,35381.2) ops/second in (14.522944,254.372446) seconds


2020/08/25-00:09:23  ... thread 1: (1000000,10000000) ops and (69122.0,37559.3) ops/second in (14.467177,266.245778) seconds


thread 1 : (10000000 of 10000000 found)
2020/08/25-00:09:24  ... thread 3: (1000000,10000000) ops and (69534.8,37516.2) ops/second in (14.381294,266.551504) seconds


thread 3 : (10000000 of 10000000 found)
2020/08/25-00:09:25  ... thread 2: (1000000,10000000) ops and (70232.2,37344.2) ops/second in (14.238479,267.779485) seconds


thread 2 : (10000000 of 10000000 found)
2020/08/25-00:09:25  ... thread 0: (1000000,10000000) ops and (71021.1,37250.5) ops/second in (14.080316,268.452762) seconds


thread 0 : (10000000 of 10000000 found)
r100         :       6.711 micros/op 149001 ops/sec; (10000000 of 10000000 found)
Microseconds per op:
Count: 40000000 Average: 26.7257  StdDev: 95.04
Min: 3  Median: 13.4471  Max: 1083340
Percentiles: P50: 13.45 P75: 17.06 P99: 201.60 P99.9: 537.77 P99.99: 8350.22
------------------------------------------------------
(       2,       3 ]        3   0.000%   0.000% 
(       3,       4 ]       27   0.000%   0.000% 
(       4,       6 ]     1547   0.004%   0.004% 
(       6,      10 ]  3344320   8.361%   8.365% ##
(      10,      15 ] 24156880  60.392%  68.757% ############
(      15,      22 ]  8485826  21.215%  89.972% ####
(      22,      34 ]  1254346   3.136%  93.107% #
(      34,      51 ]    71843   0.180%  93.287% 
(      51,      76 ]    10204   0.026%  93.312% 
(      76,     110 ]   332354   0.831%  94.143% 
(     110,     170 ]  1782401   4.456%  98.599% #
(     170,     250 ]   405678   1.014%  99.614% 
(     250,     380 ]    97490   0.244%  99.857% 
(     380,     580 ]    21653   0.054%  99.911% 
(     580,     870 ]     6050   0.015%  99.927% 
(     870,    1300 ]     5622   0.014%  99.941% 
(    1300,    1900 ]     5865   0.015%  99.955% 
(    1900,    2900 ]     6505   0.016%  99.972% 
(    2900,    4400 ]     4651   0.012%  99.983% 
(    4400,    6600 ]     1888   0.005%  99.988% 
(    6600,    9900 ]     1597   0.004%  99.992% 
(    9900,   14000 ]     1172   0.003%  99.995% 
(   14000,   22000 ]     1782   0.004%  99.999% 
(   22000,   33000 ]      159   0.000% 100.000% 
(   33000,   50000 ]       42   0.000% 100.000% 
(   50000,   75000 ]       35   0.000% 100.000% 
(   75000,  110000 ]       24   0.000% 100.000% 
(  110000,  170000 ]        8   0.000% 100.000% 
(  170000,  250000 ]        4   0.000% 100.000% 
(  250000,  380000 ]       12   0.000% 100.000% 
(  380000,  570000 ]        8   0.000% 100.000% 
(  860000, 1200000 ]        4   0.000% 100.000% 

2020/08/25-00:09:42  ... thread 3: (1000000,1000000) ops and (59315.2,59315.2) ops/second in (16.859096,16.859096) seconds


2020/08/25-00:09:42  ... thread 2: (1000000,1000000) ops and (59190.3,59190.3) ops/second in (16.894665,16.894665) seconds


2020/08/25-00:09:42  ... thread 1: (1000000,1000000) ops and (58949.8,58949.8) ops/second in (16.963583,16.963583) seconds


2020/08/25-00:09:43  ... thread 0: (1000000,1000000) ops and (58238.1,58238.1) ops/second in (17.170884,17.170884) seconds


2020/08/25-00:10:00  ... thread 3: (1000000,2000000) ops and (55340.7,57259.1) ops/second in (18.069874,34.928970) seconds


2020/08/25-00:10:00  ... thread 2: (1000000,2000000) ops and (55344.3,57202.7) ops/second in (18.068703,34.963368) seconds


2020/08/25-00:10:01  ... thread 1: (1000000,2000000) ops and (55001.8,56907.4) ops/second in (18.181222,35.144805) seconds


2020/08/25-00:10:02  ... thread 0: (1000000,2000000) ops and (52286.8,55102.2) ops/second in (19.125303,36.296187) seconds


2020/08/25-00:10:18  ... thread 2: (1000000,3000000) ops and (56894.9,57099.7) ops/second in (17.576276,52.539644) seconds


2020/08/25-00:10:18  ... thread 3: (1000000,3000000) ops and (56502.9,57004.8) ops/second in (17.698206,52.627176) seconds


2020/08/25-00:10:18  ... thread 1: (1000000,3000000) ops and (56675.0,56829.7) ops/second in (17.644468,52.789273) seconds


2020/08/25-00:10:20  ... thread 0: (1000000,3000000) ops and (55895.5,55364.1) ops/second in (17.890543,54.186730) seconds


2020/08/25-00:10:36  ... thread 2: (1000000,4000000) ops and (55875.5,56788.7) ops/second in (17.896930,70.436574) seconds


2020/08/25-00:10:36  ... thread 3: (1000000,4000000) ops and (56023.7,56756.3) ops/second in (17.849592,70.476768) seconds


2020/08/25-00:10:36  ... thread 1: (1000000,4000000) ops and (55792.7,56566.9) ops/second in (17.923498,70.712771) seconds


2020/08/25-00:10:38  ... thread 0: (1000000,4000000) ops and (53661.0,54928.3) ops/second in (18.635518,72.822248) seconds


2020/08/25-00:10:54  ... thread 2: (1000000,5000000) ops and (56539.5,56738.7) ops/second in (17.686748,88.123322) seconds


2020/08/25-00:10:54  ... thread 3: (1000000,5000000) ops and (55982.1,56599.8) ops/second in (17.862841,88.339609) seconds


2020/08/25-00:10:54  ... thread 1: (1000000,5000000) ops and (55025.6,56251.8) ops/second in (18.173351,88.886122) seconds


2020/08/25-00:10:58  ... thread 0: (1000000,5000000) ops and (51310.7,54164.5) ops/second in (19.489109,92.311357) seconds


2020/08/25-00:11:13  ... thread 2: (1000000,6000000) ops and (52188.9,55926.1) ops/second in (19.161178,107.284500) seconds


2020/08/25-00:11:13  ... thread 3: (1000000,6000000) ops and (52605.7,55892.5) ops/second in (19.009356,107.348965) seconds


2020/08/25-00:11:13  ... thread 1: (1000000,6000000) ops and (52355.6,55562.6) ops/second in (19.100137,107.986259) seconds


2020/08/25-00:11:17  ... thread 0: (1000000,6000000) ops and (50785.8,53570.5) ops/second in (19.690531,112.001888) seconds


2020/08/25-00:11:32  ... thread 2: (1000000,7000000) ops and (53071.0,55499.5) ops/second in (18.842690,126.127190) seconds


2020/08/25-00:11:32  ... thread 3: (1000000,7000000) ops and (52967.3,55455.0) ops/second in (18.879572,126.228537) seconds


2020/08/25-00:11:32  ... thread 1: (1000000,7000000) ops and (53139.4,55203.0) ops/second in (18.818425,126.804684) seconds


2020/08/25-00:11:37  ... thread 0: (1000000,7000000) ops and (51018.0,53190.3) ops/second in (19.600938,131.602826) seconds


2020/08/25-00:11:49  ... thread 2: (1000000,8000000) ops and (57613.3,55755.2) ops/second in (17.357090,143.484280) seconds


2020/08/25-00:11:49  ... thread 3: (1000000,8000000) ops and (57473.1,55699.5) ops/second in (17.399447,143.627984) seconds


2020/08/25-00:11:50  ... thread 1: (1000000,8000000) ops and (56689.1,55384.5) ops/second in (17.640079,144.444763) seconds


2020/08/25-00:11:56  ... thread 0: (1000000,8000000) ops and (53814.9,53267.6) ops/second in (18.582219,150.185045) seconds


2020/08/25-00:12:06  ... thread 2: (1000000,9000000) ops and (58948.9,56092.9) ops/second in (16.963859,160.448139) seconds


2020/08/25-00:12:06  ... thread 3: (1000000,9000000) ops and (58835.2,56031.3) ops/second in (16.996616,160.624600) seconds


2020/08/25-00:12:08  ... thread 1: (1000000,9000000) ops and (56717.6,55529.5) ops/second in (17.631224,162.075987) seconds


2020/08/25-00:12:14  ... thread 0: (1000000,9000000) ops and (53406.6,53283.0) ops/second in (18.724275,168.909320) seconds


2020/08/25-00:12:24  ... thread 2: (1000000,10000000) ops and (55956.6,56079.2) ops/second in (17.871007,178.319146) seconds


thread 2 : (7500000 of 10000000 found)
2020/08/25-00:12:24  ... thread 3: (1000000,10000000) ops and (56219.1,56050.0) ops/second in (17.787564,178.412164) seconds


thread 3 : (7500000 of 10000000 found)
2020/08/25-00:12:25  ... thread 1: (1000000,10000000) ops and (56131.7,55589.1) ops/second in (17.815255,179.891242) seconds


thread 1 : (7500000 of 10000000 found)
2020/08/25-00:12:31  ... thread 0: (1000000,10000000) ops and (61118.9,53975.0) ops/second in (16.361543,185.270863) seconds


thread 0 : (7500000 of 10000000 found)
r75          :       4.632 micros/op 215900 ops/sec; (7500000 of 10000000 found)
Microseconds per op:
Count: 40000000 Average: 18.0473  StdDev: 92.76
Min: 1  Median: 16.3762  Max: 364581
Percentiles: P50: 16.38 P75: 20.78 P99: 49.65 P99.9: 73.65 P99.99: 137.46
------------------------------------------------------
[       0,       1 ]     7842   0.020%   0.020% 
(       1,       2 ]   200459   0.501%   0.521% 
(       2,       3 ]   727143   1.818%   2.339% 
(       3,       4 ]  1135367   2.838%   5.177% #
(       4,       6 ]  3038865   7.597%  12.774% ##
(       6,      10 ]  3564893   8.912%  21.686% ##
(      10,      15 ]  8197230  20.493%  42.179% ####
(      15,      22 ] 15911170  39.778%  81.957% ########
(      22,      34 ]  5879735  14.699%  96.657% ###
(      34,      51 ]  1018358   2.546%  99.203% #
(      51,      76 ]   307828   0.770%  99.972% 
(      76,     110 ]     5814   0.015%  99.987% 
(     110,     170 ]     2832   0.007%  99.994% 
(     170,     250 ]      571   0.001%  99.995% 
(     250,     380 ]      142   0.000%  99.996% 
(     380,     580 ]       90   0.000%  99.996% 
(     580,     870 ]      117   0.000%  99.996% 
(     870,    1300 ]      136   0.000%  99.996% 
(    1300,    1900 ]      193   0.000%  99.997% 
(    1900,    2900 ]      331   0.001%  99.998% 
(    2900,    4400 ]      142   0.000%  99.998% 
(    4400,    6600 ]       28   0.000%  99.998% 
(    6600,    9900 ]       21   0.000%  99.998% 
(    9900,   14000 ]       35   0.000%  99.998% 
(   14000,   22000 ]       14   0.000%  99.998% 
(   22000,   33000 ]       15   0.000%  99.998% 
(   33000,   50000 ]      233   0.001%  99.999% 
(   50000,   75000 ]      253   0.001% 100.000% 
(   75000,  110000 ]       87   0.000% 100.000% 
(  110000,  170000 ]       35   0.000% 100.000% 
(  170000,  250000 ]        8   0.000% 100.000% 
(  250000,  380000 ]       13   0.000% 100.000% 

2020/08/25-00:12:51  ... thread 2: (1000000,1000000) ops and (49772.4,49772.4) ops/second in (20.091451,20.091451) seconds


2020/08/25-00:12:51  ... thread 3: (1000000,1000000) ops and (49698.5,49698.5) ops/second in (20.121313,20.121313) seconds


2020/08/25-00:12:51  ... thread 0: (1000000,1000000) ops and (49537.4,49537.4) ops/second in (20.186751,20.186751) seconds


2020/08/25-00:12:51  ... thread 1: (1000000,1000000) ops and (49424.6,49424.6) ops/second in (20.232821,20.232821) seconds


2020/08/25-00:13:12  ... thread 2: (1000000,2000000) ops and (47584.7,48654.0) ops/second in (21.015147,41.106598) seconds


2020/08/25-00:13:12  ... thread 3: (1000000,2000000) ops and (47269.4,48453.5) ops/second in (21.155336,41.276649) seconds


2020/08/25-00:13:12  ... thread 1: (1000000,2000000) ops and (47057.5,48212.1) ops/second in (21.250584,41.483405) seconds


2020/08/25-00:13:13  ... thread 0: (1000000,2000000) ops and (46087.3,47750.1) ops/second in (21.697968,41.884719) seconds


2020/08/25-00:13:33  ... thread 2: (1000000,3000000) ops and (47839.3,48379.4) ops/second in (20.903327,62.009925) seconds


2020/08/25-00:13:33  ... thread 1: (1000000,3000000) ops and (48454.3,48292.5) ops/second in (20.638015,62.121420) seconds


2020/08/25-00:13:33  ... thread 0: (1000000,3000000) ops and (48761.7,48082.6) ops/second in (20.507915,62.392634) seconds


2020/08/25-00:13:34  ... thread 3: (1000000,3000000) ops and (44599.1,47096.8) ops/second in (22.421992,63.698641) seconds


2020/08/25-00:13:53  ... thread 2: (1000000,4000000) ops and (49789.0,48724.2) ops/second in (20.084751,82.094676) seconds


2020/08/25-00:13:53  ... thread 1: (1000000,4000000) ops and (49697.0,48636.1) ops/second in (20.121936,82.243356) seconds


2020/08/25-00:13:53  ... thread 0: (1000000,4000000) ops and (49908.1,48526.3) ops/second in (20.036838,82.429472) seconds


2020/08/25-00:13:56  ... thread 3: (1000000,4000000) ops and (45352.3,46648.2) ops/second in (22.049575,85.748216) seconds


2020/08/25-00:14:13  ... thread 1: (1000000,5000000) ops and (50351.8,48969.9) ops/second in (19.860263,102.103619) seconds


2020/08/25-00:14:13  ... thread 0: (1000000,5000000) ops and (50017.0,48817.3) ops/second in (19.993194,102.422666) seconds


2020/08/25-00:14:14  ... thread 2: (1000000,5000000) ops and (47576.2,48490.2) ops/second in (21.018898,103.113574) seconds


2020/08/25-00:14:16  ... thread 3: (1000000,5000000) ops and (51534.5,47549.9) ops/second in (19.404487,105.152703) seconds


2020/08/25-00:14:33  ... thread 1: (1000000,6000000) ops and (48475.6,48886.8) ops/second in (20.628928,122.732547) seconds


2020/08/25-00:14:34  ... thread 0: (1000000,6000000) ops and (48517.9,48767.2) ops/second in (20.610945,123.033611) seconds


2020/08/25-00:14:36  ... thread 2: (1000000,6000000) ops and (45053.2,47881.4) ops/second in (22.196002,125.309576) seconds


2020/08/25-00:14:37  ... thread 3: (1000000,6000000) ops and (48280.2,47670.1) ops/second in (20.712440,125.865143) seconds


2020/08/25-00:14:55  ... thread 1: (1000000,7000000) ops and (47139.4,48629.3) ops/second in (21.213693,143.946240) seconds


2020/08/25-00:14:57  ... thread 0: (1000000,7000000) ops and (43937.4,48013.2) ops/second in (22.759677,145.793288) seconds


2020/08/25-00:14:58  ... thread 2: (1000000,7000000) ops and (46324.2,47652.6) ops/second in (21.586992,146.896568) seconds


2020/08/25-00:14:58  ... thread 3: (1000000,7000000) ops and (46705.4,47529.8) ops/second in (21.410818,147.275961) seconds


2020/08/25-00:15:16  ... thread 1: (1000000,8000000) ops and (46243.6,48317.7) ops/second in (21.624591,165.570831) seconds


2020/08/25-00:15:18  ... thread 0: (1000000,8000000) ops and (45711.7,47712.9) ops/second in (21.876217,167.669505) seconds


2020/08/25-00:15:19  ... thread 2: (1000000,8000000) ops and (47480.5,47631.0) ops/second in (21.061297,167.957865) seconds


2020/08/25-00:15:19  ... thread 3: (1000000,8000000) ops and (47607.4,47539.5) ops/second in (21.005144,168.281105) seconds


2020/08/25-00:15:38  ... thread 1: (1000000,9000000) ops and (45578.7,47997.2) ops/second in (21.940087,187.510918) seconds


2020/08/25-00:15:41  ... thread 0: (1000000,9000000) ops and (43846.1,47249.9) ops/second in (22.807020,190.476525) seconds


2020/08/25-00:15:43  ... thread 2: (1000000,9000000) ops and (41431.6,46852.1) ops/second in (24.136147,192.094012) seconds


2020/08/25-00:15:43  ... thread 3: (1000000,9000000) ops and (41685.2,46809.1) ops/second in (23.989311,192.270416) seconds


2020/08/25-00:16:00  ... thread 1: (1000000,10000000) ops and (45097.9,47690.6) ops/second in (22.173961,209.684879) seconds


thread 1 : (5000000 of 10000000 found)
2020/08/25-00:16:02  ... thread 0: (1000000,10000000) ops and (47536.7,47278.4) ops/second in (21.036395,211.512920) seconds


thread 0 : (5000000 of 10000000 found)
2020/08/25-00:16:03  ... thread 3: (1000000,10000000) ops and (50008.9,47110.5) ops/second in (19.996457,212.266873) seconds


thread 3 : (5000000 of 10000000 found)
2020/08/25-00:16:03  ... thread 2: (1000000,10000000) ops and (48932.5,47052.1) ops/second in (20.436317,212.530329) seconds


thread 2 : (5000000 of 10000000 found)
r50          :       5.313 micros/op 188208 ops/sec; (5000000 of 10000000 found)
Microseconds per op:
Count: 40000000 Average: 21.1499  StdDev: 95.99
Min: 0  Median: 16.2664  Max: 353802
Percentiles: P50: 16.27 P75: 22.87 P99: 70.45 P99.9: 137.77 P99.99: 3229.08
------------------------------------------------------
[       0,       1 ]    10614   0.027%   0.027% 
(       1,       2 ]   316444   0.791%   0.818% 
(       2,       3 ]  1055225   2.638%   3.456% #
(       3,       4 ]  1564152   3.910%   7.366% #
(       4,       6 ]  5183566  12.959%  20.325% ###
(       6,      10 ]  6053437  15.134%  35.459% ###
(      10,      15 ]  3714710   9.287%  44.745% ##
(      15,      22 ] 11618065  29.045%  73.791% ######
(      22,      34 ]  6654602  16.637%  90.427% ###
(      34,      51 ]  2461738   6.154%  96.581% #
(      51,      76 ]  1243525   3.109%  99.690% #
(      76,     110 ]    62607   0.157%  99.847% 
(     110,     170 ]    46057   0.115%  99.962% 
(     170,     250 ]     5357   0.013%  99.975% 
(     250,     380 ]     1183   0.003%  99.978% 
(     380,     580 ]      674   0.002%  99.980% 
(     580,     870 ]      689   0.002%  99.982% 
(     870,    1300 ]      852   0.002%  99.984% 
(    1300,    1900 ]      961   0.002%  99.986% 
(    1900,    2900 ]     1327   0.003%  99.989% 
(    2900,    4400 ]      980   0.002%  99.992% 
(    4400,    6600 ]      780   0.002%  99.994% 
(    6600,    9900 ]      523   0.001%  99.995% 
(    9900,   14000 ]      337   0.001%  99.996% 
(   14000,   22000 ]      228   0.001%  99.997% 
(   22000,   33000 ]       18   0.000%  99.997% 
(   33000,   50000 ]      546   0.001%  99.998% 
(   50000,   75000 ]      443   0.001%  99.999% 
(   75000,  110000 ]      233   0.001% 100.000% 
(  110000,  170000 ]       77   0.000% 100.000% 
(  170000,  250000 ]       41   0.000% 100.000% 
(  250000,  380000 ]        9   0.000% 100.000% 

2020/08/25-00:16:27  ... thread 2: (1000000,1000000) ops and (42176.3,42176.3) ops/second in (23.709980,23.709980) seconds


2020/08/25-00:16:27  ... thread 1: (1000000,1000000) ops and (41969.4,41969.4) ops/second in (23.826870,23.826870) seconds


2020/08/25-00:16:27  ... thread 3: (1000000,1000000) ops and (41747.7,41747.7) ops/second in (23.953402,23.953402) seconds


2020/08/25-00:16:28  ... thread 0: (1000000,1000000) ops and (40851.2,40851.2) ops/second in (24.479065,24.479065) seconds


2020/08/25-00:16:51  ... thread 2: (1000000,2000000) ops and (41122.4,41642.7) ops/second in (24.317650,48.027630) seconds


2020/08/25-00:16:52  ... thread 1: (1000000,2000000) ops and (40802.5,41377.8) ops/second in (24.508279,48.335149) seconds


2020/08/25-00:16:52  ... thread 3: (1000000,2000000) ops and (40896.7,41317.8) ops/second in (24.451873,48.405275) seconds


2020/08/25-00:16:53  ... thread 0: (1000000,2000000) ops and (40170.3,40507.9) ops/second in (24.893991,49.373056) seconds


2020/08/25-00:17:15  ... thread 2: (1000000,3000000) ops and (41570.5,41618.6) ops/second in (24.055548,72.083178) seconds


2020/08/25-00:17:17  ... thread 3: (1000000,3000000) ops and (40016.6,40874.8) ops/second in (24.989624,73.394899) seconds


2020/08/25-00:17:17  ... thread 1: (1000000,3000000) ops and (39868.3,40862.0) ops/second in (25.082607,73.417756) seconds


2020/08/25-00:17:18  ... thread 0: (1000000,3000000) ops and (40054.7,40355.7) ops/second in (24.965835,74.338891) seconds


2020/08/25-00:17:40  ... thread 2: (1000000,4000000) ops and (40537.9,41343.0) ops/second in (24.668273,96.751451) seconds


2020/08/25-00:17:41  ... thread 1: (1000000,4000000) ops and (41418.1,40999.7) ops/second in (24.144028,97.561784) seconds


2020/08/25-00:17:41  ... thread 3: (1000000,4000000) ops and (40417.6,40759.5) ops/second in (24.741677,98.136576) seconds


2020/08/25-00:17:43  ... thread 0: (1000000,4000000) ops and (39111.4,40037.3) ops/second in (25.567962,99.906853) seconds


2020/08/25-00:18:06  ... thread 2: (1000000,5000000) ops and (38359.8,40709.8) ops/second in (26.068962,122.820413) seconds


2020/08/25-00:18:07  ... thread 3: (1000000,5000000) ops and (38936.8,40381.4) ops/second in (25.682660,123.819236) seconds


2020/08/25-00:18:08  ... thread 1: (1000000,5000000) ops and (37124.9,40161.3) ops/second in (26.936089,124.497873) seconds


2020/08/25-00:18:09  ... thread 0: (1000000,5000000) ops and (38112.9,39637.0) ops/second in (26.237846,126.144699) seconds


2020/08/25-00:18:31  ... thread 2: (1000000,6000000) ops and (39489.4,40501.2) ops/second in (25.323239,148.143652) seconds


2020/08/25-00:18:33  ... thread 3: (1000000,6000000) ops and (39047.8,40152.9) ops/second in (25.609652,149.428888) seconds


2020/08/25-00:18:33  ... thread 1: (1000000,6000000) ops and (39957.1,40127.1) ops/second in (25.026861,149.524734) seconds


2020/08/25-00:18:35  ... thread 0: (1000000,6000000) ops and (39476.1,39610.1) ops/second in (25.331777,151.476476) seconds


2020/08/25-00:18:57  ... thread 2: (1000000,7000000) ops and (39542.2,40361.4) ops/second in (25.289414,173.433066) seconds


2020/08/25-00:18:58  ... thread 3: (1000000,7000000) ops and (39085.3,39996.8) ops/second in (25.585044,175.013932) seconds


2020/08/25-00:18:59  ... thread 1: (1000000,7000000) ops and (38852.6,39940.0) ops/second in (25.738294,175.263028) seconds


2020/08/25-00:19:00  ... thread 0: (1000000,7000000) ops and (39979.5,39662.5) ops/second in (25.012837,176.489313) seconds


2020/08/25-00:19:23  ... thread 2: (1000000,8000000) ops and (38665.0,40141.3) ops/second in (25.863152,199.296218) seconds


2020/08/25-00:19:24  ... thread 1: (1000000,8000000) ops and (38858.1,39801.4) ops/second in (25.734690,200.997718) seconds


2020/08/25-00:19:24  ... thread 3: (1000000,8000000) ops and (38479.7,39800.7) ops/second in (25.987744,201.001676) seconds


2020/08/25-00:19:26  ... thread 0: (1000000,8000000) ops and (38379.7,39497.4) ops/second in (26.055461,202.544774) seconds


2020/08/25-00:19:49  ... thread 2: (1000000,9000000) ops and (37350.9,39810.8) ops/second in (26.773098,226.069316) seconds


2020/08/25-00:19:52  ... thread 1: (1000000,9000000) ops and (36570.3,39414.5) ops/second in (27.344624,228.342342) seconds


2020/08/25-00:19:52  ... thread 3: (1000000,9000000) ops and (36372.5,39388.2) ops/second in (27.493316,228.494992) seconds


2020/08/25-00:19:53  ... thread 0: (1000000,9000000) ops and (36455.6,39134.6) ops/second in (27.430654,229.975428) seconds


2020/08/25-00:20:14  ... thread 2: (1000000,10000000) ops and (40100.7,39839.6) ops/second in (24.937194,251.006510) seconds


thread 2 : (2000000 of 10000000 found)
2020/08/25-00:20:17  ... thread 1: (1000000,10000000) ops and (39935.3,39466.0) ops/second in (25.040521,253.382863) seconds


thread 1 : (2000000 of 10000000 found)
2020/08/25-00:20:17  ... thread 3: (1000000,10000000) ops and (40013.4,39449.8) ops/second in (24.991618,253.486610) seconds


thread 3 : (2000000 of 10000000 found)
2020/08/25-00:20:18  ... thread 0: (1000000,10000000) ops and (41041.0,39317.3) ops/second in (24.365856,254.341284) seconds


thread 0 : (2000000 of 10000000 found)
r25          :       6.359 micros/op 157268 ops/sec; (2000000 of 10000000 found)
Microseconds per op:
Count: 40000000 Average: 25.3054  StdDev: 51.10
Min: 0  Median: 6.7779  Max: 316412
Percentiles: P50: 6.78 P75: 24.31 P99: 140.67 P99.9: 433.94 P99.99: 7315.38
------------------------------------------------------
[       0,       1 ]   304572   0.761%   0.761% 
(       1,       2 ]  2042052   5.105%   5.867% #
(       2,       3 ]  2827995   7.070%  12.937% #
(       3,       4 ]  4360344  10.901%  23.837% ##
(       4,       6 ]  9622235  24.056%  47.893% #####
(       6,      10 ]  4333675  10.834%  58.727% ##
(      10,      15 ]  1396794   3.492%  62.219% #
(      15,      22 ]  4382402  10.956%  73.175% ##
(      22,      34 ]  3791241   9.478%  82.653% ##
(      34,      51 ]  2693411   6.734%  89.387% #
(      51,      76 ]  2844295   7.111%  96.498% #
(      76,     110 ]   743979   1.860%  98.357% 
(     110,     170 ]   502732   1.257%  99.614% 
(     170,     250 ]    97016   0.243%  99.857% 
(     250,     380 ]    15788   0.039%  99.896% 
(     380,     580 ]     5447   0.014%  99.910% 
(     580,     870 ]     4862   0.012%  99.922% 
(     870,    1300 ]     5648   0.014%  99.936% 
(    1300,    1900 ]     5725   0.014%  99.951% 
(    1900,    2900 ]     7853   0.020%  99.970% 
(    2900,    4400 ]     4671   0.012%  99.982% 
(    4400,    6600 ]     2953   0.007%  99.989% 
(    6600,    9900 ]     1430   0.004%  99.993% 
(    9900,   14000 ]      499   0.001%  99.994% 
(   14000,   22000 ]      261   0.001%  99.995% 
(   22000,   33000 ]       13   0.000%  99.995% 
(   33000,   50000 ]      841   0.002%  99.997% 
(   50000,   75000 ]      674   0.002%  99.999% 
(   75000,  110000 ]      397   0.001% 100.000% 
(  110000,  170000 ]      132   0.000% 100.000% 
(  170000,  250000 ]       43   0.000% 100.000% 
(  250000,  380000 ]       20   0.000% 100.000% 

2020/08/25-00:20:38  ... thread 1: (1000000,1000000) ops and (49806.0,49806.0) ops/second in (20.077890,20.077890) seconds

                               Compactions
Level  Files Size(MB) Time(sec) Read(MB) Write(MB)
--------------------------------------------------
  0       12       94        65        0      7510
  1       31      222        87    11084     10990
  2      190      950        85    11496     11456
  3      559     2416       136    17384     17287
  4     2281     7137       212    27935     27322
  5    11316    63738       325    43346     41679
  6    49480    65667       187    22316     21916
WriteAmplification: 18.3965

2020/08/25-00:20:39  ... thread 3: (1000000,1000000) ops and (47150.5,47150.5) ops/second in (21.208699,21.208699) seconds

                               Compactions
Level  Files Size(MB) Time(sec) Read(MB) Write(MB)
--------------------------------------------------
  0        0        0        65        0      7510
  1       41      304        88    11178     11083
  2      185      941        85    11507     11468
  3      557     2413       136    17404     17307
  4     2293     7160       212    27958     27345
  5    11316    63738       325    43346     41679
  6    49480    65667       187    22316     21916
WriteAmplification: 18.4163

2020/08/25-00:20:39  ... thread 0: (1000000,1000000) ops and (46742.5,46742.5) ops/second in (21.393785,21.393785) seconds

                               Compactions
Level  Files Size(MB) Time(sec) Read(MB) Write(MB)
--------------------------------------------------
  0        0        0        65        0      7510
  1       41      304        88    11178     11083
  2      185      941        85    11507     11468
  3      557     2413       136    17404     17307
  4     2293     7160       212    27958     27345
  5    11316    63738       325    43346     41679
  6    49480    65667       187    22316     21916
WriteAmplification: 18.4163

2020/08/25-00:20:40  ... thread 2: (1000000,1000000) ops and (45160.6,45160.6) ops/second in (22.143215,22.143215) seconds

                               Compactions
Level  Files Size(MB) Time(sec) Read(MB) Write(MB)
--------------------------------------------------
  0        0        0        65        0      7510
  1       41      304        88    11178     11083
  2      185      941        85    11507     11468
  3      557     2413       136    17404     17307
  4     2293     7160       212    27958     27345
  5    11316    63738       325    43346     41679
  6    49480    65667       187    22316     21916
WriteAmplification: 18.4163

2020/08/25-00:21:00  ... thread 1: (1000000,2000000) ops and (44947.7,47252.3) ops/second in (22.248084,42.325974) seconds

                               Compactions
Level  Files Size(MB) Time(sec) Read(MB) Write(MB)
--------------------------------------------------
  0        6       47        69        0      7933
  1       21      148        91    11553     11458
  2      288     1159        89    12039     11997
  3      592     2450       139    17716     17617
  4     2318     7124       215    28232     27616
  5    11027    61516       327    43653     41890
  6    50062    67998       212    25077     24575
WriteAmplification: 18.0378

2020/08/25-00:21:02  ... thread 3: (1000000,2000000) ops and (43328.4,45158.7) ops/second in (23.079532,44.288231) seconds

                               Compactions
Level  Files Size(MB) Time(sec) Read(MB) Write(MB)
--------------------------------------------------
  0        0        0        70        0      7980
  1       49      241        92    11647     11552
  2      288     1159        89    12039     11997
  3      592     2450       139    17716     17617
  4     2318     7124       215    28232     27616
  5    10868    60756       327    43653     41890
  6    50265    68728       219    25875     25343
WriteAmplification: 18.0455

2020/08/25-00:21:03  ... thread 0: (1000000,2000000) ops and (42213.0,44362.5) ops/second in (23.689373,45.083158) seconds

                               Compactions
Level  Files Size(MB) Time(sec) Read(MB) Write(MB)
--------------------------------------------------
  0        0        0        70        0      7980
  1       49      241        92    11647     11552
  2      138      811        89    12039     11997
  3      808     2796       142    18064     17964
  4     2318     7124       215    28232     27616
  5    10868    60756       327    43653     41890
  6    50265    68728       219    25875     25343
WriteAmplification: 18.0889

2020/08/25-00:21:03  ... thread 2: (1000000,2000000) ops and (42559.1,43821.2) ops/second in (23.496757,45.639972) seconds

                               Compactions
Level  Files Size(MB) Time(sec) Read(MB) Write(MB)
--------------------------------------------------
  0        0        0        70        0      7980
  1       31      222        92    11647     11552
  2      151      830        89    12058     12016
  3      808     2796       142    18064     17964
  4     2318     7124       215    28232     27616
  5    10868    60756       327    43653     41890
  6    50265    68728       219    25875     25343
WriteAmplification: 18.0912

2020/08/25-00:21:24  ... thread 1: (1000000,3000000) ops and (42340.0,45492.9) ops/second in (23.618316,65.944290) seconds

                               Compactions
Level  Files Size(MB) Time(sec) Read(MB) Write(MB)
--------------------------------------------------
  0        0        0        73        0      8355
  1       41      304        95    12022     11926
  2      185      941        91    12350     12307
  3      654     2552       143    18244     18143
  4     2355     7156       218    28655     28037
  5    10988    59723       329    44040     42118
  6    50624    69936       230    27193     26608
WriteAmplification: 17.6533

2020/08/25-00:21:25  ... thread 3: (1000000,3000000) ops and (42571.8,44262.2) ops/second in (23.489724,67.777955) seconds

                               Compactions
Level  Files Size(MB) Time(sec) Read(MB) Write(MB)
--------------------------------------------------
  0        6       47        73        0      8402
  1       41      304        95    12022     11926
  2      185      941        91    12350     12307
  3      654     2552       143    18244     18143
  4     2355     7156       218    28655     28037
  5    10988    59723       329    44040     42118
  6    50624    69936       230    27193     26608
WriteAmplification: 17.5603

2020/08/25-00:21:28  ... thread 0: (1000000,3000000) ops and (40021.1,42814.3) ops/second in (24.986821,70.069979) seconds

                               Compactions
Level  Files Size(MB) Time(sec) Read(MB) Write(MB)
--------------------------------------------------
  0        0        0        74        0      8449
  1       69      398        95    12116     12020
  2      185      941        91    12350     12307
  3      654     2552       143    18244     18143
  4     2346     7153       218    28655     28037
  5    10831    58809       329    44043     42119
  6    50858    70813       238    28164     27541
WriteAmplification: 17.5899

2020/08/25-00:21:28  ... thread 2: (1000000,3000000) ops and (40682.9,42722.7) ops/second in (24.580376,70.220348) seconds

                               Compactions
Level  Files Size(MB) Time(sec) Read(MB) Write(MB)
--------------------------------------------------
  0        0        0        74        0      8449
  1       69      398        95    12116     12020
  2      185      941        91    12350     12307
  3      654     2552       143    18244     18143
  4     2346     7153       218    28655     28037
  5    10831    58809       329    44043     42119
  6    50858    70813       238    28164     27541
WriteAmplification: 17.5899

2020/08/25-00:21:47  ... thread 1: (1000000,4000000) ops and (43431.7,44959.5) ops/second in (23.024648,88.968938) seconds

                               Compactions
Level  Files Size(MB) Time(sec) Read(MB) Write(MB)
--------------------------------------------------
  0        0        0        77        0      8824
  1       31      222        98    12492     12394
  2      151      830        95    12900     12855
  3      827     2746       148    18903     18799
  4     2404     7226       222    29117     28494
  5    11216    59032       332    44429     42342
  6    50858    70813       238    28164     27541
WriteAmplification: 17.1400

2020/08/25-00:21:48  ... thread 3: (1000000,4000000) ops and (44735.1,44379.5) ops/second in (22.353836,90.131791) seconds

                               Compactions
Level  Files Size(MB) Time(sec) Read(MB) Write(MB)
--------------------------------------------------
  0        6       47        77        0      8871
  1       31      222        98    12492     12394
  2      151      830        95    12900     12855
  3      827     2746       148    18903     18799
  4     2404     7226       222    29117     28494
  5    11216    59032       332    44429     42342
  6    50858    70813       238    28164     27541
WriteAmplification: 17.0546

2020/08/25-00:21:50  ... thread 0: (1000000,4000000) ops and (44811.3,43296.7) ops/second in (22.315793,92.385772) seconds

                               Compactions
Level  Files Size(MB) Time(sec) Read(MB) Write(MB)
--------------------------------------------------
  0        0        0        78        0      8918
  1       59      316        99    12586     12488
  2      130      794        95    12900     12855
  3      565     2394       149    18939     18834
  4     2719     7611       225    29504     28879
  5    11216    59032       332    44429     42342
  6    50858    70813       238    28164     27541
WriteAmplification: 17.0277

2020/08/25-00:21:51  ... thread 2: (1000000,4000000) ops and (43968.9,43027.6) ops/second in (22.743325,92.963673) seconds

                               Compactions
Level  Files Size(MB) Time(sec) Read(MB) Write(MB)
--------------------------------------------------
  0        0        0        78        0      8918
  1       41      304        99    12586     12488
  2      137      800        96    12912     12867
  3      564     2394       149    18944     18840
  4     2724     7616       225    29509     28884
  5    11216    59032       332    44429     42342
  6    50858    70813       238    28164     27541
WriteAmplification: 17.0301

2020/08/25-00:22:10  ... thread 1: (1000000,5000000) ops and (43466.4,44652.7) ops/second in (23.006290,111.975228) seconds

                               Compactions
Level  Files Size(MB) Time(sec) Read(MB) Write(MB)
--------------------------------------------------
  0        0        0        81        0      9294
  1       69      398       102    12961     12863
  2      185      941        98    13193     13146
  3      538     2387       150    19083     18978
  4     2582     7443       226    29656     29029
  5    11097    57083       334    44746     42522
  6    51441    72845       258    30526     29805
WriteAmplification: 16.7464

2020/08/25-00:22:11  ... thread 3: (1000000,5000000) ops and (43243.6,44147.5) ops/second in (23.124785,113.256576) seconds

                               Compactions
Level  Files Size(MB) Time(sec) Read(MB) Write(MB)
--------------------------------------------------
  0        6       47        81        0      9341
  1       69      398       102    12961     12863
  2      185      941        98    13193     13146
  3      538     2387       150    19083     18978
  4     2582     7443       226    29656     29029
  5    11097    57083       334    44746     42522
  6    51441    72845       258    30526     29805
WriteAmplification: 16.6673

2020/08/25-00:22:13  ... thread 0: (1000000,5000000) ops and (44488.1,43529.9) ops/second in (22.477925,114.863697) seconds

                               Compactions
Level  Files Size(MB) Time(sec) Read(MB) Write(MB)
--------------------------------------------------
  0        6       47        81        0      9341
  1       21      148       102    12961     12863
  2      303     1190       100    13443     13396
  3      538     2387       150    19083     18978
  4     2582     7443       226    29656     29029
  5    11097    57083       334    44746     42522
  6    51441    72845       258    30526     29805
WriteAmplification: 16.6940

2020/08/25-00:22:14  ... thread 2: (1000000,5000000) ops and (41925.9,42802.6) ops/second in (23.851586,116.815259) seconds

                               Compactions
Level  Files Size(MB) Time(sec) Read(MB) Write(MB)
--------------------------------------------------
  0        0        0        82        0      9388
  1       31      222       102    13055     12956
  2      178      915       100    13462     13415
  3      688     2680       152    19378     19271
  4     2582     7443       226    29656     29029
  5    10653    55282       334    44746     42522
  6    52028    74563       273    32327     31523
WriteAmplification: 16.8418

2020/08/25-00:22:32  ... thread 1: (1000000,6000000) ops and (45055.3,44719.3) ops/second in (22.194950,134.170178) seconds

                               Compactions
Level  Files Size(MB) Time(sec) Read(MB) Write(MB)
--------------------------------------------------
  0       12       94        85        0      9763
  1       31      222       104    13337     13237
  2      151      830       102    13743     13694
  3      762     2848       155    19742     19634
  4     2470     7259       228    29850     29222
  5    11044    55496       337    45123     42736
  6    51942    74560       275    32465     31659
WriteAmplification: 16.3826

2020/08/25-00:22:34  ... thread 3: (1000000,6000000) ops and (44240.1,44162.9) ops/second in (22.603951,135.860527) seconds

                               Compactions
Level  Files Size(MB) Time(sec) Read(MB) Write(MB)
--------------------------------------------------
  0        0        0        85        0      9763
  1       41      304       105    13431     13331
  2      137      800       102    13755     13706
  3      544     2428       155    19784     19675
  4     2788     7717       232    30311     29680
  5    11044    55496       337    45123     42736
  6    51942    74560       275    32465     31659
WriteAmplification: 16.4445

2020/08/25-00:22:37  ... thread 0: (1000000,6000000) ops and (40631.0,43018.3) ops/second in (24.611749,139.475446) seconds

                               Compactions
Level  Files Size(MB) Time(sec) Read(MB) Write(MB)
--------------------------------------------------
  0       12       94        86        0      9857
  1       41      304       105    13431     13331
  2      137      800       102    13755     13706
  3      532     2398       155    19784     19675
  4     2809     7746       232    30341     29709
  5    10516    53360       337    45123     42736
  6    52580    76593       293    34601     33692
WriteAmplification: 16.5066

2020/08/25-00:22:38  ... thread 2: (1000000,6000000) ops and (42690.6,42783.9) ops/second in (23.424362,140.239621) seconds

                               Compactions
Level  Files Size(MB) Time(sec) Read(MB) Write(MB)
--------------------------------------------------
  0        0        0        86        0      9857
  1       69      398       106    13524     13425
  2      137      800       102    13755     13706
  3      532     2398       155    19784     19675
  4     2809     7746       232    30341     29709
  5    10516    53360       337    45123     42736
  6    52501    76591       294    34732     33821
WriteAmplification: 16.5292

2020/08/25-00:22:55  ... thread 1: (1000000,7000000) ops and (43058.3,44474.2) ops/second in (23.224301,157.394479) seconds

                               Compactions
Level  Files Size(MB) Time(sec) Read(MB) Write(MB)
--------------------------------------------------
  0        6       47        89        0     10186
  1       21      148       107    13806     13706
  2      303     1190       106    14286     14235
  3      557     2414       156    19923     19813
  4     2468     7259       233    30464     29831
  5    11147    53708       341    45733     43084
  6    52501    76591       294    34732     33821
WriteAmplification: 16.1675

2020/08/25-00:22:57  ... thread 3: (1000000,7000000) ops and (42987.3,43991.1) ops/second in (23.262685,159.123212) seconds

                               Compactions
Level  Files Size(MB) Time(sec) Read(MB) Write(MB)
--------------------------------------------------
  0        0        0        89        0     10233
  1       31      222       108    13900     13799
  2      178      915       106    14305     14254
  3      707     2707       158    20217     20107
  4     2468     7259       233    30464     29831
  5    11147    53708       341    45733     43084
  6    52501    76591       294    34732     33821
WriteAmplification: 16.1376

2020/08/25-00:22:59  ... thread 2: (1000000,7000000) ops and (47021.6,43341.9) ops/second in (21.266841,161.506462) seconds

                               Compactions
Level  Files Size(MB) Time(sec) Read(MB) Write(MB)
--------------------------------------------------
  0        6       47        90        0     10280
  1       31      222       108    13900     13799
  2      172      907       106    14305     14254
  3      593     2447       158    20225     20114
  4     2651     7525       235    30732     30097
  5    11147    53708       341    45733     43084
  6    52501    76591       294    34732     33821
WriteAmplification: 16.0951

2020/08/25-00:23:00  ... thread 0: (1000000,7000000) ops and (44391.5,43209.3) ops/second in (22.526812,162.002258) seconds

                               Compactions
Level  Files Size(MB) Time(sec) Read(MB) Write(MB)
--------------------------------------------------
  0        6       47        90        0     10280
  1       31      222       108    13900     13799
  2      172      907       106    14305     14254
  3      593     2447       158    20225     20114
  4     2651     7525       235    30732     30097
  5    11147    53708       341    45733     43084
  6    52501    76591       294    34732     33821
WriteAmplification: 16.0951

2020/08/25-00:23:18  ... thread 1: (1000000,8000000) ops and (44395.9,44464.4) ops/second in (22.524603,179.919082) seconds

                               Compactions
Level  Files Size(MB) Time(sec) Read(MB) Write(MB)
--------------------------------------------------
  0        6       47        93        0     10655
  1       41      304       111    14275     14174
  2      137      800       109    14598     14545
  3      653     2559       162    20623     20510
  4     2549     7319       238    31015     30378
  5    10787    50542       345    46219     43365
  6    53459    79862       327    38510     37423
WriteAmplification: 16.0535

2020/08/25-00:23:19  ... thread 3: (1000000,8000000) ops and (45635.5,44190.1) ops/second in (21.912753,181.035965) seconds

                               Compactions
Level  Files Size(MB) Time(sec) Read(MB) Write(MB)
--------------------------------------------------
  0       12       94        93        0     10702
  1       41      304       111    14275     14174
  2      137      800       109    14598     14545
  3      653     2559       162    20623     20510
  4     2549     7319       238    31015     30378
  5    10787    50542       345    46219     43365
  6    53459    79862       327    38510     37423
WriteAmplification: 15.9875

2020/08/25-00:23:21  ... thread 2: (1000000,8000000) ops and (45983.1,43655.4) ops/second in (21.747106,183.253568) seconds

                               Compactions
Level  Files Size(MB) Time(sec) Read(MB) Write(MB)
--------------------------------------------------
  0        6       47        94        0     10749
  1       21      148       112    14369     14267
  2      255     1050       111    14848     14795
  3      653     2559       162    20623     20510
  4     2549     7319       238    31015     30378
  5    10787    50542       345    46219     43365
  6    53459    79862       327    38510     37423
WriteAmplification: 15.9539

2020/08/25-00:23:22  ... thread 0: (1000000,8000000) ops and (45101.7,43437.1) ops/second in (22.172090,184.174348) seconds

                               Compactions
Level  Files Size(MB) Time(sec) Read(MB) Write(MB)
--------------------------------------------------
  0        6       47        94        0     10749
  1       21      148       112    14369     14267
  2      189      945       111    14848     14795
  3      721     2664       163    20728     20615
  4     2549     7319       238    31015     30378
  5    10787    50542       345    46219     43365
  6    53459    79862       327    38510     37423
WriteAmplification: 15.9637

2020/08/25-00:23:41  ... thread 1: (1000000,9000000) ops and (43058.5,44303.7) ops/second in (23.224234,203.143316) seconds

                               Compactions
Level  Files Size(MB) Time(sec) Read(MB) Write(MB)
--------------------------------------------------
  0        6       47        97        0     11124
  1       31      222       114    14745     14642
  2      172      907       113    15148     15093
  3      807     2853       165    21064     20949
  4     2272     6956       239    31161     30523
  5    10724    48430       349    46727     43660
  6    54112    82138       349    41123     39905
WriteAmplification: 15.8119

2020/08/25-00:23:41  ... thread 3: (1000000,9000000) ops and (44591.2,44234.3) ops/second in (22.425957,203.461922) seconds

                               Compactions
Level  Files Size(MB) Time(sec) Read(MB) Write(MB)
--------------------------------------------------
  0        6       47        97        0     11124
  1       31      222       114    14745     14642
  2      172      907       113    15148     15093
  3      807     2853       165    21064     20949
  4     2272     6956       239    31161     30523
  5    10724    48430       349    46727     43660
  6    54112    82138       349    41123     39905
WriteAmplification: 15.8119

2020/08/25-00:23:44  ... thread 2: (1000000,9000000) ops and (42589.8,43534.3) ops/second in (23.479794,206.733362) seconds

                               Compactions
Level  Files Size(MB) Time(sec) Read(MB) Write(MB)
--------------------------------------------------
  0        6       47        98        0     11218
  1       41      304       115    14839     14736
  2      170      910       113    15160     15105
  3      611     2400       166    21073     20958
  4     2576     7414       243    31622     30981
  5    10724    48430       349    46727     43660
  6    54112    82138       349    41123     39905
WriteAmplification: 15.7389

2020/08/25-00:23:45  ... thread 0: (1000000,9000000) ops and (43931.1,43491.4) ops/second in (22.762924,206.937272) seconds

                               Compactions
Level  Files Size(MB) Time(sec) Read(MB) Write(MB)
--------------------------------------------------
  0        6       47        98        0     11218
  1       41      304       115    14839     14736
  2      170      910       113    15160     15105
  3      611     2400       166    21073     20958
  4     2576     7414       243    31622     30981
  5    10724    48430       349    46727     43660
  6    54112    82138       349    41123     39905
WriteAmplification: 15.7389

2020/08/25-00:24:03  ... thread 1: (1000000,10000000) ops and (45599.1,44429.9) ops/second in (21.930268,225.073584) seconds

                               Compactions
Level  Files Size(MB) Time(sec) Read(MB) Write(MB)
--------------------------------------------------
  0        6       47       101        0     11594
  1       21      148       118    15214     15110
  2      255     1050       117    15691     15634
  3      564     2394       169    21462     21345
  4     2896     7804       246    32015     31371
  5    10724    48430       349    46727     43660
  6    54112    82138       349    41123     39905
WriteAmplification: 15.4065

2020/08/25-00:24:03  ... thread 3: (1000000,10000000) ops and (45202.1,44329.2) ops/second in (22.122878,225.584800) seconds

                               Compactions
Level  Files Size(MB) Time(sec) Read(MB) Write(MB)
--------------------------------------------------
  0        6       47       101        0     11594
  1       21      148       118    15214     15110
  2      255     1050       117    15691     15634
  3      564     2394       169    21462     21345
  4     2896     7804       246    32015     31371
  5    10724    48430       349    46727     43660
  6    54112    82138       349    41123     39905
WriteAmplification: 15.4065

2020/08/25-00:24:04  ... thread 2: (1000000,10000000) ops and (50924.2,44175.4) ops/second in (19.637013,226.370375) seconds

                               Compactions
Level  Files Size(MB) Time(sec) Read(MB) Write(MB)
--------------------------------------------------
  0        6       47       101        0     11594
  1       21      148       118    15214     15110
  2      189      945       117    15691     15634
  3      632     2498       169    21567     21450
  4     2896     7804       246    32015     31371
  5    10724    48430       349    46727     43660
  6    54112    82138       349    41123     39905
WriteAmplification: 15.4155

2020/08/25-00:24:06  ... thread 0: (1000000,10000000) ops and (47452.5,43857.5) ops/second in (21.073686,228.010958) seconds

                               Compactions
Level  Files Size(MB) Time(sec) Read(MB) Write(MB)
--------------------------------------------------
  0        0        0       102        0     11641
  1       49      241       119    15308     15204
  2      189      945       117    15691     15634
  3      536     2372       169    21567     21450
  4     3001     7929       247    32141     31496
  5    10010    45505       349    46727     43660
  6    55070    84909       374    44048     42676
WriteAmplification: 15.6142

r0           :       5.700 micros/op 175429 ops/sec;   19.4 MB/s (10000000 ops)
Microseconds per op:
Count: 40000000 Average: 22.6260  StdDev: 21.70
Min: 0  Median: 4.1847  Max: 348467
Percentiles: P50: 4.18 P75: 15.42 P99: 166.13 P99.9: 372.71 P99.99: 1999.59
------------------------------------------------------
[       0,       1 ]   986117   2.465%   2.465% 
(       1,       2 ]  2866555   7.166%   9.632% #
(       2,       3 ]  6797586  16.994%  26.626% ###
(       3,       4 ]  8664723  21.662%  48.287% ####
(       4,       6 ]  7418476  18.546%  66.834% ####
(       6,      10 ]  1951575   4.879%  71.713% #
(      10,      15 ]  1213523   3.034%  74.746% #
(      15,      22 ]  1674699   4.187%  78.933% #
(      22,      34 ]  1945492   4.864%  83.797% #
(      34,      51 ]  1586625   3.967%  87.763% #
(      51,      76 ]  3085272   7.713%  95.477% ##
(      76,     110 ]   865726   2.164%  97.641% 
(     110,     170 ]   581145   1.453%  99.094% 
(     170,     250 ]   236903   0.592%  99.686% 
(     250,     380 ]    90667   0.227%  99.913% 
(     380,     580 ]    23212   0.058%  99.971% 
(     580,     870 ]     5156   0.013%  99.984% 
(     870,    1300 ]     1544   0.004%  99.987% 
(    1300,    1900 ]      907   0.002%  99.990% 
(    1900,    2900 ]      974   0.002%  99.992% 
(    2900,    4400 ]      426   0.001%  99.993% 
(    4400,    6600 ]      101   0.000%  99.994% 
(    6600,    9900 ]       32   0.000%  99.994% 
(    9900,   14000 ]       18   0.000%  99.994% 
(   14000,   22000 ]        4   0.000%  99.994% 
(   22000,   33000 ]       12   0.000%  99.994% 
(   33000,   50000 ]     1116   0.003%  99.996% 
(   50000,   75000 ]      518   0.001%  99.998% 
(   75000,  110000 ]      723   0.002% 100.000% 
(  110000,  170000 ]       94   0.000% 100.000% 
(  170000,  250000 ]       50   0.000% 100.000% 
(  250000,  380000 ]       29   0.000% 100.000% 


                               Compactions
Level  Files Size(MB) Time(sec) Read(MB) Write(MB)
--------------------------------------------------
  0        0        0       102        0     11641
  1       49      241       119    15308     15204
  2      189      945       117    15691     15634
  3      536     2372       169    21567     21450
  4     3001     7929       247    32141     31496
  5    10010    45505       349    46727     43660
  6    55070    84909       374    44048     42676
WriteAmplification: 15.6142

-------------------------- Timer information ----------------------

-------------------------------------------------------------------
-------------------------- Individual static timer information 0 --------------------

-------------------------------------------------------------------
-------------------------- Individual static timer information 1 --------------------

-------------------------------------------------------------------
-------------------------- Individual static timer information 2 --------------------

-------------------------------------------------------------------
-------------------------- Individual static timer information 3 --------------------

-------------------------------------------------------------------
-------------------------- Cumulative static timer information --------------------

-------------------------------------------------------------------
