./kv/release/tests/db/kv_bench --hugepage=false --db=/mnt/nvm/kv8B --num=8000000000 --value_size=100 --batch_size=1000 --benchmarks=fillrandom,stats --logpath=/mnt/ssd --bloom_bits=10 --log=true --cache_size=8388608 --low_pool=3 --high_pool=3 --open_files=40000 --stats_interval=100000000 --histogram=true --compression=0 --write_buffer_size=2097152 --skiplistrep=true --log_dio=true --partition=100 --print_wa=true 
Keys:       16 bytes each
Values:     100 bytes each (50 bytes after compression)
Entries:    8000000000
RawSize:    885009.8 MB (estimated)
FileSize:   503540.0 MB (estimated)
WARNING: Snappy compression is not enabled
------------------------------------------------
Write buffer: 2048.00 KB. Compression: 0. 
Recover seq# 0, log# 0, min log#0, file# 1
using provided pivots
Log Recover time: 0.0000 s
seq# 0, log# 1, min log#0, file# 3
Write buffer: 2048.00 KB. Compression: 0. 
Recover seq# 0, log# 0, min log#0, file# 1
using provided pivots
Log Recover time: 0.0000 s
2019/09/12-18:29:58  ... thread 0: (100000000,100000000) ops and (498483.9,498483.9) ops/second in (200.608300,200.608300) seconds

                               Compactions
Level Time(sec) Read(MB) Write(MB)
--------------------------------------------------
  0     47.13     0.00  11281.50
  1     61.63 10400.45  10321.54
BucketCount: 100
WriteAmplification: 1.9149

2019/09/12-18:33:19  ... thread 0: (100000000,200000000) ops and (495617.4,497046.5) ops/second in (201.768527,402.376827) seconds

                               Compactions
Level Time(sec) Read(MB) Write(MB)
--------------------------------------------------
  0    107.22     0.00  22640.79
  1    129.30 21756.41  21591.46
  2     76.95 13486.91  13388.97
BucketCount: 100
WriteAmplification: 2.5450

2019/09/12-18:36:44  ... thread 0: (100000000,300000000) ops and (488888.0,494296.9) ops/second in (204.545809,606.922636) seconds

                               Compactions
Level Time(sec) Read(MB) Write(MB)
--------------------------------------------------
  0    169.45     0.00  34011.97
  1    197.66 33176.97  32925.77
  2    138.04 23821.09  23646.02
BucketCount: 100
WriteAmplification: 2.6633

2019/09/12-18:40:05  ... thread 0: (100000000,400000000) ops and (496941.2,494955.4) ops/second in (201.231067,808.153703) seconds

                               Compactions
Level Time(sec) Read(MB) Write(MB)
--------------------------------------------------
  0    233.83     0.00  45373.61
  1    266.85 44602.48  44265.03
  2    202.43 35166.72  34908.74
BucketCount: 100
WriteAmplification: 2.7449

2019/09/12-18:43:29  ... thread 0: (100000000,500000000) ops and (491973.3,494356.1) ops/second in (203.263066,1011.416769) seconds

                               Compactions
Level Time(sec) Read(MB) Write(MB)
--------------------------------------------------
  0    295.38     0.00  56745.73
  1    334.13 55945.78  55522.88
  2    272.69 47349.61  47000.46
BucketCount: 100
WriteAmplification: 2.8067

2019/09/12-18:46:54  ... thread 0: (100000000,600000000) ops and (485887.6,492924.2) ops/second in (205.808930,1217.225699) seconds

                               Compactions
Level Time(sec) Read(MB) Write(MB)
--------------------------------------------------
  0    358.86     0.00  68103.11
  1    401.71 67266.14  66757.75
  2    336.37 58400.02  57969.71
BucketCount: 100
WriteAmplification: 2.8315

2019/09/12-18:50:18  ... thread 0: (100000000,700000000) ops and (491548.0,492727.1) ops/second in (203.438920,1420.664619) seconds

                               Compactions
Level Time(sec) Read(MB) Write(MB)
--------------------------------------------------
  0    425.38     0.00  79480.82
  1    469.68 78729.90  78135.03
  2    401.37 69714.85  69201.05
BucketCount: 100
WriteAmplification: 2.8537

2019/09/12-18:53:42  ... thread 0: (100000000,800000000) ops and (489171.9,492279.9) ops/second in (204.427105,1625.091724) seconds

                               Compactions
Level Time(sec) Read(MB) Write(MB)
--------------------------------------------------
  0    492.36     0.00  90843.45
  1    537.88 90038.37  89358.42
  2    469.09 81653.90  81051.66
BucketCount: 100
WriteAmplification: 2.8759

2019/09/12-18:57:17  ... thread 0: (100000000,900000000) ops and (465662.3,489173.1) ops/second in (214.747893,1839.839617) seconds

                               Compactions
Level Time(sec) Read(MB) Write(MB)
--------------------------------------------------
  0    555.63     0.00 102204.64
  1    605.24 101412.98 100647.24
  2    528.23 91878.10  91200.66
BucketCount: 100
WriteAmplification: 2.8771

2019/09/12-19:00:45  ... thread 0: (100000000,1000000000) ops and (481421.8,488386.7) ops/second in (207.718035,2047.557652) seconds

                               Compactions
Level Time(sec) Read(MB) Write(MB)
--------------------------------------------------
  0    623.39     0.00 113579.82
  1    674.06 112823.14 111970.94
  2    598.41 103894.53 103127.40
BucketCount: 100
WriteAmplification: 2.8938

2019/09/12-19:04:10  ... thread 0: (100000000,1100000000) ops and (487241.1,488282.4) ops/second in (205.237203,2252.794855) seconds

                               Compactions
Level Time(sec) Read(MB) Write(MB)
--------------------------------------------------
  0    691.60     0.00 124942.83
  1    743.27 124057.84 123120.75
  2    671.49 116052.94 115174.99
BucketCount: 107
WriteAmplification: 2.9072

2019/09/12-19:07:38  ... thread 0: (100000000,1200000000) ops and (480178.0,487596.6) ops/second in (208.256100,2461.050955) seconds

                               Compactions
Level Time(sec) Read(MB) Write(MB)
--------------------------------------------------
  0    757.24     0.00 136293.59
  1    813.41 135431.26 134407.97
  2    745.29 128623.97 127522.42
BucketCount: 114
WriteAmplification: 2.9218

2019/09/12-19:11:10  ... thread 0: (100000000,1300000000) ops and (472334.9,486387.7) ops/second in (211.714192,2672.765147) seconds

                               Compactions
Level Time(sec) Read(MB) Write(MB)
--------------------------------------------------
  0    829.39     0.00 147635.87
  1    884.28 146511.68 145404.39
  2    853.98 146745.40 144480.67
BucketCount: 163
WriteAmplification: 2.9635

2019/09/12-19:14:54  ... thread 0: (100000000,1400000000) ops and (446797.2,483328.6) ops/second in (223.815177,2896.580324) seconds

                               Compactions
Level Time(sec) Read(MB) Write(MB)
--------------------------------------------------
  0    902.96     0.00 158925.36
  1    950.72 157127.90 155940.79
  2    990.13 170447.97 165462.06
BucketCount: 212
WriteAmplification: 3.0224

2019/09/12-19:18:47  ... thread 0: (100000000,1500000000) ops and (428495.4,479240.1) ops/second in (233.374725,3129.955049) seconds

                               Compactions
Level Time(sec) Read(MB) Write(MB)
--------------------------------------------------
  0    974.17     0.00 170253.32
  1   1019.24 168179.60 166909.48
  2   1099.98 190049.90 182460.11
BucketCount: 254
WriteAmplification: 3.0521

2019/09/12-19:22:56  ... thread 0: (100000000,1600000000) ops and (401220.0,473485.6) ops/second in (249.239789,3379.194838) seconds

                               Compactions
Level Time(sec) Read(MB) Write(MB)
--------------------------------------------------
  0   1050.74     0.00 181523.84
  1   1089.08 179055.44 177704.11
  2   1263.16 219549.40 205403.86
BucketCount: 345
WriteAmplification: 3.1105

2019/09/12-19:27:10  ... thread 0: (100000000,1700000000) ops and (394643.1,467985.9) ops/second in (253.393522,3632.588360) seconds

                               Compactions
Level Time(sec) Read(MB) Write(MB)
--------------------------------------------------
  0   1113.68     0.00 192847.53
  1   1155.98 190016.84 188583.79
  2   1332.05 231466.65 216012.59
BucketCount: 359
WriteAmplification: 3.0980

2019/09/12-19:31:35  ... thread 0: (100000000,1800000000) ops and (377333.6,461822.0) ops/second in (265.017450,3897.605810) seconds

                               Compactions
Level Time(sec) Read(MB) Write(MB)
--------------------------------------------------
  0   1179.05     0.00 204127.25
  1   1221.17 200738.70 199226.03
  2   1443.63 251971.85 231262.33
BucketCount: 401
WriteAmplification: 3.1089

2019/09/12-19:36:03  ... thread 0: (100000000,1900000000) ops and (372931.6,456100.2) ops/second in (268.145706,4165.751516) seconds

                               Compactions
Level Time(sec) Read(MB) Write(MB)
--------------------------------------------------
  0   1246.54     0.00 215382.44
  1   1288.09 211471.46 209878.69
  2   1597.05 281101.44 250832.36
BucketCount: 478
WriteAmplification: 3.1390

2019/09/12-19:40:35  ... thread 0: (100000000,2000000000) ops and (366960.4,450627.0) ops/second in (272.508946,4438.260462) seconds

                               Compactions
Level Time(sec) Read(MB) Write(MB)
--------------------------------------------------
  0   1308.67     0.00 226681.99
  1   1357.52 222616.26 220940.69
  2   1691.76 298013.64 262829.51
BucketCount: 520
WriteAmplification: 3.1341

2019/09/12-19:45:09  ... thread 0: (100000000,2100000000) ops and (365397.9,445676.8) ops/second in (273.674282,4711.934744) seconds

                               Compactions
Level Time(sec) Read(MB) Write(MB)
--------------------------------------------------
  0   1370.00     0.00 237985.24
  1   1426.65 233669.88 231912.51
  2   1776.32 313786.56 273054.59
BucketCount: 555
WriteAmplification: 3.1218

2019/09/12-19:49:51  ... thread 0: (100000000,2200000000) ops and (354694.9,440540.3) ops/second in (281.932482,4993.867226) seconds

                               Compactions
Level Time(sec) Read(MB) Write(MB)
--------------------------------------------------
  0   1436.61     0.00 249228.43
  1   1494.09 244072.64 242238.55
  2   1946.50 346271.49 292249.17
BucketCount: 632
WriteAmplification: 3.1446

2019/09/12-19:54:40  ... thread 0: (100000000,2300000000) ops and (345722.3,435349.1) ops/second in (289.249463,5283.116689) seconds

                               Compactions
Level Time(sec) Read(MB) Write(MB)
--------------------------------------------------
  0   1494.07     0.00 260516.22
  1   1562.45 255169.99 253253.79
  2   2004.30 357327.14 299385.60
BucketCount: 646
WriteAmplification: 3.1213

2019/09/12-19:59:38  ... thread 0: (100000000,2400000000) ops and (335536.2,430019.1) ops/second in (298.030439,5581.147128) seconds

                               Compactions
Level Time(sec) Read(MB) Write(MB)
--------------------------------------------------
  0   1554.65     0.00 271804.39
  1   1635.18 266564.40 264563.91
  2   2108.83 376931.39 311645.53
BucketCount: 681
WriteAmplification: 3.1199

2019/09/12-20:04:36  ... thread 0: (100000000,2500000000) ops and (335595.5,425233.4) ops/second in (297.977767,5879.124895) seconds

                               Compactions
Level Time(sec) Read(MB) Write(MB)
--------------------------------------------------
  0   1616.63     0.00 283057.52
  1   1702.83 277517.94 275436.66
  2   2250.80 403825.71 327279.68
BucketCount: 737
WriteAmplification: 3.1293

2019/09/12-20:09:44  ... thread 0: (100000000,2600000000) ops and (325276.7,420266.2) ops/second in (307.430558,6186.555453) seconds

                               Compactions
Level Time(sec) Read(MB) Write(MB)
--------------------------------------------------
  0   1675.59     0.00 294335.21
  1   1764.17 287917.01 285759.81
  2   2357.70 424774.21 339609.84
BucketCount: 765
WriteAmplification: 3.1247

2019/09/12-20:14:52  ... thread 0: (100000000,2700000000) ops and (324293.0,415709.6) ops/second in (308.363075,6494.918528) seconds

                               Compactions
Level Time(sec) Read(MB) Write(MB)
--------------------------------------------------
  0   1731.46     0.00 305616.34
  1   1831.05 299356.63 297115.09
  2   2417.72 435875.48 347966.49
BucketCount: 772
WriteAmplification: 3.1108

2019/09/12-20:19:57  ... thread 0: (100000000,2800000000) ops and (328192.5,411787.9) ops/second in (304.699216,6799.617744) seconds

                               Compactions
Level Time(sec) Read(MB) Write(MB)
--------------------------------------------------
  0   1791.18     0.00 316877.33
  1   1896.17 310516.23 308193.07
  2   2483.70 448257.99 357090.63
BucketCount: 779
WriteAmplification: 3.0995

2019/09/12-20:25:06  ... thread 0: (100000000,2900000000) ops and (323605.6,407954.5) ops/second in (309.018143,7108.635887) seconds

                               Compactions
Level Time(sec) Read(MB) Write(MB)
--------------------------------------------------
  0   1850.44     0.00 328161.87
  1   1963.67 321504.69 319100.81
  2   2567.97 464079.43 367494.04
BucketCount: 793
WriteAmplification: 3.0922

2019/09/12-20:30:14  ... thread 0: (100000000,3000000000) ops and (324758.4,404500.4) ops/second in (307.921253,7416.557140) seconds

                               Compactions
Level Time(sec) Read(MB) Write(MB)
--------------------------------------------------
  0   1908.35     0.00 339467.34
  1   2036.24 333054.02 330564.86
  2   2629.75 475578.69 375492.10
BucketCount: 800
WriteAmplification: 3.0799

2019/09/12-20:35:21  ... thread 0: (100000000,3100000000) ops and (324947.3,401330.9) ops/second in (307.742167,7724.299307) seconds

                               Compactions
Level Time(sec) Read(MB) Write(MB)
--------------------------------------------------
  0   1965.18     0.00 350723.41
  1   2105.09 343992.16 341422.80
  2   2686.98 485858.51 383967.84
BucketCount: 800
WriteAmplification: 3.0683

2019/09/12-20:40:28  ... thread 0: (100000000,3200000000) ops and (325692.6,398439.2) ops/second in (307.038029,8031.337336) seconds

                               Compactions
Level Time(sec) Read(MB) Write(MB)
--------------------------------------------------
  0   2020.58     0.00 362030.46
  1   2177.28 355638.99 352984.46
  2   2736.53 494779.13 391448.49
BucketCount: 800
WriteAmplification: 3.0563

2019/09/12-20:45:37  ... thread 0: (100000000,3300000000) ops and (324240.5,395695.3) ops/second in (308.413047,8339.750383) seconds

                               Compactions
Level Time(sec) Read(MB) Write(MB)
--------------------------------------------------
  0   2076.40     0.00 373323.49
  1   2247.78 366789.07 364053.03
  2   2802.09 506741.60 400965.57
BucketCount: 800
WriteAmplification: 3.0492

2019/09/12-20:50:48  ... thread 0: (100000000,3400000000) ops and (321555.3,393030.0) ops/second in (310.988453,8650.738836) seconds

                               Compactions
Level Time(sec) Read(MB) Write(MB)
--------------------------------------------------
  0   2133.26     0.00 384605.23
  1   2319.13 377962.77 375144.39
  2   2857.00 516949.91 408819.00
BucketCount: 800
WriteAmplification: 3.0384

2019/09/12-20:56:01  ... thread 0: (100000000,3500000000) ops and (319057.8,390443.7) ops/second in (313.422822,8964.161658) seconds

                               Compactions
Level Time(sec) Read(MB) Write(MB)
--------------------------------------------------
  0   2195.62     0.00 395901.89
  1   2391.37 389503.12 386600.00
  2   2929.09 530057.10 419496.76
BucketCount: 800
WriteAmplification: 3.0361

2019/09/12-21:01:13  ... thread 0: (100000000,3600000000) ops and (320303.6,388083.0) ops/second in (312.203804,9276.365462) seconds

                               Compactions
Level Time(sec) Read(MB) Write(MB)
--------------------------------------------------
  0   2255.19     0.00 407195.13
  1   2461.35 400513.32 397529.38
  2   2995.08 541690.99 429074.40
BucketCount: 800
WriteAmplification: 3.0300

2019/09/12-21:06:21  ... thread 0: (100000000,3700000000) ops and (325076.8,386060.7) ops/second in (307.619648,9583.985110) seconds

                               Compactions
Level Time(sec) Read(MB) Write(MB)
--------------------------------------------------
  0   2316.49     0.00 418473.52
  1   2534.38 411773.57 408706.86
  2   3055.30 552305.21 437887.46
BucketCount: 800
WriteAmplification: 3.0231

2019/09/12-21:11:32  ... thread 0: (100000000,3800000000) ops and (321935.2,384047.6) ops/second in (310.621493,9894.606603) seconds

                               Compactions
Level Time(sec) Read(MB) Write(MB)
--------------------------------------------------
  0   2378.88     0.00 429781.37
  1   2609.64 423167.58 420017.40
  2   3122.69 563979.22 447243.81
BucketCount: 800
WriteAmplification: 3.0179

2019/09/12-21:16:42  ... thread 0: (100000000,3900000000) ops and (322689.0,382184.2) ops/second in (309.895875,10204.502478) seconds

                               Compactions
Level Time(sec) Read(MB) Write(MB)
--------------------------------------------------
  0   2449.04     0.00 441060.83
  1   2688.59 434764.03 431528.82
  2   3198.27 576816.81 457502.27
BucketCount: 800
WriteAmplification: 3.0157

2019/09/12-21:21:59  ... thread 0: (100000000,4000000000) ops and (314715.8,380146.9) ops/second in (317.746948,10522.249426) seconds

                               Compactions
Level Time(sec) Read(MB) Write(MB)
--------------------------------------------------
  0   2516.04     0.00 452358.82
  1   2765.21 445919.23 442602.48
  2   3262.20 587432.54 465997.58
BucketCount: 800
WriteAmplification: 3.0086

2019/09/12-21:27:15  ... thread 0: (100000000,4100000000) ops and (316493.3,378291.2) ops/second in (315.962445,10838.211871) seconds

                               Compactions
Level Time(sec) Read(MB) Write(MB)
--------------------------------------------------
  0   2583.18     0.00 463624.71
  1   2841.17 457173.94 453774.17
  2   3324.63 597665.40 474222.77
BucketCount: 800
WriteAmplification: 3.0016

2019/09/12-21:32:23  ... thread 0: (100000000,4200000000) ops and (325455.3,376834.6) ops/second in (307.261850,11145.473721) seconds

                               Compactions
Level Time(sec) Read(MB) Write(MB)
--------------------------------------------------
  0   2653.46     0.00 474913.59
  1   2915.40 468241.56 464760.77
  2   3385.67 607704.07 482415.24
BucketCount: 800
WriteAmplification: 2.9944

2019/09/12-21:37:31  ... thread 0: (100000000,4300000000) ops and (323796.2,375404.5) ops/second in (308.836197,11454.309918) seconds

                               Compactions
Level Time(sec) Read(MB) Write(MB)
--------------------------------------------------
  0   2716.58     0.00 486198.10
  1   2986.73 479669.04 476104.38
  2   3453.71 619643.34 492292.16
BucketCount: 800
WriteAmplification: 2.9918

2019/09/12-21:42:42  ... thread 0: (100000000,4400000000) ops and (321890.5,373991.5) ops/second in (310.664699,11764.974617) seconds

                               Compactions
Level Time(sec) Read(MB) Write(MB)
--------------------------------------------------
  0   2776.85     0.00 497482.46
  1   3054.65 490911.48 487264.41
  2   3521.38 631676.06 501863.21
BucketCount: 800
WriteAmplification: 2.9883

2019/09/12-21:47:57  ... thread 0: (100000000,4500000000) ops and (318006.7,372534.0) ops/second in (314.458814,12079.433431) seconds

                               Compactions
Level Time(sec) Read(MB) Write(MB)
--------------------------------------------------
  0   2835.92     0.00 508775.56
  1   3121.75 502078.28 498349.11
  2   3584.76 643101.07 511144.96
BucketCount: 800
WriteAmplification: 2.9842

2019/09/12-21:53:04  ... thread 0: (100000000,4600000000) ops and (325283.7,371361.3) ops/second in (307.423986,12386.857417) seconds

                               Compactions
Level Time(sec) Read(MB) Write(MB)
--------------------------------------------------
  0   2894.18     0.00 520075.97
  1   3192.99 513583.77 509770.33
  2   3644.39 653836.38 519868.20
BucketCount: 800
WriteAmplification: 2.9798

2019/09/12-21:58:10  ... thread 0: (100000000,4700000000) ops and (327075.5,370294.6) ops/second in (305.739786,12692.597203) seconds

                               Compactions
Level Time(sec) Read(MB) Write(MB)
--------------------------------------------------
  0   2955.71     0.00 531363.32
  1   3265.73 524927.96 521031.47
  2   3707.67 665344.60 529120.95
BucketCount: 800
WriteAmplification: 2.9763

2019/09/12-22:03:19  ... thread 0: (100000000,4800000000) ops and (323456.8,369180.9) ops/second in (309.160309,13001.757512) seconds

                               Compactions
Level Time(sec) Read(MB) Write(MB)
--------------------------------------------------
  0   3018.44     0.00 542646.11
  1   3338.12 536250.79 532271.46
  2   3778.88 677884.92 539602.63
BucketCount: 800
WriteAmplification: 2.9753

2019/09/12-22:08:20  ... thread 0: (100000000,4900000000) ops and (331503.2,368326.5) ops/second in (301.656210,13303.413722) seconds

                               Compactions
Level Time(sec) Read(MB) Write(MB)
--------------------------------------------------
  0   3077.55     0.00 553917.68
  1   3410.12 547544.74 543482.61
  2   3832.19 687329.11 547379.49
BucketCount: 800
WriteAmplification: 2.9694

2019/09/12-22:13:22  ... thread 0: (100000000,5000000000) ops and (331434.1,367508.4) ops/second in (301.719068,13605.132790) seconds

                               Compactions
Level Time(sec) Read(MB) Write(MB)
--------------------------------------------------
  0   3138.61     0.00 565265.32
  1   3479.74 558320.67 554179.48
  2   3899.06 699142.46 556944.18
BucketCount: 800
WriteAmplification: 2.9657

2019/09/12-22:18:25  ... thread 0: (100000000,5100000000) ops and (330165.4,366695.1) ops/second in (302.878508,13908.011298) seconds

                               Compactions
Level Time(sec) Read(MB) Write(MB)
--------------------------------------------------
  0   3199.28     0.00 576506.74
  1   3555.56 569731.62 565506.44
  2   3967.12 711055.01 566546.97
BucketCount: 800
WriteAmplification: 2.9636

2019/09/12-22:23:33  ... thread 0: (100000000,5200000000) ops and (324453.2,365779.3) ops/second in (308.210871,14216.222169) seconds

                               Compactions
Level Time(sec) Read(MB) Write(MB)
--------------------------------------------------
  0   3262.63     0.00 587777.64
  1   3633.34 581204.89 576895.75
  2   4027.46 721145.09 574772.70
BucketCount: 800
WriteAmplification: 2.9594

2019/09/12-22:28:38  ... thread 0: (100000000,5300000000) ops and (328045.4,364987.2) ops/second in (304.835828,14521.057997) seconds

                               Compactions
Level Time(sec) Read(MB) Write(MB)
--------------------------------------------------
  0   3323.34     0.00 599102.39
  1   3708.69 592704.15 588310.84
  2   4082.69 730865.16 582404.09
BucketCount: 800
WriteAmplification: 2.9541

2019/09/12-22:33:48  ... thread 0: (100000000,5400000000) ops and (322439.6,364097.5) ops/second in (310.135570,14831.193567) seconds

                               Compactions
Level Time(sec) Read(MB) Write(MB)
--------------------------------------------------
  0   3386.79     0.00 610381.36
  1   3781.55 603670.09 599196.04
  2   4145.94 742050.26 591645.92
BucketCount: 800
WriteAmplification: 2.9510

2019/09/12-22:38:54  ... thread 0: (100000000,5500000000) ops and (327546.9,363360.2) ops/second in (305.299780,15136.493347) seconds

                               Compactions
Level Time(sec) Read(MB) Write(MB)
--------------------------------------------------
  0   3449.60     0.00 621676.41
  1   3857.55 615078.37 610520.87
  2   4207.73 752841.88 599958.44
BucketCount: 800
WriteAmplification: 2.9471

2019/09/12-22:44:00  ... thread 0: (100000000,5600000000) ops and (325936.3,362616.8) ops/second in (306.808446,15443.301793) seconds

                               Compactions
Level Time(sec) Read(MB) Write(MB)
--------------------------------------------------
  0   3515.32     0.00 632962.73
  1   3935.14 626411.05 621770.44
  2   4279.39 765061.98 609888.10
BucketCount: 800
WriteAmplification: 2.9459

2019/09/12-22:49:12  ... thread 0: (100000000,5700000000) ops and (321240.0,361799.2) ops/second in (311.293703,15754.595496) seconds

                               Compactions
Level Time(sec) Read(MB) Write(MB)
--------------------------------------------------
  0   3588.89     0.00 644251.79
  1   4015.14 637596.49 632873.74
  2   4359.30 777787.60 620387.16
BucketCount: 800
WriteAmplification: 2.9453

2019/09/12-22:54:19  ... thread 0: (100000000,5800000000) ops and (325489.9,361104.7) ops/second in (307.229173,16061.824669) seconds

                               Compactions
Level Time(sec) Read(MB) Write(MB)
--------------------------------------------------
  0   3663.79     0.00 655553.49
  1   4096.30 648995.09 644188.69
  2   4421.04 787606.16 628693.50
BucketCount: 800
WriteAmplification: 2.9417

2019/09/12-22:59:22  ... thread 0: (100000000,5900000000) ops and (330310.1,360535.0) ops/second in (302.745787,16364.570456) seconds

                               Compactions
Level Time(sec) Read(MB) Write(MB)
--------------------------------------------------
  0   3742.45     0.00 666796.87
  1   4176.86 660233.06 655344.02
  2   4500.30 800294.22 638591.81
BucketCount: 800
WriteAmplification: 2.9405

2019/09/12-23:04:24  ... thread 0: (100000000,6000000000) ops and (330856.4,359996.8) ops/second in (302.245957,16666.816413) seconds

                               Compactions
Level Time(sec) Read(MB) Write(MB)
--------------------------------------------------
  0   3822.29     0.00 678119.32
  1   4261.49 671814.53 666840.73
  2   4578.83 812653.43 648493.80
BucketCount: 800
WriteAmplification: 2.9397

2019/09/12-23:09:33  ... thread 0: (100000000,6100000000) ops and (323744.8,359337.1) ops/second in (308.885292,16975.701705) seconds

                               Compactions
Level Time(sec) Read(MB) Write(MB)
--------------------------------------------------
  0   3892.97     0.00 689421.38
  1   4340.29 682843.76 677789.02
  2   4639.92 822512.20 656554.08
BucketCount: 800
WriteAmplification: 2.9355

2019/09/12-23:14:45  ... thread 0: (100000000,6200000000) ops and (319920.7,358624.5) ops/second in (312.577485,17288.279190) seconds

                               Compactions
Level Time(sec) Read(MB) Write(MB)
--------------------------------------------------
  0   3969.07     0.00 700688.58
  1   4423.39 694208.84 689070.76
  2   4719.74 835050.46 666654.55
BucketCount: 800
WriteAmplification: 2.9348

2019/09/12-23:19:54  ... thread 0: (100000000,6300000000) ops and (323982.6,358016.8) ops/second in (308.658558,17596.937748) seconds

                               Compactions
Level Time(sec) Read(MB) Write(MB)
--------------------------------------------------
  0   4039.46     0.00 711986.65
  1   4503.62 705524.97 700304.46
  2   4800.32 848204.49 677382.66
BucketCount: 800
WriteAmplification: 2.9350

2019/09/12-23:24:56  ... thread 0: (100000000,6400000000) ops and (330710.3,357555.5) ops/second in (302.379444,17899.317192) seconds

                               Compactions
Level Time(sec) Read(MB) Write(MB)
--------------------------------------------------
  0   4110.96     0.00 723280.99
  1   4582.99 716589.28 711287.99
  2   4862.46 858168.58 685699.82
BucketCount: 800
WriteAmplification: 2.9315

2019/09/12-23:30:04  ... thread 0: (100000000,6500000000) ops and (325145.3,357008.1) ops/second in (307.554784,18206.871976) seconds

                               Compactions
Level Time(sec) Read(MB) Write(MB)
--------------------------------------------------
  0   4182.99     0.00 734565.59
  1   4665.09 727966.44 722581.51
  2   4918.22 866974.87 692887.36
BucketCount: 800
WriteAmplification: 2.9269

2019/09/12-23:35:12  ... thread 0: (100000000,6600000000) ops and (324501.8,356467.0) ops/second in (308.164657,18515.036633) seconds

                               Compactions
Level Time(sec) Read(MB) Write(MB)
--------------------------------------------------
  0   4262.04     0.00 745852.51
  1   4749.80 739285.19 733817.30
  2   4983.60 877151.92 701270.86
BucketCount: 800
WriteAmplification: 2.9241

2019/09/12-23:40:22  ... thread 0: (100000000,6700000000) ops and (322954.3,355915.8) ops/second in (309.641338,18824.677971) seconds

                               Compactions
Level Time(sec) Read(MB) Write(MB)
--------------------------------------------------
  0   4332.82     0.00 757123.72
  1   4829.72 750484.92 744934.87
  2   5052.11 888219.04 710209.88
BucketCount: 800
WriteAmplification: 2.9219

2019/09/12-23:45:30  ... thread 0: (100000000,6800000000) ops and (324543.7,355410.6) ops/second in (308.124908,19132.802879) seconds

                               Compactions
Level Time(sec) Read(MB) Write(MB)
--------------------------------------------------
  0   4409.59     0.00 768424.62
  1   4915.73 761768.48 756135.59
  2   5118.64 898421.00 718126.39
BucketCount: 800
WriteAmplification: 2.9186

2019/09/12-23:50:33  ... thread 0: (100000000,6900000000) ops and (330179.7,355017.4) ops/second in (302.865343,19435.668222) seconds

                               Compactions
Level Time(sec) Read(MB) Write(MB)
--------------------------------------------------
  0   4488.02     0.00 779718.42
  1   4999.89 773235.74 767518.66
  2   5193.12 910327.10 728138.28
BucketCount: 800
WriteAmplification: 2.9182

2019/09/12-23:55:41  ... thread 0: (100000000,7000000000) ops and (324023.1,354532.9) ops/second in (308.619946,19744.288168) seconds

                               Compactions
Level Time(sec) Read(MB) Write(MB)
--------------------------------------------------
  0   4570.47     0.00 791018.33
  1   5081.25 784377.44 778578.42
  2   5267.88 921954.57 737586.38
BucketCount: 800
WriteAmplification: 2.9167

2019/09/13-00:00:54  ... thread 0: (100000000,7100000000) ops and (320134.6,353997.2) ops/second in (312.368568,20056.656736) seconds

                               Compactions
Level Time(sec) Read(MB) Write(MB)
--------------------------------------------------
  0   4639.92     0.00 802305.19
  1   5159.17 795524.69 789643.64
  2   5336.12 933063.80 746847.94
BucketCount: 800
WriteAmplification: 2.9151

2019/09/13-00:05:59  ... thread 0: (100000000,7200000000) ops and (327959.2,353607.3) ops/second in (304.915931,20361.572667) seconds

                               Compactions
Level Time(sec) Read(MB) Write(MB)
--------------------------------------------------
  0   4716.23     0.00 813600.17
  1   5243.45 807007.95 801042.78
  2   5418.50 946527.08 757309.67
BucketCount: 800
WriteAmplification: 2.9154

2019/09/13-00:11:05  ... thread 0: (100000000,7300000000) ops and (326153.4,353200.0) ops/second in (306.604235,20668.176902) seconds

                               Compactions
Level Time(sec) Read(MB) Write(MB)
--------------------------------------------------
  0   4790.47     0.00 824882.56
  1   5325.19 818282.62 812234.87
  2   5489.69 957893.70 766697.14
BucketCount: 800
WriteAmplification: 2.9141

2019/09/13-00:16:15  ... thread 0: (100000000,7400000000) ops and (322882.6,352752.4) ops/second in (309.710106,20977.887008) seconds

                               Compactions
Level Time(sec) Read(MB) Write(MB)
--------------------------------------------------
  0   4871.62     0.00 836171.82
  1   5411.50 829718.39 823586.68
  2   5567.53 969885.06 776517.85
BucketCount: 800
WriteAmplification: 2.9136

2019/09/13-00:21:23  ... thread 0: (100000000,7500000000) ops and (324547.4,352344.1) ops/second in (308.121360,21286.008368) seconds

                               Compactions
Level Time(sec) Read(MB) Write(MB)
--------------------------------------------------
  0   4952.15     0.00 847440.40
  1   5494.11 840986.06 834772.04
  2   5637.41 981041.14 785781.73
BucketCount: 800
WriteAmplification: 2.9123

2019/09/13-00:26:43  ... thread 0: (100000000,7600000000) ops and (312802.7,351759.0) ops/second in (319.690340,21605.698708) seconds

                               Compactions
Level Time(sec) Read(MB) Write(MB)
--------------------------------------------------
  0   5026.16     0.00 858725.93
  1   5573.79 851961.55 845666.69
  2   5698.46 990735.74 793643.44
BucketCount: 800
WriteAmplification: 2.9090

2019/09/13-00:31:54  ... thread 0: (100000000,7700000000) ops and (321603.4,351331.2) ops/second in (310.941997,21916.640705) seconds

                               Compactions
Level Time(sec) Read(MB) Write(MB)
--------------------------------------------------
  0   5102.93     0.00 869999.23
  1   5658.43 863736.87 857355.48
  2   5761.25 1000619.69 801391.09
BucketCount: 800
WriteAmplification: 2.9066

2019/09/13-00:37:05  ... thread 0: (100000000,7800000000) ops and (321074.0,350907.3) ops/second in (311.454681,22228.095386) seconds

                               Compactions
Level Time(sec) Read(MB) Write(MB)
--------------------------------------------------
  0   5181.05     0.00 881324.04
  1   5734.59 874875.10 868412.42
  2   5824.94 1010688.94 809691.77
BucketCount: 800
WriteAmplification: 2.9041

2019/09/13-00:42:14  ... thread 0: (100000000,7900000000) ops and (323813.3,350536.0) ops/second in (308.819938,22536.915324) seconds

                               Compactions
Level Time(sec) Read(MB) Write(MB)
--------------------------------------------------
  0   5262.79     0.00 892600.50
  1   5811.22 885943.73 879399.98
  2   5894.62 1021580.94 818237.68
BucketCount: 800
WriteAmplification: 2.9019

2019/09/13-00:47:28  ... thread 0: (100000000,8000000000) ops and (318519.0,350096.1) ops/second in (313.953057,22850.868381) seconds

                               Compactions
Level Time(sec) Read(MB) Write(MB)
--------------------------------------------------
  0   5353.96     0.00 903887.63
  1   5890.31 897332.56 890705.43
  2   5976.18 1033833.81 828228.30
BucketCount: 800
WriteAmplification: 2.9017

fillrandom   :       2.856 micros/op 350096 ops/sec;   38.7 MB/s
Microseconds per op:
Count: 8000000000 Average: 2.8564  StdDev: 1.41
Min: 0  Median: 0.5005  Max: 399087
Percentiles: P50: 0.50 P75: 0.75 P99: 0.99 P99.9: 1300.20 P99.99: 3793.35
------------------------------------------------------
[       0,       1 ] 7991491354  99.894%  99.894% ####################
(       1,       2 ]   133707   0.002%  99.895% 
(       2,       3 ]    33275   0.000%  99.896% 
(       3,       4 ]    83207   0.001%  99.897% 
(       4,       6 ]   221405   0.003%  99.900% 
(       6,      10 ]    26522   0.000%  99.900% 
(      10,      15 ]     5532   0.000%  99.900% 
(      15,      22 ]     3239   0.000%  99.900% 
(      22,      34 ]      503   0.000%  99.900% 
(      34,      51 ]      207   0.000%  99.900% 
(      51,      76 ]       85   0.000%  99.900% 
(      76,     110 ]       24   0.000%  99.900% 
(     110,     170 ]      130   0.000%  99.900% 
(     170,     250 ]      193   0.000%  99.900% 
(     250,     380 ]       12   0.000%  99.900% 
(     380,     580 ]        2   0.000%  99.900% 
(     580,     870 ]       41   0.000%  99.900% 
(     870,    1300 ]      204   0.000%  99.900% 
(    1300,    1900 ]  1059671   0.013%  99.913% 
(    1900,    2900 ]  5028133   0.063%  99.976% 
(    2900,    4400 ]  1868057   0.023%  99.999% 
(    4400,    6600 ]    30092   0.000% 100.000% 
(    6600,    9900 ]     6155   0.000% 100.000% 
(    9900,   14000 ]     1845   0.000% 100.000% 
(   14000,   22000 ]     3737   0.000% 100.000% 
(   22000,   33000 ]     2590   0.000% 100.000% 
(   33000,   50000 ]       51   0.000% 100.000% 
(   50000,   75000 ]        5   0.000% 100.000% 
(   75000,  110000 ]        4   0.000% 100.000% 
(  110000,  170000 ]        4   0.000% 100.000% 
(  170000,  250000 ]        6   0.000% 100.000% 
(  250000,  380000 ]        6   0.000% 100.000% 
(  380000,  570000 ]        2   0.000% 100.000% 


                               Compactions
Level Time(sec) Read(MB) Write(MB)
--------------------------------------------------
  0   5353.96     0.00 903887.63
  1   5890.31 897332.56 890705.43
  2   5976.18 1033833.81 828228.30
BucketCount: 800
WriteAmplification: 2.9017

seq# 8000000000, log# 4542, min log#4532, file# 603321
