./kv/release/tests/db/kv_bench --hugepage=true --db=/mnt/nvm/kv8B --num=8000000000 --value_size=100 --batch_size=1000 --benchmarks=fillrandom,stats --logpath=/mnt/ssd --bloom_bits=10 --log=true --cache_size=8388608 --low_pool=3 --high_pool=3 --open_files=40000 --stats_interval=100000000 --histogram=true --compression=0 --write_buffer_size=2097152 --skiplistrep=true --log_dio=true --partition=100 --print_wa=true 
Keys:       16 bytes each
Values:     100 bytes each (50 bytes after compression)
Entries:    8000000000
RawSize:    885009.8 MB (estimated)
FileSize:   503540.0 MB (estimated)
WARNING: Snappy compression is not enabled
------------------------------------------------
Write buffer: 2048.00 KB. Compression: 0. 
Recover seq# 0, log# 0, min log#0, file# 1
using provided pivots
Log Recover time: 0.0000 s
seq# 0, log# 1, min log#0, file# 3
Write buffer: 2048.00 KB. Compression: 0. 
Recover seq# 0, log# 0, min log#0, file# 1
using provided pivots
Log Recover time: 0.0000 s
2019/09/13-10:38:02  ... thread 0: (100000000,100000000) ops and (548521.4,548521.4) ops/second in (182.308306,182.308306) seconds

                               Compactions
Level Time(sec) Read(MB) Write(MB)
--------------------------------------------------
  0     49.27     0.00  11274.68
  1     60.83 10451.70  10373.07
  2      0.58   111.96    111.23
BucketCount: 100
WriteAmplification: 1.9299

2019/09/13-10:41:08  ... thread 0: (100000000,200000000) ops and (537509.2,542959.4) ops/second in (186.043342,368.351648) seconds

                               Compactions
Level Time(sec) Read(MB) Write(MB)
--------------------------------------------------
  0    113.62     0.00  22646.13
  1    129.26 21836.47  21671.54
  2     75.35 13144.23  13048.31
BucketCount: 100
WriteAmplification: 2.5331

2019/09/13-10:44:41  ... thread 0: (100000000,300000000) ops and (471091.3,516684.9) ops/second in (212.273074,580.624722) seconds

                               Compactions
Level Time(sec) Read(MB) Write(MB)
--------------------------------------------------
  0    181.94     0.00  34008.34
  1    194.65 33197.93  32947.55
  2    141.48 24341.58  24162.22
BucketCount: 100
WriteAmplification: 2.6793

2019/09/13-10:48:15  ... thread 0: (100000000,400000000) ops and (466351.6,503109.7) ops/second in (214.430490,795.055212) seconds

                               Compactions
Level Time(sec) Read(MB) Write(MB)
--------------------------------------------------
  0    251.06     0.00  45377.20
  1    259.78 44412.28  44077.42
  2    204.47 35515.97  35254.51
BucketCount: 100
WriteAmplification: 2.7483

2019/09/13-10:51:53  ... thread 0: (100000000,500000000) ops and (458711.8,493555.6) ops/second in (218.001812,1013.057024) seconds

                               Compactions
Level Time(sec) Read(MB) Write(MB)
--------------------------------------------------
  0    319.92     0.00  56746.42
  1    325.81 55866.50  55445.43
  2    269.39 46880.63  46534.85
BucketCount: 100
WriteAmplification: 2.7971

2019/09/13-10:55:25  ... thread 0: (100000000,600000000) ops and (471777.5,489787.4) ops/second in (211.964311,1225.021335) seconds

                               Compactions
Level Time(sec) Read(MB) Write(MB)
--------------------------------------------------
  0    383.70     0.00  68117.83
  1    392.32 67263.52  66756.41
  2    329.97 57668.81  57244.29
BucketCount: 100
WriteAmplification: 2.8204

2019/09/13-10:59:00  ... thread 0: (100000000,700000000) ops and (465621.0,486182.6) ops/second in (214.766938,1439.788273) seconds

                               Compactions
Level Time(sec) Read(MB) Write(MB)
--------------------------------------------------
  0    450.54     0.00  79479.15
  1    458.25 78539.51  77947.14
  2    400.19 69592.69  69078.78
BucketCount: 100
WriteAmplification: 2.8499

2019/09/13-11:02:34  ... thread 0: (100000000,800000000) ops and (465966.7,483560.2) ops/second in (214.607617,1654.395890) seconds

                               Compactions
Level Time(sec) Read(MB) Write(MB)
--------------------------------------------------
  0    518.65     0.00  90841.70
  1    524.49 89947.63  89269.30
  2    461.65 80365.14  79772.06
BucketCount: 100
WriteAmplification: 2.8608

2019/09/13-11:06:13  ... thread 0: (100000000,900000000) ops and (457535.2,480523.2) ops/second in (218.562402,1872.958292) seconds

                               Compactions
Level Time(sec) Read(MB) Write(MB)
--------------------------------------------------
  0    587.56     0.00 102203.55
  1    591.29 101417.09 100652.33
  2    524.88 91705.20  91029.21
BucketCount: 100
WriteAmplification: 2.8755

2019/09/13-11:09:51  ... thread 0: (100000000,1000000000) ops and (458328.1,478207.5) ops/second in (218.184297,2091.142589) seconds

                               Compactions
Level Time(sec) Read(MB) Write(MB)
--------------------------------------------------
  0    658.83     0.00 113565.62
  1    659.43 112804.03 111953.40
  2    605.29 105614.71 104837.85
BucketCount: 114
WriteAmplification: 2.9090

2019/09/13-11:13:29  ... thread 0: (100000000,1100000000) ops and (458367.8,476333.2) ops/second in (218.165435,2309.308024) seconds

                               Compactions
Level Time(sec) Read(MB) Write(MB)
--------------------------------------------------
  0    733.55     0.00 124893.94
  1    726.16 123866.17 122932.24
  2    704.13 122296.03 121357.65
BucketCount: 142
WriteAmplification: 2.9560

2019/09/13-11:17:10  ... thread 0: (100000000,1200000000) ops and (452485.2,474250.2) ops/second in (221.001711,2530.309735) seconds

                               Compactions
Level Time(sec) Read(MB) Write(MB)
--------------------------------------------------
  0    804.85     0.00 136252.09
  1    791.99 135013.72 133996.05
  2    770.16 133711.38 132629.91
BucketCount: 149
WriteAmplification: 2.9569

2019/09/13-11:20:56  ... thread 0: (100000000,1300000000) ops and (442523.2,471649.1) ops/second in (225.976857,2756.286592) seconds

                               Compactions
Level Time(sec) Read(MB) Write(MB)
--------------------------------------------------
  0    880.80     0.00 147565.87
  1    858.64 146130.16 145028.93
  2    876.44 152407.55 150107.03
BucketCount: 198
WriteAmplification: 3.0000

2019/09/13-11:24:46  ... thread 0: (100000000,1400000000) ops and (436155.1,468923.3) ops/second in (229.276214,2985.562806) seconds

                               Compactions
Level Time(sec) Read(MB) Write(MB)
--------------------------------------------------
  0    956.15     0.00 158910.64
  1    925.43 157174.04 155990.26
  2    985.61 171807.80 167578.72
BucketCount: 240
WriteAmplification: 3.0362

2019/09/13-11:28:36  ... thread 0: (100000000,1500000000) ops and (434906.1,466490.8) ops/second in (229.934711,3215.497517) seconds

                               Compactions
Level Time(sec) Read(MB) Write(MB)
--------------------------------------------------
  0   1030.03     0.00 170216.13
  1    990.42 168056.93 166791.92
  2   1079.78 188540.99 182170.25
BucketCount: 268
WriteAmplification: 3.0501

2019/09/13-11:32:31  ... thread 0: (100000000,1600000000) ops and (424619.5,463633.4) ops/second in (235.504944,3451.002461) seconds

                               Compactions
Level Time(sec) Read(MB) Write(MB)
--------------------------------------------------
  0   1109.39     0.00 181494.33
  1   1055.28 178764.26 177419.39
  2   1226.09 215166.46 203448.22
BucketCount: 345
WriteAmplification: 3.0985

2019/09/13-11:36:29  ... thread 0: (100000000,1700000000) ops and (420885.4,460879.9) ops/second in (237.594364,3688.596825) seconds

                               Compactions
Level Time(sec) Read(MB) Write(MB)
--------------------------------------------------
  0   1180.13     0.00 192798.09
  1   1121.35 189729.47 188302.81
  2   1322.49 233263.89 217665.44
BucketCount: 380
WriteAmplification: 3.1057

2019/09/13-11:40:28  ... thread 0: (100000000,1800000000) ops and (418233.6,458283.7) ops/second in (239.100828,3927.697653) seconds

                               Compactions
Level Time(sec) Read(MB) Write(MB)
--------------------------------------------------
  0   1251.63     0.00 204047.15
  1   1186.10 200399.68 198893.69
  2   1440.49 255214.21 233558.70
BucketCount: 436
WriteAmplification: 3.1194

2019/09/13-11:44:31  ... thread 0: (100000000,1900000000) ops and (411306.6,455545.3) ops/second in (243.127615,4170.825268) seconds

                               Compactions
Level Time(sec) Read(MB) Write(MB)
--------------------------------------------------
  0   1323.09     0.00 215358.51
  1   1253.17 211553.71 209965.37
  2   1558.45 276771.34 248962.19
BucketCount: 485
WriteAmplification: 3.1310

2019/09/13-11:48:35  ... thread 0: (100000000,2000000000) ops and (408793.2,452955.2) ops/second in (244.622444,4415.447712) seconds

                               Compactions
Level Time(sec) Read(MB) Write(MB)
--------------------------------------------------
  0   1390.73     0.00 226640.35
  1   1317.56 222355.61 220687.22
  2   1648.03 293592.86 260737.90
BucketCount: 520
WriteAmplification: 3.1242

2019/09/13-11:52:44  ... thread 0: (100000000,2100000000) ops and (401994.0,450237.2) ops/second in (248.759945,4664.207657) seconds

                               Compactions
Level Time(sec) Read(MB) Write(MB)
--------------------------------------------------
  0   1460.55     0.00 237926.40
  1   1382.57 233061.57 231313.97
  2   1773.26 317417.46 275772.42
BucketCount: 583
WriteAmplification: 3.1313

2019/09/13-11:56:53  ... thread 0: (100000000,2200000000) ops and (402265.6,447809.8) ops/second in (248.591962,4912.799619) seconds

                               Compactions
Level Time(sec) Read(MB) Write(MB)
--------------------------------------------------
  0   1533.53     0.00 249127.41
  1   1448.74 243902.96 242075.31
  2   1966.59 354321.30 296833.18
BucketCount: 667
WriteAmplification: 3.1632

2019/09/13-12:01:12  ... thread 0: (100000000,2300000000) ops and (385648.1,444693.4) ops/second in (259.303782,5172.103401) seconds

                               Compactions
Level Time(sec) Read(MB) Write(MB)
--------------------------------------------------
  0   1595.16     0.00 260481.57
  1   1513.33 254873.53 252965.39
  2   2001.85 360808.46 301878.08
BucketCount: 674
WriteAmplification: 3.1301

2019/09/13-12:05:28  ... thread 0: (100000000,2400000000) ops and (391470.1,442188.4) ops/second in (255.447379,5427.550780) seconds

                               Compactions
Level Time(sec) Read(MB) Write(MB)
--------------------------------------------------
  0   1660.00     0.00 271736.94
  1   1579.03 266017.23 264027.17
  2   2065.83 373288.73 309842.62
BucketCount: 695
WriteAmplification: 3.1119

2019/09/13-12:09:39  ... thread 0: (100000000,2500000000) ops and (398261.0,440246.1) ops/second in (251.091601,5678.642381) seconds

                               Compactions
Level Time(sec) Read(MB) Write(MB)
--------------------------------------------------
  0   1726.37     0.00 283015.96
  1   1645.98 277158.12 275086.15
  2   2152.22 389306.51 320490.73
BucketCount: 716
WriteAmplification: 3.1044

2019/09/13-12:13:54  ... thread 0: (100000000,2600000000) ops and (392232.5,438183.1) ops/second in (254.950824,5933.593205) seconds

                               Compactions
Level Time(sec) Read(MB) Write(MB)
--------------------------------------------------
  0   1793.06     0.00 294292.62
  1   1714.14 288567.93 286412.25
  2   2256.42 408839.50 332419.88
BucketCount: 744
WriteAmplification: 3.1028

2019/09/13-12:18:09  ... thread 0: (100000000,2700000000) ops and (392374.8,436296.5) ops/second in (254.858380,6188.451585) seconds

                               Compactions
Level Time(sec) Read(MB) Write(MB)
--------------------------------------------------
  0   1860.57     0.00 305555.63
  1   1777.39 299089.18 296856.16
  2   2359.29 428178.98 344048.19
BucketCount: 772
WriteAmplification: 3.0975

2019/09/13-12:22:28  ... thread 0: (100000000,2800000000) ops and (385147.2,434236.9) ops/second in (259.640996,6448.092581) seconds

                               Compactions
Level Time(sec) Read(MB) Write(MB)
--------------------------------------------------
  0   1925.08     0.00 316872.81
  1   1845.03 310344.05 308028.50
  2   2418.04 438622.84 352585.50
BucketCount: 772
WriteAmplification: 3.0848

2019/09/13-12:26:44  ... thread 0: (100000000,2900000000) ops and (390652.6,432572.8) ops/second in (255.981907,6704.074488) seconds

                               Compactions
Level Time(sec) Read(MB) Write(MB)
--------------------------------------------------
  0   1992.99     0.00 328157.21
  1   1913.25 321595.63 319197.28
  2   2527.03 458950.74 365459.92
BucketCount: 793
WriteAmplification: 3.0864

2019/09/13-12:31:04  ... thread 0: (100000000,3000000000) ops and (384970.3,430797.1) ops/second in (259.760276,6963.834764) seconds

                               Compactions
Level Time(sec) Read(MB) Write(MB)
--------------------------------------------------
  0   2058.05     0.00 339421.08
  1   1979.22 332648.46 330168.92
  2   2601.22 472688.15 375268.97
BucketCount: 800
WriteAmplification: 3.0784

2019/09/13-12:35:23  ... thread 0: (100000000,3100000000) ops and (385991.7,429190.0) ops/second in (259.072902,7222.907666) seconds

                               Compactions
Level Time(sec) Read(MB) Write(MB)
--------------------------------------------------
  0   2122.10     0.00 350699.27
  1   2046.83 344029.62 341466.67
  2   2661.29 483552.11 384200.08
BucketCount: 800
WriteAmplification: 3.0692

2019/09/13-12:39:33  ... thread 0: (100000000,3200000000) ops and (400466.9,428230.2) ops/second in (249.708533,7472.616199) seconds

                               Compactions
Level Time(sec) Read(MB) Write(MB)
--------------------------------------------------
  0   2185.37     0.00 361981.55
  1   2115.54 355430.85 352784.12
  2   2719.70 494037.59 392960.56
BucketCount: 800
WriteAmplification: 3.0602

2019/09/13-12:44:06  ... thread 0: (100000000,3300000000) ops and (365866.2,426029.6) ops/second in (273.323956,7745.940155) seconds

                               Compactions
Level Time(sec) Read(MB) Write(MB)
--------------------------------------------------
  0   2248.84     0.00 373257.62
  1   2185.06 366807.82 364077.83
  2   2775.92 504165.09 401141.63
BucketCount: 800
WriteAmplification: 3.0501

2019/09/13-12:48:24  ... thread 0: (100000000,3400000000) ops and (388245.9,424813.7) ops/second in (257.568740,8003.508895) seconds

                               Compactions
Level Time(sec) Read(MB) Write(MB)
--------------------------------------------------
  0   2314.03     0.00 384544.76
  1   2250.92 377751.52 374941.56
  2   2826.93 513276.00 408463.95
BucketCount: 800
WriteAmplification: 3.0372

2019/09/13-12:52:45  ... thread 0: (100000000,3500000000) ops and (382607.4,423479.0) ops/second in (261.364552,8264.873447) seconds

                               Compactions
Level Time(sec) Read(MB) Write(MB)
--------------------------------------------------
  0   2377.68     0.00 395878.67
  1   2318.47 388976.19 386083.62
  2   2887.11 524350.75 417307.32
BucketCount: 800
WriteAmplification: 3.0294

2019/09/13-12:57:02  ... thread 0: (100000000,3600000000) ops and (389202.8,422445.5) ops/second in (256.935463,8521.808910) seconds

                               Compactions
Level Time(sec) Read(MB) Write(MB)
--------------------------------------------------
  0   2443.08     0.00 407143.13
  1   2389.89 400803.88 397824.46
  2   2954.92 536713.86 427162.36
BucketCount: 800
WriteAmplification: 3.0263

2019/09/13-13:01:13  ... thread 0: (100000000,3700000000) ops and (397607.6,421733.5) ops/second in (251.504220,8773.313130) seconds

                               Compactions
Level Time(sec) Read(MB) Write(MB)
--------------------------------------------------
  0   2508.83     0.00 418426.45
  1   2456.12 411902.15 408841.76
  2   3012.36 547033.47 435607.28
BucketCount: 800
WriteAmplification: 3.0182

2019/09/13-13:05:24  ... thread 0: (100000000,3800000000) ops and (399024.4,421102.8) ops/second in (250.611240,9023.924370) seconds

                               Compactions
Level Time(sec) Read(MB) Write(MB)
--------------------------------------------------
  0   2577.80     0.00 429734.53
  1   2524.83 422930.62 419789.05
  2   3084.73 559443.91 445838.02
BucketCount: 800
WriteAmplification: 3.0143

2019/09/13-13:09:37  ... thread 0: (100000000,3900000000) ops and (395239.0,420397.4) ops/second in (253.011475,9276.935845) seconds

                               Compactions
Level Time(sec) Read(MB) Write(MB)
--------------------------------------------------
  0   2646.02     0.00 441037.94
  1   2596.59 434264.86 431040.20
  2   3157.36 572308.23 456264.34
BucketCount: 800
WriteAmplification: 3.0119

2019/09/13-13:13:54  ... thread 0: (100000000,4000000000) ops and (389260.8,419558.4) ops/second in (256.897177,9533.833022) seconds

                               Compactions
Level Time(sec) Read(MB) Write(MB)
--------------------------------------------------
  0   2711.14     0.00 452278.59
  1   2668.37 445738.21 442429.21
  2   3216.76 582807.62 465064.92
BucketCount: 800
WriteAmplification: 3.0065

2019/09/13-13:18:12  ... thread 0: (100000000,4100000000) ops and (387009.4,418699.5) ops/second in (258.391690,9792.224712) seconds

                               Compactions
Level Time(sec) Read(MB) Write(MB)
--------------------------------------------------
  0   2778.54     0.00 463586.47
  1   2734.17 456546.85 453158.66
  2   3281.58 594226.00 474630.05
BucketCount: 800
WriteAmplification: 3.0013

2019/09/13-13:22:35  ... thread 0: (100000000,4200000000) ops and (381130.1,417719.2) ops/second in (262.377617,10054.602329) seconds

                               Compactions
Level Time(sec) Read(MB) Write(MB)
--------------------------------------------------
  0   2844.22     0.00 474892.89
  1   2804.35 468085.68 464612.63
  2   3336.99 604111.14 482442.72
BucketCount: 800
WriteAmplification: 2.9943

2019/09/13-13:26:49  ... thread 0: (100000000,4300000000) ops and (392475.4,417095.3) ops/second in (254.793019,10309.395348) seconds

                               Compactions
Level Time(sec) Read(MB) Write(MB)
--------------------------------------------------
  0   2911.08     0.00 486160.75
  1   2876.12 479872.84 476313.11
  2   3406.25 616343.89 492531.06
BucketCount: 800
WriteAmplification: 2.9928

2019/09/13-13:31:13  ... thread 0: (100000000,4400000000) ops and (379142.1,416148.5) ops/second in (263.753378,10573.148726) seconds

                               Compactions
Level Time(sec) Read(MB) Write(MB)
--------------------------------------------------
  0   2978.46     0.00 497474.09
  1   2944.37 491016.28 487375.20
  2   3470.61 627845.27 501780.34
BucketCount: 800
WriteAmplification: 2.9884

2019/09/13-13:35:30  ... thread 0: (100000000,4500000000) ops and (390109.7,415532.2) ops/second in (256.338170,10829.486896) seconds

                               Compactions
Level Time(sec) Read(MB) Write(MB)
--------------------------------------------------
  0   3044.75     0.00 508752.97
  1   3012.81 502415.78 498690.96
  2   3530.07 638517.89 510268.30
BucketCount: 800
WriteAmplification: 2.9832

2019/09/13-13:39:47  ... thread 0: (100000000,4600000000) ops and (388933.5,414915.3) ops/second in (257.113342,11086.600238) seconds

                               Compactions
Level Time(sec) Read(MB) Write(MB)
--------------------------------------------------
  0   3111.07     0.00 520027.73
  1   3079.71 513431.93 509626.76
  2   3582.28 647770.31 517390.12
BucketCount: 800
WriteAmplification: 2.9749

2019/09/13-13:44:05  ... thread 0: (100000000,4700000000) ops and (386906.7,414277.2) ops/second in (258.460257,11345.060495) seconds

                               Compactions
Level Time(sec) Read(MB) Write(MB)
--------------------------------------------------
  0   3178.38     0.00 531333.81
  1   3148.00 524665.27 520777.91
  2   3630.99 656540.71 524655.74
BucketCount: 800
WriteAmplification: 2.9676

2019/09/13-13:48:20  ... thread 0: (100000000,4800000000) ops and (392432.3,413797.3) ops/second in (254.821011,11599.881506) seconds

                               Compactions
Level Time(sec) Read(MB) Write(MB)
--------------------------------------------------
  0   3250.74     0.00 542644.03
  1   3217.18 536020.84 532049.99
  2   3710.16 670497.74 536211.44
BucketCount: 800
WriteAmplification: 2.9686

2019/09/13-13:52:39  ... thread 0: (100000000,4900000000) ops and (386116.4,413192.8) ops/second in (258.989266,11858.870772) seconds

                               Compactions
Level Time(sec) Read(MB) Write(MB)
--------------------------------------------------
  0   3319.54     0.00 553908.01
  1   3286.16 547196.09 543143.13
  2   3775.06 681791.82 545183.14
BucketCount: 800
WriteAmplification: 2.9648

2019/09/13-13:57:00  ... thread 0: (100000000,5000000000) ops and (383095.1,412544.6) ops/second in (261.031765,12119.902537) seconds

                               Compactions
Level Time(sec) Read(MB) Write(MB)
--------------------------------------------------
  0   3387.53     0.00 565224.30
  1   3355.03 558623.94 554487.13
  2   3834.70 692394.49 553728.32
BucketCount: 800
WriteAmplification: 2.9607

2019/09/13-14:01:21  ... thread 0: (100000000,5100000000) ops and (383530.2,411933.5) ops/second in (260.735668,12380.638205) seconds

                               Compactions
Level Time(sec) Read(MB) Write(MB)
--------------------------------------------------
  0   3456.60     0.00 576488.87
  1   3423.05 569724.78 565506.49
  2   3895.08 703117.94 562309.08
BucketCount: 800
WriteAmplification: 2.9564

2019/09/13-14:05:39  ... thread 0: (100000000,5200000000) ops and (387098.0,411425.9) ops/second in (258.332521,12638.970726) seconds

                               Compactions
Level Time(sec) Read(MB) Write(MB)
--------------------------------------------------
  0   3530.09     0.00 587786.07
  1   3493.62 581241.94 576939.10
  2   3962.59 714948.53 571941.17
BucketCount: 800
WriteAmplification: 2.9546

2019/09/13-14:09:57  ... thread 0: (100000000,5300000000) ops and (387301.9,410943.0) ops/second in (258.196486,12897.167212) seconds

                               Compactions
Level Time(sec) Read(MB) Write(MB)
--------------------------------------------------
  0   3613.78     0.00 599059.32
  1   3571.35 592680.64 588294.01
  2   4049.76 729331.49 583391.49
BucketCount: 800
WriteAmplification: 2.9559

2019/09/13-14:14:09  ... thread 0: (100000000,5400000000) ops and (396750.7,410670.9) ops/second in (252.047467,13149.214679) seconds

                               Compactions
Level Time(sec) Read(MB) Write(MB)
--------------------------------------------------
  0   3709.67     0.00 610351.59
  1   3651.39 603754.99 599287.28
  2   4147.29 744122.34 595660.32
BucketCount: 800
WriteAmplification: 2.9578

2019/09/13-14:18:25  ... thread 0: (100000000,5500000000) ops and (391155.2,410298.7) ops/second in (255.653023,13404.867702) seconds

                               Compactions
Level Time(sec) Read(MB) Write(MB)
--------------------------------------------------
  0   3782.76     0.00 621662.33
  1   3725.83 614969.79 610420.22
  2   4202.74 753366.09 602976.80
BucketCount: 800
WriteAmplification: 2.9519

2019/09/13-14:22:42  ... thread 0: (100000000,5600000000) ops and (389514.1,409908.1) ops/second in (256.730106,13661.597808) seconds

                               Compactions
Level Time(sec) Read(MB) Write(MB)
--------------------------------------------------
  0   3865.24     0.00 632919.54
  1   3804.82 626386.56 621752.98
  2   4267.52 763771.12 611300.01
BucketCount: 800
WriteAmplification: 2.9482

2019/09/13-14:27:00  ... thread 0: (100000000,5700000000) ops and (387633.8,409495.3) ops/second in (257.975432,13919.573240) seconds

                               Compactions
Level Time(sec) Read(MB) Write(MB)
--------------------------------------------------
  0   3945.83     0.00 644209.63
  1   3880.28 637479.55 632764.44
  2   4324.42 772925.19 618652.10
BucketCount: 800
WriteAmplification: 2.9426

2019/09/13-14:31:16  ... thread 0: (100000000,5800000000) ops and (389513.5,409133.4) ops/second in (256.730481,14176.303721) seconds

                               Compactions
Level Time(sec) Read(MB) Write(MB)
--------------------------------------------------
  0   4028.87     0.00 655516.45
  1   3956.23 648821.42 644023.36
  2   4385.43 782571.90 626649.24
BucketCount: 800
WriteAmplification: 2.9384

2019/09/13-14:35:34  ... thread 0: (100000000,5900000000) ops and (388664.2,408768.6) ops/second in (257.291507,14433.595228) seconds

                               Compactions
Level Time(sec) Read(MB) Write(MB)
--------------------------------------------------
  0   4113.77     0.00 666772.13
  1   4034.29 660238.26 655356.23
  2   4455.36 793607.66 635956.22
BucketCount: 800
WriteAmplification: 2.9367

2019/09/13-14:39:51  ... thread 0: (100000000,6000000000) ops and (388222.6,408408.3) ops/second in (257.584205,14691.179433) seconds

                               Compactions
Level Time(sec) Read(MB) Write(MB)
--------------------------------------------------
  0   4192.48     0.00 678078.85
  1   4111.73 671715.71 666749.30
  2   4521.57 804547.54 644489.72
BucketCount: 800
WriteAmplification: 2.9338

2019/09/13-14:44:06  ... thread 0: (100000000,6100000000) ops and (392491.6,408137.0) ops/second in (254.782521,14945.961954) seconds

                               Compactions
Level Time(sec) Read(MB) Write(MB)
--------------------------------------------------
  0   4278.73     0.00 689365.10
  1   4190.83 682917.66 677869.36
  2   4590.44 815257.94 652868.35
BucketCount: 800
WriteAmplification: 2.9304

2019/09/13-14:48:19  ... thread 0: (100000000,6200000000) ops and (394547.4,407910.4) ops/second in (253.454979,15199.416933) seconds

                               Compactions
Level Time(sec) Read(MB) Write(MB)
--------------------------------------------------
  0   4371.90     0.00 700666.33
  1   4269.87 693921.31 688792.45
  2   4664.33 826849.92 662552.93
BucketCount: 800
WriteAmplification: 2.9287

2019/09/13-14:52:37  ... thread 0: (100000000,6300000000) ops and (387952.6,407577.6) ops/second in (257.763444,15457.180377) seconds

                               Compactions
Level Time(sec) Read(MB) Write(MB)
--------------------------------------------------
  0   4459.61     0.00 711946.94
  1   4351.53 705314.89 700102.37
  2   4734.93 837717.65 671175.01
BucketCount: 800
WriteAmplification: 2.9261

2019/09/13-14:56:53  ... thread 0: (100000000,6400000000) ops and (391378.1,407314.1) ops/second in (255.507419,15712.687796) seconds

                               Compactions
Level Time(sec) Read(MB) Write(MB)
--------------------------------------------------
  0   4546.99     0.00 723231.45
  1   4430.65 716795.89 711498.91
  2   4812.56 849693.82 681112.43
BucketCount: 800
WriteAmplification: 2.9255

2019/09/13-15:01:09  ... thread 0: (100000000,6500000000) ops and (389745.4,407031.9) ops/second in (256.577770,15969.265566) seconds

                               Compactions
Level Time(sec) Read(MB) Write(MB)
--------------------------------------------------
  0   4645.99     0.00 734512.83
  1   4513.04 727925.61 722547.19
  2   4903.56 863093.90 692213.36
BucketCount: 800
WriteAmplification: 2.9261

2019/09/13-15:05:27  ... thread 0: (100000000,6600000000) ops and (387334.0,406718.5) ops/second in (258.175092,16227.440658) seconds

                               Compactions
Level Time(sec) Read(MB) Write(MB)
--------------------------------------------------
  0   4737.88     0.00 745809.16
  1   4594.05 739093.33 733632.94
  2   4981.07 874631.82 701421.35
BucketCount: 800
WriteAmplification: 2.9242

2019/09/13-15:09:46  ... thread 0: (100000000,6700000000) ops and (386096.2,406394.5) ops/second in (259.002836,16486.443494) seconds

                               Compactions
Level Time(sec) Read(MB) Write(MB)
--------------------------------------------------
  0   4833.30     0.00 757103.03
  1   4676.01 750402.38 744859.23
  2   5064.29 886955.60 711291.31
BucketCount: 800
WriteAmplification: 2.9233

2019/09/13-15:14:00  ... thread 0: (100000000,6800000000) ops and (394373.4,406212.4) ops/second in (253.566801,16740.010295) seconds

                               Compactions
Level Time(sec) Read(MB) Write(MB)
--------------------------------------------------
  0   4917.44     0.00 768382.70
  1   4760.24 762123.27 756493.96
  2   5125.53 896402.28 719045.78
BucketCount: 800
WriteAmplification: 2.9203

2019/09/13-15:18:21  ... thread 0: (100000000,6900000000) ops and (383563.3,405865.1) ops/second in (260.713139,17000.723434) seconds

                               Compactions
Level Time(sec) Read(MB) Write(MB)
--------------------------------------------------
  0   4999.19     0.00 779683.72
  1   4842.27 773286.54 767575.49
  2   5187.44 906175.94 726690.92
BucketCount: 800
WriteAmplification: 2.9165

2019/09/13-15:22:42  ... thread 0: (100000000,7000000000) ops and (382570.9,405512.4) ops/second in (261.389470,17262.112904) seconds

                               Compactions
Level Time(sec) Read(MB) Write(MB)
--------------------------------------------------
  0   5097.51     0.00 790985.37
  1   4922.59 784409.45 778616.91
  2   5266.59 918115.80 736356.29
BucketCount: 800
WriteAmplification: 2.9153

2019/09/13-15:26:54  ... thread 0: (100000000,7100000000) ops and (396722.8,405385.9) ops/second in (252.065175,17514.178079) seconds

                               Compactions
Level Time(sec) Read(MB) Write(MB)
--------------------------------------------------
  0   5187.61     0.00 802259.85
  1   5005.99 795883.21 790006.34
  2   5340.46 929207.87 745475.62
BucketCount: 800
WriteAmplification: 2.9139

2019/09/13-15:31:09  ... thread 0: (100000000,7200000000) ops and (392924.7,405207.4) ops/second in (254.501686,17768.679765) seconds

                               Compactions
Level Time(sec) Read(MB) Write(MB)
--------------------------------------------------
  0   5277.82     0.00 813591.26
  1   5086.66 806797.38 800840.71
  2   5405.67 939135.05 753152.55
BucketCount: 800
WriteAmplification: 2.9100

2019/09/13-15:35:24  ... thread 0: (100000000,7300000000) ops and (392010.5,405020.6) ops/second in (255.095238,18023.775003) seconds

                               Compactions
Level Time(sec) Read(MB) Write(MB)
--------------------------------------------------
  0   5367.15     0.00 824824.18
  1   5168.72 818002.39 811963.55
  2   5470.08 948875.68 760861.94
BucketCount: 800
WriteAmplification: 2.9069

2019/09/13-15:39:40  ... thread 0: (100000000,7400000000) ops and (390639.0,404819.2) ops/second in (255.990800,18279.765803) seconds

                               Compactions
Level Time(sec) Read(MB) Write(MB)
--------------------------------------------------
  0   5476.65     0.00 836120.73
  1   5256.64 829572.96 823449.10
  2   5561.48 961861.07 771501.89
BucketCount: 800
WriteAmplification: 2.9076

2019/09/13-15:43:57  ... thread 0: (100000000,7500000000) ops and (388160.2,404587.7) ops/second in (257.625581,18537.391384) seconds

                               Compactions
Level Time(sec) Read(MB) Write(MB)
--------------------------------------------------
  0   5569.30     0.00 847431.41
  1   5341.13 840916.56 834709.57
  2   5640.62 973964.60 781270.36
BucketCount: 800
WriteAmplification: 2.9069

2019/09/13-15:48:12  ... thread 0: (100000000,7600000000) ops and (392820.9,404428.3) ops/second in (254.568956,18791.960340) seconds

                               Compactions
Level Time(sec) Read(MB) Write(MB)
--------------------------------------------------
  0   5670.91     0.00 858717.90
  1   5422.96 852148.48 845858.91
  2   5737.82 988376.10 793298.67
BucketCount: 800
WriteAmplification: 2.9088

2019/09/13-15:52:31  ... thread 0: (100000000,7700000000) ops and (385504.4,404170.6) ops/second in (259.400429,19051.360769) seconds

                               Compactions
Level Time(sec) Read(MB) Write(MB)
--------------------------------------------------
  0   5767.59     0.00 870002.43
  1   5507.40 863391.77 857019.58
  2   5810.77 999077.53 801968.94
BucketCount: 800
WriteAmplification: 2.9069

2019/09/13-15:56:49  ... thread 0: (100000000,7800000000) ops and (388480.5,403961.4) ops/second in (257.413194,19308.773963) seconds

                               Compactions
Level Time(sec) Read(MB) Write(MB)
--------------------------------------------------
  0   5856.68     0.00 881288.42
  1   5588.95 874575.23 868120.92
  2   5882.00 1009853.05 810687.93
BucketCount: 800
WriteAmplification: 2.9049

2019/09/13-16:01:05  ... thread 0: (100000000,7900000000) ops and (390606.8,403786.7) ops/second in (256.011960,19564.785923) seconds

                               Compactions
Level Time(sec) Read(MB) Write(MB)
--------------------------------------------------
  0   5934.13     0.00 892571.70
  1   5665.50 885856.50 879319.46
  2   5928.29 1017283.29 816823.63
BucketCount: 800
WriteAmplification: 2.9003

2019/09/13-16:05:21  ... thread 0: (100000000,8000000000) ops and (390013.6,403608.5) ops/second in (256.401308,19821.187231) seconds

                               Compactions
Level Time(sec) Read(MB) Write(MB)
--------------------------------------------------
  0   6045.76     0.00 903836.40
  1   5752.62 897228.20 890607.22
  2   6021.50 1031187.07 827252.91
BucketCount: 807
WriteAmplification: 2.9006

fillrandom   :       2.478 micros/op 403608 ops/sec;   44.6 MB/s
Microseconds per op:
Count: 8000000000 Average: 2.4776  StdDev: 0.65
Min: 0  Median: 0.5005  Max: 363471
Percentiles: P50: 0.50 P75: 0.75 P99: 0.99 P99.9: 1300.98 P99.99: 2829.19
------------------------------------------------------
[       0,       1 ] 7991568327  99.895%  99.895% ####################
(       1,       2 ]    70157   0.001%  99.895% 
(       2,       3 ]    36830   0.000%  99.896% 
(       3,       4 ]   106829   0.001%  99.897% 
(       4,       6 ]   189073   0.002%  99.900% 
(       6,      10 ]    18574   0.000%  99.900% 
(      10,      15 ]     5998   0.000%  99.900% 
(      15,      22 ]     2614   0.000%  99.900% 
(      22,      34 ]      339   0.000%  99.900% 
(      34,      51 ]       38   0.000%  99.900% 
(      51,      76 ]       18   0.000%  99.900% 
(      76,     110 ]       19   0.000%  99.900% 
(     110,     170 ]       47   0.000%  99.900% 
(     170,     250 ]      137   0.000%  99.900% 
(     250,     380 ]       44   0.000%  99.900% 
(     380,     580 ]        5   0.000%  99.900% 
(     580,     870 ]       36   0.000%  99.900% 
(     870,    1300 ]      309   0.000%  99.900% 
(    1300,    1900 ]   370080   0.005%  99.905% 
(    1900,    2900 ]  7351030   0.092%  99.997% 
(    2900,    4400 ]   243653   0.003% 100.000% 
(    4400,    6600 ]    24631   0.000% 100.000% 
(    6600,    9900 ]     3398   0.000% 100.000% 
(    9900,   14000 ]     1641   0.000% 100.000% 
(   14000,   22000 ]     4952   0.000% 100.000% 
(   22000,   33000 ]     1070   0.000% 100.000% 
(   33000,   50000 ]      121   0.000% 100.000% 
(   50000,   75000 ]        7   0.000% 100.000% 
(   75000,  110000 ]        6   0.000% 100.000% 
(  110000,  170000 ]        7   0.000% 100.000% 
(  170000,  250000 ]        3   0.000% 100.000% 
(  250000,  380000 ]        7   0.000% 100.000% 


                               Compactions
Level Time(sec) Read(MB) Write(MB)
--------------------------------------------------
  0   6045.76     0.00 903836.40
  1   5752.62 897228.20 890607.22
  2   6021.50 1031187.07 827252.91
BucketCount: 807
WriteAmplification: 2.9006

seq# 8000000000, log# 4542, min log#4532, file# 603852
