./kv/release/tests/db/kv_bench --hugepage=false --db=/mnt/nvm/kv8B --num=8000000000 --value_size=100 --batch_size=1000 --benchmarks=fillrandom,stats --logpath=/mnt/ssd --bloom_bits=10 --log=true --cache_size=8388608 --low_pool=3 --high_pool=3 --open_files=40000 --stats_interval=100000000 --histogram=true --compression=0 --write_buffer_size=2097152 --skiplistrep=false --log_dio=true --partition=100 --print_wa=true 
Keys:       16 bytes each
Values:     100 bytes each (50 bytes after compression)
Entries:    8000000000
RawSize:    885009.8 MB (estimated)
FileSize:   503540.0 MB (estimated)
WARNING: Snappy compression is not enabled
------------------------------------------------
Write buffer: 2048.00 KB. Compression: 0. 
Recover seq# 0, log# 0, min log#0, file# 1
using provided pivots
Log Recover time: 0.0000 s
seq# 0, log# 1, min log#0, file# 3
Write buffer: 2048.00 KB. Compression: 0. 
Recover seq# 0, log# 0, min log#0, file# 1
using provided pivots
Log Recover time: 0.0000 s
2019/09/12-15:17:50  ... thread 0: (100000000,100000000) ops and (928106.2,928106.2) ops/second in (107.746289,107.746289) seconds

                               Compactions
Level Time(sec) Read(MB) Write(MB)
--------------------------------------------------
  0     64.55     0.00  11272.78
  1     61.61 10452.94  10374.57
  2      0.57   108.22    107.52
BucketCount: 100
WriteAmplification: 1.9299

2019/09/12-15:19:38  ... thread 0: (100000000,200000000) ops and (926678.3,927391.7) ops/second in (107.912309,215.658598) seconds

                               Compactions
Level Time(sec) Read(MB) Write(MB)
--------------------------------------------------
  0    149.91     0.00  22640.75
  1    131.95 21876.45  21712.18
  2     80.62 13353.30  13256.29
BucketCount: 100
WriteAmplification: 2.5445

2019/09/12-15:21:26  ... thread 0: (100000000,300000000) ops and (925175.7,926651.9) ops/second in (108.087577,323.746175) seconds

                               Compactions
Level Time(sec) Read(MB) Write(MB)
--------------------------------------------------
  0    230.19     0.00  34022.15
  1    201.60 33236.97  32987.03
  2    139.73 22923.59  22754.51
BucketCount: 100
WriteAmplification: 2.6384

2019/09/12-15:23:14  ... thread 0: (100000000,400000000) ops and (924727.2,926169.9) ops/second in (108.140005,431.886180) seconds

                               Compactions
Level Time(sec) Read(MB) Write(MB)
--------------------------------------------------
  0    321.46     0.00  45372.93
  1    272.18 44569.01  44233.77
  2    210.00 34635.74  34380.47
BucketCount: 100
WriteAmplification: 2.7326

2019/09/12-15:24:58  ... thread 0: (100000000,500000000) ops and (964169.7,933528.4) ops/second in (103.716182,535.602362) seconds

                               Compactions
Level Time(sec) Read(MB) Write(MB)
--------------------------------------------------
  0    401.89     0.00  56739.88
  1    341.23 55865.01  55444.57
  2    279.11 46016.56  45676.33
BucketCount: 100
WriteAmplification: 2.7822

2019/09/12-15:26:43  ... thread 0: (100000000,600000000) ops and (952128.8,936577.8) ops/second in (105.027803,640.630165) seconds

                               Compactions
Level Time(sec) Read(MB) Write(MB)
--------------------------------------------------
  0    490.33     0.00  68098.71
  1    413.59 67356.83  66849.88
  2    353.41 58328.27  57896.51
BucketCount: 100
WriteAmplification: 2.8318

2019/09/12-15:28:30  ... thread 0: (100000000,700000000) ops and (927948.3,935335.2) ops/second in (107.764623,748.394788) seconds

                               Compactions
Level Time(sec) Read(MB) Write(MB)
--------------------------------------------------
  0    577.50     0.00  79465.53
  1    483.48 78554.31  77963.16
  2    411.23 68080.79  67577.41
BucketCount: 100
WriteAmplification: 2.8315

2019/09/12-15:30:19  ... thread 0: (100000000,800000000) ops and (922989.1,933773.9) ops/second in (108.343641,856.738429) seconds

                               Compactions
Level Time(sec) Read(MB) Write(MB)
--------------------------------------------------
  0    665.28     0.00  90832.58
  1    554.75 90034.65  89356.56
  2    485.04 80403.01  79807.95
BucketCount: 100
WriteAmplification: 2.8624

2019/09/12-15:32:03  ... thread 0: (100000000,900000000) ops and (954451.9,936027.1) ops/second in (104.772176,961.510605) seconds

                               Compactions
Level Time(sec) Read(MB) Write(MB)
--------------------------------------------------
  0    751.46     0.00 102194.54
  1    626.05 101388.25 100624.89
  2    552.33 91622.75  90944.76
BucketCount: 100
WriteAmplification: 2.8746

2019/09/12-15:33:49  ... thread 0: (100000000,1000000000) ops and (945451.8,936961.1) ops/second in (105.769534,1067.280139) seconds

                               Compactions
Level Time(sec) Read(MB) Write(MB)
--------------------------------------------------
  0    843.10     0.00 113556.30
  1    697.62 112779.73 111930.49
  2    622.25 103146.93 102383.07
BucketCount: 107
WriteAmplification: 2.8873

2019/09/12-15:35:38  ... thread 0: (100000000,1100000000) ops and (922949.8,935669.8) ops/second in (108.348249,1175.628388) seconds

                               Compactions
Level Time(sec) Read(MB) Write(MB)
--------------------------------------------------
  0    928.58     0.00 124911.23
  1    767.22 123853.75 122921.12
  2    702.59 116387.12 115530.12
BucketCount: 114
WriteAmplification: 2.9090

2019/09/12-15:37:25  ... thread 0: (100000000,1200000000) ops and (929959.3,935191.3) ops/second in (107.531592,1283.159980) seconds

                               Compactions
Level Time(sec) Read(MB) Write(MB)
--------------------------------------------------
  0   1016.15     0.00 136273.08
  1    839.21 135254.35 134235.69
  2    786.86 130313.52 129202.13
BucketCount: 135
WriteAmplification: 2.9332

2019/09/12-15:39:16  ... thread 0: (100000000,1300000000) ops and (904263.1,932737.3) ops/second in (110.587287,1393.747267) seconds

                               Compactions
Level Time(sec) Read(MB) Write(MB)
--------------------------------------------------
  0   1116.84     0.00 147593.53
  1    909.66 146212.67 145111.46
  2    885.75 146332.97 144452.80
BucketCount: 156
WriteAmplification: 2.9619

2019/09/12-15:41:08  ... thread 0: (100000000,1400000000) ops and (887593.1,929360.9) ops/second in (112.664242,1506.411509) seconds

                               Compactions
Level Time(sec) Read(MB) Write(MB)
--------------------------------------------------
  0   1217.75     0.00 158933.41
  1    981.62 157391.05 156205.72
  2    981.06 162339.28 159136.97
BucketCount: 184
WriteAmplification: 2.9841

2019/09/12-15:43:02  ... thread 0: (100000000,1500000000) ops and (883406.1,926149.0) ops/second in (113.198223,1619.609732) seconds

                               Compactions
Level Time(sec) Read(MB) Write(MB)
--------------------------------------------------
  0   1311.99     0.00 170250.38
  1   1054.66 168591.66 167322.45
  2   1095.88 181639.90 176284.18
BucketCount: 226
WriteAmplification: 3.0182

2019/09/12-15:44:58  ... thread 0: (100000000,1600000000) ops and (859204.3,921660.9) ops/second in (116.386757,1735.996489) seconds

                               Compactions
Level Time(sec) Read(MB) Write(MB)
--------------------------------------------------
  0   1421.59     0.00 181511.24
  1   1122.62 179038.03 177690.98
  2   1252.55 208718.13 197628.12
BucketCount: 310
WriteAmplification: 3.0677

2019/09/12-15:46:55  ... thread 0: (100000000,1700000000) ops and (851546.6,917218.4) ops/second in (117.433379,1853.429868) seconds

                               Compactions
Level Time(sec) Read(MB) Write(MB)
--------------------------------------------------
  0   1527.69     0.00 192811.92
  1   1193.55 189819.23 188391.66
  2   1406.23 235808.32 218352.55
BucketCount: 373
WriteAmplification: 3.1095

2019/09/12-15:48:57  ... thread 0: (100000000,1800000000) ops and (822707.4,911401.7) ops/second in (121.549904,1974.979772) seconds

                               Compactions
Level Time(sec) Read(MB) Write(MB)
--------------------------------------------------
  0   1624.09     0.00 204075.38
  1   1263.43 200652.29 199144.11
  2   1540.80 259231.12 235650.17
BucketCount: 436
WriteAmplification: 3.1306

2019/09/12-15:51:01  ... thread 0: (100000000,1900000000) ops and (803267.5,904989.7) ops/second in (124.491532,2099.471304) seconds

                               Compactions
Level Time(sec) Read(MB) Write(MB)
--------------------------------------------------
  0   1722.84     0.00 215376.96
  1   1332.73 211432.86 209844.63
  2   1673.45 282411.43 251869.47
BucketCount: 485
WriteAmplification: 3.1437

2019/09/12-15:53:06  ... thread 0: (100000000,2000000000) ops and (802711.2,899260.7) ops/second in (124.577810,2224.049114) seconds

                               Compactions
Level Time(sec) Read(MB) Write(MB)
--------------------------------------------------
  0   1813.45     0.00 226678.61
  1   1401.79 222400.00 220730.48
  2   1758.41 297807.51 262324.34
BucketCount: 527
WriteAmplification: 3.1310

2019/09/12-15:55:10  ... thread 0: (100000000,2100000000) ops and (803676.6,894196.4) ops/second in (124.428163,2348.477277) seconds

                               Compactions
Level Time(sec) Read(MB) Write(MB)
--------------------------------------------------
  0   1913.54     0.00 237919.70
  1   1471.81 233079.80 231331.25
  2   1915.69 326018.70 279784.84
BucketCount: 604
WriteAmplification: 3.1483

2019/09/12-15:57:17  ... thread 0: (100000000,2200000000) ops and (788872.6,888802.5) ops/second in (126.763179,2475.240456) seconds

                               Compactions
Level Time(sec) Read(MB) Write(MB)
--------------------------------------------------
  0   1996.93     0.00 249230.33
  1   1540.93 244147.06 242317.14
  2   1979.89 337481.69 287769.99
BucketCount: 604
WriteAmplification: 3.1269

2019/09/12-15:59:24  ... thread 0: (100000000,2300000000) ops and (791311.2,884066.9) ops/second in (126.372533,2601.612989) seconds

                               Compactions
Level Time(sec) Read(MB) Write(MB)
--------------------------------------------------
  0   2082.16     0.00 260490.44
  1   1611.07 255306.60 253394.38
  2   2051.47 350121.22 296338.49
BucketCount: 632
WriteAmplification: 3.1104

2019/09/12-16:01:33  ... thread 0: (100000000,2400000000) ops and (771668.1,878733.9) ops/second in (129.589394,2731.202383) seconds

                               Compactions
Level Time(sec) Read(MB) Write(MB)
--------------------------------------------------
  0   2177.71     0.00 271784.12
  1   1684.44 266317.40 264324.20
  2   2174.19 372178.33 309754.13
BucketCount: 674
WriteAmplification: 3.1123

2019/09/12-16:03:45  ... thread 0: (100000000,2500000000) ops and (759369.7,873243.3) ops/second in (131.688162,2862.890545) seconds

                               Compactions
Level Time(sec) Read(MB) Write(MB)
--------------------------------------------------
  0   2266.86     0.00 283049.23
  1   1755.96 277045.35 274973.40
  2   2290.40 393107.21 321297.34
BucketCount: 716
WriteAmplification: 3.1066

2019/09/12-16:05:57  ... thread 0: (100000000,2600000000) ops and (756344.2,868082.9) ops/second in (132.214937,2995.105482) seconds

                               Compactions
Level Time(sec) Read(MB) Write(MB)
--------------------------------------------------
  0   2352.62     0.00 294313.93
  1   1828.75 288293.23 286138.29
  2   2391.98 411036.70 332345.46
BucketCount: 737
WriteAmplification: 3.1014

2019/09/12-16:08:09  ... thread 0: (100000000,2700000000) ops and (757359.4,863407.9) ops/second in (132.037705,3127.143187) seconds

                               Compactions
Level Time(sec) Read(MB) Write(MB)
--------------------------------------------------
  0   2441.51     0.00 305584.78
  1   1898.61 299068.63 296834.90
  2   2497.72 430216.39 343625.99
BucketCount: 765
WriteAmplification: 3.0959

2019/09/12-16:10:22  ... thread 0: (100000000,2800000000) ops and (749912.0,858766.1) ops/second in (133.348983,3260.492170) seconds

                               Compactions
Level Time(sec) Read(MB) Write(MB)
--------------------------------------------------
  0   2526.76     0.00 316886.76
  1   1970.17 310477.85 308160.23
  2   2565.33 441830.35 352598.87
BucketCount: 779
WriteAmplification: 3.0852

2019/09/12-16:12:33  ... thread 0: (100000000,2900000000) ops and (767179.6,855245.4) ops/second in (130.347575,3390.839745) seconds

                               Compactions
Level Time(sec) Read(MB) Write(MB)
--------------------------------------------------
  0   2612.55     0.00 328170.55
  1   2039.70 321571.93 319172.97
  2   2642.12 455117.73 362337.89
BucketCount: 779
WriteAmplification: 3.0767

2019/09/12-16:14:45  ... thread 0: (100000000,3000000000) ops and (758929.3,851642.6) ops/second in (131.764576,3522.604321) seconds

                               Compactions
Level Time(sec) Read(MB) Write(MB)
--------------------------------------------------
  0   2702.00     0.00 339462.67
  1   2111.73 332779.90 330298.85
  2   2736.49 471741.72 372855.02
BucketCount: 793
WriteAmplification: 3.0714

2019/09/12-16:16:57  ... thread 0: (100000000,3100000000) ops and (755583.3,848164.3) ops/second in (132.348073,3654.952394) seconds

                               Compactions
Level Time(sec) Read(MB) Write(MB)
--------------------------------------------------
  0   2792.43     0.00 350718.85
  1   2186.63 343955.71 341392.66
  2   2834.15 488546.69 384851.48
BucketCount: 800
WriteAmplification: 3.0707

2019/09/12-16:19:09  ... thread 0: (100000000,3200000000) ops and (756802.4,844976.6) ops/second in (132.134882,3787.087276) seconds

                               Compactions
Level Time(sec) Read(MB) Write(MB)
--------------------------------------------------
  0   2878.47     0.00 362014.24
  1   2260.38 355106.26 352461.35
  2   2910.85 501318.96 395173.57
BucketCount: 800
WriteAmplification: 3.0652

2019/09/12-16:21:18  ... thread 0: (100000000,3300000000) ops and (772754.9,842590.2) ops/second in (129.407139,3916.494415) seconds

                               Compactions
Level Time(sec) Read(MB) Write(MB)
--------------------------------------------------
  0   2957.62     0.00 373299.53
  1   2334.37 366414.19 363686.41
  2   2959.76 509666.80 401684.93
BucketCount: 800
WriteAmplification: 3.0503

2019/09/12-16:23:31  ... thread 0: (100000000,3400000000) ops and (754212.4,839696.3) ops/second in (132.588651,4049.083066) seconds

                               Compactions
Level Time(sec) Read(MB) Write(MB)
--------------------------------------------------
  0   3044.03     0.00 384584.64
  1   2413.59 377951.22 375138.95
  2   3039.09 523166.50 412379.65
BucketCount: 800
WriteAmplification: 3.0477

2019/09/12-16:25:45  ... thread 0: (100000000,3500000000) ops and (745451.9,836674.1) ops/second in (134.146824,4183.229890) seconds

                               Compactions
Level Time(sec) Read(MB) Write(MB)
--------------------------------------------------
  0   3127.96     0.00 395900.33
  1   2488.74 389316.86 386421.06
  2   3097.94 533272.55 420495.68
BucketCount: 800
WriteAmplification: 3.0382

2019/09/12-16:27:55  ... thread 0: (100000000,3600000000) ops and (771640.5,834719.9) ops/second in (129.594024,4312.823914) seconds

                               Compactions
Level Time(sec) Read(MB) Write(MB)
--------------------------------------------------
  0   3208.36     0.00 407179.61
  1   2563.26 400488.50 397510.81
  2   3152.14 542443.98 427908.06
BucketCount: 800
WriteAmplification: 3.0272

2019/09/12-16:30:10  ... thread 0: (100000000,3700000000) ops and (740416.2,831856.4) ops/second in (135.059171,4447.883085) seconds

                               Compactions
Level Time(sec) Read(MB) Write(MB)
--------------------------------------------------
  0   3292.36     0.00 418440.96
  1   2640.95 412005.04 408942.90
  2   3207.34 551710.46 435330.09
BucketCount: 800
WriteAmplification: 3.0177

2019/09/12-16:32:24  ... thread 0: (100000000,3800000000) ops and (745758.9,829336.8) ops/second in (134.091600,4581.974685) seconds

                               Compactions
Level Time(sec) Read(MB) Write(MB)
--------------------------------------------------
  0   3390.78     0.00 429746.09
  1   2720.06 422904.32 419762.13
  2   3280.77 563304.81 444678.03
BucketCount: 800
WriteAmplification: 3.0115

2019/09/12-16:34:36  ... thread 0: (100000000,3900000000) ops and (756449.1,827292.8) ops/second in (132.196602,4714.171287) seconds

                               Compactions
Level Time(sec) Read(MB) Write(MB)
--------------------------------------------------
  0   3515.03     0.00 441025.37
  1   2807.46 434455.94 431229.02
  2   3379.39 576333.17 455529.10
BucketCount: 800
WriteAmplification: 3.0107

2019/09/12-16:36:48  ... thread 0: (100000000,4000000000) ops and (759151.6,825440.5) ops/second in (131.725993,4845.897280) seconds

                               Compactions
Level Time(sec) Read(MB) Write(MB)
--------------------------------------------------
  0   3626.68     0.00 452330.56
  1   2888.63 445494.45 442186.35
  2   3454.71 587055.64 464413.73
BucketCount: 800
WriteAmplification: 3.0043

2019/09/12-16:39:03  ... thread 0: (100000000,4100000000) ops and (737612.6,823050.3) ops/second in (135.572519,4981.469799) seconds

                               Compactions
Level Time(sec) Read(MB) Write(MB)
--------------------------------------------------
  0   3738.95     0.00 463601.12
  1   2972.32 456668.25 453278.14
  2   3526.72 597252.71 472920.56
BucketCount: 800
WriteAmplification: 2.9978

2019/09/12-16:41:14  ... thread 0: (100000000,4200000000) ops and (764554.6,821553.7) ops/second in (130.795107,5112.264906) seconds

                               Compactions
Level Time(sec) Read(MB) Write(MB)
--------------------------------------------------
  0   3899.40     0.00 474874.10
  1   3072.43 468389.25 464913.07
  2   3634.42 609708.55 483170.62
BucketCount: 800
WriteAmplification: 2.9965

2019/09/12-16:43:22  ... thread 0: (100000000,4300000000) ops and (784071.1,820641.3) ops/second in (127.539455,5239.804361) seconds

                               Compactions
Level Time(sec) Read(MB) Write(MB)
--------------------------------------------------
  0   4056.88     0.00 486190.68
  1   3169.36 479467.19 475909.69
  2   3724.39 620325.42 491549.77
BucketCount: 800
WriteAmplification: 2.9899

2019/09/12-16:45:32  ... thread 0: (100000000,4400000000) ops and (766389.6,819323.2) ops/second in (130.481935,5370.286296) seconds

                               Compactions
Level Time(sec) Read(MB) Write(MB)
--------------------------------------------------
  0   4222.69     0.00 497477.99
  1   3267.56 490560.99 486921.70
  2   3819.80 630807.88 500263.56
BucketCount: 800
WriteAmplification: 2.9844

2019/09/12-16:47:44  ... thread 0: (100000000,4500000000) ops and (757374.3,817836.6) ops/second in (132.035110,5502.321406) seconds

                               Compactions
Level Time(sec) Read(MB) Write(MB)
--------------------------------------------------
  0   4375.26     0.00 508759.80
  1   3369.86 502131.04 498407.06
  2   3922.92 643709.55 510414.65
BucketCount: 800
WriteAmplification: 2.9829

2019/09/12-16:49:53  ... thread 0: (100000000,4600000000) ops and (775896.8,816876.7) ops/second in (128.883112,5631.204518) seconds

                               Compactions
Level Time(sec) Read(MB) Write(MB)
--------------------------------------------------
  0   4560.63     0.00 520059.19
  1   3494.45 513421.51 509614.79
  2   4019.05 654033.20 518889.57
BucketCount: 800
WriteAmplification: 2.9777

2019/09/12-16:52:05  ... thread 0: (100000000,4700000000) ops and (756544.8,815493.1) ops/second in (132.179878,5763.384396) seconds

                               Compactions
Level Time(sec) Read(MB) Write(MB)
--------------------------------------------------
  0   4712.80     0.00 531349.63
  1   3606.89 525023.47 521131.56
  2   4100.49 664131.52 526994.98
BucketCount: 800
WriteAmplification: 2.9726

2019/09/12-16:54:16  ... thread 0: (100000000,4800000000) ops and (764946.7,814372.0) ops/second in (130.728065,5894.112461) seconds

                               Compactions
Level Time(sec) Read(MB) Write(MB)
--------------------------------------------------
  0   4835.22     0.00 542650.47
  1   3697.69 535784.46 531813.75
  2   4186.77 676038.51 536451.39
BucketCount: 800
WriteAmplification: 2.9686

2019/09/12-16:56:25  ... thread 0: (100000000,4900000000) ops and (773299.1,813490.2) ops/second in (129.316071,6023.428532) seconds

                               Compactions
Level Time(sec) Read(MB) Write(MB)
--------------------------------------------------
  0   4941.67     0.00 553928.56
  1   3789.87 547590.25 543532.83
  2   4255.91 686265.52 544605.42
BucketCount: 800
WriteAmplification: 2.9644

2019/09/12-16:58:36  ... thread 0: (100000000,5000000000) ops and (768273.5,812533.8) ops/second in (130.161986,6153.590518) seconds

                               Compactions
Level Time(sec) Read(MB) Write(MB)
--------------------------------------------------
  0   5059.17     0.00 565210.37
  1   3880.33 558798.61 554659.08
  2   4358.85 701256.50 556390.27
BucketCount: 800
WriteAmplification: 2.9657

2019/09/12-17:00:46  ... thread 0: (100000000,5100000000) ops and (766601.0,811580.3) ops/second in (130.445964,6284.036482) seconds

                               Compactions
Level Time(sec) Read(MB) Write(MB)
--------------------------------------------------
  0   5162.93     0.00 576505.22
  1   3965.25 569864.45 565643.88
  2   4425.70 711221.40 564747.17
BucketCount: 800
WriteAmplification: 2.9608

2019/09/12-17:02:54  ... thread 0: (100000000,5200000000) ops and (779068.7,810929.5) ops/second in (128.358377,6412.394859) seconds

                               Compactions
Level Time(sec) Read(MB) Write(MB)
--------------------------------------------------
  0   5274.00     0.00 587803.13
  1   4052.48 580869.07 576567.94
  2   4497.33 721642.62 573308.43
BucketCount: 800
WriteAmplification: 2.9562

2019/09/12-17:05:02  ... thread 0: (100000000,5300000000) ops and (783261.9,810389.4) ops/second in (127.671219,6540.066078) seconds

                               Compactions
Level Time(sec) Read(MB) Write(MB)
--------------------------------------------------
  0   5401.87     0.00 599073.20
  1   4155.94 592439.08 588053.14
  2   4584.90 733404.18 582619.77
BucketCount: 800
WriteAmplification: 2.9541

2019/09/12-17:07:14  ... thread 0: (100000000,5400000000) ops and (759624.5,809387.7) ops/second in (131.643984,6671.710062) seconds

                               Compactions
Level Time(sec) Read(MB) Write(MB)
--------------------------------------------------
  0   5541.49     0.00 610356.32
  1   4260.34 603565.52 599098.11
  2   4680.33 745294.91 592226.56
BucketCount: 800
WriteAmplification: 2.9519

2019/09/12-17:09:24  ... thread 0: (100000000,5500000000) ops and (764558.8,808525.7) ops/second in (130.794381,6802.504443) seconds

                               Compactions
Level Time(sec) Read(MB) Write(MB)
--------------------------------------------------
  0   5650.15     0.00 621666.34
  1   4352.51 615015.88 610464.41
  2   4758.66 756697.33 601403.58
BucketCount: 800
WriteAmplification: 2.9494

2019/09/12-17:11:32  ... thread 0: (100000000,5600000000) ops and (781559.7,808027.9) ops/second in (127.949281,6930.453724) seconds

                               Compactions
Level Time(sec) Read(MB) Write(MB)
--------------------------------------------------
  0   5753.06     0.00 632948.35
  1   4440.98 626377.66 621742.93
  2   4832.35 767671.69 610309.93
BucketCount: 800
WriteAmplification: 2.9465

2019/09/12-17:13:40  ... thread 0: (100000000,5700000000) ops and (781000.6,807537.6) ops/second in (128.040873,7058.494597) seconds

                               Compactions
Level Time(sec) Read(MB) Write(MB)
--------------------------------------------------
  0   5869.50     0.00 644238.43
  1   4539.83 637785.17 633066.60
  2   4905.57 777769.10 618473.44
BucketCount: 800
WriteAmplification: 2.9427

2019/09/12-17:15:49  ... thread 0: (100000000,5800000000) ops and (775195.7,806957.2) ops/second in (128.999684,7187.494281) seconds

                               Compactions
Level Time(sec) Read(MB) Write(MB)
--------------------------------------------------
  0   5998.37     0.00 655532.84
  1   4641.61 648771.20 643972.51
  2   4979.07 787454.45 626444.41
BucketCount: 800
WriteAmplification: 2.9380

2019/09/12-17:18:03  ... thread 0: (100000000,5900000000) ops and (748219.2,805884.9) ops/second in (133.650674,7321.144955) seconds

                               Compactions
Level Time(sec) Read(MB) Write(MB)
--------------------------------------------------
  0   6122.55     0.00 666797.15
  1   4739.60 660088.62 655206.85
  2   5061.84 798596.09 635270.40
BucketCount: 800
WriteAmplification: 2.9353

2019/09/12-17:20:12  ... thread 0: (100000000,6000000000) ops and (773944.7,805331.0) ops/second in (129.208194,7450.353149) seconds

                               Compactions
Level Time(sec) Read(MB) Write(MB)
--------------------------------------------------
  0   6270.39     0.00 678087.93
  1   4842.62 671301.92 666337.63
  2   5167.11 811883.53 645991.15
BucketCount: 800
WriteAmplification: 2.9353

2019/09/12-17:22:22  ... thread 0: (100000000,6100000000) ops and (768067.5,804690.9) ops/second in (130.196884,7580.550033) seconds

                               Compactions
Level Time(sec) Read(MB) Write(MB)
--------------------------------------------------
  0   6390.64     0.00 689433.79
  1   4930.95 682513.72 677466.86
  2   5241.69 821901.91 654660.17
BucketCount: 800
WriteAmplification: 2.9322

2019/09/12-17:24:31  ... thread 0: (100000000,6200000000) ops and (779537.7,804272.4) ops/second in (128.281163,7708.831196) seconds

                               Compactions
Level Time(sec) Read(MB) Write(MB)
--------------------------------------------------
  0   6517.22     0.00 700673.70
  1   5020.27 693972.67 688841.39
  2   5329.48 834268.53 664512.90
BucketCount: 800
WriteAmplification: 2.9315

2019/09/12-17:26:39  ... thread 0: (100000000,6300000000) ops and (777130.4,803826.8) ops/second in (128.678530,7837.509726) seconds

                               Compactions
Level Time(sec) Read(MB) Write(MB)
--------------------------------------------------
  0   6642.77     0.00 711971.00
  1   5107.19 705116.27 699903.30
  2   5405.99 844321.33 672637.83
BucketCount: 800
WriteAmplification: 2.9278

2019/09/12-17:28:47  ... thread 0: (100000000,6400000000) ops and (784065.1,803510.3) ops/second in (127.540423,7965.050149) seconds

                               Compactions
Level Time(sec) Read(MB) Write(MB)
--------------------------------------------------
  0   6766.65     0.00 723275.35
  1   5195.60 716669.12 711371.60
  2   5496.73 856951.03 682660.59
BucketCount: 800
WriteAmplification: 2.9274

2019/09/12-17:30:54  ... thread 0: (100000000,6500000000) ops and (790291.9,803303.6) ops/second in (126.535528,8091.585677) seconds

                               Compactions
Level Time(sec) Read(MB) Write(MB)
--------------------------------------------------
  0   6899.00     0.00 734564.20
  1   5290.08 727902.08 722522.48
  2   5587.97 868848.45 692215.06
BucketCount: 800
WriteAmplification: 2.9260

2019/09/12-17:33:00  ... thread 0: (100000000,6600000000) ops and (788682.9,803078.0) ops/second in (126.793677,8218.379354) seconds

                               Compactions
Level Time(sec) Read(MB) Write(MB)
--------------------------------------------------
  0   7015.19     0.00 745820.36
  1   5385.46 739198.51 733735.81
  2   5651.90 877723.68 699595.78
BucketCount: 800
WriteAmplification: 2.9218

2019/09/12-17:35:07  ... thread 0: (100000000,6700000000) ops and (788386.0,802854.7) ops/second in (126.841422,8345.220776) seconds

                               Compactions
Level Time(sec) Read(MB) Write(MB)
--------------------------------------------------
  0   7149.75     0.00 757092.13
  1   5488.33 750119.99 744577.22
  2   5730.46 888252.91 707994.48
BucketCount: 800
WriteAmplification: 2.9186

2019/09/12-17:37:14  ... thread 0: (100000000,6800000000) ops and (785910.1,802600.3) ops/second in (127.241012,8472.461788) seconds

                               Compactions
Level Time(sec) Read(MB) Write(MB)
--------------------------------------------------
  0   7273.42     0.00 768434.71
  1   5588.20 761752.63 756124.92
  2   5813.92 899923.38 717547.44
BucketCount: 800
WriteAmplification: 2.9178

2019/09/12-17:39:27  ... thread 0: (100000000,6900000000) ops and (756037.2,801884.5) ops/second in (132.268627,8604.730415) seconds

                               Compactions
Level Time(sec) Read(MB) Write(MB)
--------------------------------------------------
  0   7406.75     0.00 779732.26
  1   5690.03 773017.27 767307.23
  2   5908.23 912621.30 727423.58
BucketCount: 800
WriteAmplification: 2.9170

2019/09/12-17:41:38  ... thread 0: (100000000,7000000000) ops and (761842.7,801282.9) ops/second in (131.260691,8735.991106) seconds

                               Compactions
Level Time(sec) Read(MB) Write(MB)
--------------------------------------------------
  0   7532.25     0.00 790987.79
  1   5781.95 784122.61 778331.15
  2   5995.33 923896.24 736473.01
BucketCount: 800
WriteAmplification: 2.9151

2019/09/12-17:43:48  ... thread 0: (100000000,7100000000) ops and (771527.9,800847.9) ops/second in (129.612934,8865.604040) seconds

                               Compactions
Level Time(sec) Read(MB) Write(MB)
--------------------------------------------------
  0   7676.59     0.00 802275.26
  1   5882.25 795486.81 789611.58
  2   6091.30 936234.95 746653.22
BucketCount: 800
WriteAmplification: 2.9149

2019/09/12-17:45:59  ... thread 0: (100000000,7200000000) ops and (758570.8,800228.4) ops/second in (131.826854,8997.430894) seconds

                               Compactions
Level Time(sec) Read(MB) Write(MB)
--------------------------------------------------
  0   7816.25     0.00 813595.67
  1   5978.35 807002.01 801042.13
  2   6184.71 948321.05 756383.49
BucketCount: 800
WriteAmplification: 2.9143

2019/09/12-17:48:08  ... thread 0: (100000000,7300000000) ops and (780274.2,799948.2) ops/second in (128.160078,9125.590972) seconds

                               Compactions
Level Time(sec) Read(MB) Write(MB)
--------------------------------------------------
  0   7931.16     0.00 824846.72
  1   6060.00 817903.80 811864.40
  2   6244.26 956289.75 762945.30
BucketCount: 800
WriteAmplification: 2.9092

2019/09/12-17:50:17  ... thread 0: (100000000,7400000000) ops and (771128.7,799544.4) ops/second in (129.680045,9255.271017) seconds

                               Compactions
Level Time(sec) Read(MB) Write(MB)
--------------------------------------------------
  0   8059.80     0.00 836129.90
  1   6149.08 829517.55 823393.10
  2   6326.56 967246.81 771913.37
BucketCount: 800
WriteAmplification: 2.9080

2019/09/12-17:52:28  ... thread 0: (100000000,7500000000) ops and (766598.1,799086.5) ops/second in (130.446453,9385.717470) seconds

                               Compactions
Level Time(sec) Read(MB) Write(MB)
--------------------------------------------------
  0   8190.61     0.00 847426.99
  1   6240.19 840914.67 834706.46
  2   6416.74 978818.99 781330.57
BucketCount: 800
WriteAmplification: 2.9070

2019/09/12-17:54:38  ... thread 0: (100000000,7600000000) ops and (765817.5,798630.0) ops/second in (130.579422,9516.296892) seconds

                               Compactions
Level Time(sec) Read(MB) Write(MB)
--------------------------------------------------
  0   8339.21     0.00 858674.47
  1   6338.04 852242.54 845951.43
  2   6508.80 990060.42 790324.61
BucketCount: 800
WriteAmplification: 2.9056

2019/09/12-17:56:49  ... thread 0: (100000000,7700000000) ops and (765081.6,798175.4) ops/second in (130.705019,9647.001911) seconds

                               Compactions
Level Time(sec) Read(MB) Write(MB)
--------------------------------------------------
  0   8463.32     0.00 870030.52
  1   6430.37 863289.46 856917.21
  2   6577.41 999145.39 797466.40
BucketCount: 800
WriteAmplification: 2.9015

2019/09/12-17:58:59  ... thread 0: (100000000,7800000000) ops and (770233.9,797804.4) ops/second in (129.830691,9776.832602) seconds

                               Compactions
Level Time(sec) Read(MB) Write(MB)
--------------------------------------------------
  0   8616.74     0.00 881328.42
  1   6536.88 874531.72 868076.98
  2   6675.57 1010695.93 806771.88
BucketCount: 800
WriteAmplification: 2.9004

2019/09/12-18:01:08  ... thread 0: (100000000,7900000000) ops and (772398.5,797472.4) ops/second in (129.466848,9906.299450) seconds

                               Compactions
Level Time(sec) Read(MB) Write(MB)
--------------------------------------------------
  0   8763.01     0.00 892603.64
  1   6641.84 885942.60 879404.06
  2   6776.87 1023635.49 816891.83
BucketCount: 800
WriteAmplification: 2.9004

2019/09/12-18:03:15  ... thread 0: (100000000,8000000000) ops and (790581.4,797385.5) ops/second in (126.489190,10032.788640) seconds

                               Compactions
Level Time(sec) Read(MB) Write(MB)
--------------------------------------------------
  0   8916.73     0.00 903867.17
  1   6751.64 896913.49 890294.54
  2   6864.44 1033821.39 825104.48
BucketCount: 800
WriteAmplification: 2.8978

fillrandom   :       1.254 micros/op 797385 ops/sec;   88.2 MB/s
Microseconds per op:
Count: 8000000000 Average: 1.2541  StdDev: 0.41
Min: 0  Median: 0.5006  Max: 471714
Percentiles: P50: 0.50 P75: 0.75 P99: 0.99 P99.9: 381.00 P99.99: 1271.26
------------------------------------------------------
[       0,       1 ] 7991067752  99.888%  99.888% ####################
(       1,       2 ]   539977   0.007%  99.895% 
(       2,       3 ]    41772   0.001%  99.896% 
(       3,       4 ]    90890   0.001%  99.897% 
(       4,       6 ]   171793   0.002%  99.899% 
(       6,      10 ]    57272   0.001%  99.900% 
(      10,      15 ]    23686   0.000%  99.900% 
(      15,      22 ]     2758   0.000%  99.900% 
(      22,      34 ]      344   0.000%  99.900% 
(      34,      51 ]      178   0.000%  99.900% 
(      51,      76 ]      108   0.000%  99.900% 
(      76,     110 ]      148   0.000%  99.900% 
(     110,     170 ]      625   0.000%  99.900% 
(     170,     250 ]     1020   0.000%  99.900% 
(     250,     380 ]      188   0.000%  99.900% 
(     380,     580 ]   297824   0.004%  99.904% 
(     580,     870 ]  3898945   0.049%  99.952% 
(     870,    1300 ]  3219921   0.040%  99.993% 
(    1300,    1900 ]    57783   0.001%  99.993% 
(    1900,    2900 ]    43507   0.001%  99.994% 
(    2900,    4400 ]   251388   0.003%  99.997% 
(    4400,    6600 ]   208530   0.003% 100.000% 
(    6600,    9900 ]    13678   0.000% 100.000% 
(    9900,   14000 ]     1980   0.000% 100.000% 
(   14000,   22000 ]     2683   0.000% 100.000% 
(   22000,   33000 ]     4900   0.000% 100.000% 
(   33000,   50000 ]      234   0.000% 100.000% 
(   50000,   75000 ]       19   0.000% 100.000% 
(   75000,  110000 ]       22   0.000% 100.000% 
(  110000,  170000 ]       19   0.000% 100.000% 
(  170000,  250000 ]       22   0.000% 100.000% 
(  250000,  380000 ]       26   0.000% 100.000% 
(  380000,  570000 ]        8   0.000% 100.000% 


                               Compactions
Level Time(sec) Read(MB) Write(MB)
--------------------------------------------------
  0   8916.73     0.00 903867.17
  1   6751.64 896913.49 890294.54
  2   6864.44 1033821.39 825104.48
BucketCount: 800
WriteAmplification: 2.8978

seq# 8000000000, log# 4542, min log#4532, file# 600874
