./leveldb/release/db_bench --db=/mnt/nvm/level8B --num=8000000000 --value_size=100 --batch_size=1000 --benchmarks=fillrandom,stats --logpath=/mnt/ssd --bloom_bits=10 --log=1 --cache_size=8388608 --open_files=40000 --stats_interval=100000000 --histogram=1 --write_buffer_size=67108864 --max_file_size=67108864 --print_wa=true 
Keys:       16 bytes each
Values:     100 bytes each (50 bytes after compression)
Entries:    8000000000
RawSize:    885009.8 MB (estimated)
FileSize:   503540.0 MB (estimated)
WARNING: Snappy compression is not enabled

FLAGS_num 8000000000, num_ 8000000000
num after by threads 8000000000
2019/09/13-12:26:14  ... thread 0: (100000000,100000000) ops and (280086.8,280086.8) ops/second in (357.032145,357.032145) seconds

                               Compactions
Level  Files Size(MB) Time(sec) Read(MB) Write(MB)
--------------------------------------------------
  0       11      569        64        0     11277
  1        0        0        55    10708     10668
  2       12      679        62    14849     14880
  3       51     3169       150    36344     36292
  4      106     6795        15     3570      3565
WriteAmplification: 6.8001

2019/09/13-12:35:56  ... thread 0: (100000000,200000000) ops and (171820.0,212984.3) ops/second in (582.004261,939.036406) seconds

                               Compactions
Level  Files Size(MB) Time(sec) Read(MB) Write(MB)
--------------------------------------------------
  0        4      207       129        0     22709
  1        7      458       115    22556     22413
  2        8      445       130    31202     31211
  3       59     2957       351    84555     84438
  4      288    18326       189    45853     45788
WriteAmplification: 9.0960

2019/09/13-12:46:29  ... thread 0: (100000000,300000000) ops and (157959.8,190826.5) ops/second in (633.072347,1572.108753) seconds

                               Compactions
Level  Files Size(MB) Time(sec) Read(MB) Write(MB)
--------------------------------------------------
  0       10      517       194        0     34192
  1        1       65       173    33756     33515
  2       12      706       195    46902     46891
  3       66     3067       550   132505    132322
  4      462    29256       422   102955    102810
WriteAmplification: 10.2284

2019/09/13-12:57:38  ... thread 0: (100000000,400000000) ops and (149550.4,178509.3) ops/second in (668.670783,2240.779536) seconds

                               Compactions
Level  Files Size(MB) Time(sec) Read(MB) Write(MB)
--------------------------------------------------
  0        3      155       260        0     45624
  1        6      392       233    45550     45206
  2        7      419       259    62428     62396
  3       63     2941       749   180743    180495
  4      473    29957       682   166634    166410
  5      172    10910         4      977       976
WriteAmplification: 10.9834

2019/09/13-13:09:04  ... thread 0: (100000000,500000000) ops and (145787.5,170840.3) ops/second in (685.929874,2926.709410) seconds

                               Compactions
Level  Files Size(MB) Time(sec) Read(MB) Write(MB)
--------------------------------------------------
  0        8      414       325        0     57056
  1        1       65       290    56750     56308
  2       15      842       324    78256     78202
  3       73     2984       936   226034    225723
  4      477    29956       978   239137    238835
  5      343    21684         5     1148      1147
WriteAmplification: 11.5197

2019/09/13-13:19:46  ... thread 0: (100000000,600000000) ops and (155842.2,168143.3) ops/second in (641.674617,3568.384027) seconds

                               Compactions
Level  Files Size(MB) Time(sec) Read(MB) Write(MB)
--------------------------------------------------
  0        1       52       389        0     68488
  1       10      615       350    68571     68025
  2        5      291       385    92904     92828
  3       71     2936      1132   273586    273208
  4      488    29980      1219   297757    297385
  5      527    33242         9     2116      2114
WriteAmplification: 11.7108

2019/09/13-13:31:19  ... thread 0: (100000000,700000000) ops and (144191.1,164245.7) ops/second in (693.524299,4261.908326) seconds

                               Compactions
Level  Files Size(MB) Time(sec) Read(MB) Write(MB)
--------------------------------------------------
  0        7      362       455        0     79971
  1        2       92       408    79771     79128
  2       13      811       448   108140    108043
  3       71     2959      1322   319208    318768
  4      486    29952      1519   369789    369335
  5      705    44159        10     2380      2378
WriteAmplification: 11.9746

2019/09/13-13:42:51  ... thread 0: (100000000,800000000) ops and (144497.5,161486.9) ops/second in (692.053303,4953.961629) seconds

                               Compactions
Level  Files Size(MB) Time(sec) Read(MB) Write(MB)
--------------------------------------------------
  0       12      621       521        0     91403
  1        0        0       466    90971     90230
  2       12      587       512   123313    123193
  3       81     3307      1514   364906    364402
  4      497    29972      1777   430969    430443
  5      876    55016        45    10835     10825
WriteAmplification: 12.1494

2019/09/13-13:57:09  ... thread 0: (100000000,900000000) ops and (116612.1,154865.2) ops/second in (857.543577,5811.505206) seconds

                               Compactions
Level  Files Size(MB) Time(sec) Read(MB) Write(MB)
--------------------------------------------------
  0        5      259       588        0    102835
  1        5      288       527   102765    101921
  2       11      615       579   139371    139229
  3       64     2996      1712   412001    411432
  4      497    29965      2092   505663    505052
  5     1048    66500       175    42357     42311
WriteAmplification: 12.6686

2019/09/13-14:10:17  ... thread 0: (100000000,1000000000) ops and (126880.7,151523.2) ops/second in (788.142187,6599.647393) seconds

                               Compactions
Level  Files Size(MB) Time(sec) Read(MB) Write(MB)
--------------------------------------------------
  0       11      569       655        0    114319
  1        0        0       586   113965    113023
  2       10      549       641   154089    153926
  3       78     3286      1906   458110    457477
  4      527    29962      2352   567110    566428
  5     1212    77450       301    72441     72359
WriteAmplification: 12.9247

2019/09/13-14:25:20  ... thread 0: (100000000,1100000000) ops and (110694.1,146607.3) ops/second in (903.390398,7503.037791) seconds

                               Compactions
Level  Files Size(MB) Time(sec) Read(MB) Write(MB)
--------------------------------------------------
  0        4      207       723        0    125751
  1        4      223       650   125813    124768
  2       13      680       702   167975    167792
  3       62     2960      2123   508030    507329
  4      521    29998      2677   641054    640288
  5     1380    88864       448   105707    105584
WriteAmplification: 13.2923

2019/09/13-14:40:01  ... thread 0: (100000000,1200000000) ops and (113592.6,143140.4) ops/second in (880.339165,8383.376956) seconds

                               Compactions
Level  Files Size(MB) Time(sec) Read(MB) Write(MB)
--------------------------------------------------
  0        9      466       793        0    137183
  1        1       65       714   137013    135870
  2       14      837       773   183530    183325
  3       61     2981      2331   553423    552659
  4      550    29972      2971   704251    703413
  5     1526    98883       600   138912    137882
WriteAmplification: 13.4881

2019/09/13-14:55:11  ... thread 0: (100000000,1300000000) ops and (109824.1,139876.3) ops/second in (910.546881,9293.923837) seconds

                               Compactions
Level  Files Size(MB) Time(sec) Read(MB) Write(MB)
--------------------------------------------------
  0        2      103       863        0    148614
  1        9      550       779   148834    147587
  2        6      327       838   197772    197547
  3       62     2948      2552   602481    601649
  4      522    29990      3284   773592    772670
  5     1649   107353       752   175196    171079
WriteAmplification: 13.7211

2019/09/13-15:09:37  ... thread 0: (100000000,1400000000) ops and (115518.7,137800.9) ops/second in (865.660747,10159.584584) seconds

                               Compactions
Level  Files Size(MB) Time(sec) Read(MB) Write(MB)
--------------------------------------------------
  0        7      362       931        0    160046
  1        3      158       840   160034    158690
  2       13      728       904   213007    212761
  3       65     2995      2761   649679    648782
  4      548    29951      3580   839980    838986
  5     1745   113296       895   211084    202008
WriteAmplification: 13.8790

2019/09/13-15:24:35  ... thread 0: (100000000,1500000000) ops and (111369.4,135654.6) ops/second in (897.912904,11057.497488) seconds

                               Compactions
Level  Files Size(MB) Time(sec) Read(MB) Write(MB)
--------------------------------------------------
  0        1       52      1000        0    171530
  1       10      615       905   171855    170407
  2        5      288       971   228034    227767
  3       61     2993      2974   697544    696581
  4      542    29991      3884   907374    906298
  5     1816   117453      1052   251070    234686
WriteAmplification: 14.0341

2019/09/13-15:38:48  ... thread 0: (100000000,1600000000) ops and (117163.5,134329.5) ops/second in (853.508468,11911.005956) seconds

                               Compactions
Level  Files Size(MB) Time(sec) Read(MB) Write(MB)
--------------------------------------------------
  0        6      310      1068        0    182962
  1        5      327       966   183055    181510
  2       10      549      1038   243325    243036
  3       68     2999      3170   742402    741377
  4      554    29975      4175   972920    971772
  5     1853   119547      1199   290702    265456
WriteAmplification: 14.1347

2019/09/13-15:53:21  ... thread 0: (100000000,1700000000) ops and (114587.7,132981.8) ops/second in (872.694216,12783.700172) seconds

                               Compactions
Level  Files Size(MB) Time(sec) Read(MB) Write(MB)
--------------------------------------------------
  0       11      569      1137        0    194394
  1        1       65      1028   194255    192612
  2       12      772      1106   258750    258440
  3       67     3030      3376   788832    787743
  4      544    29987      4466  1038559   1037332
  5     1865   119814      1351   332960    297073
WriteAmplification: 14.2371

2019/09/13-16:08:55  ... thread 0: (100000000,1800000000) ops and (107080.0,131218.5) ops/second in (933.880851,13717.581023) seconds

                               Compactions
Level  Files Size(MB) Time(sec) Read(MB) Write(MB)
--------------------------------------------------
  0        4      207      1207        0    205825
  1        5      288      1094   206076    204330
  2       10      597      1177   274059    273726
  3       67     2986      3595   836865    835710
  4      549    29982      4782  1108105   1106800
  5     1865   119814      1517   378007    330595
WriteAmplification: 14.3665

2019/09/13-16:23:20  ... thread 0: (100000000,1900000000) ops and (115575.6,130290.3) ops/second in (865.234495,14582.815518) seconds

                               Compactions
Level  Files Size(MB) Time(sec) Read(MB) Write(MB)
--------------------------------------------------
  0       10      517      1276        0    217309
  1        0        0      1156   217303    215459
  2       15      876      1241   288675    288322
  3       64     2975      3800   883129    881910
  4      545    29944      5066  1172057   1170674
  5     1865   119814      1674   421657    363272
WriteAmplification: 14.4354

2019/09/13-16:38:26  ... thread 0: (100000000,2000000000) ops and (110363.6,129124.6) ops/second in (906.095909,15488.911427) seconds

                               Compactions
Level  Files Size(MB) Time(sec) Read(MB) Write(MB)
--------------------------------------------------
  0        3      155      1344        0    228741
  1        5      288      1219   229124    227176
  2       10      615      1306   303621    303247
  3       70     2957      4010   931250    929965
  4      542    29980      5377  1242957   1241496
  5     1865   119814      1838   467504    397642
WriteAmplification: 14.5504

2019/09/13-16:52:28  ... thread 0: (100000000,2100000000) ops and (118845.5,128595.0) ops/second in (841.428719,16330.340146) seconds

                               Compactions
Level  Files Size(MB) Time(sec) Read(MB) Write(MB)
--------------------------------------------------
  0        8      414      1412        0    240173
  1        1       65      1280   240298    238252
  2       14      811      1378   319959    319561
  3       57     2970      4209   976777    975428
  4      544    29941      5642  1303437   1301901
  5     1865   119814      1991   510458    429627
WriteAmplification: 14.5934

2019/09/13-17:07:47  ... thread 0: (100000000,2200000000) ops and (108797.0,127540.1) ops/second in (919.142714,17249.482860) seconds

                               Compactions
Level  Files Size(MB) Time(sec) Read(MB) Write(MB)
--------------------------------------------------
  0        1       52      1481        0    251605
  1       10      615      1344   252119    249969
  2        5      287      1447   335652    335234
  3       63     2961      4426  1026209   1024793
  4      558    29957      5961  1376006   1374389
  5     1860   119814      2147   554694    462375
WriteAmplification: 14.6991

2019/09/13-17:21:58  ... thread 0: (100000000,2300000000) ops and (117498.4,127067.9) ops/second in (851.075159,18100.558019) seconds

                               Compactions
Level  Files Size(MB) Time(sec) Read(MB) Write(MB)
--------------------------------------------------
  0        6      310      1549        0    263037
  1        6      392      1405   263319    261072
  2        8      484      1516   351433    350993
  3       65     2970      4627  1071636   1070158
  4      546    29978      6233  1436911   1435221
  5     1860   119814      2302   597742    494509
WriteAmplification: 14.7318

2019/09/13-17:37:19  ... thread 0: (100000000,2400000000) ops and (108577.2,126172.6) ops/second in (921.003495,19021.561514) seconds

                               Compactions
Level  Files Size(MB) Time(sec) Read(MB) Write(MB)
--------------------------------------------------
  0       12      621      1619        0    274520
  1        0        0      1467   274519    272174
  2       12      680      1586   367023    366562
  3       76     3156      4834  1117129   1115587
  4      555    29970      6565  1509353   1507584
  5     1859   119814      2457   640318    526154
WriteAmplification: 14.7988

2019/09/13-17:52:19  ... thread 0: (100000000,2500000000) ops and (111092.0,125491.2) ops/second in (900.154475,19921.715989) seconds

                               Compactions
Level  Files Size(MB) Time(sec) Read(MB) Write(MB)
--------------------------------------------------
  0        5      259      1690        0    285952
  1        2      131      1535   286340    283892
  2       14      745      1658   382744    382260
  3       67     2985      5050  1163733   1162125
  4      556    29999      6845  1569746   1567903
  5     1859   119814      2625   685362    559726
WriteAmplification: 14.8342

2019/09/13-18:08:06  ... thread 0: (100000000,2600000000) ops and (105564.2,124586.7) ops/second in (947.291171,20869.007160) seconds

                               Compactions
Level  Files Size(MB) Time(sec) Read(MB) Write(MB)
--------------------------------------------------
  0       10      517      1762        0    297384
  1        1       65      1598   297513    294967
  2       12      745      1733   398912    398406
  3       75     3062      5261  1209318   1207646
  4      555    29944      7183  1642075   1640152
  5     1859   119814      2787   727693    591103
WriteAmplification: 14.8954

2019/09/13-18:23:20  ... thread 0: (100000000,2700000000) ops and (109442.9,123951.4) ops/second in (913.718818,21782.725978) seconds

                               Compactions
Level  Files Size(MB) Time(sec) Read(MB) Write(MB)
--------------------------------------------------
  0        3      155      1832        0    308816
  1        4      262      1666   309361    306711
  2       10      642      1800   413528    413001
  3       72     2945      5489  1257424   1255686
  4      561    29996      7464  1701888   1699892
  5     1859   119814      2960   772271    624179
WriteAmplification: 14.9224

2019/09/13-18:39:06  ... thread 0: (100000000,2800000000) ops and (105690.4,123191.3) ops/second in (946.159370,22728.885348) seconds

                               Compactions
Level  Files Size(MB) Time(sec) Read(MB) Write(MB)
--------------------------------------------------
  0        9      466      1904        0    320299
  1        1       27      1729   320534    317787
  2       13      783      1868   428198    427649
  3       76     3041      5701  1302946   1301144
  4      548    29939      7805  1775196   1773118
  5     1859   119814      3123   815484    656429
WriteAmplification: 14.9748

2019/09/13-18:54:16  ... thread 0: (100000000,2900000000) ops and (109879.2,122678.7) ops/second in (910.090605,23638.975953) seconds

                               Compactions
Level  Files Size(MB) Time(sec) Read(MB) Write(MB)
--------------------------------------------------
  0        2      103      1976        0    331731
  1        6      392      1797   332382    329531
  2        8      485      1941   443711    443141
  3       72     2960      5923  1350765   1348897
  4      553    29945      8086  1835439   1833287
  5     1858   119814      3294   860209    689616
WriteAmplification: 15.0007

2019/09/13-19:09:55  ... thread 0: (100000000,3000000000) ops and (106472.0,122059.4) ops/second in (939.213818,24578.189771) seconds

                               Compactions
Level  Files Size(MB) Time(sec) Read(MB) Write(MB)
--------------------------------------------------
  0        7      362      2047        0    343163
  1        2      131      1861   343582    340634
  2       13      745      2013   459256    458665
  3       66     2998      6131  1395692   1393761
  4      554    29973      8419  1907509   1905276
  5     1857   119814      3459   903083    721647
WriteAmplification: 15.0457

2019/09/13-19:25:36  ... thread 0: (100000000,3100000000) ops and (106355.0,121480.8) ops/second in (940.246927,25518.436698) seconds

                               Compactions
Level  Files Size(MB) Time(sec) Read(MB) Write(MB)
--------------------------------------------------
  0        0        0      2120        0    354595
  1       10      615      1928   355403    352351
  2        5      288      2085   474633    474020
  3       73     2956      6360  1443760   1441762
  4      551    29959      8711  1969223   1966917
  5     1857   119814      3640   948719    755726
WriteAmplification: 15.0746

2019/09/13-19:41:26  ... thread 0: (100000000,3200000000) ops and (105259.7,120898.6) ops/second in (950.030959,26468.467657) seconds

                               Compactions
Level  Files Size(MB) Time(sec) Read(MB) Write(MB)
--------------------------------------------------
  0        6      310      2191        0    366079
  1        6      354      1993   366603    363453
  2        8      522      2154   489346    488711
  3       71     2996      6578  1490413   1488352
  4      548    29997      9049  2039965   2037577
  5     1856   119814      3803   990299    786447
WriteAmplification: 15.1077

2019/09/13-19:56:28  ... thread 0: (100000000,3300000000) ops and (110768.3,120564.4) ops/second in (902.785158,27371.252815) seconds

                               Compactions
Level  Files Size(MB) Time(sec) Read(MB) Write(MB)
--------------------------------------------------
  0       11      569      2262        0    377511
  1        1       65      2058   377830    374583
  2       11      680      2221   503998    503343
  3       79     3088      6801  1537654   1535528
  4      558    29966      9327  2097816   2095360
  5     1855   119814      3977  1034014    819171
WriteAmplification: 15.1135

2019/09/13-20:13:18  ... thread 0: (100000000,3400000000) ops and (99008.3,119797.3) ops/second in (1010.016688,28381.269503) seconds

                               Compactions
Level  Files Size(MB) Time(sec) Read(MB) Write(MB)
--------------------------------------------------
  0        4      207      2335        0    388942
  1        4      261      2127   389651    386300
  2       11      615      2297   519710    519033
  3       68     2962      7030  1584934   1582743
  4      544    29989      9685  2174241   2171697
  5     1855   119814      4155  1079539    853208
WriteAmplification: 15.1743

2019/09/13-20:28:22  ... thread 0: (100000000,3500000000) ops and (110683.9,119516.2) ops/second in (903.473360,29284.742863) seconds

                               Compactions
Level  Files Size(MB) Time(sec) Read(MB) Write(MB)
--------------------------------------------------
  0        9      466      2407        0    400374
  1        1       65      2191   400824    397376
  2       14      811      2371   535584    534885
  3       73     2946      7248  1630368   1628113
  4      557    29936      9965  2231683   2229071
  5     1855   119814      4325  1122327    885004
WriteAmplification: 15.1729

2019/09/13-20:44:49  ... thread 0: (100000000,3600000000) ops and (101357.5,118924.3) ops/second in (986.607007,30271.349870) seconds

                               Compactions
Level  Files Size(MB) Time(sec) Read(MB) Write(MB)
--------------------------------------------------
  0        3      155      2478        0    411858
  1        9      550      2258   412645    409093
  2        5      327      2442   550968    550248
  3       70     2968      7474  1678518   1676196
  4      560    29976     10321  2307553   2304854
  5     1855   119814      4494  1166722    917946
WriteAmplification: 15.2242

2019/09/13-20:59:38  ... thread 0: (100000000,3700000000) ops and (112439.5,118739.2) ops/second in (889.367067,31160.716937) seconds

                               Compactions
Level  Files Size(MB) Time(sec) Read(MB) Write(MB)
--------------------------------------------------
  0        8      414      2548        0    423290
  1        1       65      2321   423845    420196
  2       13      796      2510   566082    565340
  3       71     2970      7683  1723702   1721317
  4      555    29963     10611  2369623   2366854
  5     1854   119814      4657  1210102    950379
WriteAmplification: 15.2316

2019/09/13-21:16:05  ... thread 0: (100000000,3800000000) ops and (101339.9,118205.2) ops/second in (986.778414,32147.495351) seconds

                               Compactions
Level  Files Size(MB) Time(sec) Read(MB) Write(MB)
--------------------------------------------------
  0        1       52      2618        0    434722
  1       10      615      2390   435666    431913
  2        5      288      2576   580440    579679
  3       63     2979      7923  1774565   1772112
  4      550    29941     10948  2440876   2438023
  5     1853   119814      4834  1255440    984228
WriteAmplification: 15.2757

2019/09/13-21:31:11  ... thread 0: (100000000,3900000000) ops and (110373.3,117990.5) ops/second in (906.016329,33053.511680) seconds

                               Compactions
Level  Files Size(MB) Time(sec) Read(MB) Write(MB)
--------------------------------------------------
  0        6      310      2689        0    446153
  1        7      419      2453   446866    443015
  2        7      457      2647   595713    594930
  3       68     2968      8131  1819349   1816832
  4      545    29957     11251  2504387   2501463
  5     1853   119814      4999  1298086   1015932
WriteAmplification: 15.2825

2019/09/13-21:46:55  ... thread 0: (100000000,4000000000) ops and (105867.9,117653.7) ops/second in (944.573731,33998.085411) seconds

                               Compactions
Level  Files Size(MB) Time(sec) Read(MB) Write(MB)
--------------------------------------------------
  0       12      621      2761        0    457637
  1        0        0      2519   458067    454118
  2       11      614      2721   611547    610741
  3       72     3212      8348  1865070   1862490
  4      547    29990     11571  2571857   2568853
  5     1853   119814      5168  1340617   1047569
WriteAmplification: 15.2990

2019/09/13-22:02:15  ... thread 0: (100000000,4100000000) ops and (108681.1,117417.2) ops/second in (920.123531,34918.208942) seconds

                               Compactions
Level  Files Size(MB) Time(sec) Read(MB) Write(MB)
--------------------------------------------------
  0        5      259      2831        0    469069
  1        5      288      2586   469888    465835
  2       11      615      2789   626578    625752
  3       67     2941      8567  1913065   1910419
  4      555    29964     11875  2638463   2635384
  5     1853   119814      5335  1385680   1081096
WriteAmplification: 15.3230

2019/09/13-22:17:20  ... thread 0: (100000000,4200000000) ops and (110582.1,117244.7) ops/second in (904.305167,35822.514109) seconds

                               Compactions
Level  Files Size(MB) Time(sec) Read(MB) Write(MB)
--------------------------------------------------
  0       10      517      2900        0    480501
  1        0        0      2648   481115    476964
  2       14      810      2857   641673    640826
  3       69     3016      8782  1960842   1958132
  4      553    29984     12179  2705759   2702600
  5     1853   119814      5495  1428798   1113305
WriteAmplification: 15.3430

2019/09/13-22:32:44  ... thread 0: (100000000,4300000000) ops and (108212.2,117017.6) ops/second in (924.110009,36746.624118) seconds

                               Compactions
Level  Files Size(MB) Time(sec) Read(MB) Write(MB)
--------------------------------------------------
  0        3      155      2970        0    491933
  1        9      550      2714   492936    488682
  2        7      354      2925   656755    655887
  3       69     2957      8996  2008250   2005475
  4      553    29952     12491  2774238   2771002
  5     1853   119814      5661  1474042   1147026
WriteAmplification: 15.3680

2019/09/13-22:47:54  ... thread 0: (100000000,4400000000) ops and (109895.7,116845.5) ops/second in (909.954069,37656.578187) seconds

                               Compactions
Level  Files Size(MB) Time(sec) Read(MB) Write(MB)
--------------------------------------------------
  0        9      466      3040        0    503416
  1        6      354      2776   504109    499758
  2        8      522      2994   671883    670992
  3       56     2996      9211  2054244   2051404
  4      547    29996     12796  2839658   2836344
  5     1853   119814      5823  1516483   1178609
WriteAmplification: 15.3760

2019/09/13-23:03:50  ... thread 0: (100000000,4500000000) ops and (104578.7,116541.7) ops/second in (956.217526,38612.795713) seconds

                               Compactions
Level  Files Size(MB) Time(sec) Read(MB) Write(MB)
--------------------------------------------------
  0        2      103      3112        0    514848
  1        9      550      2843   515957    511502
  2        6      354      3066   687464    686553
  3       66     2948      9436  2103258   2100351
  4      554    29982     13121  2910851   2907458
  5     1853   119814      5992  1561291   1211860
WriteAmplification: 15.4076

2019/09/13-23:18:27  ... thread 0: (100000000,4600000000) ops and (114008.2,116485.4) ops/second in (877.130056,39489.925769) seconds

                               Compactions
Level  Files Size(MB) Time(sec) Read(MB) Write(MB)
--------------------------------------------------
  0        7      362      3182        0    526280
  1        3      196      2906   527157    522604
  2       11      680      3136   702838    701905
  3       63     2964      9636  2147396   2144427
  4      544    29945     13412  2973695   2970226
  5     1853   119814      6149  1603616   1243221
WriteAmplification: 15.4075

2019/09/13-23:34:12  ... thread 0: (100000000,4700000000) ops and (105821.8,116236.2) ops/second in (944.985167,40434.910936) seconds

                               Compactions
Level  Files Size(MB) Time(sec) Read(MB) Write(MB)
--------------------------------------------------
  0        0        0      3252        0    537712
  1        9      550      2971   538978    534322
  2        5      327      3204   718083    717128
  3       67     2985      9855  2196045   2193009
  4      552    29969     13741  3045995   3042447
  5     1852   119814      6315  1648719   1276847
WriteAmplification: 15.4385

2019/09/13-23:49:04  ... thread 0: (100000000,4800000000) ops and (112179.5,116148.7) ops/second in (891.428803,41326.339739) seconds

                               Compactions
Level  Files Size(MB) Time(sec) Read(MB) Write(MB)
--------------------------------------------------
  0        5      259      3323        0    549144
  1        6      354      3035   550178    545424
  2       11      504      3276   733520    732543
  3       67     2945     10064  2240774   2237675
  4      548    29943     14023  3106069   3102446
  5     1852   119814      6483  1692074   1309200
WriteAmplification: 15.4357

2019/09/14-00:04:45  ... thread 0: (100000000,4900000000) ops and (106187.8,115926.8) ops/second in (941.728126,42268.067865) seconds

                               Compactions
Level  Files Size(MB) Time(sec) Read(MB) Write(MB)
--------------------------------------------------
  0       11      569      3395        0    560627
  1        1       65      3101   561378    556526
  2       12      745      3348   748903    747905
  3       71     3001     10279  2287318   2284155
  4      556    29993     14344  3174705   3171005
  5     1852   119814      6653  1734946   1341218
WriteAmplification: 15.4495

2019/09/14-00:19:59  ... thread 0: (100000000,5000000000) ops and (109423.7,115789.1) ops/second in (913.878394,43181.946259) seconds

                               Compactions
Level  Files Size(MB) Time(sec) Read(MB) Write(MB)
--------------------------------------------------
  0        4      207      3466        0    572059
  1        7      458      3169   573226    568271
  2        7      440      3415   763509    762491
  3       74     2978     10500  2334847   2331618
  4      565    29985     14632  3236449   3232675
  5     1852   119814      6825  1779584   1374382
WriteAmplification: 15.4556

2019/09/14-00:35:55  ... thread 0: (100000000,5100000000) ops and (104579.9,115546.3) ops/second in (956.206916,44138.153175) seconds

                               Compactions
Level  Files Size(MB) Time(sec) Read(MB) Write(MB)
--------------------------------------------------
  0        9      466      3537        0    583491
  1        1       65      3233   584426    579373
  2       13      745      3482   778034    776995
  3       75     3007     10717  2381907   2378613
  4      557    29970     14978  3309899   3306044
  5     1852   119814      6989  1822493   1406309
WriteAmplification: 15.4772

2019/09/14-00:51:24  ... thread 0: (100000000,5200000000) ops and (107732.9,115385.4) ops/second in (928.221126,45066.374301) seconds

                               Compactions
Level  Files Size(MB) Time(sec) Read(MB) Write(MB)
--------------------------------------------------
  0        2      103      3610        0    594923
  1        8      485      3301   596220    591064
  2        6      392      3553   793156    792096
  3       70     2972     10945  2430663   2427302
  4      556    29952     15265  3370909   3366980
  5     1852   119814      7163  1867598   1439899
WriteAmplification: 15.4848

2019/09/14-01:07:30  ... thread 0: (100000000,5300000000) ops and (103511.0,115136.2) ops/second in (966.081184,46032.455485) seconds

                               Compactions
Level  Files Size(MB) Time(sec) Read(MB) Write(MB)
--------------------------------------------------
  0        8      414      3683        0    606407
  1        5      327      3365   607420    602166
  2       10      587      3622   807713    806632
  3       71     2971     11168  2477061   2473637
  4      552    29994     15609  3444000   3439990
  5     1851   119814      7330  1910199   1471669
WriteAmplification: 15.5020

2019/09/14-01:23:22  ... thread 0: (100000000,5400000000) ops and (104977.0,114930.2) ops/second in (952.589418,46985.044903) seconds

                               Compactions
Level  Files Size(MB) Time(sec) Read(MB) Write(MB)
--------------------------------------------------
  0        1       52      3754        0    617839
  1       10      615      3437   619214    613857
  2        5      262      3699   823971    822868
  3       71     2935     11399  2526144   2522652
  4      556    29967     15896  3504949   3500865
  5     1851   119814      7517  1956951   1506793
WriteAmplification: 15.5136

2019/09/14-01:39:41  ... thread 0: (100000000,5500000000) ops and (102212.3,114670.8) ops/second in (978.355996,47963.400899) seconds

                               Compactions
Level  Files Size(MB) Time(sec) Read(MB) Write(MB)
--------------------------------------------------
  0        6      310      3827        0    629270
  1        2      131      3503   630414    624959
  2       13      745      3771   839110    837986
  3       64     2965     11622  2572923   2569368
  4      550    29963     16249  3577447   3573281
  5     1851   119814      7682  1999056   1538014
WriteAmplification: 15.5305

2019/09/14-01:54:46  ... thread 0: (100000000,5600000000) ops and (110405.0,114591.7) ops/second in (905.755681,48869.156580) seconds

                               Compactions
Level  Files Size(MB) Time(sec) Read(MB) Write(MB)
--------------------------------------------------
  0       12      621      3900        0    640754
  1        0        0      3569   641614    636062
  2       10      588      3840   853642    852496
  3       85     3221     11845  2620137   2616518
  4      559    29995     16527  3634904   3630669
  5     1851   119814      7854  2042775   1570812
WriteAmplification: 15.5244

2019/09/14-02:11:25  ... thread 0: (100000000,5700000000) ops and (100172.1,114303.0) ops/second in (998.281520,49867.438100) seconds

                               Compactions
Level  Files Size(MB) Time(sec) Read(MB) Write(MB)
--------------------------------------------------
  0        5      259      3971        0    652186
  1        9      550      3636   653435    647779
  2        5      327      3908   868263    867096
  3       67     2994     12082  2670374   2666687
  4      545    29952     16881  3710726   3706406
  5     1851   119814      8026  2087504   1604043
WriteAmplification: 15.5542

2019/09/14-02:25:59  ... thread 0: (100000000,5800000000) ops and (114350.3,114303.9) ops/second in (874.505598,50741.943698) seconds

                               Compactions
Level  Files Size(MB) Time(sec) Read(MB) Write(MB)
--------------------------------------------------
  0       10      517      4042        0    663618
  1        0        0      3700   664635    658882
  2       14      902      3977   883422    882234
  3       75     2987     12295  2716033   2712283
  4      552    29943     17152  3768928   3764539
  5     1851   119814      8188  2129990   1635617
WriteAmplification: 15.5469

2019/09/14-02:42:17  ... thread 0: (100000000,5900000000) ops and (102212.2,114075.1) ops/second in (978.357195,51720.300893) seconds

                               Compactions
Level  Files Size(MB) Time(sec) Read(MB) Write(MB)
--------------------------------------------------
  0        3      155      4112        0    675050
  1        6      354      3766   676429    670572
  2        9      550      4049   899112    897902
  3       67     2987     12520  2763871   2760054
  4      543    29960     17496  3843782   3839307
  5     1851   119814      8361  2175529   1669657
WriteAmplification: 15.5730

2019/09/14-02:57:37  ... thread 0: (100000000,6000000000) ops and (108790.2,113982.8) ops/second in (919.200548,52639.501441) seconds

                               Compactions
Level  Files Size(MB) Time(sec) Read(MB) Write(MB)
--------------------------------------------------
  0        9      466      4185        0    686533
  1        1       65      3832   687630    681675
  2       13      837      4121   914220    912989
  3       74     2969     12736  2809119   2805240
  4      555    29963     17793  3905280   3900734
  5     1851   119814      8531  2218906   1702098
WriteAmplification: 15.5699

2019/09/14-03:14:25  ... thread 0: (100000000,6100000000) ops and (99137.2,113703.7) ops/second in (1008.703505,53648.204946) seconds

                               Compactions
Level  Files Size(MB) Time(sec) Read(MB) Write(MB)
--------------------------------------------------
  0        1       52      4257        0    697913
  1       10      615      3901   699451    693392
  2        4      262      4193   929482    928229
  3       64     2980     12968  2857150   2853204
  4      557    29986     18148  3978877   3974245
  5     1851   119814      8710  2263915   1735599
WriteAmplification: 15.5930

2019/09/14-03:29:38  ... thread 0: (100000000,6200000000) ops and (109628.2,113635.6) ops/second in (912.174248,54560.379194) seconds

                               Compactions
Level  Files Size(MB) Time(sec) Read(MB) Write(MB)
--------------------------------------------------
  0        7      362      4329        0    709397
  1        6      354      3965   710651    704494
  2        9      549      4267   945186    943912
  3       73     2950     13185  2902927   2898918
  4      555    29999     18444  4041507   4036805
  5     1850   119814      8873  2306530   1767303
WriteAmplification: 15.5919

2019/09/14-03:45:59  ... thread 0: (100000000,6300000000) ops and (101896.3,113428.1) ops/second in (981.389562,55541.768756) seconds

                               Compactions
Level  Files Size(MB) Time(sec) Read(MB) Write(MB)
--------------------------------------------------
  0        0        0      4401        0    720829
  1        9      550      4034   722472    716212
  2        6      354      4338   960415    959119
  3       61     2973     13415  2950760   2946684
  4      542    29971     18786  4112977   4108191
  5     1850   119814      9044  2350979   1800228
WriteAmplification: 15.6088

2019/09/14-04:01:21  ... thread 0: (100000000,6400000000) ops and (108399.4,113346.0) ops/second in (922.514404,56464.283160) seconds

                               Compactions
Level  Files Size(MB) Time(sec) Read(MB) Write(MB)
--------------------------------------------------
  0        5      259      4472        0    732261
  1        8      523      4098   733672    727314
  2        8      380      4412   976188    974871
  3       70     2998     13625  2995423   2991286
  4      558    29986     19099  4179061   4174202
  5     1850   119814      9208  2393764   1832134
WriteAmplification: 15.6120

2019/09/14-04:17:04  ... thread 0: (100000000,6500000000) ops and (106080.4,113226.7) ops/second in (942.681352,57406.964512) seconds

                               Compactions
Level  Files Size(MB) Time(sec) Read(MB) Write(MB)
--------------------------------------------------
  0       11      569      4545        0    743744
  1        0        0      4164   744872    738417
  2       12      680      4481   990834    989495
  3       67     3150     13844  3041921   3037721
  4      540    29981     19417  4245532   4240594
  5     1850   119814      9380  2437063   1864446
WriteAmplification: 15.6161

2019/09/14-04:33:15  ... thread 0: (100000000,6600000000) ops and (102973.8,113056.1) ops/second in (971.120588,58378.085100) seconds

                               Compactions
Level  Files Size(MB) Time(sec) Read(MB) Write(MB)
--------------------------------------------------
  0        4      207      4616        0    755176
  1        8      485      4232   756693    750134
  2        8      419      4557  1006976   1005615
  3       67     2994     14065  3089286   3085019
  4      552    29959     19750  4316184   4311168
  5     1850   119814      9554  2481941   1897845
WriteAmplification: 15.6321

2019/09/14-04:48:23  ... thread 0: (100000000,6700000000) ops and (110188.5,113012.2) ops/second in (907.535312,59285.620412) seconds

                               Compactions
Level  Files Size(MB) Time(sec) Read(MB) Write(MB)
--------------------------------------------------
  0        9      466      4687        0    766608
  1        1       65      4297   767893    761237
  2       14      772      4632  1023297   1021914
  3       61     3047     14277  3134439   3130109
  4      550    29954     20045  4379435   4374342
  5     1850   119814      9717  2524293   1929265
WriteAmplification: 15.6318

2019/09/14-05:04:01  ... thread 0: (100000000,6800000000) ops and (106596.2,112912.3) ops/second in (938.119313,60223.739725) seconds

                               Compactions
Level  Files Size(MB) Time(sec) Read(MB) Write(MB)
--------------------------------------------------
  0        2      103      4756        0    778040
  1        6      354      4362   779714    772954
  2        9      550      4701  1038930   1037526
  3       72     2993     14498  3183769   3179372
  4      550    29990     20366  4449888   4444717
  5     1850   119814      9883  2569439   1962934
WriteAmplification: 15.6490

2019/09/14-05:18:43  ... thread 0: (100000000,6900000000) ops and (113354.9,112918.7) ops/second in (882.185306,61105.925031) seconds

                               Compactions
Level  Files Size(MB) Time(sec) Read(MB) Write(MB)
--------------------------------------------------
  0        7      362      4827        0    789472
  1        1       65      4426   790914    784056
  2       13      811      4772  1054124   1052699
  3       64     2995     14704  3228415   3223954
  4      543    29979     20648  4510999   4505753
  5     1850   119814     10046  2612806   1995350
WriteAmplification: 15.6450

2019/09/14-05:35:10  ... thread 0: (100000000,7000000000) ops and (101310.6,112734.1) ops/second in (987.063247,62092.988278) seconds

                               Compactions
Level  Files Size(MB) Time(sec) Read(MB) Write(MB)
--------------------------------------------------
  0        1       52      4899        0    800955
  1       10      615      4492   802708    795747
  2        5      261      4844  1069540   1068093
  3       72     2957     14934  3277526   3272999
  4      554    29978     20992  4584186   4578858
  5     1849   119814     10220  2658305   2029289
WriteAmplification: 15.6637

2019/09/14-05:49:34  ... thread 0: (100000000,7100000000) ops and (115733.2,112775.3) ops/second in (864.056597,62957.044875) seconds

                               Compactions
Level  Files Size(MB) Time(sec) Read(MB) Write(MB)
--------------------------------------------------
  0        6      310      4969        0    812387
  1        7      419      4555   813908    806850
  2        8      484      4916  1085322   1083853
  3       72     2943     15136  3321133   3316544
  4      565    29976     21260  4642349   4636951
  5     1849   119814     10381  2700787   2060860
WriteAmplification: 15.6544

2019/09/14-06:05:20  ... thread 0: (100000000,7200000000) ops and (105740.8,112671.2) ops/second in (945.709088,63902.753963) seconds

                               Compactions
Level  Files Size(MB) Time(sec) Read(MB) Write(MB)
--------------------------------------------------
  0       11      569      5040        0    823819
  1        0        0      4618   825108    817952
  2       10      549      4987  1100955   1099464
  3       77     3266     15349  3367542   3362889
  4      554    29946     21603  4716687   4711206
  5     1849   119814     10540  2743432   2092538
WriteAmplification: 15.6683

2019/09/14-06:20:30  ... thread 0: (100000000,7300000000) ops and (109858.5,112631.7) ops/second in (910.262183,64813.016146) seconds

                               Compactions
Level  Files Size(MB) Time(sec) Read(MB) Write(MB)
--------------------------------------------------
  0        4      207      5110        0    835251
  1        4      261      4684   836929    829669
  2       10      644      5062  1117287   1115775
  3       71     2973     15560  3413344   3408626
  4      552    29948     21893  4779072   4773517
  5     1849   119814     10711  2788775   2126417
WriteAmplification: 15.6710

2019/09/14-06:35:50  ... thread 0: (100000000,7400000000) ops and (108754.3,112577.5) ops/second in (919.503667,65732.519813) seconds

                               Compactions
Level  Files Size(MB) Time(sec) Read(MB) Write(MB)
--------------------------------------------------
  0       10      517      5181        0    846735
  1        1       65      4747   848103    840745
  2       14      811      5130  1132011   1130476
  3       71     2948     15768  3458542   3453761
  4      546    29968     22219  4849901   4844264
  5     1849   119814     10867  2830957   2157656
WriteAmplification: 15.6763

2019/09/14-06:51:12  ... thread 0: (100000000,7500000000) ops and (108419.7,112519.9) ops/second in (922.341679,66654.861492) seconds

                               Compactions
Level  Files Size(MB) Time(sec) Read(MB) Write(MB)
--------------------------------------------------
  0        3      155      5251        0    858167
  1        9      550      4815   859923    852463
  2        6      354      5198  1147025   1145469
  3       74     2953     15991  3507093   3502246
  4      556    29960     22516  4914333   4908621
  5     1849   119814     11038  2876739   2191934
WriteAmplification: 15.6833

2019/09/14-07:06:54  ... thread 0: (100000000,7600000000) ops and (106139.5,112431.0) ops/second in (942.156275,67597.017767) seconds

                               Compactions
Level  Files Size(MB) Time(sec) Read(MB) Write(MB)
--------------------------------------------------
  0        8      414      5321        0    869598
  1        1       65      4879   871124    863565
  2       15      818      5271  1162596   1161019
  3       69     2985     16209  3553435   3548524
  4      552    29969     22839  4982761   4976970
  5     1849   119814     11204  2919437   2223742
WriteAmplification: 15.6893

2019/09/14-07:22:21  ... thread 0: (100000000,7700000000) ops and (107891.9,112369.6) ops/second in (926.853401,68523.871168) seconds

                               Compactions
Level  Files Size(MB) Time(sec) Read(MB) Write(MB)
--------------------------------------------------
  0        1       52      5391        0    881030
  1       10      615      4945   882944    875282
  2        6      288      5339  1177676   1176077
  3       61     2980     16436  3602741   3597762
  4      557    29944     23141  5047944   5042077
  5     1849   119814     11371  2964716   2257485
WriteAmplification: 15.6972

2019/09/14-07:37:38  ... thread 0: (100000000,7800000000) ops and (109062.9,112325.9) ops/second in (916.901890,69440.773058) seconds

                               Compactions
Level  Files Size(MB) Time(sec) Read(MB) Write(MB)
--------------------------------------------------
  0        6      310      5462        0    892462
  1        7      419      5008   894145    886385
  2        7      457      5409  1192612   1190991
  3       68     2936     16646  3648635   3643593
  4      558    29961     23455  5115798   5109851
  5     1849   119814     11534  3008078   2289883
WriteAmplification: 15.7017

2019/09/14-07:52:16  ... thread 0: (100000000,7900000000) ops and (113913.1,112345.8) ops/second in (877.861832,70318.634890) seconds

                               Compactions
Level  Files Size(MB) Time(sec) Read(MB) Write(MB)
--------------------------------------------------
  0       12      621      5533        0    903946
  1        1       65      5072   905372    897514
  2       12      680      5475  1207001   1205360
  3       75     3126     16851  3693154   3688049
  4      551    29983     23739  5177379   5171363
  5     1849   119814     11696  3050591   2321556
WriteAmplification: 15.6954

2019/09/14-08:08:42  ... thread 0: (100000000,8000000000) ops and (101438.3,112195.0) ops/second in (985.820715,71304.455605) seconds

                               Compactions
Level  Files Size(MB) Time(sec) Read(MB) Write(MB)
--------------------------------------------------
  0        5      259      5606        0    915378
  1        8      485      5140   917193    909231
  2        7      392      5548  1222467   1220804
  3       67     2971     17079  3740576   3735405
  4      547    29938     24081  5249562   5243461
  5     1849   119814     11870  3095428   2354806
WriteAmplification: 15.7084

fillrandom   :       8.913 micros/op 112194 ops/sec;   12.4 MB/s
Microseconds per op:
Count: 8000000000 Average: 8.9131  StdDev: 1.17
Min: 0  Median: 0.5006  Max: 62708097
Percentiles: P50: 0.50 P75: 0.75 P99: 0.99 P99.9: 385.92 P99.99: 3361.55
------------------------------------------------------
[       0,       1 ] 7991208207  99.890%  99.890% ####################
(       1,       2 ]   318598   0.004%  99.894% 
(       2,       3 ]    45556   0.001%  99.895% 
(       3,       4 ]   120955   0.002%  99.896% 
(       4,       6 ]   242040   0.003%  99.899% 
(       6,      10 ]    22669   0.000%  99.899% 
(      10,      15 ]    27402   0.000%  99.900% 
(      15,      22 ]     5825   0.000%  99.900% 
(      22,      34 ]     5689   0.000%  99.900% 
(      34,      51 ]      660   0.000%  99.900% 
(      51,      76 ]      144   0.000%  99.900% 
(      76,     110 ]        7   0.000%  99.900% 
(     110,     170 ]       16   0.000%  99.900% 
(     170,     250 ]       79   0.000%  99.900% 
(     250,     380 ]       71   0.000%  99.900% 
(     380,     580 ]    70363   0.001%  99.901% 
(     580,     870 ]   268651   0.003%  99.904% 
(     870,    1300 ]  1791339   0.022%  99.927% 
(    1300,    1900 ]  2464258   0.031%  99.957% 
(    1900,    2900 ]  2278241   0.028%  99.986% 
(    2900,    4400 ]  1069971   0.013%  99.999% 
(    4400,    6600 ]    24670   0.000% 100.000% 
(    6600,    9900 ]     3591   0.000% 100.000% 
(    9900,   14000 ]     6917   0.000% 100.000% 
(   14000,   22000 ]    15448   0.000% 100.000% 
(   22000,   33000 ]     4070   0.000% 100.000% 
(   33000,   50000 ]     2233   0.000% 100.000% 
(   50000,   75000 ]      658   0.000% 100.000% 
(   75000,  110000 ]      179   0.000% 100.000% 
(  110000,  170000 ]       15   0.000% 100.000% 
(  170000,  250000 ]        3   0.000% 100.000% 
(  250000,  380000 ]        3   0.000% 100.000% 
( 4300000, 6500000 ]        4   0.000% 100.000% 
( 6500000, 9800000 ]        5   0.000% 100.000% 
( 9800000, 14000000 ]       10   0.000% 100.000% 
( 14000000, 22000000 ]       61   0.000% 100.000% 
( 22000000, 33000000 ]      414   0.000% 100.000% 
( 33000000, 49000000 ]      839   0.000% 100.000% 
( 49000000, 74000000 ]      139   0.000% 100.000% 

FLAGS_num 8000000000, num_ 8000000000
num after by threads 8000000000

                               Compactions
Level  Files Size(MB) Time(sec) Read(MB) Write(MB)
--------------------------------------------------
  0        5      259      5606        0    915378
  1        8      485      5140   917193    909231
  2        7      392      5548  1222467   1220804
  3       67     2971     17079  3740576   3735405
  4      547    29938     24081  5249562   5243461
  5     1849   119814     11870  3095428   2354806
WriteAmplification: 15.7084

