./pebblesdb/release/db_bench --db=/mnt/nvm/peb8B --num=8000000000 --value_size=100 --batch_size=1000 --benchmarks=fillrandom,stats --logpath=/mnt/ssd --bloom_bits=10 --log=true --cache_size=8388608 --bg_threads=6 --open_files=800000 --stats_interval=100000000 --histogram=true --compression=false --write_buffer_size=67108864 
Keys:       16 bytes each
Values:     100 bytes each (50 bytes after compression)
Entries:    8000000000
RawSize:    885009.8 MB (estimated)
FileSize:   503540.0 MB (estimated)
WARNING: Snappy compression is not enabled

Recover Time : 18446744073709551285
InitializeFileLevelBloomFilter Time: 1
InitializeTableCacheFileMetaData Time: 0
PebblesDB Open Time: 1136
 usWrite buffer: 65536.00 KB
Recover Time : 18446744073709551333
InitializeFileLevelBloomFilter Time: 0
InitializeTableCacheFileMetaData Time: 1
PebblesDB Open Time: 806
 us2019/09/13-11:15:51  ... thread 0: (100000000,100000000) ops and (538287.8,538287.8) ops/second in (185.774210,185.774210) seconds

                               Compactions
Level  Files Size(MB) Time(sec) Read(MB) Write(MB)
--------------------------------------------------
  0        4      188        95        0     11362
  1        8      403        71    11291     11235
  2       26     1008        68    11064     11050
  3       50     1027        67    10524     10500
  4      204     2238        70    10675     10641
  5      652     3611        80    12068     12043
  6     1724     2731        32     4070      4066
WriteAmplification: 6.2399

2019/09/13-11:19:04  ... thread 0: (100000000,200000000) ops and (518846.7,528388.5) ops/second in (192.735175,378.509385) seconds

                               Compactions
Level  Files Size(MB) Time(sec) Read(MB) Write(MB)
--------------------------------------------------
  0       11      516       192        0     22771
  1       13      744       146    22371     22223
  2       28      475       137    22234     22209
  3      168     2953       147    22709     22648
  4      393     4454       148    22162     22096
  5     1169     6561       155    23074     23025
  6     5412     6708       106    13598     13585
WriteAmplification: 6.5240

2019/09/13-11:22:26  ... thread 0: (100000000,300000000) ops and (496146.7,517185.5) ops/second in (201.553276,580.062661) seconds

                               Compactions
Level  Files Size(MB) Time(sec) Read(MB) Write(MB)
--------------------------------------------------
  0       33      516       288        0     34227
  1       16      740       224    33827     33571
  2       19      511       210    33752     33724
  3      214     3182       226    34534     34435
  4      592     6183       235    34964     34860
  5     1985    10204       246    36542     36461
  6     9694    12295       205    26662     26634
WriteAmplification: 6.8342

2019/09/13-11:25:54  ... thread 0: (100000000,400000000) ops and (479151.4,507121.9) ops/second in (208.702293,788.764954) seconds

                               Compactions
Level  Files Size(MB) Time(sec) Read(MB) Write(MB)
--------------------------------------------------
  0       60      563       380        0     45635
  1       21      587       302    45188     44819
  2      125     2711       285    45592     45558
  3      152     2587       293    44346     44214
  4      919     8297       317    46534     46398
  5     2618    12808       322    47310     47202
  6    13506    17259       307    39832     39788
WriteAmplification: 6.8722

2019/09/13-11:29:31  ... thread 0: (100000000,500000000) ops and (461626.2,497319.2) ops/second in (216.625500,1005.390454) seconds

                               Compactions
Level  Files Size(MB) Time(sec) Read(MB) Write(MB)
--------------------------------------------------
  0       25      235       476        0     57044
  1       34      800       382    56925     56454
  2       90     1566       363    57484     57420
  3      266     3510       382    57615     57443
  4     1012     9108       409    59491     59315
  5     3709    17133       430    62294     62149
  6    18090    23599       438    56063     55999
WriteAmplification: 7.1142

2019/09/13-11:33:10  ... thread 0: (100000000,600000000) ops and (456214.1,489961.6) ops/second in (219.195319,1224.585773) seconds

                               Compactions
Level  Files Size(MB) Time(sec) Read(MB) Write(MB)
--------------------------------------------------
  0       40      376       572        0     68499
  1       30      830       461    68299     67743
  2       39      623       436    68796     68698
  3      522     5262       474    70777     70561
  4     1454    11671       493    71249     71036
  5     4196    19498       512    73034     72861
  6    21920    28899       567    71058     70974
WriteAmplification: 7.1588

2019/09/13-11:36:56  ... thread 0: (100000000,700000000) ops and (443016.2,482655.0) ops/second in (225.725401,1450.311174) seconds

                               Compactions
Level  Files Size(MB) Time(sec) Read(MB) Write(MB)
--------------------------------------------------
  0       98      657       673        0     79908
  1        7      185       539    79426     78776
  2      152     2863       516    80824     80696
  3      618     6084       549    81336     81083
  4     1235     8543       565    81014     80769
  5     5462    24960       637    88257     88044
  6    25836    35021       711    87288     87181
WriteAmplification: 7.2140

2019/09/13-11:40:47  ... thread 0: (100000000,800000000) ops and (432562.3,475768.0) ops/second in (231.180564,1681.491738) seconds

                               Compactions
Level  Files Size(MB) Time(sec) Read(MB) Write(MB)
--------------------------------------------------
  0       63      423       766        0     91363
  1       32      473       621    91116     90374
  2       99      854       596    92516     92351
  3      732     7409       650    95509     95206
  4     1607    11362       668    94602     94313
  5     6227    26786       743   100436    100191
  6    30378    42179       898   106879    106745
WriteAmplification: 7.3393

2019/09/13-11:44:42  ... thread 0: (100000000,900000000) ops and (426264.2,469707.0) ops/second in (234.596302,1916.088040) seconds

                               Compactions
Level  Files Size(MB) Time(sec) Read(MB) Write(MB)
--------------------------------------------------
  0      147      986       861        0    102771
  1       16      489       695   101961    101132
  2      133     1377       671   103535    103337
  3      836     7311       729   106362    106018
  4     2154    14377       758   106157    105830
  5     6121    25967       822   109756    109486
  6    34934    50131      1087   127012    126846
WriteAmplification: 7.3505

2019/09/13-11:48:47  ... thread 0: (100000000,1000000000) ops and (408166.3,462730.3) ops/second in (244.998204,2161.086244) seconds

                               Compactions
Level  Files Size(MB) Time(sec) Read(MB) Write(MB)
--------------------------------------------------
  0      176     1033       953        0    114180
  1       19      634       775   113323    112385
  2      135     1609       746   114723    114497
  3      842     7992       814   117708    117325
  4     1899    11595       856   117779    117414
  5     7774    31429       973   126734    126420
  6    39277    57467      1273   146680    146485
WriteAmplification: 7.4331

2019/09/13-11:52:53  ... thread 0: (100000000,1100000000) ops and (406213.3,456950.6) ops/second in (246.176074,2407.262318) seconds

                               Compactions
Level  Files Size(MB) Time(sec) Read(MB) Write(MB)
--------------------------------------------------
  0      184     1080      1043        0    125588
  1       68     1667       858   124684    123631
  2       97     1485       818   125063    124811
  3      745     7074       900   128663    128246
  4     2083    12987       963   130406    130001
  5     8318    33476      1078   138770    138422
  6    43585    65117      1460   166023    165797
WriteAmplification: 7.4569

2019/09/13-11:57:03  ... thread 0: (100000000,1200000000) ops and (399816.9,451573.1) ops/second in (250.114517,2657.376835) seconds

                               Compactions
Level  Files Size(MB) Time(sec) Read(MB) Write(MB)
--------------------------------------------------
  0       16       94      1131        0    137043
  1       69      979       949   137125    135971
  2      116      858       908   138091    137796
  3     1013     6403       998   142276    141812
  4     2212    15677      1076   144643    144188
  5     9452    40193      1173   150267    149882
  6    44962    69813      1510   171488    171214
WriteAmplification: 7.4276

2019/09/13-12:01:09  ... thread 0: (100000000,1300000000) ops and (406208.0,447726.8) ops/second in (246.179313,2903.556148) seconds

                               Compactions
Level  Files Size(MB) Time(sec) Read(MB) Write(MB)
--------------------------------------------------
  0      248     1455      1222        0    148452
  1        0        0      1019   147172    145952
  2      121      419       985   149051    148720
  3      985     5891      1080   153638    153129
  4     2786    13879      1184   156472    155976
  5     9768    43859      1285   163854    163426
  6    47487    79429      1620   183170    182635
WriteAmplification: 7.3983

2019/09/13-12:05:21  ... thread 0: (100000000,1400000000) ops and (396661.2,443647.2) ops/second in (252.104296,3155.660444) seconds

                               Compactions
Level  Files Size(MB) Time(sec) Read(MB) Write(MB)
--------------------------------------------------
  0       16       94      1317        0    159860
  1       78     1301      1112   159942    158614
  2       83      890      1072   160412    160045
  3      838     6259      1172   164493    163948
  4     2153     9346      1279   166923    166390
  5    10512    45816      1415   178800    178324
  6    50322    91680      1766   199041    197816
WriteAmplification: 7.4127

2019/09/13-12:09:34  ... thread 0: (100000000,1500000000) ops and (395134.1,440045.4) ops/second in (253.078619,3408.739063) seconds

                               Compactions
Level  Files Size(MB) Time(sec) Read(MB) Write(MB)
--------------------------------------------------
  0       24      141      1409        0    171315
  1       76      535      1196   171350    169946
  2      269     2244      1164   172509    172103
  3      806     4542      1263   175196    174609
  4     2212    10219      1394   179301    178724
  5    10058    41924      1520   190262    189746
  6    53303   105588      1953   219034    216403
WriteAmplification: 7.4298

2019/09/13-12:13:50  ... thread 0: (100000000,1600000000) ops and (390304.7,436568.1) ops/second in (256.210060,3664.949123) seconds

                               Compactions
Level  Files Size(MB) Time(sec) Read(MB) Write(MB)
--------------------------------------------------
  0      104      610      1510        0    182724
  1       39     1347      1283   182289    180783
  2      176     2588      1248   182535    182098
  3      651     5216      1351   184847    184225
  4     2840    12862      1481   188243    187635
  5     7845    31764      1579   196530    195993
  6    57358   120814      2146   238522    234710
WriteAmplification: 7.3782

2019/09/13-12:18:18  ... thread 0: (100000000,1700000000) ops and (374260.0,432334.2) ops/second in (267.193910,3932.143033) seconds

                               Compactions
Level  Files Size(MB) Time(sec) Read(MB) Write(MB)
--------------------------------------------------
  0      264     1549      1619        0    194132
  1        9      303      1375   192758    191140
  2      198     3378      1360   193935    193469
  3      698     7808      1459   195429    194772
  4     2110    11459      1569   196199    195563
  5     7327    28634      1694   205861    205293
  6    57019   129596      2415   262303    254842
WriteAmplification: 7.3621

