./pebblesdb/release/db_bench --cache_size=8388608 --logpath=/mnt/ssd --db=/mnt/nvm/peb_ycsb --threads=4 --open_files=40000 --num=1500000000 --range=1500000000 --reads=2000000 --batch_size=1000 --stats_interval=1000000 --bloom_bits=10 --bg_threads=6 --value_size=100 --histogram=true --log=true --benchmarks=loadreverse,ycsbc,ycsbb,ycsbd,ycsba,ycsbf,ycsbe,stats --ycsb_ops_num=8000000 --seek_nexts=100 --use_existing_db=true --write_buffer_size=67108864 
Keys:       16 bytes each
Values:     100 bytes each (50 bytes after compression)
Entries:    1500000000
RawSize:    165939.3 MB (estimated)
FileSize:   94413.8 MB (estimated)
WARNING: Snappy compression is not enabled
------------------------------------------------
Recover Time : 18446744073706987165
InitializeFileLevelBloomFilter Time: 454256077
InitializeTableCacheFileMetaData Time: 13634
PebblesDB Open Time: 457391159
 usWrite buffer: 65536.00 KB
loadreverse  : 106085012.000 micros/op 0 ops/sec;
Microseconds per op:
Count: 0 Average: 0.0000  StdDev: 0.00
Min: 0  Median: 0.0000  Max: 0
Percentiles: P50: 0.00 P75: 0.00 P99: 0.00 P99.9: 0.00 P99.99: 0.00
------------------------------------------------------

2019/09/20-05:34:41  ... thread 1: (1000000,1000000) ops and (6353.2,6353.2) ops/second in (157.401310,157.401310) seconds


2019/09/20-05:34:41  ... thread 3: (1000000,1000000) ops and (6335.1,6335.1) ops/second in (157.851389,157.851389) seconds


2019/09/20-05:34:41  ... thread 2: (1000000,1000000) ops and (6333.9,6333.9) ops/second in (157.879556,157.879556) seconds


2019/09/20-05:34:44  ... thread 0: (1000000,1000000) ops and (6219.4,6219.4) ops/second in (160.788014,160.788014) seconds


2019/09/20-05:36:56  ... thread 3: (1000000,2000000) ops and (7440.0,6843.2) ops/second in (134.408993,292.260382) seconds


2019/09/20-05:36:56  ... thread 2: (1000000,2000000) ops and (7438.2,6841.8) ops/second in (134.441565,292.321121) seconds


2019/09/20-05:37:00  ... thread 1: (1000000,2000000) ops and (7224.2,6760.8) ops/second in (138.422958,295.824268) seconds


2019/09/20-05:37:02  ... thread 0: (1000000,2000000) ops and (7274.0,6705.4) ops/second in (137.476840,298.264854) seconds


2019/09/20-05:39:13  ... thread 3: (1000000,3000000) ops and (7288.8,6985.6) ops/second in (137.197232,429.457614) seconds


2019/09/20-05:39:13  ... thread 2: (1000000,3000000) ops and (7284.3,6983.2) ops/second in (137.282335,429.603456) seconds


2019/09/20-05:39:21  ... thread 0: (1000000,3000000) ops and (7178.5,6856.0) ops/second in (139.305067,437.569921) seconds


2019/09/20-05:39:25  ... thread 1: (1000000,3000000) ops and (6888.7,6802.9) ops/second in (145.164501,440.988769) seconds


2019/09/20-05:41:29  ... thread 3: (1000000,4000000) ops and (7352.2,7073.7) ops/second in (136.014050,565.471664) seconds


2019/09/20-05:41:29  ... thread 2: (1000000,4000000) ops and (7342.5,7069.7) ops/second in (136.193500,565.796956) seconds


2019/09/20-05:41:38  ... thread 0: (1000000,4000000) ops and (7321.8,6966.8) ops/second in (136.578489,574.148410) seconds


2019/09/20-05:41:52  ... thread 1: (1000000,4000000) ops and (6794.7,6800.8) ops/second in (147.173283,588.162052) seconds


2019/09/20-05:43:45  ... thread 3: (1000000,5000000) ops and (7352.2,7127.7) ops/second in (136.013666,701.485330) seconds


2019/09/20-05:43:48  ... thread 2: (1000000,5000000) ops and (7225.4,7100.3) ops/second in (138.399823,704.196779) seconds


2019/09/20-05:43:54  ... thread 0: (1000000,5000000) ops and (7347.7,7039.8) ops/second in (136.097691,710.246101) seconds


2019/09/20-05:44:14  ... thread 1: (1000000,5000000) ops and (7027.3,6845.0) ops/second in (142.301797,730.463849) seconds


2019/09/20-05:46:01  ... thread 3: (1000000,6000000) ops and (7351.3,7164.0) ops/second in (136.031107,837.516437) seconds


2019/09/20-05:46:04  ... thread 2: (1000000,6000000) ops and (7354.0,7141.4) ops/second in (135.980071,840.176850) seconds


2019/09/20-05:46:10  ... thread 0: (1000000,6000000) ops and (7345.8,7089.0) ops/second in (136.131468,846.377569) seconds


2019/09/20-05:46:43  ... thread 1: (1000000,6000000) ops and (6741.7,6827.5) ops/second in (148.331374,878.795223) seconds


2019/09/20-05:48:17  ... thread 3: (1000000,7000000) ops and (7367.7,7192.4) ops/second in (135.727881,973.244318) seconds


2019/09/20-05:48:20  ... thread 2: (1000000,7000000) ops and (7356.3,7171.3) ops/second in (135.937307,976.114157) seconds


2019/09/20-05:48:26  ... thread 0: (1000000,7000000) ops and (7356.8,7126.1) ops/second in (135.928276,982.305845) seconds


2019/09/20-05:49:07  ... thread 1: (1000000,7000000) ops and (6933.5,6842.5) ops/second in (144.226861,1023.022084) seconds


2019/09/20-05:50:36  ... thread 3: (1000000,8000000) ops and (7187.7,7191.8) ops/second in (139.127439,1112.371757) seconds


2019/09/20-05:50:37  ... thread 2: (1000000,8000000) ops and (7277.1,7184.3) ops/second in (137.417500,1113.531657) seconds


2019/09/20-05:50:43  ... thread 0: (1000000,8000000) ops and (7298.3,7147.2) ops/second in (137.017941,1119.323786) seconds


2019/09/20-05:51:25  ... thread 1: (1000000,8000000) ops and (7238.3,6889.6) ops/second in (138.154216,1161.176300) seconds


ycsbc        :      36.299 micros/op 27548 ops/sec;    3.0 MB/s (7992997 of 8000000 found)
Microseconds per op:
Count: 32000000 Average: 140.8251  StdDev: 70.70
Min: 4  Median: 137.0638  Max: 617877
Percentiles: P50: 137.06 P75: 161.23 P99: 519.83 P99.9: 956.14 P99.99: 6594.18
------------------------------------------------------
(       3,       4 ]        5   0.000%   0.000% 
(       4,       6 ]      154   0.000%   0.000% 
(       6,      10 ]   165007   0.516%   0.516% 
(      10,      15 ]  1809801   5.656%   6.172% #
(      15,      22 ]  1880304   5.876%  12.048% #
(      22,      34 ]   448555   1.402%  13.449% 
(      34,      51 ]   255789   0.799%  14.249% 
(      51,      76 ]    68826   0.215%  14.464% 
(      76,     110 ]  2413062   7.541%  22.005% ##
(     110,     170 ] 19860816  62.065%  84.070% ############
(     170,     250 ]  2781680   8.693%  92.762% ##
(     250,     380 ]  1555052   4.860%  97.622% #
(     380,     580 ]   630687   1.971%  99.593% 
(     580,     870 ]    95244   0.298%  99.891% 
(     870,    1300 ]    15066   0.047%  99.938% 
(    1300,    1900 ]     6510   0.020%  99.958% 
(    1900,    2900 ]     5430   0.017%  99.975% 
(    2900,    4400 ]     3303   0.010%  99.985% 
(    4400,    6600 ]     1513   0.005%  99.990% 
(    6600,    9900 ]     1222   0.004%  99.994% 
(    9900,   14000 ]      871   0.003%  99.997% 
(   14000,   22000 ]      800   0.003%  99.999% 
(   22000,   33000 ]      179   0.001% 100.000% 
(   33000,   50000 ]       38   0.000% 100.000% 
(   50000,   75000 ]       22   0.000% 100.000% 
(   75000,  110000 ]       28   0.000% 100.000% 
(  110000,  170000 ]       12   0.000% 100.000% 
(  250000,  380000 ]        8   0.000% 100.000% 
(  380000,  570000 ]       12   0.000% 100.000% 
(  570000,  860000 ]        4   0.000% 100.000% 

2019/09/20-05:53:42  ... thread 1: (1000000,1000000) ops and (7441.9,7441.9) ops/second in (134.373842,134.373842) seconds


2019/09/20-05:53:42  ... thread 3: (1000000,1000000) ops and (7419.8,7419.8) ops/second in (134.774986,134.774986) seconds


2019/09/20-05:53:45  ... thread 2: (1000000,1000000) ops and (7283.4,7283.4) ops/second in (137.298033,137.298033) seconds


2019/09/20-05:53:49  ... thread 0: (1000000,1000000) ops and (7088.6,7088.6) ops/second in (141.071156,141.071156) seconds


2019/09/20-05:55:56  ... thread 1: (1000000,2000000) ops and (7436.1,7439.0) ops/second in (134.479721,268.853563) seconds


2019/09/20-05:56:00  ... thread 2: (1000000,2000000) ops and (7420.4,7351.3) ops/second in (134.763756,272.061789) seconds


2019/09/20-05:56:03  ... thread 3: (1000000,2000000) ops and (7109.1,7261.1) ops/second in (140.665543,275.440529) seconds


2019/09/20-05:56:06  ... thread 0: (1000000,2000000) ops and (7260.7,7173.7) ops/second in (137.726881,278.798037) seconds


2019/09/20-05:58:15  ... thread 1: (1000000,3000000) ops and (7231.9,7368.7) ops/second in (138.275501,407.129064) seconds


2019/09/20-05:58:18  ... thread 2: (1000000,3000000) ops and (7237.8,7313.1) ops/second in (138.162620,410.224409) seconds


2019/09/20-05:58:22  ... thread 3: (1000000,3000000) ops and (7176.5,7232.7) ops/second in (139.344171,414.784700) seconds


2019/09/20-05:58:34  ... thread 0: (1000000,3000000) ops and (6761.1,7030.6) ops/second in (147.905920,426.703957) seconds


2019/09/20-06:00:32  ... thread 1: (1000000,4000000) ops and (7300.0,7351.4) ops/second in (136.986132,544.115196) seconds


2019/09/20-06:00:35  ... thread 2: (1000000,4000000) ops and (7302.4,7310.4) ops/second in (136.941188,547.165597) seconds


2019/09/20-06:00:39  ... thread 3: (1000000,4000000) ops and (7288.6,7246.6) ops/second in (137.200114,551.984814) seconds


2019/09/20-06:01:05  ... thread 0: (1000000,4000000) ops and (6647.9,6930.9) ops/second in (150.422586,577.126543) seconds


2019/09/20-06:02:52  ... thread 1: (1000000,5000000) ops and (7127.4,7305.5) ops/second in (140.303163,684.418359) seconds


2019/09/20-06:02:55  ... thread 2: (1000000,5000000) ops and (7122.4,7272.0) ops/second in (140.401524,687.567121) seconds


2019/09/20-06:03:02  ... thread 3: (1000000,5000000) ops and (7019.1,7199.9) ops/second in (142.468500,694.453314) seconds


2019/09/20-06:03:25  ... thread 0: (1000000,5000000) ops and (7116.7,6967.3) ops/second in (140.515407,717.641950) seconds


2019/09/20-06:05:06  ... thread 1: (1000000,6000000) ops and (7436.5,7327.0) ops/second in (134.471417,818.889776) seconds


2019/09/20-06:05:10  ... thread 2: (1000000,6000000) ops and (7433.1,7298.4) ops/second in (134.532692,822.099813) seconds


2019/09/20-06:05:23  ... thread 3: (1000000,6000000) ops and (7105.0,7183.9) ops/second in (140.746338,835.199652) seconds


2019/09/20-06:05:40  ... thread 0: (1000000,6000000) ops and (7396.1,7035.2) ops/second in (135.207249,852.849199) seconds


2019/09/20-06:07:24  ... thread 1: (1000000,7000000) ops and (7248.0,7315.6) ops/second in (137.969353,956.859129) seconds


2019/09/20-06:07:27  ... thread 2: (1000000,7000000) ops and (7261.0,7293.0) ops/second in (137.721538,959.821351) seconds


2019/09/20-06:07:48  ... thread 3: (1000000,7000000) ops and (6889.9,7140.4) ops/second in (145.139011,980.338663) seconds


2019/09/20-06:08:00  ... thread 0: (1000000,7000000) ops and (7162.6,7053.2) ops/second in (139.614597,992.463796) seconds


2019/09/20-06:09:42  ... thread 1: (1000000,8000000) ops and (7286.5,7312.0) ops/second in (137.239936,1094.099065) seconds


2019/09/20-06:09:44  ... thread 2: (1000000,8000000) ops and (7302.2,7294.2) ops/second in (136.944586,1096.765937) seconds


2019/09/20-06:10:16  ... thread 3: (1000000,8000000) ops and (6741.8,7088.0) ops/second in (148.327966,1128.666629) seconds


2019/09/20-06:10:18  ... thread 0: (1000000,8000000) ops and (7271.1,7079.7) ops/second in (137.529863,1129.993659) seconds


ycsbb        :      35.317 micros/op 28314 ops/sec;    3.1 MB/s (7593478 of 8000000 found)
Microseconds per op:
Count: 32000000 Average: 139.0477  StdDev: 57.89
Min: 1  Median: 136.7377  Max: 226327
Percentiles: P50: 136.74 P75: 161.65 P99: 513.42 P99.9: 814.09 P99.99: 2618.24
------------------------------------------------------
[       0,       1 ]       76   0.000%   0.000% 
(       1,       2 ]     2431   0.008%   0.008% 
(       2,       3 ]    14140   0.044%   0.052% 
(       3,       4 ]    46241   0.145%   0.197% 
(       4,       6 ]   272116   0.850%   1.047% 
(       6,      10 ]   401257   1.254%   2.301% 
(      10,      15 ]   492223   1.538%   3.839% 
(      15,      22 ]  2009652   6.280%  10.119% #
(      22,      34 ]  1057316   3.304%  13.423% #
(      34,      51 ]   274937   0.859%  14.282% 
(      51,      76 ]   867894   2.712%  16.995% #
(      76,     110 ]  1976219   6.176%  23.170% #
(     110,     170 ] 19266038  60.206%  83.377% ############
(     170,     250 ]  3077847   9.618%  92.995% ##
(     250,     380 ]  1488843   4.653%  97.648% #
(     380,     580 ]   648734   2.027%  99.675% 
(     580,     870 ]    89240   0.279%  99.954% 
(     870,    1300 ]     7659   0.024%  99.978% 
(    1300,    1900 ]     2535   0.008%  99.986% 
(    1900,    2900 ]     1952   0.006%  99.992% 
(    2900,    4400 ]     1124   0.004%  99.995% 
(    4400,    6600 ]      529   0.002%  99.997% 
(    6600,    9900 ]      303   0.001%  99.998% 
(    9900,   14000 ]      200   0.001%  99.998% 
(   14000,   22000 ]      285   0.001%  99.999% 
(   22000,   33000 ]       80   0.000% 100.000% 
(   33000,   50000 ]       19   0.000% 100.000% 
(   50000,   75000 ]       35   0.000% 100.000% 
(   75000,  110000 ]       48   0.000% 100.000% 
(  110000,  170000 ]       11   0.000% 100.000% 
(  170000,  250000 ]       16   0.000% 100.000% 

2019/09/20-06:12:23  ... thread 1: (1000000,1000000) ops and (8225.2,8225.2) ops/second in (121.578028,121.578028) seconds


2019/09/20-06:12:24  ... thread 0: (1000000,1000000) ops and (8166.3,8166.3) ops/second in (122.454477,122.454477) seconds


2019/09/20-06:12:24  ... thread 3: (1000000,1000000) ops and (8180.4,8180.4) ops/second in (122.243686,122.243686) seconds


2019/09/20-06:12:25  ... thread 2: (1000000,1000000) ops and (8121.1,8121.1) ops/second in (123.136071,123.136071) seconds


2019/09/20-06:14:15  ... thread 1: (1000000,2000000) ops and (8973.9,8583.2) ops/second in (111.434495,233.012523) seconds


2019/09/20-06:14:15  ... thread 0: (1000000,2000000) ops and (8973.7,8551.0) ops/second in (111.436472,233.890949) seconds


2019/09/20-06:14:15  ... thread 3: (1000000,2000000) ops and (8981.7,8562.3) ops/second in (111.337524,233.581210) seconds


2019/09/20-06:14:16  ... thread 2: (1000000,2000000) ops and (8984.9,8531.2) ops/second in (111.297624,234.433695) seconds


2019/09/20-06:16:02  ... thread 1: (1000000,3000000) ops and (9361.3,8827.8) ops/second in (106.822951,339.835474) seconds


2019/09/20-06:16:02  ... thread 0: (1000000,3000000) ops and (9346.9,8800.8) ops/second in (106.987534,340.878483) seconds


2019/09/20-06:16:02  ... thread 3: (1000000,3000000) ops and (9363.0,8813.6) ops/second in (106.803529,340.384739) seconds


2019/09/20-06:16:05  ... thread 2: (1000000,3000000) ops and (9212.1,8746.7) ops/second in (108.552615,342.986310) seconds


2019/09/20-06:17:42  ... thread 3: (1000000,4000000) ops and (9977.7,9078.4) ops/second in (100.223466,440.608205) seconds


2019/09/20-06:17:44  ... thread 0: (1000000,4000000) ops and (9792.5,9029.4) ops/second in (102.119015,442.997498) seconds


2019/09/20-06:17:45  ... thread 2: (1000000,4000000) ops and (9968.3,9023.1) ops/second in (100.317915,443.304225) seconds


2019/09/20-06:17:45  ... thread 1: (1000000,4000000) ops and (9643.3,9018.5) ops/second in (103.698450,443.533924) seconds


2019/09/20-06:19:29  ... thread 3: (1000000,5000000) ops and (9416.8,9144.1) ops/second in (106.193550,546.801755) seconds


2019/09/20-06:19:30  ... thread 0: (1000000,5000000) ops and (9441.5,9108.9) ops/second in (105.915307,548.912805) seconds


2019/09/20-06:19:31  ... thread 2: (1000000,5000000) ops and (9393.7,9094.9) ops/second in (106.454342,549.758567) seconds


2019/09/20-06:19:33  ... thread 1: (1000000,5000000) ops and (9275.4,9068.7) ops/second in (107.811684,551.345608) seconds


2019/09/20-06:21:04  ... thread 3: (1000000,6000000) ops and (10440.5,9337.3) ops/second in (95.780793,642.582548) seconds


2019/09/20-06:21:06  ... thread 0: (1000000,6000000) ops and (10410.0,9302.7) ops/second in (96.061287,644.974092) seconds


2019/09/20-06:21:07  ... thread 2: (1000000,6000000) ops and (10478.7,9299.6) ops/second in (95.431316,645.189883) seconds


2019/09/20-06:21:12  ... thread 1: (1000000,6000000) ops and (10150.3,9232.7) ops/second in (98.519116,649.864724) seconds


2019/09/20-06:22:43  ... thread 3: (1000000,7000000) ops and (10147.8,9445.1) ops/second in (98.543419,741.125967) seconds


2019/09/20-06:22:45  ... thread 2: (1000000,7000000) ops and (10135.1,9410.4) ops/second in (98.667311,743.857194) seconds


2019/09/20-06:22:51  ... thread 1: (1000000,7000000) ops and (10117.1,9349.4) ops/second in (98.842700,748.707424) seconds


2019/09/20-06:22:51  ... thread 0: (1000000,7000000) ops and (9521.6,9333.4) ops/second in (105.024434,749.998526) seconds


2019/09/20-06:24:20  ... thread 3: (1000000,8000000) ops and (10280.4,9542.0) ops/second in (97.272081,838.398048) seconds


2019/09/20-06:24:22  ... thread 2: (1000000,8000000) ops and (10318.3,9515.1) ops/second in (96.915294,840.772488) seconds


2019/09/20-06:24:27  ... thread 1: (1000000,8000000) ops and (10326.6,9461.4) ops/second in (96.837129,845.544553) seconds


2019/09/20-06:24:30  ... thread 0: (1000000,8000000) ops and (10111.6,9424.0) ops/second in (98.896284,848.894810) seconds


ycsbd        :      26.528 micros/op 37695 ops/sec;    4.2 MB/s (7592897 of 8000000 found)
Microseconds per op:
Count: 32000000 Average: 105.4253  StdDev: 71.62
Min: 1  Median: 118.3131  Max: 299848
Percentiles: P50: 118.31 P75: 150.67 P99: 464.39 P99.9: 765.86 P99.99: 3101.09
------------------------------------------------------
[       0,       1 ]      174   0.001%   0.001% 
(       1,       2 ]     4371   0.014%   0.014% 
(       2,       3 ]    22997   0.072%   0.086% 
(       3,       4 ]    72877   0.228%   0.314% 
(       4,       6 ]   334456   1.045%   1.359% 
(       6,      10 ]   361885   1.131%   2.490% 
(      10,      15 ]  4059660  12.686%  15.176% ###
(      15,      22 ]  4853110  15.166%  30.342% ###
(      22,      34 ]  1047026   3.272%  33.614% #
(      34,      51 ]   121142   0.379%  33.993% 
(      51,      76 ]   778701   2.433%  36.426% 
(      76,     110 ]  2288550   7.152%  43.578% #
(     110,     170 ] 14832296  46.351%  89.929% #########
(     170,     250 ]  1983213   6.198%  96.126% #
(     250,     380 ]   732147   2.288%  98.414% 
(     380,     580 ]   444134   1.388%  99.802% 
(     580,     870 ]    48777   0.152%  99.955% 
(     870,    1300 ]     5882   0.018%  99.973% 
(    1300,    1900 ]     2356   0.007%  99.980% 
(    1900,    2900 ]     2813   0.009%  99.989% 
(    2900,    4400 ]     1738   0.005%  99.995% 
(    4400,    6600 ]      618   0.002%  99.997% 
(    6600,    9900 ]      451   0.001%  99.998% 
(    9900,   14000 ]      217   0.001%  99.999% 
(   14000,   22000 ]      191   0.001%  99.999% 
(   22000,   33000 ]       25   0.000%  99.999% 
(   33000,   50000 ]        9   0.000%  99.999% 
(   50000,   75000 ]       66   0.000% 100.000% 
(   75000,  110000 ]       90   0.000% 100.000% 
(  110000,  170000 ]       16   0.000% 100.000% 
(  170000,  250000 ]        4   0.000% 100.000% 
(  250000,  380000 ]        8   0.000% 100.000% 

2019/09/20-06:26:09  ... thread 3: (1000000,1000000) ops and (10319.5,10319.5) ops/second in (96.903659,96.903659) seconds


2019/09/20-06:26:10  ... thread 1: (1000000,1000000) ops and (10310.1,10310.1) ops/second in (96.992528,96.992528) seconds


2019/09/20-06:26:10  ... thread 0: (1000000,1000000) ops and (10274.3,10274.3) ops/second in (97.330180,97.330180) seconds


2019/09/20-06:26:11  ... thread 2: (1000000,1000000) ops and (10116.4,10116.4) ops/second in (98.849592,98.849592) seconds


2019/09/20-06:27:50  ... thread 0: (1000000,2000000) ops and (10028.7,10150.0) ops/second in (99.714067,197.044247) seconds


2019/09/20-06:27:50  ... thread 3: (1000000,2000000) ops and (9970.7,10142.1) ops/second in (100.293594,197.197253) seconds


2019/09/20-06:27:50  ... thread 1: (1000000,2000000) ops and (9957.0,10130.5) ops/second in (100.431436,197.423964) seconds


2019/09/20-06:27:52  ... thread 2: (1000000,2000000) ops and (9967.5,10041.4) ops/second in (100.326344,199.175936) seconds


2019/09/20-06:29:31  ... thread 0: (1000000,3000000) ops and (9866.2,10053.6) ops/second in (101.355934,298.400181) seconds


2019/09/20-06:29:32  ... thread 1: (1000000,3000000) ops and (9802.6,10018.8) ops/second in (102.013906,299.437870) seconds


2019/09/20-06:29:33  ... thread 2: (1000000,3000000) ops and (9915.0,9998.9) ops/second in (100.856986,300.032922) seconds


2019/09/20-06:29:33  ... thread 3: (1000000,3000000) ops and (9637.8,9968.3) ops/second in (103.757937,300.955190) seconds


2019/09/20-06:31:09  ... thread 0: (1000000,4000000) ops and (10169.6,10082.4) ops/second in (98.332604,396.732785) seconds


2019/09/20-06:31:10  ... thread 1: (1000000,4000000) ops and (10158.3,10053.3) ops/second in (98.441338,397.879208) seconds


2019/09/20-06:31:13  ... thread 3: (1000000,4000000) ops and (10036.7,9985.3) ops/second in (99.633870,400.589060) seconds


2019/09/20-06:31:13  ... thread 2: (1000000,4000000) ops and (9912.8,9977.2) ops/second in (100.879482,400.912404) seconds


2019/09/20-06:32:49  ... thread 1: (1000000,5000000) ops and (10120.2,10066.6) ops/second in (98.811950,496.691158) seconds


2019/09/20-06:32:49  ... thread 0: (1000000,5000000) ops and (9975.4,10060.8) ops/second in (100.246810,496.979595) seconds


2019/09/20-06:32:52  ... thread 3: (1000000,5000000) ops and (10143.0,10016.4) ops/second in (98.590394,499.179454) seconds


2019/09/20-06:32:55  ... thread 2: (1000000,5000000) ops and (9844.8,9950.5) ops/second in (101.576309,502.488713) seconds


2019/09/20-06:34:25  ... thread 0: (1000000,6000000) ops and (10421.9,10119.2) ops/second in (95.951884,592.931479) seconds


2019/09/20-06:34:26  ... thread 1: (1000000,6000000) ops and (10297.8,10104.4) ops/second in (97.108110,593.799268) seconds


2019/09/20-06:34:29  ... thread 3: (1000000,6000000) ops and (10326.6,10066.8) ops/second in (96.837578,596.017032) seconds


2019/09/20-06:34:34  ... thread 2: (1000000,6000000) ops and (10094.6,9974.2) ops/second in (99.062921,601.551634) seconds


2019/09/20-06:36:09  ... thread 0: (1000000,7000000) ops and (9668.4,10052.3) ops/second in (103.429944,696.361423) seconds


2019/09/20-06:36:10  ... thread 1: (1000000,7000000) ops and (9690.3,10043.1) ops/second in (103.195761,696.995029) seconds


2019/09/20-06:36:15  ... thread 3: (1000000,7000000) ops and (9426.5,9970.1) ops/second in (106.084068,702.101100) seconds


2019/09/20-06:36:19  ... thread 2: (1000000,7000000) ops and (9556.0,9912.2) ops/second in (104.646184,706.197818) seconds


2019/09/20-06:37:48  ... thread 0: (1000000,8000000) ops and (10061.3,10053.4) ops/second in (99.390581,795.752004) seconds


2019/09/20-06:37:49  ... thread 1: (1000000,8000000) ops and (10043.9,10043.2) ops/second in (99.562567,796.557596) seconds


2019/09/20-06:37:52  ... thread 3: (1000000,8000000) ops and (10255.3,10004.9) ops/second in (97.510483,799.611583) seconds


2019/09/20-06:37:56  ... thread 2: (1000000,8000000) ops and (10329.0,9962.5) ops/second in (96.814820,803.012638) seconds


ycsba        :      25.095 micros/op 39848 ops/sec;    4.4 MB/s (3996548 of 8000000 found)
Microseconds per op:
Count: 32000000 Average: 99.8417  StdDev: 88.30
Min: 0  Median: 69.3911  Max: 538959
Percentiles: P50: 69.39 P75: 140.52 P99: 464.28 P99.9: 2189.89 P99.99: 13434.11
------------------------------------------------------
[       0,       1 ]     9953   0.031%   0.031% 
(       1,       2 ]   229221   0.716%   0.747% 
(       2,       3 ]   879555   2.749%   3.496% #
(       3,       4 ]  1441697   4.505%   8.001% #
(       4,       6 ]  2944843   9.203%  17.204% ##
(       6,      10 ]  1841804   5.756%  22.960% #
(      10,      15 ]   496385   1.551%  24.511% 
(      15,      22 ]  1343100   4.197%  28.708% #
(      22,      34 ]   815779   2.549%  31.257% #
(      34,      51 ]   218935   0.684%  31.941% 
(      51,      76 ]  7855351  24.548%  56.489% #####
(      76,     110 ]   702203   2.194%  58.684% 
(     110,     170 ] 10264401  32.076%  90.760% ######
(     170,     250 ]  1951642   6.099%  96.859% #
(     250,     380 ]   570837   1.784%  98.643% 
(     380,     580 ]   271226   0.848%  99.490% 
(     580,     870 ]    91547   0.286%  99.776% 
(     870,    1300 ]    21265   0.066%  99.843% 
(    1300,    1900 ]    13914   0.043%  99.886% 
(    1900,    2900 ]    14978   0.047%  99.933% 
(    2900,    4400 ]    10231   0.032%  99.965% 
(    4400,    6600 ]     3783   0.012%  99.977% 
(    6600,    9900 ]     2851   0.009%  99.986% 
(    9900,   14000 ]     1507   0.005%  99.991% 
(   14000,   22000 ]     1061   0.003%  99.994% 
(   22000,   33000 ]      120   0.000%  99.994% 
(   33000,   50000 ]      176   0.001%  99.995% 
(   50000,   75000 ]      545   0.002%  99.997% 
(   75000,  110000 ]      797   0.002%  99.999% 
(  110000,  170000 ]      206   0.001% 100.000% 
(  170000,  250000 ]       63   0.000% 100.000% 
(  250000,  380000 ]       12   0.000% 100.000% 
(  380000,  570000 ]       12   0.000% 100.000% 

2019/09/20-06:40:53  ... thread 1: (1000000,1000000) ops and (5728.0,5728.0) ops/second in (174.580065,174.580065) seconds


2019/09/20-06:40:53  ... thread 2: (1000000,1000000) ops and (5722.4,5722.4) ops/second in (174.752064,174.752064) seconds


2019/09/20-06:40:54  ... thread 0: (1000000,1000000) ops and (5674.7,5674.7) ops/second in (176.221823,176.221823) seconds


2019/09/20-06:40:55  ... thread 3: (1000000,1000000) ops and (5655.7,5655.7) ops/second in (176.812990,176.812990) seconds


2019/09/20-06:43:51  ... thread 1: (1000000,2000000) ops and (5595.2,5660.8) ops/second in (178.725753,353.305818) seconds


2019/09/20-06:43:52  ... thread 2: (1000000,2000000) ops and (5590.4,5655.6) ops/second in (178.877255,353.629319) seconds


2019/09/20-06:43:52  ... thread 3: (1000000,2000000) ops and (5657.1,5656.4) ops/second in (176.769082,353.582072) seconds


2019/09/20-06:43:56  ... thread 0: (1000000,2000000) ops and (5498.7,5585.3) ops/second in (181.861007,358.082830) seconds


2019/09/20-06:46:43  ... thread 3: (1000000,3000000) ops and (5828.4,5712.6) ops/second in (171.572801,525.154873) seconds


2019/09/20-06:46:43  ... thread 2: (1000000,3000000) ops and (5821.9,5710.0) ops/second in (171.764408,525.393727) seconds


2019/09/20-06:46:44  ... thread 1: (1000000,3000000) ops and (5791.9,5703.9) ops/second in (172.654619,525.960437) seconds


2019/09/20-06:46:49  ... thread 0: (1000000,3000000) ops and (5778.8,5648.4) ops/second in (173.045718,531.128548) seconds


2019/09/20-06:49:36  ... thread 3: (1000000,4000000) ops and (5778.9,5729.0) ops/second in (173.042504,698.197377) seconds


2019/09/20-06:49:38  ... thread 2: (1000000,4000000) ops and (5717.8,5712.0) ops/second in (174.891878,700.285605) seconds


2019/09/20-06:49:40  ... thread 1: (1000000,4000000) ops and (5688.6,5700.0) ops/second in (175.790969,701.751406) seconds


2019/09/20-06:49:44  ... thread 0: (1000000,4000000) ops and (5716.4,5665.2) ops/second in (174.935490,706.064038) seconds


2019/09/20-06:52:29  ... thread 3: (1000000,5000000) ops and (5782.5,5739.7) ops/second in (172.934689,871.132066) seconds


2019/09/20-06:52:31  ... thread 2: (1000000,5000000) ops and (5795.7,5728.5) ops/second in (172.540257,872.825862) seconds


2019/09/20-06:52:33  ... thread 1: (1000000,5000000) ops and (5776.6,5715.2) ops/second in (173.111586,874.862992) seconds


2019/09/20-06:52:39  ... thread 0: (1000000,5000000) ops and (5729.2,5677.9) ops/second in (174.543261,880.607299) seconds


2019/09/20-06:55:32  ... thread 3: (1000000,6000000) ops and (5474.3,5693.7) ops/second in (182.670142,1053.802208) seconds


2019/09/20-06:55:33  ... thread 2: (1000000,6000000) ops and (5494.4,5688.1) ops/second in (182.004584,1054.830446) seconds


2019/09/20-06:55:36  ... thread 1: (1000000,6000000) ops and (5472.2,5673.2) ops/second in (182.741871,1057.604863) seconds


2019/09/20-06:55:41  ... thread 0: (1000000,6000000) ops and (5479.3,5643.8) ops/second in (182.504744,1063.112043) seconds


2019/09/20-06:58:28  ... thread 3: (1000000,7000000) ops and (5691.2,5693.3) ops/second in (175.710024,1229.512232) seconds


2019/09/20-06:58:29  ... thread 2: (1000000,7000000) ops and (5689.0,5688.2) ops/second in (175.776649,1230.607095) seconds


2019/09/20-06:58:33  ... thread 1: (1000000,7000000) ops and (5622.9,5666.0) ops/second in (177.843718,1235.448581) seconds


2019/09/20-06:58:35  ... thread 0: (1000000,7000000) ops and (5749.2,5658.6) ops/second in (173.938408,1237.050451) seconds


2019/09/20-07:01:23  ... thread 3: (1000000,8000000) ops and (5690.9,5693.0) ops/second in (175.718927,1405.231159) seconds


2019/09/20-07:01:24  ... thread 2: (1000000,8000000) ops and (5706.5,5690.5) ops/second in (175.240107,1405.847202) seconds


2019/09/20-07:01:29  ... thread 1: (1000000,8000000) ops and (5691.9,5669.2) ops/second in (175.687805,1411.136386) seconds


2019/09/20-07:01:32  ... thread 0: (1000000,8000000) ops and (5661.2,5658.9) ops/second in (176.641432,1413.691883) seconds


ycsbf        :      44.181 micros/op 22634 ops/sec;    2.5 MB/s (7992817 of 8000000 found)
Microseconds per op:
Count: 32000000 Average: 176.1221  StdDev: 100.94
Min: 1  Median: 154.1344  Max: 388865
Percentiles: P50: 154.13 P75: 201.74 P99: 643.59 P99.9: 2131.57 P99.99: 9351.69
------------------------------------------------------
[       0,       1 ]        8   0.000%   0.000% 
(       1,       2 ]      132   0.000%   0.000% 
(       2,       3 ]      488   0.002%   0.002% 
(       3,       4 ]      722   0.002%   0.004% 
(       4,       6 ]     1248   0.004%   0.008% 
(       6,      10 ]     1106   0.003%   0.012% 
(      10,      15 ]    44317   0.138%   0.150% 
(      15,      22 ]   860453   2.689%   2.839% #
(      22,      34 ]  1189854   3.718%   6.557% #
(      34,      51 ]   257590   0.805%   7.362% 
(      51,      76 ]   224299   0.701%   8.063% 
(      76,     110 ]  1362152   4.257%  12.320% #
(     110,     170 ] 16392144  51.225%  63.545% ##########
(     170,     250 ]  9238367  28.870%  92.415% ######
(     250,     380 ]  1424297   4.451%  96.866% #
(     380,     580 ]   616506   1.927%  98.793% 
(     580,     870 ]   302438   0.945%  99.738% 
(     870,    1300 ]    29636   0.093%  99.830% 
(    1300,    1900 ]    17841   0.056%  99.886% 
(    1900,    2900 ]    19009   0.059%  99.946% 
(    2900,    4400 ]     9986   0.031%  99.977% 
(    4400,    6600 ]     2852   0.009%  99.986% 
(    6600,    9900 ]     1625   0.005%  99.991% 
(    9900,   14000 ]      631   0.002%  99.993% 
(   14000,   22000 ]      353   0.001%  99.994% 
(   22000,   33000 ]       20   0.000%  99.994% 
(   33000,   50000 ]      157   0.000%  99.994% 
(   50000,   75000 ]      564   0.002%  99.996% 
(   75000,  110000 ]      811   0.003%  99.999% 
(  110000,  170000 ]      321   0.001% 100.000% 
(  170000,  250000 ]       50   0.000% 100.000% 
(  250000,  380000 ]       22   0.000% 100.000% 
(  380000,  570000 ]        1   0.000% 100.000% 

2019/09/20-07:12:57  ... thread 1: (1000000,1000000) ops and (1464.8,1464.8) ops/second in (682.697346,682.697346) seconds


2019/09/20-07:12:58  ... thread 2: (1000000,1000000) ops and (1462.8,1462.8) ops/second in (683.614705,683.614705) seconds


2019/09/20-07:13:03  ... thread 0: (1000000,1000000) ops and (1453.0,1453.0) ops/second in (688.216989,688.216989) seconds


2019/09/20-07:13:16  ... thread 3: (1000000,1000000) ops and (1424.2,1424.2) ops/second in (702.148863,702.148863) seconds


2019/09/20-07:25:09  ... thread 1: (1000000,2000000) ops and (1366.9,1414.1) ops/second in (731.602867,1414.300213) seconds


2019/09/20-07:25:11  ... thread 2: (1000000,2000000) ops and (1364.2,1411.8) ops/second in (733.044083,1416.658788) seconds


2019/09/20-07:25:22  ... thread 0: (1000000,2000000) ops and (1352.6,1401.0) ops/second in (739.343988,1427.560977) seconds


2019/09/20-07:25:39  ... thread 3: (1000000,2000000) ops and (1347.1,1384.6) ops/second in (742.338595,1444.487458) seconds


ycsbe        :     180.564 micros/op 5538 ops/sec;   58.2 MB/s (1898137 of 2000000 found)
Microseconds per op:
Count: 8000000 Average: 712.8759  StdDev: 536.54
Min: 1  Median: 629.3983  Max: 2948779
Percentiles: P50: 629.40 P75: 843.94 P99: 3581.65 P99.9: 8711.27 P99.99: 16551.97
------------------------------------------------------
[       0,       1 ]        4   0.000%   0.000% 
(       1,       2 ]      174   0.002%   0.002% 
(       2,       3 ]     1392   0.017%   0.020% 
(       3,       4 ]     3538   0.044%   0.064% 
(       4,       6 ]    33172   0.415%   0.479% 
(       6,      10 ]   170629   2.133%   2.611% 
(      10,      15 ]    50865   0.636%   3.247% 
(      15,      22 ]     9908   0.124%   3.371% 
(      22,      34 ]     8673   0.108%   3.479% 
(      34,      51 ]     2413   0.030%   3.510% 
(      51,      76 ]   137238   1.715%   5.225% 
(      76,     110 ]    93847   1.173%   6.398% 
(     110,     170 ]    72256   0.903%   7.301% 
(     170,     250 ]   171771   2.147%   9.449% 
(     250,     380 ]   684571   8.557%  18.006% ##
(     380,     580 ]  2099045  26.238%  44.244% #####
(     580,     870 ]  2703459  33.793%  78.037% #######
(     870,    1300 ]  1294434  16.180%  94.217% ###
(    1300,    1900 ]   267160   3.340%  97.557% #
(    1900,    2900 ]    80013   1.000%  98.557% 
(    2900,    4400 ]    77983   0.975%  99.532% 
(    4400,    6600 ]    21539   0.269%  99.801% 
(    6600,    9900 ]    12373   0.155%  99.956% 
(    9900,   14000 ]     2476   0.031%  99.987% 
(   14000,   22000 ]      837   0.010%  99.997% 
(   22000,   33000 ]      104   0.001%  99.998% 
(   33000,   50000 ]       10   0.000%  99.999% 
(   50000,   75000 ]       32   0.000%  99.999% 
(   75000,  110000 ]       23   0.000%  99.999% 
(  110000,  170000 ]       27   0.000% 100.000% 
(  170000,  250000 ]       20   0.000% 100.000% 
(  250000,  380000 ]        6   0.000% 100.000% 
( 1200000, 1900000 ]        4   0.000% 100.000% 
( 2900000, 4300000 ]        4   0.000% 100.000% 


                               Compactions
Level  Files Size(MB) Time(sec) Read(MB) Write(MB)
--------------------------------------------------
  0        0        0        35        0      4017
  1        0        0        60     8463      8333
  2        0        0       102    14533     14488
  3        0        0       161    21580     21410
  4     2783      486       252    32749     32290
  5     9936    17435       576    68208     66791
  6    81467   153196      1084   117860    116810
WriteAmplification: 65.7586

-------------------------- Timer information ----------------------

-------------------------------------------------------------------
-------------------------- Individual static timer information 0 --------------------

-------------------------------------------------------------------
-------------------------- Individual static timer information 1 --------------------

-------------------------------------------------------------------
-------------------------- Individual static timer information 2 --------------------

-------------------------------------------------------------------
-------------------------- Individual static timer information 3 --------------------

-------------------------------------------------------------------
-------------------------- Cumulative static timer information --------------------

-------------------------------------------------------------------
