./kv/release/tests/db/kv_bench --cache_size=8388608 --logpath=/mnt/ssd --db=/mnt/nvm/kv_ycsb --threads=4 --open_files=40000 --num=1500000000 --range=1500000000 --reads=2000000 --partition=100 --write_buffer_size=2097152 --batch_size=1000 --stats_interval=1000000 --bloom_bits=10 --low_pool=3 --high_pool=3 --value_size=100 --direct_io=false --histogram=true --log=true --skiplistrep=true --benchmarks=loadreverse,ycsbc,ycsbb,ycsbd,ycsba,ycsbf,ycsbe,stats --ycsb_ops_num=8000000 --seek_nexts=100 --use_existing_db=true --print_wa=true --log_dio=true --hugepage=true 
Bench num: 1500000000, range: 1500000000
Keys:       16 bytes each
Values:     100 bytes each (50 bytes after compression)
Entries:    1500000000
RawSize:    165939.3 MB (estimated)
FileSize:   94413.8 MB (estimated)
WARNING: Snappy compression is not enabled
------------------------------------------------
Write buffer: 2048.00 KB. Compression: 0. 
Restore 716 pivots
Recover seq# 1500104000, log# 1367, min log#1357, file# 115307
using restored pivots
Log_Recover_Time, 0.0000, BucketCount, 716 , Log_size, 0.0 ,MB
loadreverse  : 102637300.000 micros/op 0 ops/sec;
Microseconds per op:
Count: 0 Average: 0.0000  StdDev: 0.00
Min: 0  Median: 0.0000  Max: 0
Percentiles: P50: 0.00 P75: 0.00 P99: 0.00 P99.9: 0.00 P99.99: 0.00
------------------------------------------------------

2019/09/19-10:05:09  ... thread 2: (1000000,1000000) ops and (5566.5,5566.5) ops/second in (179.644674,179.644674) seconds
2019/09/19-10:05:09  ... thread 3: (1000000,1000000) ops and (5569.0,5569.0) ops/second in (179.565413,179.565413) seconds
2019/09/19-10:05:09  ... thread 0: (1000000,1000000) ops and (5567.2,5567.2) ops/second in (179.623018,179.623018) seconds
2019/09/19-10:05:09  ... thread 1: (1000000,1000000) ops and (5557.9,5557.9) ops/second in (179.922471,179.922471) seconds
2019/09/19-10:07:27  ... thread 3: (1000000,2000000) ops and (7220.5,6288.1) ops/second in (138.494813,318.060226) seconds
2019/09/19-10:07:28  ... thread 0: (1000000,2000000) ops and (7215.6,6285.1) ops/second in (138.588972,318.211990) seconds
2019/09/19-10:07:28  ... thread 2: (1000000,2000000) ops and (7204.2,6280.4) ops/second in (138.807216,318.451890) seconds
2019/09/19-10:07:40  ... thread 1: (1000000,2000000) ops and (6653.1,6056.4) ops/second in (150.306766,330.229237) seconds
2019/09/19-10:09:42  ... thread 3: (1000000,3000000) ops and (7451.8,6633.4) ops/second in (134.196566,452.256792) seconds
2019/09/19-10:09:42  ... thread 2: (1000000,3000000) ops and (7443.4,6625.5) ops/second in (134.346380,452.798270) seconds
2019/09/19-10:09:50  ... thread 0: (1000000,3000000) ops and (7042.1,6518.7) ops/second in (142.003582,460.215572) seconds
2019/09/19-10:09:56  ... thread 1: (1000000,3000000) ops and (7342.3,6431.9) ops/second in (136.197128,466.426365) seconds
2019/09/19-10:11:57  ... thread 3: (1000000,4000000) ops and (7388.3,6807.3) ops/second in (135.348340,587.605132) seconds
2019/09/19-10:11:58  ... thread 2: (1000000,4000000) ops and (7350.3,6792.9) ops/second in (136.049088,588.847358) seconds
2019/09/19-10:12:05  ... thread 0: (1000000,4000000) ops and (7407.8,6720.3) ops/second in (134.993106,595.208678) seconds
2019/09/19-10:12:09  ... thread 1: (1000000,4000000) ops and (7510.2,6671.4) ops/second in (133.152200,599.578565) seconds
2019/09/19-10:14:12  ... thread 3: (1000000,5000000) ops and (7423.7,6922.2) ops/second in (134.704336,722.309468) seconds
2019/09/19-10:14:16  ... thread 2: (1000000,5000000) ops and (7245.2,6878.8) ops/second in (138.022413,726.869771) seconds
2019/09/19-10:14:24  ... thread 1: (1000000,5000000) ops and (7405.8,6806.4) ops/second in (135.029295,734.607860) seconds
2019/09/19-10:14:25  ... thread 0: (1000000,5000000) ops and (7108.1,6794.5) ops/second in (140.684179,735.892857) seconds
2019/09/19-10:16:26  ... thread 3: (1000000,6000000) ops and (7453.1,7005.4) ops/second in (134.172913,856.482381) seconds
2019/09/19-10:16:38  ... thread 1: (1000000,6000000) ops and (7473.0,6909.1) ops/second in (133.814605,868.422465) seconds
2019/09/19-10:16:39  ... thread 0: (1000000,6000000) ops and (7457.2,6896.6) ops/second in (134.099173,869.992030) seconds
2019/09/19-10:16:40  ... thread 2: (1000000,6000000) ops and (6963.6,6892.8) ops/second in (143.604506,870.474277) seconds
2019/09/19-10:18:39  ... thread 3: (1000000,7000000) ops and (7533.8,7076.3) ops/second in (132.734308,989.216689) seconds
2019/09/19-10:18:52  ... thread 0: (1000000,7000000) ops and (7534.0,6981.0) ops/second in (132.731296,1002.723326) seconds
2019/09/19-10:18:52  ... thread 1: (1000000,7000000) ops and (7447.3,6981.2) ops/second in (134.276381,1002.698846) seconds
2019/09/19-10:18:53  ... thread 2: (1000000,7000000) ops and (7507.5,6974.4) ops/second in (133.199942,1003.674219) seconds
2019/09/19-10:20:52  ... thread 3: (1000000,8000000) ops and (7498.3,7126.4) ops/second in (133.364029,1122.580718) seconds
2019/09/19-10:21:05  ... thread 1: (1000000,8000000) ops and (7520.4,7044.3) ops/second in (132.972299,1135.671145) seconds
2019/09/19-10:21:06  ... thread 2: (1000000,8000000) ops and (7536.5,7040.0) ops/second in (132.688293,1136.362512) seconds
2019/09/19-10:21:12  ... thread 0: (1000000,8000000) ops and (7152.9,7002.0) ops/second in (139.802725,1142.526051) seconds
ycsbc        :      35.706 micros/op 28006 ops/sec;    3.1 MB/s (8000000 of 8000000 found)
Microseconds per op:
Count: 32000000 Average: 141.7856  StdDev: 23.08
Min: 2  Median: 136.7647  Max: 164951
Percentiles: P50: 136.76 P75: 166.87 P99: 539.20 P99.9: 844.41 P99.99: 15726.69
------------------------------------------------------
(       1,       2 ]        7   0.000%   0.000% 
(       2,       3 ]      371   0.001%   0.001% 
(       3,       4 ]    11070   0.035%   0.036% 
(       4,       6 ]   522295   1.632%   1.668% 
(       6,      10 ]  2614456   8.170%   9.838% ##
(      10,      15 ]  2254739   7.046%  16.884% #
(      15,      22 ]  1434535   4.483%  21.367% #
(      22,      34 ]   632524   1.977%  23.344% 
(      34,      51 ]   162622   0.508%  23.852% 
(      51,      76 ]    36505   0.114%  23.966% 
(      76,     110 ]  1219509   3.811%  27.777% #
(     110,     170 ] 15941984  49.819%  77.596% ##########
(     170,     250 ]  3739856  11.687%  89.283% ##
(     250,     380 ]  2272146   7.100%  96.383% #
(     380,     580 ]  1052009   3.288%  99.671% #
(     580,     870 ]    80472   0.251%  99.922% 
(     870,    1300 ]     8791   0.027%  99.950% 
(    1300,    1900 ]     3043   0.010%  99.959% 
(    1900,    2900 ]     2898   0.009%  99.968% 
(    2900,    4400 ]     2162   0.007%  99.975% 
(    4400,    6600 ]     1520   0.005%  99.980% 
(    6600,    9900 ]     1463   0.005%  99.984% 
(    9900,   14000 ]     1147   0.004%  99.988% 
(   14000,   22000 ]     3132   0.010%  99.998% 
(   22000,   33000 ]      587   0.002% 100.000% 
(   33000,   50000 ]      105   0.000% 100.000% 
(   50000,   75000 ]       10   0.000% 100.000% 
(   75000,  110000 ]       10   0.000% 100.000% 
(  110000,  170000 ]       32   0.000% 100.000% 

2019/09/19-10:23:23  ... thread 0: (1000000,1000000) ops and (7751.5,7751.5) ops/second in (129.007022,129.007022) seconds
2019/09/19-10:23:24  ... thread 3: (1000000,1000000) ops and (7717.8,7717.8) ops/second in (129.571361,129.571361) seconds
2019/09/19-10:23:25  ... thread 1: (1000000,1000000) ops and (7651.4,7651.4) ops/second in (130.695872,130.695872) seconds
2019/09/19-10:23:29  ... thread 2: (1000000,1000000) ops and (7398.2,7398.2) ops/second in (135.168175,135.168175) seconds
2019/09/19-10:25:32  ... thread 0: (1000000,2000000) ops and (7753.3,7752.4) ops/second in (128.977136,257.984158) seconds
2019/09/19-10:25:33  ... thread 3: (1000000,2000000) ops and (7754.2,7735.9) ops/second in (128.962574,258.533935) seconds
2019/09/19-10:25:40  ... thread 1: (1000000,2000000) ops and (7408.1,7527.8) ops/second in (134.986711,265.682583) seconds
2019/09/19-10:25:41  ... thread 2: (1000000,2000000) ops and (7627.2,7511.0) ops/second in (131.109252,266.277427) seconds
2019/09/19-10:27:42  ... thread 0: (1000000,3000000) ops and (7682.8,7729.1) ops/second in (130.161106,388.145264) seconds
2019/09/19-10:27:44  ... thread 3: (1000000,3000000) ops and (7644.9,7705.3) ops/second in (130.806851,389.340786) seconds
2019/09/19-10:27:49  ... thread 2: (1000000,3000000) ops and (7781.9,7599.1) ops/second in (128.503732,394.781159) seconds
2019/09/19-10:27:49  ... thread 1: (1000000,3000000) ops and (7726.6,7592.9) ops/second in (129.422824,395.105407) seconds
2019/09/19-10:29:51  ... thread 0: (1000000,4000000) ops and (7766.5,7738.4) ops/second in (128.758948,516.904212) seconds
2019/09/19-10:29:55  ... thread 3: (1000000,4000000) ops and (7631.2,7686.7) ops/second in (131.040974,520.381760) seconds
2019/09/19-10:30:00  ... thread 2: (1000000,4000000) ops and (7661.2,7614.6) ops/second in (130.528623,525.309782) seconds
2019/09/19-10:30:02  ... thread 1: (1000000,4000000) ops and (7539.5,7579.5) ops/second in (132.634789,527.740196) seconds
2019/09/19-10:32:00  ... thread 0: (1000000,5000000) ops and (7759.2,7742.5) ops/second in (128.879120,645.783332) seconds
2019/09/19-10:32:08  ... thread 3: (1000000,5000000) ops and (7495.7,7647.7) ops/second in (133.410118,653.791878) seconds
2019/09/19-10:32:09  ... thread 2: (1000000,5000000) ops and (7745.3,7640.3) ops/second in (129.111282,654.421064) seconds
2019/09/19-10:32:10  ... thread 1: (1000000,5000000) ops and (7785.0,7619.7) ops/second in (128.451573,656.191769) seconds
2019/09/19-10:34:09  ... thread 0: (1000000,6000000) ops and (7770.2,7747.1) ops/second in (128.697498,774.480830) seconds
2019/09/19-10:34:19  ... thread 3: (1000000,6000000) ops and (7632.2,7645.1) ops/second in (131.023498,784.815376) seconds
2019/09/19-10:34:21  ... thread 1: (1000000,6000000) ops and (7670.8,7628.2) ops/second in (130.363910,786.555679) seconds
2019/09/19-10:34:24  ... thread 2: (1000000,6000000) ops and (7416.0,7602.0) ops/second in (134.844297,789.265361) seconds
2019/09/19-10:36:20  ... thread 0: (1000000,7000000) ops and (7618.7,7728.5) ops/second in (131.256380,905.737210) seconds
2019/09/19-10:36:31  ... thread 1: (1000000,7000000) ops and (7707.6,7639.4) ops/second in (129.741915,916.297594) seconds
2019/09/19-10:36:31  ... thread 3: (1000000,7000000) ops and (7588.7,7637.0) ops/second in (131.774736,916.590112) seconds
2019/09/19-10:36:41  ... thread 2: (1000000,7000000) ops and (7290.5,7555.9) ops/second in (137.164153,926.429514) seconds
2019/09/19-10:38:32  ... thread 0: (1000000,8000000) ops and (7592.5,7711.2) ops/second in (131.708595,1037.445805) seconds
2019/09/19-10:38:42  ... thread 3: (1000000,8000000) ops and (7650.9,7638.7) ops/second in (130.703675,1047.293787) seconds
2019/09/19-10:38:44  ... thread 1: (1000000,8000000) ops and (7499.5,7621.7) ops/second in (133.342097,1049.639691) seconds
2019/09/19-10:38:52  ... thread 2: (1000000,8000000) ops and (7643.5,7566.7) ops/second in (130.829651,1057.259165) seconds
ycsbb        :      33.043 micros/op 30263 ops/sec;    3.3 MB/s (7599999 of 8000000 found)
Microseconds per op:
Count: 32000000 Average: 130.9887  StdDev: 61.13
Min: 1  Median: 133.7759  Max: 179797
Percentiles: P50: 133.78 P75: 165.46 P99: 521.24 P99.9: 715.25 P99.99: 1971.43
------------------------------------------------------
[       0,       1 ]      264   0.001%   0.001% 
(       1,       2 ]     4605   0.014%   0.015% 
(       2,       3 ]    13402   0.042%   0.057% 
(       3,       4 ]    52692   0.165%   0.222% 
(       4,       6 ]   441432   1.379%   1.601% 
(       6,      10 ]  3087268   9.648%  11.249% ##
(      10,      15 ]  2500969   7.816%  19.064% ##
(      15,      22 ]  1808907   5.653%  24.717% #
(      22,      34 ]   805030   2.516%  27.233% #
(      34,      51 ]   191776   0.599%  27.832% 
(      51,      76 ]    41534   0.130%  27.962% 
(      76,     110 ]  1048797   3.277%  31.240% #
(     110,     170 ] 15149765  47.343%  78.583% #########
(     170,     250 ]  3751111  11.722%  90.305% ##
(     250,     380 ]  2144237   6.701%  97.006% #
(     380,     580 ]   903751   2.824%  99.830% #
(     580,     870 ]    48157   0.150%  99.980% 
(     870,    1300 ]     2154   0.007%  99.987% 
(    1300,    1900 ]      865   0.003%  99.990% 
(    1900,    2900 ]     1176   0.004%  99.993% 
(    2900,    4400 ]      748   0.002%  99.996% 
(    4400,    6600 ]      454   0.001%  99.997% 
(    6600,    9900 ]      224   0.001%  99.998% 
(    9900,   14000 ]      206   0.001%  99.999% 
(   14000,   22000 ]      351   0.001% 100.000% 
(   22000,   33000 ]      114   0.000% 100.000% 
(   33000,   50000 ]        3   0.000% 100.000% 
(   50000,   75000 ]        4   0.000% 100.000% 
(  110000,  170000 ]        2   0.000% 100.000% 
(  170000,  250000 ]        2   0.000% 100.000% 

2019/09/19-10:40:50  ... thread 2: (1000000,1000000) ops and (8772.6,8772.6) ops/second in (113.991728,113.991728) seconds
2019/09/19-10:40:50  ... thread 0: (1000000,1000000) ops and (8817.3,8817.3) ops/second in (113.413781,113.413781) seconds
2019/09/19-10:40:50  ... thread 3: (1000000,1000000) ops and (8803.5,8803.5) ops/second in (113.590754,113.590754) seconds
2019/09/19-10:40:51  ... thread 1: (1000000,1000000) ops and (8710.3,8710.3) ops/second in (114.806833,114.806833) seconds
2019/09/19-10:42:36  ... thread 2: (1000000,2000000) ops and (9432.7,9090.7) ops/second in (106.014395,220.006123) seconds
2019/09/19-10:42:37  ... thread 0: (1000000,2000000) ops and (9374.1,9087.2) ops/second in (106.677158,220.090939) seconds
2019/09/19-10:42:37  ... thread 3: (1000000,2000000) ops and (9392.7,9088.6) ops/second in (106.465560,220.056314) seconds
2019/09/19-10:42:37  ... thread 1: (1000000,2000000) ops and (9415.5,9049.2) ops/second in (106.208010,221.014843) seconds
2019/09/19-10:44:29  ... thread 1: (1000000,3000000) ops and (8891.7,8996.1) ops/second in (112.464779,333.479622) seconds
2019/09/19-10:44:30  ... thread 3: (1000000,3000000) ops and (8810.0,8993.8) ops/second in (113.507798,333.564112) seconds
2019/09/19-10:44:31  ... thread 2: (1000000,3000000) ops and (8668.3,8945.4) ops/second in (115.362376,335.368499) seconds
2019/09/19-10:44:31  ... thread 0: (1000000,3000000) ops and (8703.7,8955.6) ops/second in (114.894164,334.985103) seconds
2019/09/19-10:46:18  ... thread 1: (1000000,4000000) ops and (9230.9,9053.6) ops/second in (108.332274,441.811896) seconds
2019/09/19-10:46:18  ... thread 2: (1000000,4000000) ops and (9314.4,9034.9) ops/second in (107.361051,442.729550) seconds
2019/09/19-10:46:19  ... thread 3: (1000000,4000000) ops and (9225.8,9050.7) ops/second in (108.391830,441.955942) seconds
2019/09/19-10:46:19  ... thread 0: (1000000,4000000) ops and (9306.7,9040.9) ops/second in (107.449914,442.435017) seconds
2019/09/19-10:48:06  ... thread 2: (1000000,5000000) ops and (9254.7,9078.0) ops/second in (108.052717,550.782267) seconds
2019/09/19-10:48:07  ... thread 3: (1000000,5000000) ops and (9256.3,9091.1) ops/second in (108.034667,549.990609) seconds
2019/09/19-10:48:07  ... thread 0: (1000000,5000000) ops and (9239.2,9079.9) ops/second in (108.234181,550.669198) seconds
2019/09/19-10:48:14  ... thread 1: (1000000,5000000) ops and (8593.2,8957.6) ops/second in (116.370970,558.182866) seconds
2019/09/19-10:49:55  ... thread 0: (1000000,6000000) ops and (9284.6,9113.4) ops/second in (107.705200,658.374398) seconds
2019/09/19-10:49:55  ... thread 3: (1000000,6000000) ops and (9226.8,9113.4) ops/second in (108.379905,658.370514) seconds
2019/09/19-10:49:58  ... thread 2: (1000000,6000000) ops and (8998.8,9064.7) ops/second in (111.125841,661.908108) seconds
2019/09/19-10:50:02  ... thread 1: (1000000,6000000) ops and (9254.2,9005.7) ops/second in (108.058883,666.241749) seconds
2019/09/19-10:51:43  ... thread 3: (1000000,7000000) ops and (9252.4,9133.0) ops/second in (108.079730,766.450244) seconds
2019/09/19-10:51:43  ... thread 0: (1000000,7000000) ops and (9226.1,9129.3) ops/second in (108.388615,766.763013) seconds
2019/09/19-10:51:45  ... thread 2: (1000000,7000000) ops and (9310.2,9099.0) ops/second in (107.408989,769.317097) seconds
2019/09/19-10:51:49  ... thread 1: (1000000,7000000) ops and (9344.5,9052.6) ops/second in (107.014380,773.256129) seconds
2019/09/19-10:53:31  ... thread 0: (1000000,8000000) ops and (9316.1,9152.2) ops/second in (107.340986,874.103999) seconds
2019/09/19-10:53:32  ... thread 2: (1000000,8000000) ops and (9328.4,9127.0) ops/second in (107.199728,876.516825) seconds
2019/09/19-10:53:33  ... thread 3: (1000000,8000000) ops and (9137.8,9133.6) ops/second in (109.436105,875.886349) seconds
2019/09/19-10:53:36  ... thread 1: (1000000,8000000) ops and (9330.5,9086.4) ops/second in (107.175770,880.431899) seconds
ycsbd        :      27.517 micros/op 36340 ops/sec;    4.0 MB/s (7600000 of 8000000 found)
Microseconds per op:
Count: 32000000 Average: 109.5918  StdDev: 117.60
Min: 1  Median: 120.7195  Max: 29033
Percentiles: P50: 120.72 P75: 158.61 P99: 494.56 P99.9: 629.39 P99.99: 1295.73
------------------------------------------------------
[       0,       1 ]      154   0.000%   0.000% 
(       1,       2 ]     5024   0.016%   0.016% 
(       2,       3 ]    18344   0.057%   0.074% 
(       3,       4 ]    34834   0.109%   0.182% 
(       4,       6 ]   324604   1.014%   1.197% 
(       6,      10 ]  4843099  15.135%  16.331% ###
(      10,      15 ]  4637447  14.492%  30.823% ###
(      15,      22 ]  2136257   6.676%  37.499% #
(      22,      34 ]   578734   1.809%  39.308% 
(      34,      51 ]    73530   0.230%  39.538% 
(      51,      76 ]    21323   0.067%  39.604% 
(      76,     110 ]  1063492   3.323%  42.928% #
(     110,     170 ] 12667485  39.586%  82.514% ########
(     170,     250 ]  3210340  10.032%  92.546% ##
(     250,     380 ]  1686756   5.271%  97.817% #
(     380,     580 ]   660952   2.065%  99.882% 
(     580,     870 ]    33029   0.103%  99.986% 
(     870,    1300 ]     1410   0.004%  99.990% 
(    1300,    1900 ]      638   0.002%  99.992% 
(    1900,    2900 ]     1136   0.004%  99.996% 
(    2900,    4400 ]      737   0.002%  99.998% 
(    4400,    6600 ]      268   0.001%  99.999% 
(    6600,    9900 ]       70   0.000%  99.999% 
(    9900,   14000 ]       48   0.000%  99.999% 
(   14000,   22000 ]      259   0.001% 100.000% 
(   22000,   33000 ]       30   0.000% 100.000% 

2019/09/19-10:54:51  ... thread 1: (1000000,1000000) ops and (13865.8,13865.8) ops/second in (72.120138,72.120138) seconds
2019/09/19-10:54:51  ... thread 2: (1000000,1000000) ops and (13846.3,13846.3) ops/second in (72.221278,72.221278) seconds
2019/09/19-10:54:51  ... thread 3: (1000000,1000000) ops and (13749.1,13749.1) ops/second in (72.731832,72.731832) seconds
2019/09/19-10:54:56  ... thread 0: (1000000,1000000) ops and (12854.7,12854.7) ops/second in (77.792441,77.792441) seconds
2019/09/19-10:56:05  ... thread 1: (1000000,2000000) ops and (13533.5,13697.6) ops/second in (73.890919,146.011057) seconds
2019/09/19-10:56:05  ... thread 2: (1000000,2000000) ops and (13533.4,13688.1) ops/second in (73.891363,146.112641) seconds
2019/09/19-10:56:07  ... thread 3: (1000000,2000000) ops and (13201.3,13469.6) ops/second in (75.750392,148.482224) seconds
2019/09/19-10:56:10  ... thread 0: (1000000,2000000) ops and (13610.2,13221.7) ops/second in (73.474060,151.266501) seconds
2019/09/19-10:57:17  ... thread 2: (1000000,3000000) ops and (13851.9,13742.2) ops/second in (72.192264,218.304905) seconds
2019/09/19-10:57:17  ... thread 1: (1000000,3000000) ops and (13803.1,13732.6) ops/second in (72.447301,218.458358) seconds
2019/09/19-10:57:22  ... thread 0: (1000000,3000000) ops and (13837.9,13420.9) ops/second in (72.265469,223.531970) seconds
2019/09/19-10:57:26  ... thread 3: (1000000,3000000) ops and (12700.3,13203.0) ops/second in (78.738552,227.220776) seconds
2019/09/19-10:58:31  ... thread 2: (1000000,4000000) ops and (13446.9,13667.2) ops/second in (74.366489,292.671394) seconds
2019/09/19-10:58:32  ... thread 1: (1000000,4000000) ops and (13424.3,13654.2) ops/second in (74.491644,292.950002) seconds
2019/09/19-10:58:37  ... thread 0: (1000000,4000000) ops and (13414.8,13419.4) ops/second in (74.544631,298.076601) seconds
2019/09/19-10:58:43  ... thread 3: (1000000,4000000) ops and (12930.6,13133.9) ops/second in (77.335761,304.556537) seconds
2019/09/19-10:59:48  ... thread 2: (1000000,5000000) ops and (13100.1,13549.9) ops/second in (76.335236,369.006630) seconds
2019/09/19-10:59:49  ... thread 1: (1000000,5000000) ops and (12945.8,13506.4) ops/second in (77.245295,370.195297) seconds
2019/09/19-10:59:53  ... thread 0: (1000000,5000000) ops and (13143.7,13363.3) ops/second in (76.082299,374.158900) seconds
2019/09/19-11:00:00  ... thread 3: (1000000,5000000) ops and (12955.7,13097.8) ops/second in (77.185846,381.742383) seconds
2019/09/19-11:01:02  ... thread 2: (1000000,6000000) ops and (13474.1,13537.2) ops/second in (74.216542,443.223172) seconds
2019/09/19-11:01:05  ... thread 1: (1000000,6000000) ops and (13128.2,13441.8) ops/second in (76.171999,446.367296) seconds
2019/09/19-11:01:07  ... thread 0: (1000000,6000000) ops and (13542.8,13392.9) ops/second in (73.839878,447.998778) seconds
2019/09/19-11:01:17  ... thread 3: (1000000,6000000) ops and (13097.4,13097.8) ops/second in (76.351061,458.093444) seconds
2019/09/19-11:02:13  ... thread 2: (1000000,7000000) ops and (14029.1,13605.3) ops/second in (71.280603,514.503775) seconds
2019/09/19-11:02:17  ... thread 1: (1000000,7000000) ops and (13835.9,13496.8) ops/second in (72.275825,518.643121) seconds
2019/09/19-11:02:20  ... thread 0: (1000000,7000000) ops and (13696.2,13435.4) ops/second in (73.012943,521.011721) seconds
2019/09/19-11:02:28  ... thread 3: (1000000,7000000) ops and (13910.3,13208.0) ops/second in (71.889413,529.982857) seconds
2019/09/19-11:03:23  ... thread 2: (1000000,8000000) ops and (14214.4,13678.6) ops/second in (70.350988,584.854763) seconds
2019/09/19-11:03:29  ... thread 1: (1000000,8000000) ops and (13908.1,13546.8) ops/second in (71.900697,590.543818) seconds
2019/09/19-11:03:30  ... thread 0: (1000000,8000000) ops and (14223.7,13529.1) ops/second in (70.305018,591.316739) seconds
2019/09/19-11:03:38  ... thread 3: (1000000,8000000) ops and (14327.9,13338.3) ops/second in (69.793705,599.776562) seconds
ycsba        :      18.743 micros/op 53352 ops/sec;    5.9 MB/s (4000000 of 8000000 found)
Microseconds per op:
Count: 32000000 Average: 73.9529  StdDev: 59.44
Min: 1  Median: 13.4764  Max: 183304
Percentiles: P50: 13.48 P75: 137.48 P99: 455.12 P99.9: 635.26 P99.99: 2530.56
------------------------------------------------------
[       0,       1 ]      165   0.001%   0.001% 
(       1,       2 ]     6788   0.021%   0.022% 
(       2,       3 ]   145876   0.456%   0.478% 
(       3,       4 ]  1374454   4.295%   4.773% #
(       4,       6 ]  5564227  17.388%  22.161% ###
(       6,      10 ]  6514988  20.359%  42.520% ####
(      10,      15 ]  3442459  10.758%  53.278% ##
(      15,      22 ]  2005351   6.267%  59.545% #
(      22,      34 ]   707067   2.210%  61.754% 
(      34,      51 ]    92995   0.291%  62.045% 
(      51,      76 ]    13653   0.043%  62.088% 
(      76,     110 ]   400643   1.252%  63.340% 
(     110,     170 ]  8146982  25.459%  88.799% #####
(     170,     250 ]  1933465   6.042%  94.841% #
(     250,     380 ]  1161001   3.628%  98.469% #
(     380,     580 ]   452280   1.413%  99.882% 
(     580,     870 ]    29419   0.092%  99.974% 
(     870,    1300 ]     2209   0.007%  99.981% 
(    1300,    1900 ]     1404   0.004%  99.986% 
(    1900,    2900 ]     2179   0.007%  99.993% 
(    2900,    4400 ]     1038   0.003%  99.996% 
(    4400,    6600 ]      483   0.002%  99.997% 
(    6600,    9900 ]      228   0.001%  99.998% 
(    9900,   14000 ]      168   0.001%  99.999% 
(   14000,   22000 ]      368   0.001% 100.000% 
(   22000,   33000 ]       93   0.000% 100.000% 
(   33000,   50000 ]        8   0.000% 100.000% 
(   50000,   75000 ]        2   0.000% 100.000% 
(   75000,  110000 ]        3   0.000% 100.000% 
(  110000,  170000 ]        2   0.000% 100.000% 
(  170000,  250000 ]        2   0.000% 100.000% 

2019/09/19-11:06:03  ... thread 3: (1000000,1000000) ops and (7007.5,7007.5) ops/second in (142.703671,142.703671) seconds
2019/09/19-11:06:06  ... thread 2: (1000000,1000000) ops and (6885.5,6885.5) ops/second in (145.233165,145.233165) seconds
2019/09/19-11:06:09  ... thread 0: (1000000,1000000) ops and (6745.2,6745.2) ops/second in (148.253190,148.253190) seconds
2019/09/19-11:06:10  ... thread 1: (1000000,1000000) ops and (6673.9,6673.9) ops/second in (149.838059,149.838059) seconds
2019/09/19-11:08:32  ... thread 2: (1000000,2000000) ops and (6836.4,6860.9) ops/second in (146.274850,291.508015) seconds
2019/09/19-11:08:34  ... thread 3: (1000000,2000000) ops and (6646.3,6822.1) ops/second in (150.460333,293.164004) seconds
2019/09/19-11:08:34  ... thread 1: (1000000,2000000) ops and (6944.9,6806.7) ops/second in (143.990526,293.828585) seconds
2019/09/19-11:08:36  ... thread 0: (1000000,2000000) ops and (6798.0,6771.5) ops/second in (147.101939,295.355129) seconds
2019/09/19-11:10:58  ... thread 1: (1000000,3000000) ops and (6952.9,6854.7) ops/second in (143.825610,437.654195) seconds
2019/09/19-11:10:58  ... thread 3: (1000000,3000000) ops and (6929.9,6857.7) ops/second in (144.302720,437.466724) seconds
2019/09/19-11:11:03  ... thread 0: (1000000,3000000) ops and (6792.4,6778.4) ops/second in (147.224070,442.579199) seconds
2019/09/19-11:11:03  ... thread 2: (1000000,3000000) ops and (6599.7,6771.5) ops/second in (151.522229,443.030244) seconds
2019/09/19-11:13:20  ... thread 3: (1000000,4000000) ops and (7046.3,6903.9) ops/second in (141.917623,579.384347) seconds
2019/09/19-11:13:20  ... thread 1: (1000000,4000000) ops and (7039.6,6900.0) ops/second in (142.052674,579.706869) seconds
2019/09/19-11:13:25  ... thread 0: (1000000,4000000) ops and (7028.6,6839.3) ops/second in (142.275150,584.854349) seconds
2019/09/19-11:13:32  ... thread 2: (1000000,4000000) ops and (6725.9,6760.1) ops/second in (148.679586,591.709830) seconds
2019/09/19-11:15:48  ... thread 3: (1000000,5000000) ops and (6741.9,6870.9) ops/second in (148.326286,727.710633) seconds
2019/09/19-11:15:51  ... thread 1: (1000000,5000000) ops and (6634.3,6845.2) ops/second in (150.731312,730.438181) seconds
2019/09/19-11:15:51  ... thread 0: (1000000,5000000) ops and (6869.2,6845.3) ops/second in (145.576931,730.431280) seconds
2019/09/19-11:15:58  ... thread 2: (1000000,5000000) ops and (6834.8,6774.9) ops/second in (146.309748,738.019578) seconds
2019/09/19-11:18:11  ... thread 3: (1000000,6000000) ops and (7016.1,6894.6) ops/second in (142.530331,870.240964) seconds
2019/09/19-11:18:15  ... thread 0: (1000000,6000000) ops and (6956.4,6863.5) ops/second in (143.752369,874.183649) seconds
2019/09/19-11:18:22  ... thread 2: (1000000,6000000) ops and (6953.0,6803.9) ops/second in (143.823353,881.842931) seconds
2019/09/19-11:18:26  ... thread 1: (1000000,6000000) ops and (6436.0,6773.4) ops/second in (155.374851,885.813032) seconds
2019/09/19-11:20:34  ... thread 3: (1000000,7000000) ops and (6993.4,6908.6) ops/second in (142.992917,1013.233881) seconds
2019/09/19-11:20:38  ... thread 0: (1000000,7000000) ops and (6950.8,6875.9) ops/second in (143.867988,1018.051637) seconds
2019/09/19-11:20:48  ... thread 2: (1000000,7000000) ops and (6881.3,6814.9) ops/second in (145.320524,1027.163455) seconds
2019/09/19-11:21:02  ... thread 1: (1000000,7000000) ops and (6411.2,6719.2) ops/second in (155.976467,1041.789499) seconds
2019/09/19-11:22:58  ... thread 3: (1000000,8000000) ops and (6915.1,6909.4) ops/second in (144.611537,1157.845418) seconds
2019/09/19-11:23:04  ... thread 0: (1000000,8000000) ops and (6856.9,6873.5) ops/second in (145.839300,1163.890937) seconds
2019/09/19-11:23:13  ... thread 2: (1000000,8000000) ops and (6862.3,6820.8) ops/second in (145.724776,1172.888231) seconds
2019/09/19-11:23:35  ... thread 1: (1000000,8000000) ops and (6513.8,6692.8) ops/second in (153.519137,1195.308636) seconds
ycsbf        :      37.354 micros/op 26771 ops/sec;    3.0 MB/s (7999999 of 8000000 found)
Microseconds per op:
Count: 32000000 Average: 146.5604  StdDev: 39.49
Min: 1  Median: 140.2955  Max: 40361
Percentiles: P50: 140.30 P75: 174.55 P99: 538.64 P99.9: 801.37 P99.99: 3202.72
------------------------------------------------------
[       0,       1 ]       91   0.000%   0.000% 
(       1,       2 ]     4709   0.015%   0.015% 
(       2,       3 ]    19880   0.062%   0.077% 
(       3,       4 ]    20808   0.065%   0.142% 
(       4,       6 ]    31177   0.097%   0.240% 
(       6,      10 ]   161966   0.506%   0.746% 
(      10,      15 ]  1516773   4.740%   5.486% #
(      15,      22 ]  3225296  10.079%  15.565% ##
(      22,      34 ]  2107633   6.586%  22.151% #
(      34,      51 ]   448204   1.401%  23.552% 
(      51,      76 ]    65198   0.204%  23.755% 
(      76,     110 ]   506762   1.584%  25.339% 
(     110,     170 ] 15629042  48.841%  74.180% ##########
(     170,     250 ]  4612628  14.414%  88.594% ###
(     250,     380 ]  2454653   7.671%  96.265% ##
(     380,     580 ]  1103347   3.448%  99.713% #
(     580,     870 ]    78383   0.245%  99.958% 
(     870,    1300 ]     4301   0.013%  99.971% 
(    1300,    1900 ]     2158   0.007%  99.978% 
(    1900,    2900 ]     3457   0.011%  99.989% 
(    2900,    4400 ]     1655   0.005%  99.994% 
(    4400,    6600 ]      985   0.003%  99.997% 
(    6600,    9900 ]      270   0.001%  99.998% 
(    9900,   14000 ]      143   0.000%  99.998% 
(   14000,   22000 ]      323   0.001% 100.000% 
(   22000,   33000 ]      156   0.000% 100.000% 
(   33000,   50000 ]        2   0.000% 100.000% 

2019/09/19-11:29:30  ... thread 2: (1000000,1000000) ops and (2840.4,2840.4) ops/second in (352.057016,352.057016) seconds
2019/09/19-11:29:34  ... thread 3: (1000000,1000000) ops and (2804.9,2804.9) ops/second in (356.520613,356.520613) seconds
2019/09/19-11:29:38  ... thread 1: (1000000,1000000) ops and (2776.0,2776.0) ops/second in (360.227576,360.227576) seconds
2019/09/19-11:29:44  ... thread 0: (1000000,1000000) ops and (2728.1,2728.1) ops/second in (366.558777,366.558777) seconds
2019/09/19-11:35:09  ... thread 3: (1000000,2000000) ops and (2985.3,2892.3) ops/second in (334.977595,691.498208) seconds
2019/09/19-11:35:10  ... thread 2: (1000000,2000000) ops and (2938.2,2888.5) ops/second in (340.347829,692.404845) seconds
2019/09/19-11:35:19  ... thread 0: (1000000,2000000) ops and (2989.9,2853.0) ops/second in (334.458351,701.017128) seconds
2019/09/19-11:35:29  ... thread 1: (1000000,2000000) ops and (2844.2,2809.7) ops/second in (351.590646,711.818222) seconds
ycsbe        :      88.991 micros/op 11237 ops/sec;  118.2 MB/s (1899935 of 2000000 found)
Microseconds per op:
Count: 8000000 Average: 349.5912  StdDev: 428.62
Min: 3  Median: 338.8856  Max: 103825
Percentiles: P50: 338.89 P75: 502.41 P99: 1046.32 P99.9: 1296.73 P99.99: 19683.58
------------------------------------------------------
(       2,       3 ]       43   0.001%   0.001% 
(       3,       4 ]     1534   0.019%   0.020% 
(       4,       6 ]    18091   0.226%   0.246% 
(       6,      10 ]   144731   1.809%   2.055% 
(      10,      15 ]   173084   2.164%   4.219% 
(      15,      22 ]    82065   1.026%   5.244% 
(      22,      34 ]   284734   3.559%   8.804% #
(      34,      51 ]   489962   6.125%  14.928% #
(      51,      76 ]   212256   2.653%  17.581% #
(      76,     110 ]    83253   1.041%  18.622% 
(     110,     170 ]   521465   6.518%  25.140% #
(     170,     250 ]   608497   7.606%  32.746% ##
(     250,     380 ]  2018742  25.234%  57.981% #####
(     380,     580 ]  2224500  27.806%  85.787% ######
(     580,     870 ]  1006346  12.579%  98.366% ###
(     870,    1300 ]   123637   1.545%  99.912% 
(    1300,    1900 ]     3858   0.048%  99.960% 
(    1900,    2900 ]      853   0.011%  99.971% 
(    2900,    4400 ]      572   0.007%  99.978% 
(    4400,    6600 ]      368   0.005%  99.982% 
(    6600,    9900 ]      170   0.002%  99.985% 
(    9900,   14000 ]      201   0.003%  99.987% 
(   14000,   22000 ]      335   0.004%  99.991% 
(   22000,   33000 ]      355   0.004%  99.996% 
(   33000,   50000 ]      296   0.004%  99.999% 
(   50000,   75000 ]       47   0.001% 100.000% 
(   75000,  110000 ]        5   0.000% 100.000% 


                               Compactions
Level Time(sec) Read(MB) Write(MB)
--------------------------------------------------
  0     15.98     0.00   3275.87
  1     44.87  6143.42   6001.91
  2    272.52 42360.58  41092.79
BucketCount: 800
WriteAmplification: 15.3762

seq# 1535344348, log# 1402, min log#1392, file# 118407
