./leveldb/release/db_bench --cache_size=8388608 --logpath=/mnt/ssd --db=/mnt/nvm/level_ycsb --threads=4 --open_files=40000 --num=1500000000 --range=1500000000 --reads=2000000 --batch_size=1000 --stats_interval=1000000 --bloom_bits=10 --value_size=100 --histogram=true --log=true --benchmarks=loadreverse,ycsbc,ycsbb,ycsbd,ycsba,ycsbf,ycsbe,stats --ycsb_ops_num=8000000 --seek_nexts=100 --use_existing_db=true --print_wa=true --write_buffer_size=67108864 --max_file_size=67108864 
Keys:       16 bytes each
Values:     100 bytes each (50 bytes after compression)
Entries:    1500000000
RawSize:    165939.3 MB (estimated)
FileSize:   94413.8 MB (estimated)
WARNING: Snappy compression is not enabled
------------------------------------------------
FLAGS_num 1500000000, num_ 1500000000
num after by threads 375000000
loadreverse  : 89984237.000 micros/op 0 ops/sec;
Microseconds per op:
Count: 0 Average: 0.0000  StdDev: 0.00
Min: 0  Median: 0.0000  Max: 0
Percentiles: P50: 0.00 P75: 0.00 P99: 0.00 P99.9: 0.00 P99.99: 0.00
------------------------------------------------------

FLAGS_num 1500000000, num_ 375000000
num after by threads 375000000
2019/09/19-19:20:20  ... thread 1: (1000000,1000000) ops and (6488.1,6488.1) ops/second in (154.129104,154.129104) seconds
2019/09/19-19:20:20  ... thread 3: (1000000,1000000) ops and (6472.4,6472.4) ops/second in (154.503052,154.503052) seconds
2019/09/19-19:20:20  ... thread 0: (1000000,1000000) ops and (6469.0,6469.0) ops/second in (154.582722,154.582722) seconds
2019/09/19-19:20:20  ... thread 2: (1000000,1000000) ops and (6468.2,6468.2) ops/second in (154.602456,154.602456) seconds
2019/09/19-19:22:40  ... thread 1: (1000000,2000000) ops and (7137.1,6797.1) ops/second in (140.113328,294.242432) seconds
2019/09/19-19:22:41  ... thread 3: (1000000,2000000) ops and (7127.0,6783.9) ops/second in (140.310784,294.813836) seconds
2019/09/19-19:22:41  ... thread 2: (1000000,2000000) ops and (7135.9,6785.7) ops/second in (140.136408,294.738864) seconds
2019/09/19-19:22:41  ... thread 0: (1000000,2000000) ops and (7132.4,6784.5) ops/second in (140.204942,294.787664) seconds
2019/09/19-19:25:01  ... thread 1: (1000000,3000000) ops and (7087.6,6891.3) ops/second in (141.091452,435.333884) seconds
2019/09/19-19:25:01  ... thread 0: (1000000,3000000) ops and (7101.5,6887.0) ops/second in (140.816176,435.603840) seconds
2019/09/19-19:25:01  ... thread 2: (1000000,3000000) ops and (7097.3,6886.5) ops/second in (140.897782,435.636646) seconds
2019/09/19-19:25:02  ... thread 3: (1000000,3000000) ops and (7080.9,6880.1) ops/second in (141.224458,436.038294) seconds
2019/09/19-19:27:19  ... thread 1: (1000000,4000000) ops and (7262.4,6980.5) ops/second in (137.695069,573.028953) seconds
2019/09/19-19:27:19  ... thread 0: (1000000,4000000) ops and (7261.7,6977.0) ops/second in (137.709601,573.313441) seconds
2019/09/19-19:27:19  ... thread 2: (1000000,4000000) ops and (7257.2,6975.6) ops/second in (137.794445,573.431091) seconds
2019/09/19-19:27:19  ... thread 3: (1000000,4000000) ops and (7261.5,6971.7) ops/second in (137.712831,573.751125) seconds
2019/09/19-19:29:35  ... thread 1: (1000000,5000000) ops and (7371.0,7055.2) ops/second in (135.666243,708.695196) seconds
2019/09/19-19:29:35  ... thread 0: (1000000,5000000) ops and (7370.5,7052.3) ops/second in (135.675852,708.989293) seconds
2019/09/19-19:29:35  ... thread 2: (1000000,5000000) ops and (7364.6,7050.0) ops/second in (135.783883,709.214974) seconds
2019/09/19-19:29:35  ... thread 3: (1000000,5000000) ops and (7376.5,7049.0) ops/second in (135.566337,709.317462) seconds
2019/09/19-19:31:51  ... thread 1: (1000000,6000000) ops and (7338.4,7100.9) ops/second in (136.268764,844.963960) seconds
2019/09/19-19:31:51  ... thread 0: (1000000,6000000) ops and (7336.5,7098.1) ops/second in (136.305452,845.294745) seconds
2019/09/19-19:31:51  ... thread 2: (1000000,6000000) ops and (7346.4,7097.8) ops/second in (136.120985,845.335959) seconds
2019/09/19-19:31:51  ... thread 3: (1000000,6000000) ops and (7346.3,7096.9) ops/second in (136.122083,845.439545) seconds
2019/09/19-19:34:08  ... thread 2: (1000000,7000000) ops and (7306.8,7126.9) ops/second in (136.858379,982.194338) seconds
2019/09/19-19:34:08  ... thread 3: (1000000,7000000) ops and (7304.6,7125.8) ops/second in (136.900101,982.339646) seconds
2019/09/19-19:34:10  ... thread 1: (1000000,7000000) ops and (7188.9,7113.3) ops/second in (139.103691,984.067651) seconds
2019/09/19-19:34:12  ... thread 0: (1000000,7000000) ops and (7091.1,7097.1) ops/second in (141.022649,986.317394) seconds
2019/09/19-19:36:28  ... thread 3: (1000000,8000000) ops and (7135.2,7127.0) ops/second in (140.150658,1122.490304) seconds
2019/09/19-19:36:29  ... thread 2: (1000000,8000000) ops and (7116.6,7125.6) ops/second in (140.516488,1122.710826) seconds
2019/09/19-19:36:30  ... thread 1: (1000000,8000000) ops and (7113.8,7113.4) ops/second in (140.571118,1124.638769) seconds
2019/09/19-19:36:33  ... thread 0: (1000000,8000000) ops and (7118.3,7099.8) ops/second in (140.482217,1126.799611) seconds
ycsbc        :      35.215 micros/op 28396 ops/sec;    3.1 MB/s (8000000 of 8000000 found)
Microseconds per op:
Count: 32000000 Average: 140.5200  StdDev: 116.33
Min: 2  Median: 130.7291  Max: 84067
Percentiles: P50: 130.73 P75: 156.29 P99: 343.19 P99.9: 11690.39 P99.99: 29283.78
------------------------------------------------------
(       1,       2 ]        4   0.000%   0.000% 
(       2,       3 ]        8   0.000%   0.000% 
(       3,       4 ]       31   0.000%   0.000% 
(       4,       6 ]     2517   0.008%   0.008% 
(       6,      10 ]  1334896   4.172%   4.180% #
(      10,      15 ]  4567015  14.272%  18.451% ###
(      15,      22 ]  1156582   3.614%  22.066% #
(      22,      34 ]   272542   0.852%  22.917% 
(      34,      51 ]    51060   0.160%  23.077% 
(      51,      76 ]    10717   0.033%  23.111% 
(      76,     110 ]  2118113   6.619%  29.730% #
(     110,     170 ] 18775091  58.672%  88.402% ############
(     170,     250 ]  2985520   9.330%  97.732% ##
(     250,     380 ]   566241   1.770%  99.501% 
(     380,     580 ]    70261   0.220%  99.721% 
(     580,     870 ]     5889   0.018%  99.739% 
(     870,    1300 ]     7193   0.022%  99.761% 
(    1300,    1900 ]     7632   0.024%  99.785% 
(    1900,    2900 ]     7496   0.023%  99.809% 
(    2900,    4400 ]    10114   0.032%  99.840% 
(    4400,    6600 ]     6816   0.021%  99.862% 
(    6600,    9900 ]     8800   0.028%  99.889% 
(    9900,   14000 ]     7928   0.025%  99.914% 
(   14000,   22000 ]    20855   0.065%  99.979% 
(   22000,   33000 ]     5254   0.016%  99.996% 
(   33000,   50000 ]      946   0.003%  99.999% 
(   50000,   75000 ]      475   0.001% 100.000% 
(   75000,  110000 ]        4   0.000% 100.000% 

FLAGS_num 1500000000, num_ 375000000
num after by threads 375000000
2019/09/19-19:38:28  ... thread 0: (1000000,1000000) ops and (8820.3,8820.3) ops/second in (113.374499,113.374499) seconds
2019/09/19-19:38:28  ... thread 3: (1000000,1000000) ops and (8819.4,8819.4) ops/second in (113.386714,113.386714) seconds
2019/09/19-19:38:28  ... thread 1: (1000000,1000000) ops and (8786.9,8786.9) ops/second in (113.806183,113.806183) seconds
2019/09/19-19:38:30  ... thread 2: (1000000,1000000) ops and (8676.3,8676.3) ops/second in (115.256626,115.256626) seconds
2019/09/19-19:40:15  ... thread 3: (1000000,2000000) ops and (9381.5,9091.8) ops/second in (106.592654,219.979368) seconds
2019/09/19-19:40:16  ... thread 1: (1000000,2000000) ops and (9318.0,9044.6) ops/second in (107.319387,221.125570) seconds
2019/09/19-19:40:17  ... thread 2: (1000000,2000000) ops and (9377.5,9013.3) ops/second in (106.638253,221.894879) seconds
2019/09/19-19:40:17  ... thread 0: (1000000,2000000) ops and (9175.7,8994.5) ops/second in (108.983117,222.357616) seconds
2019/09/19-19:42:26  ... thread 1: (1000000,3000000) ops and (7708.1,8550.4) ops/second in (129.734358,350.859928) seconds
2019/09/19-19:42:27  ... thread 2: (1000000,3000000) ops and (7678.4,8519.6) ops/second in (130.235604,352.130483) seconds
2019/09/19-19:42:27  ... thread 0: (1000000,3000000) ops and (7684.3,8510.8) ops/second in (130.135902,352.493518) seconds
2019/09/19-19:42:28  ... thread 3: (1000000,3000000) ops and (7534.3,8505.7) ops/second in (132.726916,352.706284) seconds
2019/09/19-19:44:43  ... thread 1: (1000000,4000000) ops and (7266.6,8188.7) ops/second in (137.615200,488.475128) seconds
2019/09/19-19:44:45  ... thread 0: (1000000,4000000) ops and (7273.8,8163.7) ops/second in (137.478816,489.972334) seconds
2019/09/19-19:44:45  ... thread 2: (1000000,4000000) ops and (7261.3,8165.8) ops/second in (137.715513,489.845996) seconds
2019/09/19-19:44:45  ... thread 3: (1000000,4000000) ops and (7263.2,8156.8) ops/second in (137.680938,490.387222) seconds
2019/09/19-19:47:00  ... thread 1: (1000000,5000000) ops and (7316.3,7998.0) ops/second in (136.681195,625.156323) seconds
2019/09/19-19:47:02  ... thread 0: (1000000,5000000) ops and (7302.2,7975.5) ops/second in (136.944662,626.916996) seconds
2019/09/19-19:47:02  ... thread 2: (1000000,5000000) ops and (7301.0,7976.9) ops/second in (136.967668,626.813664) seconds
2019/09/19-19:47:02  ... thread 3: (1000000,5000000) ops and (7310.3,7972.2) ops/second in (136.792637,627.179859) seconds
2019/09/19-19:49:16  ... thread 1: (1000000,6000000) ops and (7324.1,7877.2) ops/second in (136.536106,761.692429) seconds
2019/09/19-19:49:18  ... thread 0: (1000000,6000000) ops and (7328.7,7859.9) ops/second in (136.450666,763.367662) seconds
2019/09/19-19:49:18  ... thread 2: (1000000,6000000) ops and (7315.6,7858.5) ops/second in (136.693837,763.507501) seconds
2019/09/19-19:49:19  ... thread 3: (1000000,6000000) ops and (7274.7,7846.8) ops/second in (137.462286,764.642145) seconds
2019/09/19-19:51:33  ... thread 1: (1000000,7000000) ops and (7339.0,7795.5) ops/second in (136.258675,897.951104) seconds
2019/09/19-19:51:34  ... thread 0: (1000000,7000000) ops and (7347.8,7782.4) ops/second in (136.095818,899.463480) seconds
2019/09/19-19:51:35  ... thread 2: (1000000,7000000) ops and (7342.1,7780.3) ops/second in (136.201461,899.708962) seconds
2019/09/19-19:51:36  ... thread 3: (1000000,7000000) ops and (7338.9,7770.0) ops/second in (136.259756,900.901901) seconds
2019/09/19-19:53:48  ... thread 1: (1000000,8000000) ops and (7369.4,7739.6) ops/second in (135.696928,1033.648032) seconds
2019/09/19-19:53:50  ... thread 0: (1000000,8000000) ops and (7372.1,7728.6) ops/second in (135.646425,1035.109905) seconds
2019/09/19-19:53:51  ... thread 2: (1000000,8000000) ops and (7355.8,7724.6) ops/second in (135.947141,1035.656103) seconds
2019/09/19-19:53:51  ... thread 3: (1000000,8000000) ops and (7367.5,7717.3) ops/second in (135.730440,1036.632341) seconds
ycsbb        :      32.401 micros/op 30863 ops/sec;    3.4 MB/s (7600000 of 8000000 found)
Microseconds per op:
Count: 32000000 Average: 129.4077  StdDev: 132.51
Min: 1  Median: 129.1113  Max: 99438
Percentiles: P50: 129.11 P75: 154.85 P99: 289.25 P99.9: 5827.44 P99.99: 25498.03
------------------------------------------------------
[       0,       1 ]       96   0.000%   0.000% 
(       1,       2 ]     2408   0.008%   0.008% 
(       2,       3 ]    25360   0.079%   0.087% 
(       3,       4 ]   110782   0.346%   0.433% 
(       4,       6 ]   629303   1.967%   2.400% 
(       6,      10 ]   848889   2.653%   5.053% #
(      10,      15 ]  4051575  12.661%  17.714% ###
(      15,      22 ]  1453305   4.542%  22.255% #
(      22,      34 ]   232567   0.727%  22.982% 
(      34,      51 ]    34691   0.108%  23.091% 
(      51,      76 ]     8082   0.025%  23.116% 
(      76,     110 ]  2663938   8.325%  31.441% ##
(     110,     170 ] 18645562  58.267%  89.708% ############
(     170,     250 ]  2876084   8.988%  98.696% ##
(     250,     380 ]   322424   1.008%  99.703% 
(     380,     580 ]    32207   0.101%  99.804% 
(     580,     870 ]     4143   0.013%  99.817% 
(     870,    1300 ]     5638   0.018%  99.835% 
(    1300,    1900 ]     5871   0.018%  99.853% 
(    1900,    2900 ]     6276   0.020%  99.873% 
(    2900,    4400 ]     6094   0.019%  99.892% 
(    4400,    6600 ]     4169   0.013%  99.905% 
(    6600,    9900 ]     6253   0.020%  99.924% 
(    9900,   14000 ]     5309   0.017%  99.941% 
(   14000,   22000 ]    14723   0.046%  99.987% 
(   22000,   33000 ]     3305   0.010%  99.997% 
(   33000,   50000 ]       74   0.000%  99.997% 
(   50000,   75000 ]      831   0.003% 100.000% 
(   75000,  110000 ]       41   0.000% 100.000% 

FLAGS_num 1500000000, num_ 375000000
num after by threads 375000000
2019/09/19-19:56:14  ... thread 1: (1000000,1000000) ops and (7186.8,7186.8) ops/second in (139.143714,139.143714) seconds
2019/09/19-19:56:14  ... thread 3: (1000000,1000000) ops and (7182.0,7182.0) ops/second in (139.236857,139.236857) seconds
2019/09/19-19:56:17  ... thread 2: (1000000,1000000) ops and (7064.1,7064.1) ops/second in (141.560443,141.560443) seconds
2019/09/19-19:56:17  ... thread 0: (1000000,1000000) ops and (7047.2,7047.2) ops/second in (141.900376,141.900376) seconds
2019/09/19-19:58:28  ... thread 3: (1000000,2000000) ops and (7495.7,7335.5) ops/second in (133.409034,272.645891) seconds
2019/09/19-19:58:28  ... thread 1: (1000000,2000000) ops and (7460.1,7320.9) ops/second in (134.046765,273.190479) seconds
2019/09/19-19:58:30  ... thread 2: (1000000,2000000) ops and (7501.1,7276.0) ops/second in (133.313979,274.874422) seconds
2019/09/19-19:58:31  ... thread 0: (1000000,2000000) ops and (7485.4,7259.7) ops/second in (133.593204,275.493580) seconds
2019/09/19-20:00:40  ... thread 3: (1000000,3000000) ops and (7549.0,7405.3) ops/second in (132.468135,405.114026) seconds
2019/09/19-20:00:41  ... thread 1: (1000000,3000000) ops and (7547.5,7394.9) ops/second in (132.493658,405.684137) seconds
2019/09/19-20:00:43  ... thread 2: (1000000,3000000) ops and (7552.3,7365.9) ops/second in (132.410033,407.284455) seconds
2019/09/19-20:00:44  ... thread 0: (1000000,3000000) ops and (7543.3,7351.8) ops/second in (132.568803,408.062383) seconds
2019/09/19-20:02:51  ... thread 3: (1000000,4000000) ops and (7620.1,7457.9) ops/second in (131.232149,536.346175) seconds
2019/09/19-20:02:52  ... thread 1: (1000000,4000000) ops and (7614.1,7448.5) ops/second in (131.336052,537.020189) seconds
2019/09/19-20:02:54  ... thread 2: (1000000,4000000) ops and (7620.4,7427.9) ops/second in (131.226002,538.510457) seconds
2019/09/19-20:02:55  ... thread 0: (1000000,4000000) ops and (7633.0,7420.2) ops/second in (131.009586,539.071969) seconds
2019/09/19-20:05:03  ... thread 3: (1000000,5000000) ops and (7615.3,7488.8) ops/second in (131.314635,667.660810) seconds
2019/09/19-20:05:03  ... thread 1: (1000000,5000000) ops and (7614.9,7481.2) ops/second in (131.320934,668.341123) seconds
2019/09/19-20:05:05  ... thread 2: (1000000,5000000) ops and (7617.4,7465.0) ops/second in (131.278137,669.788594) seconds
2019/09/19-20:05:06  ... thread 0: (1000000,5000000) ops and (7614.8,7458.3) ops/second in (131.323933,670.395902) seconds
2019/09/19-20:07:14  ... thread 3: (1000000,6000000) ops and (7610.0,7508.8) ops/second in (131.406223,799.067033) seconds
2019/09/19-20:07:15  ... thread 1: (1000000,6000000) ops and (7608.2,7502.1) ops/second in (131.437278,799.778401) seconds
2019/09/19-20:07:17  ... thread 0: (1000000,6000000) ops and (7605.7,7482.5) ops/second in (131.479941,801.875843) seconds
2019/09/19-20:07:18  ... thread 2: (1000000,6000000) ops and (7522.9,7474.6) ops/second in (132.928046,802.716640) seconds
2019/09/19-20:09:26  ... thread 3: (1000000,7000000) ops and (7580.3,7518.9) ops/second in (131.920529,930.987562) seconds
2019/09/19-20:09:27  ... thread 1: (1000000,7000000) ops and (7584.8,7513.8) ops/second in (131.842145,931.620546) seconds
2019/09/19-20:09:29  ... thread 0: (1000000,7000000) ops and (7581.1,7496.4) ops/second in (131.906701,933.782544) seconds
2019/09/19-20:09:30  ... thread 2: (1000000,7000000) ops and (7581.4,7489.7) ops/second in (131.901894,934.618534) seconds
2019/09/19-20:11:38  ... thread 3: (1000000,8000000) ops and (7602.6,7529.3) ops/second in (131.533133,1062.520695) seconds
2019/09/19-20:11:38  ... thread 1: (1000000,8000000) ops and (7599.5,7524.4) ops/second in (131.588051,1063.208597) seconds
2019/09/19-20:11:41  ... thread 0: (1000000,8000000) ops and (7601.0,7509.3) ops/second in (131.562300,1065.344844) seconds
2019/09/19-20:11:42  ... thread 2: (1000000,8000000) ops and (7589.7,7502.0) ops/second in (131.757548,1066.376082) seconds
ycsbd        :      33.339 micros/op 29995 ops/sec;    3.3 MB/s (7600000 of 8000000 found)
Microseconds per op:
Count: 32000000 Average: 133.0453  StdDev: 109.39
Min: 1  Median: 128.3098  Max: 101175
Percentiles: P50: 128.31 P75: 154.72 P99: 314.50 P99.9: 10322.29 P99.99: 27986.89
------------------------------------------------------
[       0,       1 ]      117   0.000%   0.000% 
(       1,       2 ]     3380   0.011%   0.011% 
(       2,       3 ]    28592   0.089%   0.100% 
(       3,       4 ]   115994   0.362%   0.463% 
(       4,       6 ]   617166   1.929%   2.391% 
(       6,      10 ]   916814   2.865%   5.256% #
(      10,      15 ]  5097816  15.931%  21.187% ###
(      15,      22 ]  1344133   4.200%  25.388% #
(      22,      34 ]   243084   0.760%  26.147% 
(      34,      51 ]    36136   0.113%  26.260% 
(      51,      76 ]     7536   0.024%  26.284% 
(      76,     110 ]  2043970   6.387%  32.671% #
(     110,     170 ] 18171459  56.786%  89.457% ###########
(     170,     250 ]  2872394   8.976%  98.433% ##
(     250,     380 ]   365646   1.143%  99.576% 
(     380,     580 ]    54420   0.170%  99.746% 
(     580,     870 ]     5423   0.017%  99.763% 
(     870,    1300 ]     7447   0.023%  99.786% 
(    1300,    1900 ]     7424   0.023%  99.809% 
(    1900,    2900 ]     7793   0.024%  99.834% 
(    2900,    4400 ]     7393   0.023%  99.857% 
(    4400,    6600 ]     5081   0.016%  99.873% 
(    6600,    9900 ]     8040   0.025%  99.898% 
(    9900,   14000 ]     7204   0.023%  99.920% 
(   14000,   22000 ]    20014   0.063%  99.983% 
(   22000,   33000 ]     4270   0.013%  99.996% 
(   33000,   50000 ]       44   0.000%  99.996% 
(   50000,   75000 ]     1113   0.003% 100.000% 
(   75000,  110000 ]       97   0.000% 100.000% 

FLAGS_num 1500000000, num_ 375000000
num after by threads 375000000
2019/09/19-20:13:02  ... thread 3: (1000000,1000000) ops and (12880.2,12880.2) ops/second in (77.638706,77.638706) seconds
2019/09/19-20:13:02  ... thread 1: (1000000,1000000) ops and (12852.3,12852.3) ops/second in (77.807361,77.807361) seconds
2019/09/19-20:13:05  ... thread 0: (1000000,1000000) ops and (12422.9,12422.9) ops/second in (80.496651,80.496651) seconds
2019/09/19-20:13:05  ... thread 2: (1000000,1000000) ops and (12406.2,12406.2) ops/second in (80.604825,80.604825) seconds
2019/09/19-20:14:19  ... thread 3: (1000000,2000000) ops and (13023.1,12951.3) ops/second in (76.786467,154.425173) seconds
2019/09/19-20:14:19  ... thread 1: (1000000,2000000) ops and (13003.7,12927.5) ops/second in (76.901028,154.708389) seconds
2019/09/19-20:14:22  ... thread 0: (1000000,2000000) ops and (12986.3,12698.4) ops/second in (77.004116,157.500767) seconds
2019/09/19-20:14:22  ... thread 2: (1000000,2000000) ops and (12993.2,12692.9) ops/second in (76.963069,157.567894) seconds
2019/09/19-20:15:36  ... thread 3: (1000000,3000000) ops and (13013.1,12971.8) ops/second in (76.845680,231.270853) seconds
2019/09/19-20:15:36  ... thread 1: (1000000,3000000) ops and (13032.1,12962.2) ops/second in (76.733426,231.441815) seconds
2019/09/19-20:15:38  ... thread 0: (1000000,3000000) ops and (13042.3,12811.0) ops/second in (76.673819,234.174586) seconds
2019/09/19-20:15:39  ... thread 2: (1000000,3000000) ops and (13006.9,12795.9) ops/second in (76.882472,234.450366) seconds
2019/09/19-20:16:52  ... thread 3: (1000000,4000000) ops and (13113.0,13006.8) ops/second in (76.260267,307.531120) seconds
2019/09/19-20:16:52  ... thread 1: (1000000,4000000) ops and (13123.7,13002.2) ops/second in (76.197962,307.639777) seconds
2019/09/19-20:16:54  ... thread 0: (1000000,4000000) ops and (13132.0,12889.7) ops/second in (76.149894,310.324480) seconds
2019/09/19-20:16:55  ... thread 2: (1000000,4000000) ops and (13108.5,12872.6) ops/second in (76.286158,310.736524) seconds
2019/09/19-20:18:08  ... thread 3: (1000000,5000000) ops and (13145.8,13034.4) ops/second in (76.069831,383.600951) seconds
2019/09/19-20:18:08  ... thread 1: (1000000,5000000) ops and (13154.9,13032.5) ops/second in (76.017202,383.656979) seconds
2019/09/19-20:18:11  ... thread 0: (1000000,5000000) ops and (13038.6,12919.2) ops/second in (76.695141,387.019621) seconds
2019/09/19-20:18:12  ... thread 2: (1000000,5000000) ops and (13038.0,12905.4) ops/second in (76.698944,387.435468) seconds
2019/09/19-20:19:26  ... thread 1: (1000000,6000000) ops and (12793.9,12992.1) ops/second in (78.162218,461.819197) seconds
2019/09/19-20:19:29  ... thread 3: (1000000,6000000) ops and (12412.1,12926.4) ops/second in (80.566345,464.167296) seconds
2019/09/19-20:19:29  ... thread 0: (1000000,6000000) ops and (12793.9,12898.2) ops/second in (78.162003,465.181624) seconds
2019/09/19-20:19:31  ... thread 2: (1000000,6000000) ops and (12615.3,12856.1) ops/second in (79.268582,466.704050) seconds
2019/09/19-20:20:43  ... thread 1: (1000000,7000000) ops and (12998.7,12993.0) ops/second in (76.930963,538.750160) seconds
2019/09/19-20:20:45  ... thread 3: (1000000,7000000) ops and (12994.8,12936.1) ops/second in (76.953965,541.121261) seconds
2019/09/19-20:20:46  ... thread 0: (1000000,7000000) ops and (12983.5,12910.3) ops/second in (77.020828,542.202452) seconds
2019/09/19-20:20:48  ... thread 2: (1000000,7000000) ops and (12989.6,12875.0) ops/second in (76.984418,543.688468) seconds
2019/09/19-20:21:59  ... thread 1: (1000000,8000000) ops and (13108.3,13007.3) ops/second in (76.287505,615.037665) seconds
2019/09/19-20:22:02  ... thread 3: (1000000,8000000) ops and (13127.4,12959.7) ops/second in (76.176693,617.297954) seconds
2019/09/19-20:22:03  ... thread 0: (1000000,8000000) ops and (13130.1,12937.4) ops/second in (76.160739,618.363191) seconds
2019/09/19-20:22:04  ... thread 2: (1000000,8000000) ops and (13083.6,12900.7) ops/second in (76.431550,620.120018) seconds
ycsba        :      19.386 micros/op 51584 ops/sec;    5.7 MB/s (4000000 of 8000000 found)
Microseconds per op:
Count: 32000000 Average: 77.2131  StdDev: 127.11
Min: 0  Median: 14.3125  Max: 142159
Percentiles: P50: 14.31 P75: 132.12 P99: 247.31 P99.9: 3495.56 P99.99: 21633.16
------------------------------------------------------
[       0,       1 ]     1149   0.004%   0.004% 
(       1,       2 ]   207024   0.647%   0.651% 
(       2,       3 ]  1426675   4.458%   5.109% #
(       3,       4 ]  3027024   9.459%  14.568% ##
(       4,       6 ]  6067600  18.961%  33.530% ####
(       6,      10 ]  3117699   9.743%  43.272% ##
(      10,      15 ]  2496022   7.800%  51.072% ##
(      15,      22 ]  2327460   7.273%  58.346% #
(      22,      34 ]   544992   1.703%  60.049% 
(      34,      51 ]    97824   0.306%  60.355% 
(      51,      76 ]    17385   0.054%  60.409% 
(      76,     110 ]   981537   3.067%  63.476% #
(     110,     170 ] 10004422  31.264%  94.740% ######
(     170,     250 ]  1410685   4.408%  99.148% #
(     250,     380 ]   144797   0.452%  99.601% 
(     380,     580 ]    25974   0.081%  99.682% 
(     580,     870 ]    11551   0.036%  99.718% 
(     870,    1300 ]    15085   0.047%  99.765% 
(    1300,    1900 ]    17783   0.056%  99.821% 
(    1900,    2900 ]    19273   0.060%  99.881% 
(    2900,    4400 ]    15210   0.048%  99.929% 
(    4400,    6600 ]     4346   0.014%  99.942% 
(    6600,    9900 ]     3377   0.011%  99.953% 
(    9900,   14000 ]     3125   0.010%  99.963% 
(   14000,   22000 ]     9203   0.029%  99.991% 
(   22000,   33000 ]     2033   0.006%  99.998% 
(   33000,   50000 ]       51   0.000%  99.998% 
(   50000,   75000 ]      411   0.001%  99.999% 
(   75000,  110000 ]      266   0.001% 100.000% 
(  110000,  170000 ]       17   0.000% 100.000% 

FLAGS_num 1500000000, num_ 375000000
num after by threads 375000000
2019/09/19-20:24:37  ... thread 3: (1000000,1000000) ops and (6663.0,6663.0) ops/second in (150.081881,150.081881) seconds
2019/09/19-20:24:37  ... thread 0: (1000000,1000000) ops and (6650.0,6650.0) ops/second in (150.376659,150.376659) seconds
2019/09/19-20:24:37  ... thread 1: (1000000,1000000) ops and (6642.5,6642.5) ops/second in (150.546354,150.546354) seconds
2019/09/19-20:24:37  ... thread 2: (1000000,1000000) ops and (6644.9,6644.9) ops/second in (150.491119,150.491119) seconds
2019/09/19-20:27:04  ... thread 3: (1000000,2000000) ops and (6814.7,6738.0) ops/second in (146.741632,296.823513) seconds
2019/09/19-20:27:04  ... thread 1: (1000000,2000000) ops and (6808.8,6724.6) ops/second in (146.868307,297.414661) seconds
2019/09/19-20:27:04  ... thread 2: (1000000,2000000) ops and (6807.9,6725.4) ops/second in (146.887881,297.379000) seconds
2019/09/19-20:27:04  ... thread 0: (1000000,2000000) ops and (6795.8,6722.1) ops/second in (147.149741,297.526400) seconds
2019/09/19-20:29:30  ... thread 3: (1000000,3000000) ops and (6829.9,6768.4) ops/second in (146.415550,443.239063) seconds
2019/09/19-20:29:31  ... thread 1: (1000000,3000000) ops and (6831.9,6760.0) ops/second in (146.371949,443.786610) seconds
2019/09/19-20:29:31  ... thread 2: (1000000,3000000) ops and (6826.5,6758.8) ops/second in (146.487789,443.866789) seconds
2019/09/19-20:29:31  ... thread 0: (1000000,3000000) ops and (6828.8,6757.3) ops/second in (146.438564,443.964964) seconds
2019/09/19-20:31:57  ... thread 3: (1000000,4000000) ops and (6799.5,6776.1) ops/second in (147.068570,590.307633) seconds
2019/09/19-20:31:58  ... thread 1: (1000000,4000000) ops and (6794.4,6768.6) ops/second in (147.180326,590.966936) seconds
2019/09/19-20:31:58  ... thread 2: (1000000,4000000) ops and (6789.1,6766.3) ops/second in (147.295448,591.162237) seconds
2019/09/19-20:31:58  ... thread 0: (1000000,4000000) ops and (6785.7,6764.4) ops/second in (147.369623,591.334587) seconds
2019/09/19-20:34:25  ... thread 3: (1000000,5000000) ops and (6754.7,6771.8) ops/second in (148.045091,738.352724) seconds
2019/09/19-20:34:26  ... thread 1: (1000000,5000000) ops and (6741.0,6763.0) ops/second in (148.346152,739.313088) seconds
2019/09/19-20:34:26  ... thread 2: (1000000,5000000) ops and (6747.6,6762.6) ops/second in (148.200021,739.362258) seconds
2019/09/19-20:34:28  ... thread 0: (1000000,5000000) ops and (6655.4,6742.3) ops/second in (150.253474,741.588061) seconds
2019/09/19-20:36:53  ... thread 3: (1000000,6000000) ops and (6755.5,6769.1) ops/second in (148.027335,886.380059) seconds
2019/09/19-20:36:54  ... thread 1: (1000000,6000000) ops and (6745.4,6760.1) ops/second in (148.249591,887.562679) seconds
2019/09/19-20:36:55  ... thread 2: (1000000,6000000) ops and (6743.7,6759.4) ops/second in (148.286635,887.648893) seconds
2019/09/19-20:36:57  ... thread 0: (1000000,6000000) ops and (6739.4,6741.8) ops/second in (148.381688,889.969749) seconds
2019/09/19-20:39:22  ... thread 3: (1000000,7000000) ops and (6713.1,6761.1) ops/second in (148.961523,1035.341582) seconds
2019/09/19-20:39:24  ... thread 1: (1000000,7000000) ops and (6699.6,6751.4) ops/second in (149.262320,1036.824999) seconds
2019/09/19-20:39:24  ... thread 2: (1000000,7000000) ops and (6704.9,6751.6) ops/second in (149.145221,1036.794114) seconds
2019/09/19-20:39:26  ... thread 0: (1000000,7000000) ops and (6712.6,6737.6) ops/second in (148.974258,1038.944007) seconds
2019/09/19-20:41:51  ... thread 3: (1000000,8000000) ops and (6701.3,6753.5) ops/second in (149.225146,1184.566728) seconds
2019/09/19-20:41:53  ... thread 1: (1000000,8000000) ops and (6701.4,6745.1) ops/second in (149.222232,1186.047231) seconds
2019/09/19-20:41:53  ... thread 2: (1000000,8000000) ops and (6680.7,6742.6) ops/second in (149.685141,1186.479255) seconds
2019/09/19-20:41:55  ... thread 0: (1000000,8000000) ops and (6690.2,6731.6) ops/second in (149.472593,1188.416600) seconds
ycsbf        :      37.144 micros/op 26922 ops/sec;    3.0 MB/s (8000000 of 8000000 found)
Microseconds per op:
Count: 32000000 Average: 148.2972  StdDev: 112.05
Min: 0  Median: 133.5599  Max: 122471
Percentiles: P50: 133.56 P75: 157.50 P99: 333.87 P99.9: 8957.51 P99.99: 27956.41
------------------------------------------------------
[       0,       1 ]       25   0.000%   0.000% 
(       1,       2 ]      374   0.001%   0.001% 
(       2,       3 ]      930   0.003%   0.004% 
(       3,       4 ]      936   0.003%   0.007% 
(       4,       6 ]     1513   0.005%   0.012% 
(       6,      10 ]    43266   0.135%   0.147% 
(      10,      15 ]  1529797   4.781%   4.928% #
(      15,      22 ]  3666896  11.459%  16.387% ##
(      22,      34 ]   742768   2.321%  18.708% 
(      34,      51 ]    81088   0.253%  18.961% 
(      51,      76 ]    15126   0.047%  19.008% 
(      76,     110 ]  2044960   6.391%  25.399% #
(     110,     170 ] 20048423  62.651%  88.050% #############
(     170,     250 ]  3274913  10.234%  98.284% ##
(     250,     380 ]   354931   1.109%  99.394% 
(     380,     580 ]    48807   0.153%  99.546% 
(     580,     870 ]    13824   0.043%  99.589% 
(     870,    1300 ]    18730   0.059%  99.648% 
(    1300,    1900 ]    19516   0.061%  99.709% 
(    1900,    2900 ]    19439   0.061%  99.770% 
(    2900,    4400 ]    19887   0.062%  99.832% 
(    4400,    6600 ]    12776   0.040%  99.872% 
(    6600,    9900 ]    12703   0.040%  99.911% 
(    9900,   14000 ]     6598   0.021%  99.932% 
(   14000,   22000 ]    16512   0.052%  99.984% 
(   22000,   33000 ]     3808   0.012%  99.995% 
(   33000,   50000 ]      171   0.001%  99.996% 
(   50000,   75000 ]      836   0.003%  99.999% 
(   75000,  110000 ]      438   0.001% 100.000% 
(  110000,  170000 ]        9   0.000% 100.000% 

FLAGS_num 1500000000, num_ 375000000
num after by threads 375000000
2019/09/19-20:45:47  ... thread 1: (1000000,1000000) ops and (4363.0,4363.0) ops/second in (229.202430,229.202430) seconds
2019/09/19-20:45:48  ... thread 2: (1000000,1000000) ops and (4348.0,4348.0) ops/second in (229.990615,229.990615) seconds
2019/09/19-20:45:52  ... thread 0: (1000000,1000000) ops and (4266.8,4266.8) ops/second in (234.369065,234.369065) seconds
2019/09/19-20:46:06  ... thread 3: (1000000,1000000) ops and (4030.5,4030.5) ops/second in (248.111219,248.111219) seconds
2019/09/19-20:49:43  ... thread 1: (1000000,2000000) ops and (4235.0,4298.0) ops/second in (236.128198,465.330628) seconds
2019/09/19-20:49:44  ... thread 2: (1000000,2000000) ops and (4238.6,4292.6) ops/second in (235.926086,465.916701) seconds
2019/09/19-20:50:00  ... thread 0: (1000000,2000000) ops and (4038.0,4149.3) ops/second in (247.645581,482.014646) seconds
2019/09/19-20:50:23  ... thread 3: (1000000,2000000) ops and (3885.4,3956.6) ops/second in (257.373724,505.484943) seconds
ycsbe        :      63.205 micros/op 15821 ops/sec;  166.4 MB/s (1899736 of 2000000 found)
Microseconds per op:
Count: 8000000 Average: 239.8434  StdDev: 432.23
Min: 2  Median: 235.1104  Max: 117440
Percentiles: P50: 235.11 P75: 326.91 P99: 570.47 P99.9: 3747.05 P99.99: 37037.04
------------------------------------------------------
(       1,       2 ]      217   0.003%   0.003% 
(       2,       3 ]     2969   0.037%   0.040% 
(       3,       4 ]    11497   0.144%   0.184% 
(       4,       6 ]    65252   0.816%   0.999% 
(       6,      10 ]   244703   3.059%   4.058% #
(      10,      15 ]    51571   0.645%   4.703% 
(      15,      22 ]   146161   1.827%   6.530% 
(      22,      34 ]   581743   7.272%  13.801% #
(      34,      51 ]   426718   5.334%  19.135% #
(      51,      76 ]   100395   1.255%  20.390% 
(      76,     110 ]    95634   1.195%  21.586% 
(     110,     170 ]  1197013  14.963%  36.548% ###
(     170,     250 ]  1322218  16.528%  53.076% ###
(     250,     380 ]  2964624  37.058%  90.134% #######
(     380,     580 ]   744762   9.310%  99.443% ##
(     580,     870 ]    31229   0.390%  99.834% 
(     870,    1300 ]     1560   0.019%  99.853% 
(    1300,    1900 ]     1370   0.017%  99.870% 
(    1900,    2900 ]     1417   0.018%  99.888% 
(    2900,    4400 ]     1677   0.021%  99.909% 
(    4400,    6600 ]      975   0.012%  99.921% 
(    6600,    9900 ]     1255   0.016%  99.937% 
(    9900,   14000 ]     1034   0.013%  99.950% 
(   14000,   22000 ]     1473   0.018%  99.968% 
(   22000,   33000 ]     1515   0.019%  99.987% 
(   33000,   50000 ]      918   0.011%  99.999% 
(   50000,   75000 ]       88   0.001% 100.000% 
(   75000,  110000 ]       11   0.000% 100.000% 
(  110000,  170000 ]        1   0.000% 100.000% 

FLAGS_num 1500000000, num_ 375000000
num after by threads 375000000

                               Compactions
Level  Files Size(MB) Time(sec) Read(MB) Write(MB)
--------------------------------------------------
  2        0        0        27      587      4592
  3        0        0        30     6594      6575
  4      112      787       392    83360     82714
  5     1643    99970      3123   625977    622344
  6     1058    67618      1473   290621    288406
WriteAmplification: inf

