./pebblesdb/release/db_bench --cache_size=8388608 --logpath=/mnt/ssd --db=/mnt/nvm/peb_ycsb --threads=4 --open_files=40000 --num=1500000000 --range=1500000000 --reads=2000000 --batch_size=1000 --stats_interval=1000000 --bloom_bits=10 --bg_threads=6 --value_size=100 --histogram=true --log=true --benchmarks=loadreverse,ycsbc,ycsbb,ycsbd,ycsba,ycsbf,ycsbe,stats --ycsb_ops_num=8000000 --seek_nexts=100 --use_existing_db=true --write_buffer_size=67108864 
Keys:       16 bytes each
Values:     100 bytes each (50 bytes after compression)
Entries:    1500000000
RawSize:    165939.3 MB (estimated)
FileSize:   94413.8 MB (estimated)
WARNING: Snappy compression is not enabled
------------------------------------------------
Recover Time : 18446744073706958896
InitializeFileLevelBloomFilter Time: 452598003
InitializeTableCacheFileMetaData Time: 14100
PebblesDB Open Time: 456049199
 usWrite buffer: 65536.00 KB
loadreverse  : 95100361.000 micros/op 0 ops/sec;
Microseconds per op:
Count: 0 Average: 0.0000  StdDev: 0.00
Min: 0  Median: 0.0000  Max: 0
Percentiles: P50: 0.00 P75: 0.00 P99: 0.00 P99.9: 0.00 P99.99: 0.00
------------------------------------------------------

2019/09/19-17:19:39  ... thread 2: (1000000,1000000) ops and (6182.3,6182.3) ops/second in (161.751868,161.751868) seconds


2019/09/19-17:19:39  ... thread 3: (1000000,1000000) ops and (6181.8,6181.8) ops/second in (161.766269,161.766269) seconds


2019/09/19-17:19:40  ... thread 0: (1000000,1000000) ops and (6144.8,6144.8) ops/second in (162.740358,162.740358) seconds


2019/09/19-17:19:40  ... thread 1: (1000000,1000000) ops and (6137.7,6137.7) ops/second in (162.927653,162.927653) seconds


2019/09/19-17:21:52  ... thread 2: (1000000,2000000) ops and (7516.1,6784.3) ops/second in (133.047167,294.799035) seconds


2019/09/19-17:21:52  ... thread 3: (1000000,2000000) ops and (7516.0,6783.9) ops/second in (133.049303,294.815572) seconds


2019/09/19-17:21:53  ... thread 1: (1000000,2000000) ops and (7504.0,6752.4) ops/second in (133.262562,296.190215) seconds


2019/09/19-17:21:56  ... thread 0: (1000000,2000000) ops and (7341.3,6689.9) ops/second in (136.216087,298.956445) seconds


2019/09/19-17:24:06  ... thread 2: (1000000,3000000) ops and (7423.0,6984.6) ops/second in (134.717079,429.516114) seconds


2019/09/19-17:24:06  ... thread 3: (1000000,3000000) ops and (7421.6,6983.9) ops/second in (134.742377,429.557949) seconds


2019/09/19-17:24:08  ... thread 1: (1000000,3000000) ops and (7401.8,6955.8) ops/second in (135.102605,431.292820) seconds


2019/09/19-17:24:21  ... thread 0: (1000000,3000000) ops and (6906.1,6760.5) ops/second in (144.798503,443.754948) seconds


2019/09/19-17:26:22  ... thread 2: (1000000,4000000) ops and (7398.0,7083.6) ops/second in (135.171797,564.687911) seconds


2019/09/19-17:26:22  ... thread 3: (1000000,4000000) ops and (7387.9,7080.7) ops/second in (135.355907,564.913856) seconds


2019/09/19-17:26:36  ... thread 1: (1000000,4000000) ops and (6763.7,6906.8) ops/second in (147.847464,579.140284) seconds


2019/09/19-17:26:36  ... thread 0: (1000000,4000000) ops and (7383.3,6906.1) ops/second in (135.440212,579.195160) seconds


2019/09/19-17:28:37  ... thread 2: (1000000,5000000) ops and (7386.1,7142.1) ops/second in (135.388815,700.076726) seconds


2019/09/19-17:28:37  ... thread 3: (1000000,5000000) ops and (7389.5,7140.4) ops/second in (135.327593,700.241449) seconds


2019/09/19-17:28:52  ... thread 0: (1000000,5000000) ops and (7380.0,6996.0) ops/second in (135.501389,714.696549) seconds


2019/09/19-17:29:02  ... thread 1: (1000000,5000000) ops and (6831.2,6891.5) ops/second in (146.387513,725.527797) seconds


2019/09/19-17:30:53  ... thread 2: (1000000,6000000) ops and (7333.7,7173.3) ops/second in (136.356249,836.432975) seconds


2019/09/19-17:30:55  ... thread 3: (1000000,6000000) ops and (7246.0,7157.8) ops/second in (138.007079,838.248528) seconds


2019/09/19-17:31:08  ... thread 0: (1000000,6000000) ops and (7344.9,7051.8) ops/second in (136.149556,850.846105) seconds


2019/09/19-17:31:22  ... thread 1: (1000000,6000000) ops and (7150.9,6933.4) ops/second in (139.842924,865.370721) seconds


2019/09/19-17:33:09  ... thread 2: (1000000,7000000) ops and (7383.1,7202.6) ops/second in (135.444510,971.877485) seconds


2019/09/19-17:33:11  ... thread 3: (1000000,7000000) ops and (7380.1,7188.7) ops/second in (135.499322,973.747850) seconds


2019/09/19-17:33:25  ... thread 0: (1000000,7000000) ops and (7276.1,7083.0) ops/second in (137.435709,988.281814) seconds


2019/09/19-17:33:41  ... thread 1: (1000000,7000000) ops and (7225.8,6973.7) ops/second in (138.393542,1003.764263) seconds


2019/09/19-17:35:24  ... thread 2: (1000000,8000000) ops and (7366.7,7222.7) ops/second in (135.745138,1107.622623) seconds


2019/09/19-17:35:28  ... thread 3: (1000000,8000000) ops and (7285.8,7200.7) ops/second in (137.252949,1111.000799) seconds


2019/09/19-17:35:47  ... thread 0: (1000000,8000000) ops and (7032.5,7076.6) ops/second in (142.196768,1130.478582) seconds


2019/09/19-17:35:56  ... thread 1: (1000000,8000000) ops and (7366.8,7020.6) ops/second in (135.743865,1139.508128) seconds


ycsbc        :      35.610 micros/op 28081 ops/sec;    3.1 MB/s (7992997 of 8000000 found)
Microseconds per op:
Count: 32000000 Average: 140.2691  StdDev: 75.69
Min: 2  Median: 137.0869  Max: 491606
Percentiles: P50: 137.09 P75: 161.36 P99: 495.61 P99.9: 979.88 P99.99: 8120.04
------------------------------------------------------
(       1,       2 ]        1   0.000%   0.000% 
(       3,       4 ]        7   0.000%   0.000% 
(       4,       6 ]      160   0.001%   0.001% 
(       6,      10 ]   146828   0.459%   0.459% 
(      10,      15 ]  1870791   5.846%   6.306% #
(      15,      22 ]  1833374   5.729%  12.035% #
(      22,      34 ]   445963   1.394%  13.429% 
(      34,      51 ]   254375   0.795%  14.223% 
(      51,      76 ]    69106   0.216%  14.439% 
(      76,     110 ]  2451682   7.662%  22.101% ##
(     110,     170 ] 19775731  61.799%  83.900% ############
(     170,     250 ]  2810833   8.784%  92.684% ##
(     250,     380 ]  1710931   5.347%  98.031% #
(     380,     580 ]   536660   1.677%  99.708% 
(     580,     870 ]    57943   0.181%  99.889% 
(     870,    1300 ]    14147   0.044%  99.933% 
(    1300,    1900 ]     6530   0.020%  99.953% 
(    1900,    2900 ]     5693   0.018%  99.971% 
(    2900,    4400 ]     3834   0.012%  99.983% 
(    4400,    6600 ]     1556   0.005%  99.988% 
(    6600,    9900 ]     1422   0.004%  99.992% 
(    9900,   14000 ]      973   0.003%  99.995% 
(   14000,   22000 ]     1074   0.003%  99.999% 
(   22000,   33000 ]      228   0.001% 100.000% 
(   33000,   50000 ]       61   0.000% 100.000% 
(   50000,   75000 ]       32   0.000% 100.000% 
(   75000,  110000 ]       29   0.000% 100.000% 
(  110000,  170000 ]       12   0.000% 100.000% 
(  250000,  380000 ]        8   0.000% 100.000% 
(  380000,  570000 ]       16   0.000% 100.000% 

2019/09/19-17:38:13  ... thread 2: (1000000,1000000) ops and (7464.0,7464.0) ops/second in (133.976173,133.976173) seconds


2019/09/19-17:38:15  ... thread 3: (1000000,1000000) ops and (7352.6,7352.6) ops/second in (136.006478,136.006478) seconds


2019/09/19-17:38:15  ... thread 1: (1000000,1000000) ops and (7331.9,7331.9) ops/second in (136.389775,136.389775) seconds


2019/09/19-17:38:18  ... thread 0: (1000000,1000000) ops and (7178.0,7178.0) ops/second in (139.315472,139.315472) seconds


2019/09/19-17:40:28  ... thread 2: (1000000,2000000) ops and (7416.0,7439.9) ops/second in (134.843437,268.819610) seconds


2019/09/19-17:40:31  ... thread 3: (1000000,2000000) ops and (7376.7,7364.6) ops/second in (135.561963,271.568441) seconds


2019/09/19-17:40:33  ... thread 0: (1000000,2000000) ops and (7421.6,7297.7) ops/second in (134.742738,274.058210) seconds


2019/09/19-17:40:39  ... thread 1: (1000000,2000000) ops and (6938.7,7129.9) ops/second in (144.119669,280.509444) seconds


2019/09/19-17:42:49  ... thread 3: (1000000,3000000) ops and (7239.2,7322.3) ops/second in (138.137512,409.705953) seconds


2019/09/19-17:42:51  ... thread 0: (1000000,3000000) ops and (7241.1,7278.7) ops/second in (138.100899,412.159109) seconds


2019/09/19-17:42:55  ... thread 2: (1000000,3000000) ops and (6797.7,7212.8) ops/second in (147.109041,415.928651) seconds


2019/09/19-17:42:59  ... thread 1: (1000000,3000000) ops and (7163.4,7141.0) ops/second in (139.598933,420.108377) seconds


2019/09/19-17:45:07  ... thread 3: (1000000,4000000) ops and (7245.0,7302.8) ops/second in (138.025559,547.731512) seconds


2019/09/19-17:45:07  ... thread 0: (1000000,4000000) ops and (7345.4,7295.3) ops/second in (136.139900,548.299009) seconds


2019/09/19-17:45:15  ... thread 1: (1000000,4000000) ops and (7335.3,7188.6) ops/second in (136.327501,556.435878) seconds


2019/09/19-17:45:16  ... thread 2: (1000000,4000000) ops and (7074.7,7177.8) ops/second in (141.348990,557.277641) seconds


2019/09/19-17:47:25  ... thread 0: (1000000,5000000) ops and (7240.5,7284.3) ops/second in (138.112243,686.411252) seconds


2019/09/19-17:47:26  ... thread 3: (1000000,5000000) ops and (7161.0,7274.0) ops/second in (139.646027,687.377539) seconds


2019/09/19-17:47:34  ... thread 2: (1000000,5000000) ops and (7239.7,7190.1) ops/second in (138.126475,695.404116) seconds


2019/09/19-17:47:41  ... thread 1: (1000000,5000000) ops and (6863.7,7121.2) ops/second in (145.694884,702.130762) seconds


2019/09/19-17:49:40  ... thread 0: (1000000,6000000) ops and (7431.5,7308.4) ops/second in (134.562618,820.973870) seconds


2019/09/19-17:49:42  ... thread 3: (1000000,6000000) ops and (7395.6,7294.0) ops/second in (135.215070,822.592609) seconds


2019/09/19-17:49:48  ... thread 2: (1000000,6000000) ops and (7479.9,7236.8) ops/second in (133.691782,829.095898) seconds


2019/09/19-17:50:01  ... thread 1: (1000000,6000000) ops and (7148.6,7125.7) ops/second in (139.887943,842.018705) seconds


2019/09/19-17:51:58  ... thread 3: (1000000,7000000) ops and (7351.2,7302.1) ops/second in (136.032804,958.625413) seconds


2019/09/19-17:52:03  ... thread 0: (1000000,7000000) ops and (6999.5,7262.6) ops/second in (142.866951,963.840821) seconds


2019/09/19-17:52:04  ... thread 2: (1000000,7000000) ops and (7336.5,7250.9) ops/second in (136.305685,965.401583) seconds


2019/09/19-17:52:24  ... thread 1: (1000000,7000000) ops and (7004.4,7108.1) ops/second in (142.766454,984.785159) seconds


2019/09/19-17:54:14  ... thread 3: (1000000,8000000) ops and (7316.1,7303.9) ops/second in (136.685453,1095.310866) seconds


2019/09/19-17:54:20  ... thread 0: (1000000,8000000) ops and (7299.0,7267.1) ops/second in (137.004731,1100.845552) seconds


2019/09/19-17:54:21  ... thread 2: (1000000,8000000) ops and (7318.1,7259.2) ops/second in (136.648369,1102.049952) seconds


2019/09/19-17:54:49  ... thread 1: (1000000,8000000) ops and (6881.4,7079.0) ops/second in (145.319148,1130.104307) seconds


ycsbb        :      35.321 micros/op 28311 ops/sec;    3.1 MB/s (7593479 of 8000000 found)
Microseconds per op:
Count: 32000000 Average: 138.3847  StdDev: 23.89
Min: 1  Median: 136.7334  Max: 199215
Percentiles: P50: 136.73 P75: 161.72 P99: 497.06 P99.9: 768.53 P99.99: 2683.70
------------------------------------------------------
[       0,       1 ]       72   0.000%   0.000% 
(       1,       2 ]     2567   0.008%   0.008% 
(       2,       3 ]    15727   0.049%   0.057% 
(       3,       4 ]    50580   0.158%   0.215% 
(       4,       6 ]   266119   0.832%   1.047% 
(       6,      10 ]   394186   1.232%   2.279% 
(      10,      15 ]   496227   1.551%   3.830% 
(      15,      22 ]  2016039   6.300%  10.130% #
(      22,      34 ]  1059278   3.310%  13.440% #
(      34,      51 ]   277110   0.866%  14.306% 
(      51,      76 ]   872018   2.725%  17.031% #
(      76,     110 ]  1989193   6.216%  23.247% #
(     110,     170 ] 19213942  60.044%  83.291% ############
(     170,     250 ]  3106088   9.707%  92.997% ##
(     250,     380 ]  1562013   4.881%  97.879% #
(     380,     580 ]   613075   1.916%  99.794% 
(     580,     870 ]    51940   0.162%  99.957% 
(     870,    1300 ]     6719   0.021%  99.978% 
(    1300,    1900 ]     2407   0.008%  99.985% 
(    1900,    2900 ]     1914   0.006%  99.991% 
(    2900,    4400 ]     1252   0.004%  99.995% 
(    4400,    6600 ]      463   0.001%  99.997% 
(    6600,    9900 ]      317   0.001%  99.998% 
(    9900,   14000 ]      222   0.001%  99.998% 
(   14000,   22000 ]      321   0.001%  99.999% 
(   22000,   33000 ]       78   0.000% 100.000% 
(   33000,   50000 ]        9   0.000% 100.000% 
(   50000,   75000 ]       48   0.000% 100.000% 
(   75000,  110000 ]       52   0.000% 100.000% 
(  110000,  170000 ]       16   0.000% 100.000% 
(  170000,  250000 ]        8   0.000% 100.000% 

2019/09/19-17:56:54  ... thread 2: (1000000,1000000) ops and (8234.9,8234.9) ops/second in (121.434601,121.434601) seconds


2019/09/19-17:56:54  ... thread 1: (1000000,1000000) ops and (8245.3,8245.3) ops/second in (121.281418,121.281418) seconds


2019/09/19-17:56:55  ... thread 3: (1000000,1000000) ops and (8227.9,8227.9) ops/second in (121.537904,121.537904) seconds


2019/09/19-17:56:58  ... thread 0: (1000000,1000000) ops and (8056.5,8056.5) ops/second in (124.123687,124.123687) seconds


2019/09/19-17:58:48  ... thread 2: (1000000,2000000) ops and (8800.2,8508.1) ops/second in (113.634295,235.068896) seconds


2019/09/19-17:58:48  ... thread 1: (1000000,2000000) ops and (8805.3,8516.1) ops/second in (113.567356,234.848774) seconds


2019/09/19-17:58:49  ... thread 3: (1000000,2000000) ops and (8787.6,8498.5) ops/second in (113.796610,235.334514) seconds


2019/09/19-17:58:54  ... thread 0: (1000000,2000000) ops and (8564.8,8302.8) ops/second in (116.757460,240.881147) seconds


2019/09/19-18:00:38  ... thread 1: (1000000,3000000) ops and (9093.4,8700.2) ops/second in (109.969812,344.818586) seconds


2019/09/19-18:00:39  ... thread 3: (1000000,3000000) ops and (9091.6,8687.4) ops/second in (109.991788,345.326302) seconds


2019/09/19-18:00:43  ... thread 2: (1000000,3000000) ops and (8697.8,8570.5) ops/second in (114.970984,350.039880) seconds


2019/09/19-18:00:44  ... thread 0: (1000000,3000000) ops and (9084.9,8548.1) ops/second in (110.072222,350.953369) seconds


2019/09/19-18:02:22  ... thread 3: (1000000,4000000) ops and (9648.6,8909.3) ops/second in (103.641697,448.967999) seconds


2019/09/19-18:02:26  ... thread 1: (1000000,4000000) ops and (9250.4,8831.5) ops/second in (108.103829,452.922415) seconds


2019/09/19-18:02:28  ... thread 0: (1000000,4000000) ops and (9677.2,8805.0) ops/second in (103.335982,454.289351) seconds


2019/09/19-18:02:28  ... thread 2: (1000000,4000000) ops and (9534.2,8792.6) ops/second in (104.885898,454.925778) seconds


2019/09/19-18:04:06  ... thread 3: (1000000,5000000) ops and (9608.3,9040.9) ops/second in (104.076875,553.044874) seconds


2019/09/19-18:04:09  ... thread 1: (1000000,5000000) ops and (9688.8,8990.6) ops/second in (103.211821,556.134236) seconds


2019/09/19-18:04:11  ... thread 2: (1000000,5000000) ops and (9703.9,8960.9) ops/second in (103.050839,557.976617) seconds


2019/09/19-18:04:11  ... thread 0: (1000000,5000000) ops and (9673.9,8966.0) ops/second in (103.370655,557.660006) seconds


2019/09/19-18:05:44  ... thread 3: (1000000,6000000) ops and (10252.0,9222.4) ops/second in (97.541537,650.586411) seconds


2019/09/19-18:05:45  ... thread 1: (1000000,6000000) ops and (10467.7,9207.2) ops/second in (95.531587,651.665823) seconds


2019/09/19-18:05:46  ... thread 2: (1000000,6000000) ops and (10481.2,9182.9) ops/second in (95.408503,653.385120) seconds


2019/09/19-18:05:50  ... thread 0: (1000000,6000000) ops and (10082.4,9134.6) ops/second in (99.182707,656.842713) seconds


2019/09/19-18:07:20  ... thread 3: (1000000,7000000) ops and (10462.3,9381.3) ops/second in (95.581564,746.167975) seconds


2019/09/19-18:07:22  ... thread 2: (1000000,7000000) ops and (10475.0,9347.7) ops/second in (95.465350,748.850470) seconds


2019/09/19-18:07:24  ... thread 1: (1000000,7000000) ops and (10129.2,9328.5) ops/second in (98.724517,750.390340) seconds


2019/09/19-18:07:27  ... thread 0: (1000000,7000000) ops and (10330.4,9288.2) ops/second in (96.802079,753.644792) seconds


2019/09/19-18:08:56  ... thread 3: (1000000,8000000) ops and (10359.6,9493.3) ops/second in (96.528832,842.696807) seconds


2019/09/19-18:08:58  ... thread 2: (1000000,8000000) ops and (10352.4,9462.5) ops/second in (96.596140,845.446610) seconds


2019/09/19-18:09:04  ... thread 0: (1000000,8000000) ops and (10331.8,9407.0) ops/second in (96.788583,850.433375) seconds


2019/09/19-18:09:07  ... thread 1: (1000000,8000000) ops and (9683.5,9371.4) ops/second in (103.268795,853.659135) seconds


ycsbd        :      26.684 micros/op 37475 ops/sec;    4.1 MB/s (7592894 of 8000000 found)
Microseconds per op:
Count: 32000000 Average: 106.0074  StdDev: 110.52
Min: 1  Median: 118.8668  Max: 333031
Percentiles: P50: 118.87 P75: 151.12 P99: 458.95 P99.9: 755.89 P99.99: 3242.42
------------------------------------------------------
[       0,       1 ]      185   0.001%   0.001% 
(       1,       2 ]     5368   0.017%   0.017% 
(       2,       3 ]    30820   0.096%   0.114% 
(       3,       4 ]    93472   0.292%   0.406% 
(       4,       6 ]   343382   1.073%   1.479% 
(       6,      10 ]   376774   1.177%   2.656% 
(      10,      15 ]  4406498  13.770%  16.427% ###
(      15,      22 ]  4309949  13.469%  29.895% ###
(      22,      34 ]  1025488   3.205%  33.100% #
(      34,      51 ]   130476   0.408%  33.508% 
(      51,      76 ]   778735   2.434%  35.941% 
(      76,     110 ]  2299341   7.185%  43.127% #
(     110,     170 ] 14883614  46.511%  89.638% #########
(     170,     250 ]  2060613   6.439%  96.077% #
(     250,     380 ]   765256   2.391%  98.469% 
(     380,     580 ]   430749   1.346%  99.815% 
(     580,     870 ]    44977   0.141%  99.955% 
(     870,    1300 ]     5578   0.017%  99.973% 
(    1300,    1900 ]     2377   0.007%  99.980% 
(    1900,    2900 ]     2725   0.009%  99.989% 
(    2900,    4400 ]     1853   0.006%  99.994% 
(    4400,    6600 ]      635   0.002%  99.996% 
(    6600,    9900 ]      430   0.001%  99.998% 
(    9900,   14000 ]      264   0.001%  99.999% 
(   14000,   22000 ]      211   0.001%  99.999% 
(   22000,   33000 ]       42   0.000%  99.999% 
(   33000,   50000 ]       17   0.000%  99.999% 
(   50000,   75000 ]       56   0.000% 100.000% 
(   75000,  110000 ]       82   0.000% 100.000% 
(  110000,  170000 ]       21   0.000% 100.000% 
(  170000,  250000 ]        4   0.000% 100.000% 
(  250000,  380000 ]        8   0.000% 100.000% 

2019/09/19-18:10:45  ... thread 0: (1000000,1000000) ops and (10471.2,10471.2) ops/second in (95.500467,95.500467) seconds


2019/09/19-18:10:45  ... thread 3: (1000000,1000000) ops and (10429.1,10429.1) ops/second in (95.885186,95.885186) seconds


2019/09/19-18:10:45  ... thread 1: (1000000,1000000) ops and (10399.5,10399.5) ops/second in (96.158169,96.158169) seconds


2019/09/19-18:10:46  ... thread 2: (1000000,1000000) ops and (10278.8,10278.8) ops/second in (97.287381,97.287381) seconds


2019/09/19-18:12:26  ... thread 0: (1000000,2000000) ops and (9875.2,10164.4) ops/second in (101.263879,196.764346) seconds


2019/09/19-18:12:26  ... thread 3: (1000000,2000000) ops and (9851.9,10132.3) ops/second in (101.503749,197.388935) seconds


2019/09/19-18:12:28  ... thread 2: (1000000,2000000) ops and (9879.2,10075.0) ops/second in (101.223100,198.510481) seconds


2019/09/19-18:12:29  ... thread 1: (1000000,2000000) ops and (9662.9,10017.7) ops/second in (103.488889,199.647058) seconds


2019/09/19-18:14:07  ... thread 0: (1000000,3000000) ops and (9927.8,10084.3) ops/second in (100.726999,297.491345) seconds


2019/09/19-18:14:07  ... thread 3: (1000000,3000000) ops and (9923.6,10061.7) ops/second in (100.770157,298.159092) seconds


2019/09/19-18:14:09  ... thread 2: (1000000,3000000) ops and (9849.6,9998.8) ops/second in (101.526633,300.037114) seconds


2019/09/19-18:14:09  ... thread 1: (1000000,3000000) ops and (9927.1,9987.3) ops/second in (100.734392,300.381450) seconds


2019/09/19-18:15:45  ... thread 0: (1000000,4000000) ops and (10133.5,10096.6) ops/second in (98.682784,396.174129) seconds


2019/09/19-18:15:46  ... thread 3: (1000000,4000000) ops and (10114.2,10074.8) ops/second in (98.871137,397.030229) seconds


2019/09/19-18:15:49  ... thread 2: (1000000,4000000) ops and (10042.4,10009.6) ops/second in (99.577425,399.614539) seconds


2019/09/19-18:15:52  ... thread 1: (1000000,4000000) ops and (9754.4,9928.0) ops/second in (102.518032,402.899482) seconds


2019/09/19-18:17:26  ... thread 3: (1000000,5000000) ops and (10006.1,10061.0) ops/second in (99.938787,496.969016) seconds


2019/09/19-18:17:27  ... thread 0: (1000000,5000000) ops and (9863.7,10049.1) ops/second in (101.382346,497.556475) seconds


2019/09/19-18:17:28  ... thread 2: (1000000,5000000) ops and (10017.6,10011.2) ops/second in (99.824579,499.439118) seconds


2019/09/19-18:17:32  ... thread 1: (1000000,5000000) ops and (10000.6,9942.5) ops/second in (99.994407,502.893889) seconds


2019/09/19-18:19:02  ... thread 3: (1000000,6000000) ops and (10366.4,10110.6) ops/second in (96.465621,593.434637) seconds


2019/09/19-18:19:03  ... thread 0: (1000000,6000000) ops and (10349.1,10097.9) ops/second in (96.627100,594.183575) seconds


2019/09/19-18:19:04  ... thread 2: (1000000,6000000) ops and (10422.2,10077.5) ops/second in (95.949452,595.388570) seconds


2019/09/19-18:19:12  ... thread 1: (1000000,6000000) ops and (10030.5,9957.0) ops/second in (99.696331,602.590220) seconds


2019/09/19-18:20:47  ... thread 3: (1000000,7000000) ops and (9563.5,10028.7) ops/second in (104.564706,697.999343) seconds


2019/09/19-18:20:50  ... thread 0: (1000000,7000000) ops and (9397.2,9991.5) ops/second in (106.415172,700.598747) seconds


2019/09/19-18:20:50  ... thread 2: (1000000,7000000) ops and (9490.2,9989.1) ops/second in (105.372264,700.760834) seconds


2019/09/19-18:20:55  ... thread 1: (1000000,7000000) ops and (9635.0,9909.7) ops/second in (103.788461,706.378681) seconds


2019/09/19-18:22:26  ... thread 3: (1000000,8000000) ops and (10047.2,10031.0) ops/second in (99.530660,797.530003) seconds


2019/09/19-18:22:29  ... thread 0: (1000000,8000000) ops and (10057.6,9999.7) ops/second in (99.427014,800.025761) seconds


2019/09/19-18:22:29  ... thread 2: (1000000,8000000) ops and (10059.7,9997.9) ops/second in (99.406501,800.167335) seconds


2019/09/19-18:22:33  ... thread 1: (1000000,8000000) ops and (10296.7,9956.5) ops/second in (97.118139,803.496820) seconds


ycsba        :      25.112 micros/op 39821 ops/sec;    4.4 MB/s (3996538 of 8000000 found)
Microseconds per op:
Count: 32000000 Average: 100.0381  StdDev: 127.32
Min: 1  Median: 69.5205  Max: 476617
Percentiles: P50: 69.52 P75: 140.71 P99: 462.74 P99.9: 2222.89 P99.99: 13317.98
------------------------------------------------------
[       0,       1 ]    12852   0.040%   0.040% 
(       1,       2 ]   296591   0.927%   0.967% 
(       2,       3 ]  1020408   3.189%   4.156% #
(       3,       4 ]  1558320   4.870%   9.026% #
(       4,       6 ]  2825937   8.831%  17.857% ##
(       6,      10 ]  1686098   5.269%  23.126% #
(      10,      15 ]   487807   1.524%  24.650% 
(      15,      22 ]  1272339   3.976%  28.626% #
(      22,      34 ]   791519   2.473%  31.100% 
(      34,      51 ]   213772   0.668%  31.768% 
(      51,      76 ]  7875542  24.611%  56.379% #####
(      76,     110 ]   712730   2.227%  58.606% 
(     110,     170 ] 10249239  32.029%  90.635% ######
(     170,     250 ]  1931042   6.035%  96.669% #
(     250,     380 ]   623903   1.950%  98.619% 
(     380,     580 ]   294651   0.921%  99.540% 
(     580,     870 ]    76044   0.238%  99.777% 
(     870,    1300 ]    20168   0.063%  99.841% 
(    1300,    1900 ]    14114   0.044%  99.885% 
(    1900,    2900 ]    15250   0.048%  99.932% 
(    2900,    4400 ]    10368   0.032%  99.965% 
(    4400,    6600 ]     3906   0.012%  99.977% 
(    6600,    9900 ]     2902   0.009%  99.986% 
(    9900,   14000 ]     1557   0.005%  99.991% 
(   14000,   22000 ]     1012   0.003%  99.994% 
(   22000,   33000 ]      114   0.000%  99.994% 
(   33000,   50000 ]      218   0.001%  99.995% 
(   50000,   75000 ]      456   0.001%  99.996% 
(   75000,  110000 ]      832   0.003%  99.999% 
(  110000,  170000 ]      228   0.001% 100.000% 
(  170000,  250000 ]       57   0.000% 100.000% 
(  250000,  380000 ]       16   0.000% 100.000% 
(  380000,  570000 ]        8   0.000% 100.000% 

2019/09/19-18:25:29  ... thread 0: (1000000,1000000) ops and (5748.3,5748.3) ops/second in (173.964901,173.964901) seconds


2019/09/19-18:25:30  ... thread 1: (1000000,1000000) ops and (5730.5,5730.5) ops/second in (174.504840,174.504840) seconds


2019/09/19-18:25:30  ... thread 2: (1000000,1000000) ops and (5714.2,5714.2) ops/second in (175.004111,175.004111) seconds


2019/09/19-18:25:32  ... thread 3: (1000000,1000000) ops and (5654.9,5654.9) ops/second in (176.837422,176.837422) seconds


2019/09/19-18:28:27  ... thread 0: (1000000,2000000) ops and (5614.2,5680.4) ops/second in (178.120933,352.085834) seconds


2019/09/19-18:28:28  ... thread 1: (1000000,2000000) ops and (5600.6,5664.8) ops/second in (178.553071,353.057911) seconds


2019/09/19-18:28:28  ... thread 2: (1000000,2000000) ops and (5608.7,5660.9) ops/second in (178.293616,353.297727) seconds


2019/09/19-18:28:28  ... thread 3: (1000000,2000000) ops and (5661.6,5658.3) ops/second in (176.628356,353.465778) seconds


2019/09/19-18:31:21  ... thread 0: (1000000,3000000) ops and (5755.5,5705.2) ops/second in (173.746740,525.832574) seconds


2019/09/19-18:31:21  ... thread 3: (1000000,3000000) ops and (5788.6,5701.0) ops/second in (172.754562,526.220340) seconds


2019/09/19-18:31:22  ... thread 2: (1000000,3000000) ops and (5764.5,5695.0) ops/second in (173.476630,526.774357) seconds


2019/09/19-18:31:24  ... thread 1: (1000000,3000000) ops and (5696.0,5675.2) ops/second in (175.561829,528.619740) seconds


2019/09/19-18:34:15  ... thread 0: (1000000,4000000) ops and (5736.2,5712.9) ops/second in (174.332759,700.165333) seconds


2019/09/19-18:34:16  ... thread 2: (1000000,4000000) ops and (5724.9,5702.5) ops/second in (174.675782,701.450139) seconds


2019/09/19-18:34:18  ... thread 3: (1000000,4000000) ops and (5670.2,5693.3) ops/second in (176.361159,702.581499) seconds


2019/09/19-18:34:21  ... thread 1: (1000000,4000000) ops and (5647.9,5668.3) ops/second in (177.056638,705.676378) seconds


2019/09/19-18:37:09  ... thread 0: (1000000,5000000) ops and (5754.1,5721.1) ops/second in (173.789481,873.954814) seconds


2019/09/19-18:37:11  ... thread 2: (1000000,5000000) ops and (5728.7,5707.7) ops/second in (174.559512,876.009651) seconds


2019/09/19-18:37:14  ... thread 3: (1000000,5000000) ops and (5675.9,5689.8) ops/second in (176.183601,878.765100) seconds


2019/09/19-18:37:20  ... thread 1: (1000000,5000000) ops and (5588.8,5652.2) ops/second in (178.929483,884.605861) seconds


2019/09/19-18:40:11  ... thread 0: (1000000,6000000) ops and (5489.1,5681.1) ops/second in (182.178504,1056.133318) seconds


2019/09/19-18:40:14  ... thread 2: (1000000,6000000) ops and (5470.3,5666.7) ops/second in (182.806002,1058.815653) seconds


2019/09/19-18:40:18  ... thread 3: (1000000,6000000) ops and (5420.3,5643.0) ops/second in (184.491888,1063.256988) seconds


2019/09/19-18:40:22  ... thread 1: (1000000,6000000) ops and (5470.7,5621.1) ops/second in (182.793175,1067.399036) seconds


2019/09/19-18:43:08  ... thread 0: (1000000,7000000) ops and (5643.9,5675.8) ops/second in (177.182227,1233.315545) seconds


2019/09/19-18:43:11  ... thread 2: (1000000,7000000) ops and (5640.9,5663.0) ops/second in (177.276931,1236.092584) seconds


2019/09/19-18:43:13  ... thread 3: (1000000,7000000) ops and (5717.7,5653.6) ops/second in (174.894461,1238.151449) seconds


2019/09/19-18:43:16  ... thread 1: (1000000,7000000) ops and (5753.6,5639.7) ops/second in (173.803690,1241.202726) seconds


2019/09/19-18:46:05  ... thread 0: (1000000,8000000) ops and (5651.6,5672.7) ops/second in (176.940848,1410.256393) seconds


2019/09/19-18:46:09  ... thread 3: (1000000,8000000) ops and (5685.7,5657.6) ops/second in (175.881151,1414.032600) seconds


2019/09/19-18:46:10  ... thread 2: (1000000,8000000) ops and (5593.0,5654.2) ops/second in (178.795107,1414.887691) seconds


2019/09/19-18:46:12  ... thread 1: (1000000,8000000) ops and (5683.8,5645.2) ops/second in (175.939543,1417.142269) seconds


ycsbf        :      44.294 micros/op 22576 ops/sec;    2.5 MB/s (7992816 of 8000000 found)
Microseconds per op:
Count: 32000000 Average: 176.7600  StdDev: 76.05
Min: 1  Median: 154.2648  Max: 418301
Percentiles: P50: 154.26 P75: 201.93 P99: 651.52 P99.9: 2128.86 P99.99: 9444.26
------------------------------------------------------
[       0,       1 ]        5   0.000%   0.000% 
(       1,       2 ]      107   0.000%   0.000% 
(       2,       3 ]      479   0.001%   0.002% 
(       3,       4 ]      722   0.002%   0.004% 
(       4,       6 ]     1219   0.004%   0.008% 
(       6,      10 ]     1165   0.004%   0.012% 
(      10,      15 ]    43032   0.134%   0.146% 
(      15,      22 ]   834636   2.608%   2.754% #
(      22,      34 ]  1116151   3.488%   6.242% #
(      34,      51 ]   237110   0.741%   6.983% 
(      51,      76 ]   213007   0.666%   7.649% 
(      76,     110 ]  1410790   4.409%  12.058% #
(     110,     170 ] 16457654  51.430%  63.488% ##########
(     170,     250 ]  9229319  28.842%  92.329% ######
(     250,     380 ]  1445416   4.517%  96.846% #
(     380,     580 ]   611831   1.912%  98.758% 
(     580,     870 ]   313679   0.980%  99.739% 
(     870,    1300 ]    29665   0.093%  99.831% 
(    1300,    1900 ]    17710   0.055%  99.887% 
(    1900,    2900 ]    18802   0.059%  99.945% 
(    2900,    4400 ]     9928   0.031%  99.976% 
(    4400,    6600 ]     3000   0.009%  99.986% 
(    6600,    9900 ]     1593   0.005%  99.991% 
(    9900,   14000 ]      670   0.002%  99.993% 
(   14000,   22000 ]      359   0.001%  99.994% 
(   22000,   33000 ]       31   0.000%  99.994% 
(   33000,   50000 ]      114   0.000%  99.994% 
(   50000,   75000 ]      542   0.002%  99.996% 
(   75000,  110000 ]      865   0.003%  99.999% 
(  110000,  170000 ]      314   0.001% 100.000% 
(  170000,  250000 ]       61   0.000% 100.000% 
(  250000,  380000 ]       19   0.000% 100.000% 
(  380000,  570000 ]        5   0.000% 100.000% 

2019/09/19-18:57:30  ... thread 2: (1000000,1000000) ops and (1480.4,1480.4) ops/second in (675.508406,675.508406) seconds


2019/09/19-18:57:39  ... thread 1: (1000000,1000000) ops and (1461.0,1461.0) ops/second in (684.463386,684.463386) seconds


2019/09/19-18:57:43  ... thread 3: (1000000,1000000) ops and (1452.9,1452.9) ops/second in (688.292575,688.292575) seconds


2019/09/19-18:58:05  ... thread 0: (1000000,1000000) ops and (1408.2,1408.2) ops/second in (710.102983,710.102983) seconds


2019/09/19-19:09:20  ... thread 2: (1000000,2000000) ops and (1408.2,1443.4) ops/second in (710.111829,1385.620235) seconds


2019/09/19-19:09:27  ... thread 1: (1000000,2000000) ops and (1413.0,1436.6) ops/second in (707.716078,1392.179464) seconds


2019/09/19-19:09:36  ... thread 3: (1000000,2000000) ops and (1402.2,1427.1) ops/second in (713.145523,1401.438098) seconds


2019/09/19-19:09:57  ... thread 0: (1000000,2000000) ops and (1403.4,1405.8) ops/second in (712.564191,1422.667174) seconds


ycsbe        :     177.842 micros/op 5622 ops/sec;   59.1 MB/s (1898373 of 2000000 found)
Microseconds per op:
Count: 8000000 Average: 700.2381  StdDev: 236.42
Min: 2  Median: 618.8358  Max: 2782254
Percentiles: P50: 618.84 P75: 838.69 P99: 3486.00 P99.9: 8708.45 P99.99: 16660.36
------------------------------------------------------
(       1,       2 ]      184   0.002%   0.002% 
(       2,       3 ]     1394   0.017%   0.020% 
(       3,       4 ]     3832   0.048%   0.068% 
(       4,       6 ]    33883   0.424%   0.491% 
(       6,      10 ]   171560   2.145%   2.636% 
(      10,      15 ]    49164   0.615%   3.250% 
(      15,      22 ]    10416   0.130%   3.380% 
(      22,      34 ]     7816   0.098%   3.478% 
(      34,      51 ]     5491   0.069%   3.547% 
(      51,      76 ]   158974   1.987%   5.534% 
(      76,     110 ]    94938   1.187%   6.721% 
(     110,     170 ]    83080   1.038%   7.759% 
(     170,     250 ]   185493   2.319%  10.078% 
(     250,     380 ]   723254   9.041%  19.118% ##
(     380,     580 ]  2117227  26.465%  45.584% #####
(     580,     870 ]  2638165  32.977%  78.561% #######
(     870,    1300 ]  1278053  15.976%  94.537% ###
(    1300,    1900 ]   256032   3.200%  97.737% #
(    1900,    2900 ]    73153   0.914%  98.651% 
(    2900,    4400 ]    71393   0.892%  99.544% 
(    4400,    6600 ]    20806   0.260%  99.804% 
(    6600,    9900 ]    12039   0.150%  99.954% 
(    9900,   14000 ]     2572   0.032%  99.986% 
(   14000,   22000 ]      845   0.011%  99.997% 
(   22000,   33000 ]      103   0.001%  99.998% 
(   33000,   50000 ]       16   0.000%  99.999% 
(   50000,   75000 ]       20   0.000%  99.999% 
(   75000,  110000 ]       44   0.001%  99.999% 
(  110000,  170000 ]       25   0.000% 100.000% 
(  170000,  250000 ]       12   0.000% 100.000% 
(  250000,  380000 ]        8   0.000% 100.000% 
(  860000, 1200000 ]        4   0.000% 100.000% 
( 1900000, 2900000 ]        4   0.000% 100.000% 


                               Compactions
Level  Files Size(MB) Time(sec) Read(MB) Write(MB)
--------------------------------------------------
  0        0        0        36        0      4017
  1        0        0        59     8463      8333
  2        0        0       103    14533     14488
  3       59        4       163    21580     21409
  4     2728      482       262    32744     32286
  5     9937    17434       589    68208     66791
  6    81467   153195      1074   117860    116810
WriteAmplification: 65.7573

-------------------------- Timer information ----------------------

-------------------------------------------------------------------
-------------------------- Individual static timer information 0 --------------------

-------------------------------------------------------------------
-------------------------- Individual static timer information 1 --------------------

-------------------------------------------------------------------
-------------------------- Individual static timer information 2 --------------------

-------------------------------------------------------------------
-------------------------- Individual static timer information 3 --------------------

-------------------------------------------------------------------
-------------------------- Cumulative static timer information --------------------

-------------------------------------------------------------------
